[[13, [2, 4, 2, 6, 8, 8, 4, 8, 8, 2, 6, 6, 8, 2, 2, 4, 8, 8, 8, 6, 2, 4, 4, 2, 6, 2, 6, 8, 4, 2, 2, 8, 4, 4, 8, 8, 4, 2, 4, 2, 4, 6, 6, 4, 8, 8, 4, 8, 4, 8, 4, 2]], 0.2637999951839447]
[[15, [4, 2, 8, 2, 2, 8, 8, 2, 2, 6, 6, 2, 6, 2, 6, 2, 8, 8, 8, 4, 2, 2, 8, 8, 6, 2, 8, 8, 2, 8, 8, 2, 4, 8, 6, 6, 8, 8, 4, 8, 8, 4, 4, 6, 8, 8, 4, 6, 4, 4, 8, 8]], 0.04529999941587448]
[[6, [6, 6, 6, 2, 2, 2, 8, 4, 8, 8, 4, 8, 6, 4, 6, 4, 6, 8, 4, 2, 2, 8, 2, 2, 4, 6, 4, 8, 4, 2, 8, 2, 4, 4, 4, 6, 8, 4, 6, 4, 2, 2, 6, 4, 6, 8, 6, 8, 4, 2, 8, 8]], 0.7468999624252319]
[[1, [6, 4, 6, 4, 4, 4, 2, 2, 2, 4, 4, 4, 6, 6, 6, 4, 6, 2, 8, 2, 8, 2, 6, 2, 2, 4, 6, 8, 6, 6, 4, 4, 8, 4, 2, 6, 8, 8, 2, 4, 2, 8, 8, 6, 4, 8, 2, 2, 8, 2, 2, 4]], 0.776199996471405]
[[15, [2, 2, 8, 8, 2, 4, 8, 6, 2, 4, 2, 6, 2, 2, 2, 4, 4, 4, 6, 6, 8, 2, 6, 4, 2, 2, 2, 8, 6, 4, 6, 2, 6, 6, 4, 6, 8, 2, 6, 8, 6, 2, 6, 4, 4, 4, 4, 8, 4, 8, 6, 8]], 0.052799999713897705]
[[12, [2, 2, 6, 4, 6, 8, 2, 6, 6, 4, 8, 6, 2, 8, 6, 4, 2, 2, 6, 8, 4, 2, 4, 8, 2, 6, 4, 2, 6, 8, 4, 6, 8, 8, 6, 4, 4, 8, 8, 4, 4, 2, 4, 4, 8, 2, 4, 6, 4, 4, 2, 8]], 0.5041999816894531]
[[9, [6, 6, 6, 2, 8, 6, 6, 8, 4, 6, 2, 4, 8, 6, 6, 4, 4, 8, 6, 8, 8, 8, 2, 4, 6, 4, 6, 6, 6, 2, 2, 4, 8, 8, 4, 6, 8, 4, 6, 4, 8, 2, 2, 4, 4, 2, 8, 2, 6, 2, 6, 8]], 0.7267000079154968]
[[10, [4, 4, 8, 6, 4, 4, 2, 8, 8, 8, 8, 8, 8, 8, 2, 4, 4, 4, 8, 4, 6, 6, 6, 4, 8, 4, 6, 2, 2, 4, 2, 2, 8, 4, 2, 6, 8, 8, 8, 2, 8, 4, 6, 4, 6, 6, 4, 4, 4, 2, 4, 2]], 0.7015999555587769]
[[4, [8, 6, 6, 2, 4, 2, 4, 6, 8, 4, 8, 4, 2, 8, 6, 8, 6, 4, 4, 2, 6, 6, 8, 6, 2, 6, 4, 2, 8, 6, 2, 8, 6, 8, 2, 6, 4, 4, 8, 6, 8, 6, 4, 6, 6, 4, 8, 6, 4, 2, 2, 4]], 0.7531999945640564]
[[12, [2, 2, 8, 4, 2, 6, 2, 4, 6, 4, 6, 8, 4, 2, 6, 4, 4, 2, 6, 2, 4, 8, 2, 2, 6, 6, 2, 4, 2, 2, 6, 6, 2, 8, 4, 8, 6, 8, 6, 8, 8, 8, 4, 6, 2, 8, 8, 8, 4, 6, 4, 8]], 0.032099999487400055]
[[5, [4, 8, 6, 4, 8, 2, 8, 6, 4, 6, 4, 2, 8, 6, 8, 4, 4, 4, 4, 6, 4, 6, 2, 4, 6, 6, 8, 4, 8, 6, 4, 6, 4, 6, 8, 2, 6, 6, 4, 4, 8, 6, 8, 4, 2, 8, 2, 8, 8, 2, 2, 8]], 0.7573999762535095]
[[5, [2, 4, 8, 8, 6, 4, 6, 2, 6, 2, 8, 8, 6, 2, 8, 2, 4, 6, 6, 6, 4, 6, 4, 4, 4, 4, 2, 6, 2, 6, 4, 4, 2, 8, 8, 8, 6, 6, 2, 4, 8, 4, 8, 2, 2, 6, 2, 6, 4, 6, 4, 8]], 0.7484999895095825]
[[9, [6, 6, 2, 4, 4, 2, 4, 4, 8, 8, 4, 6, 6, 4, 2, 8, 2, 2, 8, 6, 2, 2, 2, 6, 8, 6, 6, 2, 4, 6, 8, 4, 8, 6, 8, 8, 6, 2, 6, 6, 6, 6, 4, 4, 8, 2, 4, 8, 2, 6, 4, 4]], 0.7321999669075012]
[[6, [8, 4, 2, 6, 8, 4, 2, 8, 8, 6, 6, 8, 2, 4, 6, 4, 4, 8, 4, 2, 2, 6, 2, 6, 4, 4, 4, 2, 2, 4, 6, 4, 4, 4, 8, 6, 2, 6, 2, 8, 4, 2, 6, 8, 8, 8, 8, 4, 2, 2, 6, 2]], 0.7358999848365784]
[[8, [2, 4, 8, 6, 8, 8, 8, 8, 8, 2, 6, 2, 4, 2, 2, 6, 2, 2, 4, 8, 8, 2, 4, 2, 2, 8, 8, 8, 6, 8, 4, 4, 8, 2, 2, 8, 4, 6, 8, 8, 6, 4, 8, 4, 2, 6, 6, 2, 2, 6, 2, 6]], 0.15689998865127563]
[[3, [8, 4, 8, 6, 6, 8, 4, 4, 2, 4, 2, 6, 4, 6, 2, 2, 4, 8, 8, 6, 4, 4, 4, 8, 4, 6, 2, 8, 8, 6, 2, 2, 4, 4, 8, 4, 4, 4, 8, 8, 8, 8, 6, 4, 8, 8, 2, 4, 2, 8, 6, 8]], 0.7537999749183655]
[[15, [8, 2, 2, 4, 8, 2, 6, 8, 4, 8, 6, 6, 4, 6, 2, 4, 6, 4, 4, 2, 8, 8, 6, 4, 2, 4, 4, 4, 2, 6, 2, 2, 2, 4, 8, 2, 4, 8, 4, 6, 2, 8, 6, 2, 8, 4, 6, 8, 4, 8, 6, 6]], 0.10459999740123749]
[[6, [4, 2, 6, 4, 8, 2, 2, 6, 8, 8, 2, 2, 2, 6, 6, 6, 2, 8, 8, 4, 4, 8, 4, 4, 2, 8, 4, 8, 8, 6, 6, 8, 4, 2, 4, 6, 6, 4, 8, 4, 6, 2, 2, 6, 2, 6, 8, 6, 4, 2, 2, 2]], 0.7418999671936035]
[[8, [8, 8, 6, 2, 8, 8, 2, 2, 4, 6, 2, 6, 6, 2, 4, 6, 4, 2, 4, 6, 8, 6, 2, 4, 6, 6, 8, 6, 2, 4, 2, 6, 2, 4, 8, 4, 6, 4, 4, 2, 6, 2, 6, 8, 2, 2, 4, 6, 8, 6, 4, 2]], 0.046299997717142105]
[[12, [4, 2, 8, 8, 2, 4, 8, 2, 6, 4, 2, 8, 6, 8, 6, 8, 4, 6, 4, 6, 2, 8, 8, 2, 8, 6, 4, 6, 2, 2, 6, 6, 4, 6, 8, 6, 6, 2, 2, 8, 2, 6, 6, 4, 4, 4, 2, 8, 8, 2, 2, 2]], 0.5065999627113342]
[[5, [4, 8, 6, 4, 2, 2, 8, 6, 4, 8, 4, 2, 8, 6, 8, 4, 6, 8, 4, 8, 4, 6, 2, 4, 6, 6, 8, 4, 8, 6, 4, 6, 4, 6, 8, 6, 6, 6, 4, 8, 8, 6, 8, 8, 4, 8, 2, 8, 8, 2, 2, 8]], 0.7605999708175659]
[[4, [4, 6, 6, 6, 2, 2, 2, 6, 6, 8, 4, 2, 8, 6, 8, 4, 4, 4, 8, 2, 4, 6, 2, 4, 6, 2, 8, 4, 8, 6, 8, 6, 4, 6, 8, 6, 6, 8, 4, 8, 4, 6, 6, 8, 4, 8, 4, 8, 4, 2, 2, 8]], 0.7608000040054321]
[[5, [6, 8, 6, 4, 8, 2, 8, 6, 4, 2, 6, 2, 4, 8, 8, 8, 4, 4, 4, 4, 4, 6, 2, 4, 6, 6, 8, 4, 8, 6, 4, 6, 4, 6, 8, 2, 6, 6, 2, 4, 8, 6, 8, 4, 2, 8, 4, 8, 6, 8, 4, 8]], 0.7461999654769897]
[[15, [4, 8, 6, 8, 8, 2, 6, 2, 4, 2, 2, 2, 8, 6, 8, 4, 4, 6, 4, 8, 4, 6, 2, 4, 6, 6, 2, 4, 4, 6, 4, 6, 4, 6, 6, 6, 6, 6, 4, 6, 2, 6, 8, 4, 2, 4, 2, 8, 8, 2, 2, 8]], 0.035599999129772186]
[[5, [4, 2, 6, 4, 4, 2, 4, 6, 8, 6, 4, 8, 8, 2, 6, 6, 4, 4, 6, 6, 4, 6, 8, 4, 6, 6, 8, 4, 8, 6, 4, 2, 4, 6, 8, 2, 6, 6, 4, 4, 8, 6, 8, 8, 2, 2, 2, 8, 8, 8, 2, 8]], 0.7445999979972839]
[[4, [8, 6, 4, 2, 4, 2, 4, 6, 8, 4, 8, 8, 2, 8, 6, 8, 6, 8, 4, 2, 6, 6, 8, 6, 2, 6, 8, 2, 8, 6, 6, 8, 6, 8, 2, 6, 4, 4, 8, 6, 8, 6, 4, 6, 6, 4, 6, 6, 4, 2, 8, 4]], 0.7601000070571899]
[[0, [8, 6, 6, 2, 8, 2, 4, 6, 8, 4, 8, 4, 6, 8, 6, 6, 6, 4, 4, 2, 6, 6, 8, 6, 2, 6, 6, 2, 8, 6, 2, 4, 6, 2, 2, 8, 4, 4, 8, 6, 8, 6, 4, 6, 6, 4, 2, 6, 4, 2, 2, 4]], 0.7628999948501587]
[[12, [2, 4, 8, 6, 2, 8, 4, 4, 2, 4, 2, 4, 2, 6, 2, 2, 4, 8, 8, 2, 4, 2, 4, 6, 4, 6, 2, 8, 8, 6, 2, 2, 2, 4, 8, 4, 4, 4, 8, 8, 8, 8, 6, 4, 6, 4, 2, 6, 4, 8, 2, 8]], 0.6639999747276306]
[[14, [6, 8, 6, 4, 2, 2, 8, 8, 4, 2, 6, 2, 4, 8, 8, 6, 2, 6, 4, 4, 4, 6, 2, 4, 6, 6, 8, 4, 8, 6, 6, 6, 4, 6, 8, 8, 2, 6, 2, 4, 8, 6, 2, 4, 8, 8, 4, 4, 6, 8, 4, 8]], 0.6586999893188477]
[[4, [8, 6, 2, 2, 8, 6, 4, 6, 6, 4, 6, 4, 4, 4, 6, 8, 6, 4, 4, 6, 6, 4, 2, 6, 2, 6, 4, 2, 2, 6, 4, 8, 6, 8, 2, 6, 4, 6, 8, 4, 8, 6, 4, 6, 6, 4, 8, 6, 4, 2, 2, 4]], 0.7556999921798706]
[[4, [2, 6, 4, 2, 4, 2, 4, 6, 8, 4, 8, 8, 2, 8, 6, 8, 6, 2, 4, 2, 6, 6, 2, 8, 2, 6, 8, 2, 8, 6, 6, 8, 6, 4, 2, 6, 6, 2, 2, 6, 2, 8, 4, 6, 2, 4, 8, 6, 4, 6, 8, 6]], 0.7504000067710876]
[[2, [2, 6, 4, 2, 4, 2, 4, 6, 8, 4, 8, 8, 2, 8, 6, 8, 6, 2, 4, 2, 6, 6, 8, 8, 2, 4, 8, 4, 8, 6, 6, 8, 6, 4, 2, 6, 6, 2, 4, 6, 2, 8, 4, 6, 6, 4, 8, 6, 4, 6, 4, 6]], 0.7608999609947205]
[[14, [4, 2, 6, 2, 4, 2, 4, 8, 4, 4, 8, 6, 2, 8, 6, 8, 6, 4, 4, 2, 8, 6, 4, 6, 4, 6, 6, 2, 4, 6, 2, 8, 6, 4, 2, 4, 4, 4, 8, 6, 2, 8, 4, 6, 6, 4, 8, 6, 4, 2, 2, 4]], 0.5339999794960022]
[[5, [8, 6, 6, 2, 4, 2, 2, 6, 8, 4, 4, 4, 4, 8, 6, 8, 6, 4, 4, 2, 6, 6, 6, 6, 2, 6, 4, 2, 8, 6, 2, 6, 6, 8, 8, 6, 8, 4, 8, 6, 8, 6, 4, 6, 6, 4, 8, 8, 4, 2, 2, 4]], 0.758899986743927]
[[4, [8, 4, 6, 2, 6, 2, 6, 2, 8, 4, 8, 6, 2, 8, 6, 4, 6, 4, 4, 2, 6, 6, 8, 6, 2, 6, 4, 2, 8, 6, 4, 8, 8, 8, 2, 6, 4, 4, 8, 2, 8, 6, 8, 6, 6, 4, 6, 6, 4, 2, 2, 4]], 0.7407999634742737]
[[4, [6, 4, 2, 4, 4, 2, 4, 6, 4, 4, 4, 4, 4, 8, 4, 2, 6, 4, 4, 6, 6, 6, 8, 6, 2, 6, 4, 2, 8, 6, 2, 8, 6, 8, 2, 6, 4, 4, 8, 6, 2, 6, 4, 6, 6, 4, 6, 6, 4, 2, 2, 4]], 0.7574999928474426]
[[4, [4, 6, 2, 2, 2, 2, 4, 6, 8, 6, 8, 4, 2, 2, 6, 8, 6, 4, 8, 2, 6, 6, 8, 2, 2, 6, 4, 2, 8, 6, 2, 8, 6, 2, 6, 6, 4, 4, 8, 4, 8, 6, 6, 2, 6, 4, 8, 2, 4, 2, 2, 4]], 0.09319999814033508]
[[10, [2, 4, 2, 2, 6, 2, 4, 6, 8, 4, 8, 8, 2, 6, 6, 6, 6, 2, 4, 2, 6, 6, 2, 6, 2, 6, 8, 8, 2, 6, 6, 2, 6, 4, 2, 6, 4, 2, 2, 6, 2, 8, 4, 6, 6, 4, 8, 6, 6, 6, 4, 6]], 0.10589999705553055]
[[4, [2, 6, 6, 2, 6, 2, 4, 6, 8, 4, 8, 8, 8, 8, 6, 6, 6, 4, 2, 8, 6, 6, 8, 4, 2, 8, 4, 2, 4, 6, 2, 6, 6, 8, 2, 6, 4, 4, 8, 6, 4, 6, 4, 6, 8, 4, 8, 6, 4, 2, 2, 4]], 0.762499988079071]
[[4, [2, 6, 4, 2, 8, 2, 4, 6, 8, 4, 8, 8, 2, 8, 2, 8, 6, 8, 6, 2, 6, 6, 8, 6, 2, 6, 8, 2, 8, 6, 6, 8, 2, 8, 2, 6, 4, 4, 8, 6, 8, 6, 2, 6, 6, 4, 6, 4, 4, 2, 4, 4]], 0.7450999617576599]
[[13, [2, 2, 4, 2, 8, 2, 2, 6, 4, 6, 8, 6, 2, 8, 6, 8, 6, 4, 2, 2, 6, 6, 2, 6, 6, 6, 8, 2, 8, 6, 6, 8, 2, 4, 2, 8, 6, 2, 2, 4, 2, 8, 4, 6, 2, 8, 8, 6, 4, 6, 8, 6]], 0.18869999051094055]
[[4, [4, 4, 6, 2, 4, 2, 8, 6, 8, 4, 8, 4, 6, 8, 6, 6, 6, 4, 2, 2, 6, 6, 8, 6, 2, 8, 4, 2, 2, 6, 2, 6, 6, 8, 2, 6, 4, 6, 8, 6, 8, 6, 8, 6, 6, 2, 8, 6, 4, 2, 2, 4]], 0.7670999765396118]
[[4, [8, 6, 6, 2, 4, 2, 4, 6, 8, 4, 8, 4, 2, 4, 6, 8, 6, 4, 4, 2, 6, 6, 6, 6, 2, 6, 4, 2, 8, 6, 2, 2, 6, 8, 2, 6, 4, 6, 6, 6, 6, 6, 4, 6, 6, 4, 8, 6, 4, 2, 6, 6]], 0.7568999528884888]
[[4, [8, 8, 4, 8, 4, 2, 4, 4, 8, 4, 8, 4, 2, 4, 6, 8, 6, 4, 4, 6, 6, 6, 8, 6, 2, 6, 4, 8, 8, 6, 4, 2, 4, 2, 2, 6, 4, 8, 2, 6, 6, 6, 8, 6, 6, 4, 8, 6, 4, 2, 4, 6]], 0.7609999775886536]
[[4, [4, 4, 6, 2, 4, 6, 8, 6, 4, 4, 8, 4, 6, 8, 8, 6, 6, 4, 2, 2, 6, 6, 2, 6, 6, 8, 4, 2, 2, 6, 2, 2, 6, 8, 2, 6, 4, 6, 4, 6, 8, 6, 8, 6, 6, 6, 8, 6, 4, 2, 2, 4]], 0.7700999975204468]
[[15, [4, 4, 6, 4, 6, 2, 8, 6, 8, 6, 8, 4, 6, 8, 6, 2, 6, 2, 2, 2, 6, 6, 4, 6, 4, 8, 4, 2, 2, 6, 8, 6, 4, 4, 2, 6, 4, 4, 2, 4, 2, 6, 6, 6, 4, 2, 6, 8, 4, 2, 2, 4]], 0.6022999882698059]
[[10, [8, 6, 6, 2, 4, 2, 4, 6, 8, 6, 8, 6, 2, 4, 6, 4, 8, 2, 4, 2, 6, 8, 6, 6, 2, 6, 4, 2, 8, 6, 4, 2, 6, 8, 2, 8, 4, 6, 6, 6, 6, 2, 4, 6, 6, 4, 6, 6, 4, 2, 6, 6]], 0.22209998965263367]
[[0, [6, 6, 2, 2, 4, 2, 4, 6, 8, 4, 8, 4, 2, 4, 6, 8, 6, 4, 4, 2, 6, 6, 6, 8, 2, 6, 2, 2, 8, 6, 2, 4, 6, 8, 2, 6, 4, 6, 6, 6, 6, 6, 4, 6, 6, 8, 8, 6, 8, 2, 8, 6]], 0.7544999718666077]
[[4, [4, 8, 6, 2, 4, 2, 8, 2, 8, 4, 8, 8, 6, 2, 4, 6, 6, 4, 2, 2, 6, 6, 8, 6, 6, 8, 4, 2, 2, 6, 2, 6, 2, 8, 2, 6, 4, 4, 6, 6, 8, 6, 8, 6, 2, 2, 8, 4, 6, 4, 2, 4]], 0.7392999529838562]
[[4, [6, 4, 6, 2, 4, 4, 4, 8, 8, 2, 8, 8, 2, 8, 6, 6, 6, 4, 2, 2, 6, 6, 8, 8, 6, 8, 4, 2, 2, 6, 6, 4, 2, 6, 2, 6, 4, 6, 8, 6, 8, 6, 8, 6, 6, 2, 8, 6, 2, 2, 2, 8]], 0.7511000037193298]
[[2, [4, 4, 6, 2, 4, 4, 8, 6, 8, 4, 8, 4, 2, 8, 6, 6, 2, 4, 2, 8, 4, 6, 6, 6, 2, 4, 4, 2, 2, 6, 2, 2, 4, 8, 4, 2, 8, 6, 8, 6, 8, 6, 8, 6, 6, 2, 8, 6, 4, 2, 8, 4]], 0.7676999568939209]
[[9, [8, 6, 6, 6, 4, 2, 4, 6, 8, 4, 8, 4, 2, 4, 6, 8, 6, 4, 4, 2, 4, 8, 6, 6, 2, 6, 4, 2, 8, 6, 6, 2, 6, 8, 2, 8, 8, 6, 8, 6, 6, 6, 6, 8, 6, 4, 8, 6, 4, 2, 6, 6]], 0.6538000106811523]
[[1, [8, 6, 6, 8, 8, 2, 4, 6, 8, 4, 8, 4, 2, 4, 6, 4, 2, 4, 4, 2, 6, 2, 4, 6, 4, 6, 4, 2, 8, 6, 6, 2, 6, 6, 2, 6, 4, 6, 6, 6, 4, 6, 4, 4, 6, 4, 8, 6, 2, 2, 6, 6]], 0.7768999934196472]
[[10, [6, 4, 6, 2, 4, 2, 8, 6, 8, 6, 8, 8, 6, 6, 6, 8, 6, 4, 2, 2, 6, 6, 4, 6, 2, 8, 4, 4, 2, 6, 6, 6, 6, 8, 2, 6, 4, 6, 8, 6, 8, 6, 6, 6, 8, 2, 8, 6, 4, 2, 2, 6]], 0.6518999934196472]
[[0, [8, 6, 4, 2, 2, 2, 4, 6, 8, 4, 8, 4, 2, 4, 6, 8, 4, 4, 8, 2, 6, 2, 6, 8, 2, 6, 4, 6, 8, 4, 8, 6, 4, 8, 2, 6, 4, 6, 8, 6, 6, 6, 4, 6, 4, 6, 6, 6, 4, 6, 6, 6]], 0.7649999856948853]
[[9, [2, 4, 2, 6, 4, 6, 8, 2, 6, 4, 8, 4, 6, 4, 6, 6, 6, 2, 2, 2, 6, 6, 8, 2, 2, 8, 4, 2, 6, 6, 2, 6, 4, 8, 2, 6, 4, 6, 4, 6, 8, 6, 6, 2, 8, 8, 8, 6, 4, 2, 4, 8]], 0.6388999819755554]
[[4, [4, 4, 6, 8, 4, 2, 8, 6, 8, 4, 8, 4, 6, 8, 6, 6, 6, 4, 2, 2, 6, 8, 8, 6, 2, 8, 4, 2, 2, 6, 2, 6, 6, 6, 6, 6, 4, 6, 4, 4, 2, 6, 8, 6, 6, 2, 8, 6, 8, 8, 2, 4]], 0.7730000019073486]
[[0, [8, 6, 6, 2, 4, 2, 4, 6, 8, 4, 8, 6, 2, 2, 6, 8, 6, 4, 4, 2, 6, 6, 6, 4, 2, 4, 6, 2, 8, 8, 2, 2, 6, 8, 2, 6, 4, 6, 6, 6, 2, 6, 2, 6, 2, 4, 8, 6, 4, 2, 6, 8]], 0.7666999697685242]
[[10, [4, 4, 8, 2, 8, 2, 8, 6, 6, 2, 8, 4, 6, 8, 6, 6, 8, 4, 2, 2, 6, 6, 6, 6, 2, 8, 4, 2, 2, 4, 8, 4, 6, 6, 2, 4, 8, 6, 8, 6, 8, 6, 8, 2, 6, 8, 2, 6, 4, 4, 8, 4]], 0.6054999828338623]
[[4, [8, 6, 4, 2, 4, 2, 8, 6, 6, 4, 2, 4, 2, 4, 6, 8, 6, 4, 4, 2, 6, 6, 6, 6, 2, 6, 4, 2, 8, 6, 2, 2, 6, 2, 2, 6, 2, 6, 6, 8, 6, 2, 4, 6, 6, 2, 8, 6, 4, 6, 6, 6]], 0.7529000043869019]
[[4, [8, 6, 6, 2, 4, 2, 8, 6, 8, 4, 8, 4, 2, 4, 6, 8, 6, 4, 4, 2, 6, 6, 6, 6, 2, 8, 4, 2, 6, 6, 2, 8, 8, 8, 6, 6, 4, 6, 8, 2, 6, 6, 4, 6, 6, 4, 8, 4, 4, 4, 8, 6]], 0.7529000043869019]
[[2, [8, 6, 4, 6, 4, 6, 8, 4, 6, 4, 4, 4, 2, 4, 2, 2, 8, 4, 4, 8, 6, 6, 6, 8, 2, 6, 4, 8, 8, 6, 2, 2, 6, 2, 4, 6, 2, 2, 4, 8, 6, 6, 8, 6, 6, 2, 8, 6, 4, 2, 6, 6]], 0.7827000021934509]
[[4, [8, 6, 6, 4, 4, 2, 8, 6, 6, 4, 2, 4, 2, 4, 6, 8, 6, 4, 4, 2, 4, 6, 8, 6, 2, 6, 8, 2, 8, 6, 2, 2, 6, 2, 2, 6, 2, 8, 6, 4, 6, 8, 4, 6, 6, 2, 8, 8, 4, 6, 6, 6]], 0.7560999989509583]
[[4, [8, 6, 4, 2, 4, 2, 8, 6, 6, 4, 2, 4, 4, 4, 6, 4, 6, 6, 4, 8, 4, 2, 6, 6, 2, 6, 8, 6, 8, 8, 2, 2, 6, 2, 2, 6, 2, 8, 4, 6, 6, 2, 4, 6, 6, 8, 6, 6, 4, 6, 8, 6]], 0.7545999884605408]
[[9, [4, 6, 4, 2, 8, 2, 8, 2, 6, 2, 2, 4, 4, 4, 6, 2, 2, 6, 4, 8, 2, 2, 6, 6, 6, 6, 4, 6, 8, 8, 2, 2, 2, 2, 2, 2, 2, 8, 4, 2, 2, 2, 4, 6, 6, 2, 6, 6, 4, 6, 8, 6]], 0.6784999966621399]
[[6, [2, 6, 2, 2, 4, 4, 8, 6, 6, 4, 2, 6, 6, 4, 6, 8, 6, 4, 4, 2, 6, 6, 4, 6, 2, 6, 4, 2, 4, 2, 2, 2, 6, 2, 8, 6, 2, 6, 6, 8, 6, 2, 4, 6, 6, 2, 2, 6, 4, 6, 2, 6]], 0.7348999977111816]
[[4, [8, 6, 4, 2, 4, 4, 8, 6, 6, 8, 2, 4, 6, 4, 6, 8, 6, 4, 4, 2, 4, 6, 6, 6, 2, 6, 2, 2, 8, 4, 8, 2, 6, 2, 6, 6, 2, 6, 6, 8, 6, 2, 4, 8, 8, 2, 8, 6, 4, 6, 2, 2]], 0.7547999620437622]
[[7, [6, 4, 6, 2, 8, 2, 4, 6, 8, 4, 6, 4, 2, 4, 4, 8, 6, 4, 4, 8, 6, 6, 6, 2, 2, 4, 4, 2, 8, 6, 2, 2, 8, 8, 4, 6, 4, 2, 6, 6, 8, 6, 4, 8, 6, 4, 8, 8, 2, 2, 6, 6]], 0.708299994468689]
[[7, [8, 6, 6, 2, 2, 2, 4, 6, 8, 6, 8, 4, 2, 4, 6, 6, 6, 4, 4, 2, 6, 6, 2, 6, 2, 6, 4, 2, 8, 8, 2, 8, 6, 4, 8, 6, 4, 6, 2, 6, 6, 6, 4, 2, 6, 4, 8, 6, 2, 2, 6, 6]], 0.6593999862670898]
[[4, [8, 6, 2, 6, 4, 6, 2, 8, 6, 4, 2, 2, 8, 4, 6, 4, 6, 6, 4, 8, 4, 2, 8, 6, 8, 6, 8, 4, 8, 8, 2, 2, 2, 2, 2, 4, 2, 8, 4, 6, 2, 6, 4, 2, 6, 8, 6, 2, 6, 6, 8, 6]], 0.7457000017166138]
[[12, [8, 2, 6, 2, 4, 2, 8, 6, 2, 4, 2, 4, 2, 4, 6, 8, 6, 4, 6, 2, 4, 6, 6, 6, 8, 8, 4, 2, 6, 4, 4, 6, 8, 8, 4, 6, 8, 6, 8, 2, 6, 6, 4, 6, 6, 4, 8, 4, 6, 6, 8, 6]], 0.5792999863624573]
[[6, [8, 6, 4, 4, 4, 2, 8, 6, 2, 8, 8, 4, 6, 4, 6, 4, 6, 8, 4, 6, 6, 2, 6, 4, 2, 6, 2, 6, 4, 8, 2, 2, 6, 4, 6, 6, 2, 8, 4, 6, 6, 2, 4, 6, 6, 2, 8, 6, 6, 6, 8, 6]], 0.7561999559402466]
[[15, [8, 6, 4, 2, 2, 4, 2, 6, 6, 4, 2, 8, 4, 4, 8, 8, 6, 4, 4, 2, 6, 6, 6, 6, 8, 6, 4, 8, 6, 6, 2, 6, 4, 2, 2, 8, 2, 2, 6, 8, 6, 2, 4, 6, 4, 4, 6, 6, 4, 2, 6, 6]], 0.5097000002861023]
[[4, [8, 6, 6, 2, 4, 4, 4, 6, 8, 4, 8, 4, 2, 4, 6, 8, 6, 4, 4, 2, 4, 6, 6, 6, 8, 8, 4, 2, 8, 4, 6, 2, 6, 8, 4, 6, 4, 6, 4, 8, 4, 6, 4, 6, 6, 4, 8, 6, 4, 8, 6, 6]], 0.7590999603271484]
[[4, [4, 4, 6, 2, 4, 2, 8, 2, 8, 4, 8, 4, 6, 4, 6, 6, 6, 8, 2, 2, 4, 6, 6, 6, 2, 8, 8, 2, 8, 6, 2, 6, 8, 8, 2, 6, 4, 6, 4, 6, 8, 6, 8, 6, 6, 2, 8, 6, 4, 2, 2, 4]], 0.7583999633789062]
[[4, [6, 6, 6, 2, 4, 2, 8, 6, 6, 4, 2, 4, 2, 4, 4, 8, 2, 4, 4, 2, 6, 6, 6, 6, 2, 6, 2, 2, 6, 6, 4, 8, 6, 4, 2, 6, 2, 6, 6, 8, 8, 2, 4, 6, 6, 2, 8, 6, 4, 6, 6, 6]], 0.7436000108718872]
[[4, [8, 6, 6, 4, 6, 2, 8, 6, 6, 4, 4, 4, 4, 4, 6, 4, 6, 6, 4, 2, 8, 2, 6, 6, 2, 6, 8, 8, 8, 2, 2, 2, 6, 2, 2, 6, 2, 8, 4, 6, 4, 2, 4, 6, 6, 8, 6, 6, 4, 2, 8, 4]], 0.7770999670028687]
[[4, [6, 4, 8, 2, 4, 2, 2, 6, 8, 4, 2, 4, 4, 4, 8, 4, 6, 8, 2, 8, 4, 2, 6, 6, 2, 6, 8, 6, 8, 8, 2, 2, 6, 2, 2, 4, 8, 6, 4, 4, 6, 2, 6, 6, 6, 8, 6, 6, 8, 6, 6, 6]], 0.7491999864578247]
[[8, [8, 6, 4, 2, 4, 6, 4, 6, 8, 4, 8, 4, 2, 4, 6, 8, 4, 4, 4, 2, 6, 8, 6, 8, 2, 6, 8, 6, 6, 6, 2, 2, 8, 8, 2, 6, 6, 6, 6, 2, 2, 4, 4, 6, 6, 4, 8, 6, 4, 2, 8, 6]], 0.7032999992370605]
[[11, [8, 6, 8, 2, 4, 2, 8, 8, 6, 4, 2, 2, 4, 4, 6, 4, 4, 6, 8, 4, 4, 2, 2, 6, 6, 6, 8, 6, 6, 8, 8, 2, 6, 2, 2, 6, 2, 8, 4, 6, 6, 2, 4, 4, 6, 8, 2, 6, 8, 6, 8, 6]], 0.6394000053405762]
[[4, [8, 6, 4, 2, 4, 6, 6, 6, 6, 4, 4, 4, 6, 4, 6, 4, 4, 6, 4, 4, 2, 2, 6, 6, 4, 4, 8, 6, 8, 8, 2, 2, 6, 2, 2, 6, 2, 8, 2, 6, 6, 2, 8, 8, 6, 8, 6, 6, 4, 6, 4, 6]], 0.7597000002861023]
[[4, [8, 6, 4, 6, 4, 2, 8, 6, 4, 4, 2, 6, 4, 4, 6, 4, 4, 6, 4, 6, 4, 2, 8, 4, 2, 6, 8, 2, 8, 8, 2, 2, 6, 2, 2, 8, 2, 8, 2, 8, 6, 2, 2, 6, 6, 2, 6, 2, 6, 8, 8, 6]], 0.7634999752044678]
[[4, [8, 6, 2, 8, 4, 2, 8, 8, 6, 4, 2, 2, 2, 4, 6, 8, 6, 4, 4, 2, 6, 6, 6, 6, 2, 6, 4, 2, 8, 6, 4, 2, 6, 2, 2, 8, 2, 6, 6, 8, 6, 2, 4, 2, 2, 2, 8, 2, 4, 6, 6, 2]], 0.7475999593734741]
[[4, [8, 8, 4, 2, 8, 2, 8, 6, 6, 4, 2, 4, 4, 4, 6, 4, 6, 6, 4, 8, 2, 2, 4, 6, 2, 6, 8, 6, 4, 8, 2, 2, 6, 6, 2, 6, 2, 8, 4, 6, 6, 2, 4, 6, 8, 8, 6, 6, 8, 8, 8, 2]], 0.7558000087738037]
[[11, [8, 2, 4, 2, 4, 8, 8, 2, 6, 4, 2, 4, 4, 4, 6, 6, 6, 2, 2, 8, 4, 2, 6, 6, 2, 4, 8, 2, 8, 8, 8, 2, 6, 2, 2, 6, 2, 8, 4, 6, 4, 2, 4, 6, 6, 8, 6, 2, 4, 6, 8, 2]], 0.07289999723434448]
[[4, [8, 6, 6, 2, 4, 4, 8, 2, 8, 4, 4, 4, 4, 4, 6, 4, 6, 8, 4, 8, 2, 2, 6, 6, 8, 6, 8, 6, 2, 8, 2, 2, 8, 2, 2, 6, 2, 4, 4, 2, 6, 2, 8, 8, 6, 6, 6, 6, 6, 6, 4, 6]], 0.7566999793052673]
[[13, [6, 6, 4, 2, 4, 2, 8, 6, 4, 4, 4, 4, 4, 4, 6, 4, 6, 6, 6, 8, 4, 2, 6, 6, 2, 6, 8, 6, 8, 8, 2, 4, 6, 2, 8, 6, 2, 8, 6, 6, 6, 2, 4, 6, 6, 4, 6, 6, 4, 6, 4, 6]], 0.47509998083114624]
[[1, [8, 8, 6, 2, 4, 2, 4, 6, 8, 4, 8, 6, 2, 4, 6, 8, 4, 4, 4, 2, 6, 6, 4, 6, 2, 6, 4, 2, 8, 6, 2, 2, 6, 8, 2, 8, 4, 6, 6, 2, 6, 6, 4, 6, 4, 4, 2, 6, 4, 2, 2, 6]], 0.7646999955177307]
[[2, [8, 6, 2, 2, 4, 6, 4, 8, 8, 4, 8, 4, 2, 4, 4, 8, 6, 4, 4, 2, 6, 6, 8, 6, 2, 8, 4, 4, 8, 6, 2, 2, 2, 6, 2, 6, 4, 6, 2, 6, 6, 6, 8, 6, 8, 8, 4, 6, 4, 2, 4, 6]], 0.7626999616622925]
[[4, [8, 6, 6, 2, 4, 2, 8, 6, 6, 4, 2, 4, 4, 4, 6, 6, 6, 6, 4, 8, 2, 2, 4, 8, 2, 6, 2, 2, 8, 8, 2, 2, 6, 2, 8, 6, 2, 4, 4, 6, 6, 4, 4, 6, 6, 4, 6, 6, 8, 6, 8, 6]], 0.7529000043869019]
[[5, [8, 6, 4, 2, 2, 8, 8, 6, 6, 4, 2, 4, 2, 4, 6, 8, 6, 6, 4, 2, 6, 2, 8, 6, 2, 6, 4, 2, 8, 6, 6, 2, 4, 2, 2, 6, 2, 6, 6, 8, 6, 2, 4, 6, 6, 2, 8, 6, 4, 6, 6, 6]], 0.7445999979972839]
[[1, [8, 6, 6, 2, 4, 2, 4, 4, 8, 4, 4, 4, 2, 4, 6, 6, 6, 4, 8, 2, 6, 6, 6, 6, 2, 6, 4, 2, 8, 6, 8, 8, 6, 8, 2, 6, 4, 6, 4, 6, 6, 6, 4, 6, 6, 4, 6, 2, 6, 2, 6, 6]], 0.7648999691009521]
[[4, [6, 6, 4, 2, 4, 2, 8, 6, 4, 2, 2, 4, 4, 4, 6, 4, 8, 6, 8, 8, 6, 2, 2, 6, 6, 6, 8, 6, 4, 8, 2, 6, 2, 2, 2, 6, 2, 8, 4, 4, 6, 2, 6, 2, 6, 8, 2, 6, 4, 6, 8, 6]], 0.7414999604225159]
[[4, [8, 6, 6, 2, 4, 2, 8, 6, 4, 4, 2, 8, 4, 4, 6, 4, 6, 4, 4, 8, 8, 2, 6, 6, 4, 6, 8, 6, 8, 8, 2, 2, 6, 2, 6, 6, 2, 2, 4, 6, 6, 2, 4, 8, 6, 8, 6, 6, 4, 6, 8, 6]], 0.7520999908447266]
[[4, [8, 6, 4, 2, 4, 2, 8, 6, 2, 4, 2, 8, 6, 4, 6, 4, 8, 6, 4, 8, 4, 2, 6, 6, 2, 6, 6, 2, 6, 8, 2, 6, 6, 2, 2, 6, 2, 2, 4, 6, 6, 2, 4, 6, 6, 8, 6, 6, 4, 6, 8, 6]], 0.7353999614715576]
[[4, [8, 6, 6, 2, 4, 2, 4, 6, 8, 4, 8, 4, 2, 4, 6, 2, 6, 4, 4, 2, 6, 6, 6, 6, 2, 6, 4, 2, 4, 6, 2, 2, 6, 8, 2, 6, 4, 6, 4, 6, 6, 8, 4, 2, 6, 2, 8, 6, 4, 2, 6, 6]], 0.7466999888420105]
[[4, [8, 6, 2, 2, 4, 2, 8, 6, 6, 2, 2, 4, 4, 4, 2, 4, 8, 6, 4, 8, 8, 2, 6, 6, 4, 6, 8, 6, 8, 8, 2, 2, 6, 2, 2, 6, 2, 2, 4, 6, 6, 6, 4, 6, 6, 8, 6, 2, 4, 6, 8, 6]], 0.7146999835968018]
[[4, [8, 6, 2, 2, 4, 2, 8, 6, 6, 6, 4, 4, 2, 4, 6, 4, 6, 6, 4, 8, 4, 2, 6, 2, 2, 6, 8, 6, 4, 8, 2, 2, 6, 2, 2, 6, 2, 8, 8, 6, 2, 2, 4, 6, 6, 6, 6, 2, 4, 6, 4, 6]], 0.7366999983787537]
[[14, [8, 4, 8, 2, 4, 2, 8, 4, 6, 8, 2, 8, 2, 4, 6, 8, 6, 4, 4, 2, 6, 6, 8, 6, 2, 6, 4, 2, 8, 4, 4, 2, 6, 2, 2, 6, 2, 6, 4, 4, 2, 2, 4, 6, 6, 2, 8, 6, 8, 6, 6, 6]], 0.14569999277591705]
[[4, [8, 6, 6, 6, 4, 2, 8, 6, 8, 4, 2, 4, 4, 4, 6, 4, 6, 8, 4, 8, 4, 2, 6, 6, 2, 6, 2, 6, 8, 8, 2, 2, 6, 6, 2, 6, 2, 8, 4, 2, 6, 2, 4, 6, 6, 8, 6, 6, 4, 6, 4, 6]], 0.7628999948501587]
[[4, [8, 6, 4, 2, 4, 4, 4, 6, 8, 4, 2, 4, 4, 4, 6, 4, 6, 2, 4, 8, 4, 2, 6, 2, 2, 6, 8, 6, 8, 8, 6, 6, 6, 2, 2, 6, 2, 8, 4, 6, 6, 2, 4, 6, 6, 8, 6, 6, 2, 6, 6, 6]], 0.7563999891281128]
[[4, [8, 2, 6, 2, 4, 2, 4, 6, 4, 4, 8, 8, 4, 4, 6, 8, 2, 4, 4, 2, 6, 6, 6, 4, 2, 6, 6, 2, 8, 8, 2, 2, 6, 8, 2, 6, 6, 4, 6, 6, 6, 6, 4, 6, 6, 4, 8, 6, 4, 2, 6, 6]], 0.7378000020980835]
[[4, [8, 6, 4, 2, 8, 2, 6, 4, 6, 4, 8, 6, 4, 4, 8, 4, 6, 6, 4, 8, 6, 2, 6, 6, 8, 6, 4, 6, 8, 8, 2, 2, 6, 2, 6, 8, 2, 4, 4, 6, 6, 2, 4, 6, 6, 8, 6, 6, 4, 6, 8, 6]], 0.7620999813079834]
[[6, [8, 6, 4, 2, 4, 4, 6, 6, 6, 4, 2, 8, 2, 4, 6, 4, 6, 6, 4, 8, 4, 6, 6, 6, 6, 6, 8, 2, 8, 8, 2, 2, 6, 8, 2, 6, 2, 8, 4, 6, 6, 2, 4, 6, 6, 8, 6, 6, 4, 6, 8, 6]], 0.7532999515533447]
[[1, [8, 2, 4, 8, 8, 2, 8, 6, 6, 8, 2, 4, 4, 4, 6, 4, 6, 6, 4, 8, 4, 2, 6, 6, 2, 6, 8, 8, 8, 4, 8, 2, 4, 2, 6, 4, 2, 8, 4, 6, 6, 8, 4, 6, 2, 4, 6, 6, 4, 6, 8, 6]], 0.7615000009536743]
[[4, [8, 6, 4, 2, 8, 2, 6, 8, 6, 4, 8, 4, 4, 4, 8, 2, 6, 6, 4, 8, 8, 2, 6, 8, 8, 6, 4, 2, 8, 8, 2, 2, 6, 2, 6, 8, 2, 2, 4, 6, 8, 2, 4, 6, 6, 4, 6, 6, 2, 6, 8, 6]], 0.7587999701499939]
[[5, [8, 6, 4, 2, 2, 8, 8, 8, 6, 4, 2, 4, 4, 4, 6, 8, 6, 6, 4, 2, 2, 2, 8, 4, 2, 6, 4, 6, 8, 6, 2, 8, 4, 2, 2, 6, 2, 6, 6, 8, 6, 2, 4, 6, 6, 4, 2, 6, 4, 6, 6, 6]], 0.7505999803543091]
[[4, [8, 6, 4, 2, 8, 6, 8, 6, 8, 4, 2, 6, 8, 4, 6, 8, 6, 4, 4, 8, 6, 2, 6, 2, 2, 6, 8, 2, 8, 6, 4, 4, 6, 2, 2, 8, 4, 6, 2, 8, 6, 2, 4, 2, 6, 6, 8, 4, 6, 6, 6, 6]], 0.7569999694824219]
[[4, [8, 6, 4, 6, 8, 4, 8, 6, 4, 4, 2, 6, 8, 4, 6, 8, 8, 2, 4, 4, 6, 2, 6, 2, 2, 6, 4, 2, 8, 8, 2, 4, 6, 2, 2, 8, 4, 6, 2, 8, 6, 2, 4, 2, 6, 6, 8, 4, 6, 6, 6, 6]], 0.7651999592781067]
[[4, [8, 6, 4, 8, 2, 6, 6, 2, 6, 4, 8, 6, 4, 4, 8, 2, 6, 6, 4, 8, 6, 2, 6, 2, 8, 6, 4, 6, 8, 8, 6, 2, 4, 4, 6, 6, 2, 4, 4, 2, 6, 2, 4, 6, 6, 8, 6, 6, 2, 4, 6, 6]], 0.7576000094413757]
[[14, [2, 6, 6, 2, 4, 2, 8, 6, 6, 4, 2, 4, 4, 4, 6, 4, 6, 6, 4, 8, 4, 8, 8, 8, 2, 2, 8, 6, 8, 8, 8, 2, 6, 2, 6, 6, 4, 8, 4, 2, 6, 2, 4, 8, 6, 6, 6, 6, 2, 2, 8, 6]], 0.14139999449253082]
[[4, [8, 6, 4, 2, 8, 6, 8, 6, 8, 4, 2, 6, 8, 4, 6, 2, 6, 2, 4, 2, 6, 2, 6, 8, 2, 6, 8, 2, 8, 6, 6, 4, 6, 2, 2, 8, 8, 6, 2, 8, 8, 2, 4, 2, 6, 8, 8, 4, 4, 2, 6, 6]], 0.7472999691963196]
[[3, [4, 4, 4, 2, 8, 6, 4, 6, 8, 2, 8, 4, 8, 4, 6, 2, 6, 2, 4, 2, 6, 2, 6, 8, 2, 4, 8, 6, 8, 4, 6, 4, 2, 2, 8, 8, 8, 6, 2, 8, 8, 8, 4, 2, 6, 8, 8, 4, 4, 2, 6, 4]], 0.7576000094413757]
[[9, [6, 4, 4, 2, 8, 6, 4, 6, 8, 2, 4, 4, 8, 4, 6, 2, 6, 2, 4, 2, 6, 2, 6, 8, 6, 4, 8, 6, 8, 4, 6, 4, 2, 2, 4, 8, 4, 6, 2, 8, 4, 8, 4, 2, 6, 8, 8, 4, 4, 4, 2, 4]], 0.7238999605178833]
[[3, [2, 2, 4, 2, 8, 6, 4, 4, 8, 2, 8, 4, 8, 4, 6, 2, 6, 4, 4, 2, 6, 4, 6, 8, 2, 4, 8, 6, 8, 2, 6, 4, 2, 2, 8, 8, 8, 8, 2, 8, 8, 8, 6, 2, 6, 8, 8, 4, 4, 6, 6, 2]], 0.7459999918937683]
[[6, [8, 6, 4, 2, 8, 4, 8, 6, 8, 4, 8, 6, 8, 8, 6, 2, 6, 4, 4, 4, 6, 6, 8, 6, 2, 6, 8, 6, 8, 6, 4, 4, 6, 4, 2, 8, 8, 6, 8, 8, 8, 2, 2, 2, 6, 8, 8, 4, 4, 2, 6, 6]], 0.7550999522209167]
[[0, [4, 4, 4, 6, 8, 6, 4, 6, 8, 2, 4, 6, 2, 4, 6, 6, 6, 2, 6, 8, 4, 2, 6, 8, 2, 4, 8, 4, 8, 4, 6, 4, 2, 2, 8, 8, 2, 6, 2, 8, 8, 8, 4, 2, 6, 8, 8, 4, 4, 2, 6, 4]], 0.7816999554634094]
[[3, [4, 4, 4, 2, 4, 6, 4, 6, 8, 2, 8, 4, 8, 4, 6, 4, 6, 2, 4, 2, 6, 2, 4, 8, 2, 4, 8, 6, 8, 4, 6, 4, 2, 2, 8, 8, 8, 6, 2, 6, 8, 8, 4, 2, 6, 8, 8, 4, 4, 2, 6, 4]], 0.7619999647140503]
[[14, [4, 4, 6, 2, 8, 6, 4, 6, 8, 4, 8, 4, 6, 4, 6, 8, 6, 6, 4, 2, 6, 2, 6, 8, 2, 4, 6, 6, 8, 4, 6, 2, 2, 2, 8, 8, 8, 6, 2, 8, 8, 2, 8, 6, 6, 2, 2, 4, 4, 8, 6, 4]], 0.27789998054504395]
[[8, [4, 4, 4, 2, 6, 2, 2, 6, 8, 2, 8, 4, 8, 4, 6, 6, 2, 2, 8, 4, 4, 2, 6, 8, 2, 4, 8, 6, 2, 4, 8, 8, 4, 2, 4, 2, 2, 6, 2, 8, 6, 8, 4, 4, 6, 4, 8, 4, 4, 4, 6, 4]], 0.6301999688148499]
[[7, [4, 4, 4, 2, 8, 6, 4, 6, 4, 2, 8, 4, 8, 4, 8, 6, 6, 2, 4, 2, 6, 2, 4, 6, 2, 2, 6, 6, 8, 4, 6, 4, 4, 2, 6, 2, 8, 6, 8, 8, 8, 2, 4, 2, 6, 8, 2, 4, 4, 2, 6, 8]], 0.696399986743927]
[[8, [6, 8, 4, 4, 4, 2, 6, 6, 4, 4, 8, 2, 4, 2, 6, 6, 6, 6, 4, 4, 6, 2, 6, 6, 8, 6, 2, 6, 8, 2, 2, 2, 6, 2, 2, 6, 6, 2, 4, 6, 8, 2, 4, 4, 6, 8, 6, 6, 4, 4, 8, 6]], 0.13079999387264252]
[[4, [8, 8, 4, 2, 8, 6, 8, 6, 8, 2, 2, 6, 2, 4, 6, 8, 2, 8, 4, 4, 6, 2, 6, 2, 2, 6, 8, 4, 8, 6, 4, 4, 8, 2, 4, 8, 2, 4, 2, 8, 6, 2, 4, 2, 6, 6, 8, 4, 6, 6, 6, 6]], 0.7393999695777893]
[[4, [8, 4, 4, 2, 8, 6, 8, 6, 8, 2, 2, 2, 6, 4, 6, 8, 2, 8, 4, 6, 6, 2, 6, 2, 2, 6, 8, 4, 8, 6, 2, 4, 8, 4, 4, 8, 2, 8, 2, 8, 6, 2, 4, 2, 6, 6, 8, 4, 8, 6, 2, 6]], 0.7372999787330627]
[[3, [4, 8, 4, 2, 8, 6, 4, 6, 8, 2, 6, 4, 8, 4, 6, 2, 6, 2, 4, 2, 6, 2, 6, 8, 8, 4, 8, 6, 8, 8, 6, 4, 2, 2, 8, 8, 8, 6, 2, 8, 8, 8, 4, 2, 6, 4, 8, 4, 4, 4, 6, 4]], 0.7554999589920044]
[[3, [4, 4, 4, 4, 4, 6, 4, 6, 8, 2, 8, 4, 8, 4, 6, 2, 4, 4, 4, 4, 6, 2, 6, 4, 2, 8, 8, 8, 8, 4, 6, 4, 2, 2, 4, 2, 8, 6, 2, 8, 8, 8, 2, 2, 8, 4, 6, 8, 4, 2, 6, 4]], 0.7709999680519104]
[[11, [8, 4, 6, 2, 8, 6, 8, 6, 8, 2, 2, 2, 8, 4, 6, 8, 2, 8, 4, 6, 6, 6, 6, 2, 6, 6, 8, 8, 8, 6, 2, 4, 8, 4, 4, 8, 2, 8, 4, 8, 6, 6, 4, 2, 6, 6, 2, 4, 8, 6, 6, 6]], 0.5462999939918518]
[[13, [4, 4, 4, 8, 8, 6, 4, 6, 8, 2, 8, 6, 8, 4, 6, 2, 6, 2, 6, 2, 6, 2, 6, 6, 2, 4, 8, 2, 8, 4, 2, 4, 2, 2, 6, 8, 6, 6, 2, 4, 8, 8, 4, 2, 6, 2, 8, 6, 4, 2, 6, 4]], 0.016099998727440834]
[[3, [4, 4, 4, 2, 8, 2, 4, 6, 8, 2, 8, 6, 8, 4, 6, 6, 6, 2, 2, 2, 6, 2, 6, 6, 2, 2, 8, 6, 8, 6, 6, 4, 2, 2, 8, 4, 8, 6, 2, 8, 8, 2, 8, 2, 8, 8, 8, 4, 4, 2, 6, 4]], 0.7563999891281128]
[[3, [4, 4, 4, 2, 8, 6, 4, 6, 8, 6, 4, 4, 2, 4, 6, 4, 6, 2, 6, 2, 6, 2, 6, 8, 2, 4, 8, 6, 6, 4, 6, 4, 2, 4, 6, 2, 8, 6, 2, 4, 8, 2, 4, 2, 2, 8, 8, 4, 8, 8, 6, 4]], 0.7569999694824219]
[[4, [8, 4, 2, 2, 8, 6, 8, 6, 8, 2, 8, 2, 6, 4, 6, 8, 2, 8, 6, 4, 6, 2, 6, 2, 2, 6, 2, 4, 2, 6, 2, 4, 8, 6, 4, 8, 2, 8, 2, 4, 2, 8, 4, 2, 6, 2, 2, 4, 8, 6, 6, 6]], 0.7245000004768372]
[[9, [8, 8, 8, 2, 8, 6, 8, 6, 8, 2, 4, 2, 6, 4, 6, 4, 2, 2, 2, 6, 6, 2, 8, 2, 2, 8, 6, 4, 8, 6, 2, 4, 6, 4, 4, 6, 2, 8, 2, 8, 6, 2, 2, 2, 6, 6, 8, 4, 8, 6, 6, 6]], 0.11749999970197678]
[[3, [4, 4, 6, 2, 4, 2, 4, 2, 8, 8, 8, 6, 8, 2, 6, 6, 6, 2, 2, 2, 6, 8, 6, 6, 4, 6, 4, 6, 8, 6, 6, 4, 4, 2, 8, 4, 8, 6, 8, 8, 8, 2, 8, 2, 8, 8, 8, 4, 4, 6, 2, 6]], 0.7427999973297119]
[[8, [8, 4, 4, 2, 8, 6, 8, 6, 8, 2, 2, 2, 6, 4, 6, 4, 2, 8, 4, 2, 6, 2, 2, 2, 2, 6, 8, 8, 6, 6, 2, 4, 8, 4, 4, 6, 2, 8, 2, 8, 6, 4, 2, 6, 6, 6, 8, 4, 6, 6, 6, 6]], 0.5882999897003174]
[[3, [4, 4, 6, 2, 4, 2, 4, 8, 6, 2, 8, 8, 8, 6, 6, 6, 8, 2, 2, 2, 6, 2, 6, 6, 2, 2, 8, 6, 8, 6, 6, 6, 2, 2, 8, 4, 8, 6, 2, 8, 8, 2, 8, 2, 8, 4, 8, 4, 4, 2, 4, 4]], 0.7626999616622925]
[[15, [6, 4, 4, 2, 8, 2, 6, 6, 8, 2, 8, 6, 8, 4, 6, 6, 6, 2, 8, 4, 6, 2, 4, 6, 2, 2, 8, 6, 8, 6, 6, 4, 2, 2, 8, 4, 4, 4, 6, 6, 8, 2, 8, 2, 8, 8, 8, 4, 4, 2, 6, 2]], 0.15359999239444733]
[[12, [4, 4, 8, 2, 2, 2, 4, 6, 2, 2, 8, 6, 8, 4, 6, 6, 6, 2, 2, 6, 6, 6, 6, 6, 4, 2, 6, 6, 8, 8, 6, 4, 2, 2, 8, 4, 8, 6, 2, 8, 8, 2, 6, 8, 8, 8, 8, 8, 8, 4, 6, 4]], 0.39739999175071716]
[[3, [4, 2, 4, 2, 8, 2, 4, 4, 8, 2, 8, 6, 8, 4, 6, 6, 6, 2, 8, 2, 6, 2, 6, 6, 2, 4, 8, 6, 8, 6, 6, 4, 2, 8, 4, 4, 8, 6, 2, 8, 8, 8, 8, 4, 8, 8, 8, 4, 4, 2, 8, 4]], 0.12039999663829803]
[[3, [4, 4, 2, 2, 4, 2, 8, 6, 4, 2, 2, 6, 8, 2, 6, 6, 2, 8, 2, 2, 6, 2, 6, 6, 2, 6, 8, 4, 8, 6, 6, 4, 2, 2, 8, 2, 8, 6, 6, 8, 8, 2, 8, 4, 8, 8, 8, 4, 4, 6, 6, 4]], 0.3511999845504761]
[[3, [4, 4, 8, 2, 8, 2, 6, 6, 8, 2, 8, 6, 8, 4, 6, 6, 8, 4, 8, 2, 6, 2, 2, 6, 2, 2, 8, 6, 8, 6, 6, 4, 2, 2, 8, 4, 6, 6, 2, 6, 8, 2, 8, 2, 4, 8, 8, 4, 4, 2, 6, 4]], 0.761900007724762]
[[3, [4, 4, 4, 8, 8, 6, 4, 6, 8, 2, 8, 4, 8, 4, 4, 2, 6, 6, 4, 2, 6, 2, 6, 8, 2, 4, 8, 8, 8, 8, 2, 8, 2, 2, 8, 8, 8, 6, 2, 8, 8, 4, 6, 2, 6, 8, 8, 4, 4, 4, 2, 8]], 0.7719999551773071]
[[3, [4, 4, 4, 2, 8, 4, 4, 6, 8, 2, 8, 2, 8, 8, 6, 6, 6, 2, 4, 2, 6, 2, 6, 8, 2, 4, 8, 6, 2, 4, 4, 4, 6, 2, 8, 8, 8, 6, 2, 8, 4, 8, 6, 6, 6, 6, 8, 4, 4, 2, 6, 4]], 0.7479000091552734]
[[6, [8, 4, 4, 2, 8, 8, 4, 6, 8, 2, 8, 6, 8, 4, 4, 6, 6, 2, 2, 2, 6, 2, 6, 6, 2, 2, 8, 6, 8, 2, 6, 4, 2, 2, 8, 4, 8, 6, 6, 8, 8, 2, 2, 2, 2, 6, 8, 4, 4, 6, 6, 4]], 0.7497999668121338]
[[12, [4, 4, 4, 2, 2, 2, 4, 4, 8, 2, 8, 4, 8, 6, 6, 2, 6, 2, 4, 2, 2, 2, 6, 2, 2, 4, 8, 6, 8, 4, 6, 4, 4, 2, 8, 8, 2, 6, 2, 8, 6, 8, 4, 2, 6, 8, 8, 4, 4, 2, 6, 4]], 0.5770999789237976]
[[4, [8, 8, 4, 2, 8, 6, 8, 8, 8, 2, 2, 2, 6, 4, 6, 8, 2, 8, 6, 6, 6, 2, 6, 2, 2, 6, 8, 2, 8, 6, 2, 4, 8, 4, 4, 8, 2, 2, 2, 6, 6, 2, 8, 2, 6, 6, 8, 4, 8, 2, 2, 6]], 0.7382000088691711]
[[3, [4, 4, 4, 2, 2, 6, 6, 6, 8, 6, 8, 4, 8, 2, 6, 2, 2, 2, 4, 6, 6, 2, 6, 4, 2, 4, 8, 6, 4, 4, 6, 4, 2, 2, 8, 8, 8, 6, 2, 8, 6, 8, 4, 2, 6, 4, 8, 8, 2, 2, 6, 4]], 0.753600001335144]
[[3, [4, 4, 4, 2, 8, 2, 8, 6, 6, 2, 8, 6, 8, 4, 6, 6, 6, 2, 2, 2, 6, 2, 8, 6, 4, 2, 8, 6, 8, 6, 6, 4, 2, 4, 8, 4, 8, 6, 2, 8, 8, 6, 8, 2, 8, 8, 8, 4, 4, 6, 8, 4]], 0.7595999836921692]
[[3, [4, 4, 4, 2, 8, 4, 4, 6, 2, 2, 6, 4, 8, 4, 6, 2, 2, 8, 4, 2, 6, 2, 6, 8, 2, 4, 8, 2, 8, 8, 6, 4, 4, 2, 4, 8, 8, 6, 2, 6, 4, 8, 4, 2, 6, 8, 8, 2, 4, 8, 6, 8]], 0.7566999793052673]
[[3, [4, 4, 4, 2, 4, 2, 4, 6, 8, 2, 2, 6, 8, 4, 6, 6, 6, 2, 2, 2, 6, 6, 6, 6, 2, 6, 8, 6, 8, 6, 6, 4, 8, 2, 8, 4, 8, 6, 2, 8, 8, 2, 8, 2, 6, 8, 8, 8, 4, 6, 2, 4]], 0.7497000098228455]
[[11, [4, 4, 8, 2, 8, 8, 4, 6, 8, 2, 4, 6, 6, 4, 6, 8, 6, 2, 2, 2, 2, 2, 6, 6, 2, 4, 8, 6, 8, 4, 6, 4, 2, 2, 8, 8, 8, 6, 2, 8, 8, 4, 2, 2, 2, 8, 8, 4, 4, 8, 6, 4]], 0.5062999725341797]
[[4, [4, 4, 4, 2, 8, 2, 4, 6, 8, 2, 8, 6, 8, 4, 6, 6, 6, 4, 2, 2, 6, 2, 6, 2, 2, 2, 8, 6, 2, 6, 6, 4, 8, 2, 2, 4, 8, 8, 2, 8, 8, 2, 8, 6, 8, 8, 6, 4, 4, 2, 4, 8]], 0.7555999755859375]
[[8, [6, 6, 4, 2, 8, 6, 4, 6, 8, 2, 2, 2, 8, 4, 6, 8, 6, 8, 4, 4, 6, 2, 6, 2, 8, 6, 8, 4, 8, 6, 2, 4, 8, 4, 4, 8, 6, 4, 2, 8, 6, 2, 4, 2, 2, 6, 8, 6, 8, 6, 8, 4]], 0.5982999801635742]
[[4, [8, 6, 4, 2, 2, 6, 6, 8, 4, 6, 2, 2, 6, 4, 6, 8, 2, 2, 6, 6, 6, 8, 6, 2, 2, 6, 8, 2, 2, 6, 2, 4, 8, 8, 4, 8, 4, 2, 2, 6, 4, 2, 8, 4, 4, 6, 8, 4, 8, 4, 2, 6]], 0.740399956703186]
[[4, [4, 4, 4, 2, 6, 6, 6, 6, 8, 2, 8, 2, 4, 4, 6, 2, 6, 6, 4, 2, 6, 2, 6, 8, 2, 4, 8, 6, 8, 4, 6, 2, 2, 4, 8, 8, 8, 6, 2, 8, 8, 6, 4, 2, 6, 8, 8, 4, 4, 2, 6, 4]], 0.7337999939918518]
[[2, [4, 4, 4, 6, 8, 2, 8, 6, 6, 2, 8, 6, 8, 4, 6, 6, 6, 2, 8, 2, 6, 2, 6, 8, 2, 6, 8, 6, 8, 6, 2, 6, 2, 2, 8, 4, 8, 2, 2, 8, 6, 4, 8, 8, 8, 8, 6, 4, 4, 2, 6, 4]], 0.7648999691009521]
[[4, [8, 4, 2, 2, 8, 2, 4, 6, 4, 6, 8, 6, 8, 4, 6, 2, 6, 4, 8, 2, 6, 4, 6, 2, 4, 2, 2, 6, 2, 6, 6, 4, 8, 2, 2, 4, 4, 8, 2, 8, 8, 2, 8, 2, 6, 8, 6, 4, 4, 2, 4, 8]], 0.5116999745368958]
[[3, [8, 2, 4, 4, 8, 2, 4, 6, 8, 2, 8, 6, 8, 4, 6, 6, 6, 2, 2, 2, 6, 2, 6, 6, 2, 6, 8, 6, 8, 4, 6, 4, 2, 2, 8, 4, 8, 6, 2, 8, 8, 6, 6, 2, 8, 8, 8, 4, 4, 8, 6, 4]], 0.7538999915122986]
[[3, [4, 4, 4, 2, 8, 8, 4, 6, 8, 2, 8, 6, 8, 4, 2, 6, 6, 2, 2, 2, 6, 4, 6, 6, 2, 2, 8, 6, 8, 6, 2, 6, 6, 2, 8, 4, 6, 6, 2, 8, 8, 2, 8, 8, 8, 8, 8, 4, 4, 2, 6, 4]], 0.7594000101089478]
[[3, [4, 4, 4, 2, 8, 8, 2, 8, 8, 8, 8, 2, 8, 4, 6, 6, 6, 2, 2, 2, 4, 2, 6, 6, 2, 2, 8, 6, 8, 6, 6, 4, 2, 2, 8, 4, 6, 6, 8, 2, 8, 2, 2, 2, 8, 2, 8, 4, 4, 4, 6, 4]], 0.7502999901771545]
[[3, [4, 4, 6, 2, 8, 6, 4, 6, 2, 2, 6, 4, 4, 4, 6, 2, 6, 2, 4, 2, 2, 2, 6, 8, 2, 6, 8, 6, 8, 2, 6, 4, 2, 2, 6, 8, 8, 6, 6, 8, 8, 4, 4, 8, 6, 6, 8, 4, 4, 2, 6, 2]], 0.7579999566078186]
[[2, [4, 2, 4, 4, 8, 2, 4, 6, 8, 2, 8, 2, 8, 4, 2, 6, 6, 4, 8, 2, 6, 2, 6, 6, 8, 2, 8, 4, 8, 6, 6, 2, 2, 4, 8, 4, 8, 6, 2, 8, 8, 2, 8, 6, 8, 8, 8, 4, 4, 6, 6, 2]], 0.7540000081062317]
[[3, [8, 4, 4, 2, 2, 2, 4, 2, 8, 2, 8, 2, 8, 4, 2, 2, 6, 4, 8, 2, 6, 2, 4, 6, 2, 6, 8, 6, 2, 6, 6, 8, 2, 2, 8, 4, 8, 6, 2, 8, 4, 2, 8, 4, 8, 8, 8, 8, 4, 8, 4, 4]], 0.7208999991416931]
[[10, [4, 4, 4, 2, 8, 2, 4, 8, 2, 2, 8, 4, 8, 4, 6, 6, 6, 6, 8, 2, 6, 2, 2, 6, 2, 2, 8, 6, 8, 6, 6, 4, 2, 6, 8, 4, 4, 6, 2, 8, 2, 2, 8, 4, 8, 8, 8, 4, 4, 2, 6, 4]], 0.6366999745368958]
[[7, [8, 8, 4, 2, 8, 6, 8, 8, 8, 8, 2, 4, 6, 4, 6, 8, 8, 8, 8, 4, 6, 2, 2, 2, 6, 4, 8, 8, 8, 6, 4, 4, 8, 8, 4, 8, 6, 2, 2, 6, 2, 2, 8, 2, 6, 6, 8, 6, 8, 8, 2, 4]], 0.7023999691009521]
[[4, [8, 8, 4, 2, 8, 4, 8, 6, 6, 2, 2, 6, 2, 2, 4, 8, 2, 8, 4, 6, 6, 2, 4, 2, 2, 6, 8, 4, 8, 6, 4, 4, 8, 2, 4, 8, 2, 4, 2, 4, 6, 2, 2, 2, 6, 6, 8, 4, 6, 6, 6, 6]], 0.1387999951839447]
[[4, [2, 4, 4, 2, 6, 2, 4, 2, 8, 2, 8, 2, 8, 4, 8, 6, 6, 4, 8, 6, 2, 2, 6, 2, 2, 2, 8, 6, 2, 2, 6, 4, 6, 8, 6, 4, 4, 8, 2, 8, 8, 2, 8, 8, 2, 8, 2, 4, 4, 2, 2, 8]], 0.7044000029563904]
[[3, [2, 4, 4, 2, 8, 8, 4, 6, 8, 2, 8, 6, 8, 4, 6, 6, 8, 4, 2, 2, 6, 2, 4, 6, 2, 2, 2, 8, 8, 6, 6, 4, 4, 2, 8, 6, 8, 2, 2, 8, 8, 2, 8, 2, 8, 8, 8, 8, 4, 2, 6, 4]], 0.7479000091552734]
[[3, [4, 4, 4, 2, 2, 2, 8, 6, 8, 2, 8, 4, 8, 4, 6, 2, 6, 2, 2, 2, 6, 2, 2, 6, 2, 2, 8, 6, 4, 6, 2, 4, 2, 2, 8, 4, 8, 6, 2, 8, 8, 4, 6, 2, 2, 8, 8, 2, 4, 2, 6, 4]], 0.7549999952316284]
[[2, [4, 4, 4, 2, 8, 2, 8, 6, 8, 8, 8, 6, 8, 8, 6, 2, 6, 2, 2, 2, 6, 2, 2, 8, 2, 2, 8, 6, 8, 6, 6, 4, 2, 6, 6, 4, 8, 6, 2, 8, 8, 2, 8, 4, 2, 8, 6, 4, 4, 8, 8, 4]], 0.7657999992370605]
[[3, [4, 4, 4, 2, 2, 6, 4, 6, 4, 2, 8, 4, 8, 6, 6, 2, 6, 2, 2, 2, 4, 2, 2, 2, 2, 2, 8, 6, 4, 6, 6, 4, 2, 2, 8, 2, 6, 6, 2, 8, 8, 4, 6, 2, 2, 8, 8, 2, 2, 2, 6, 4]], 0.7544999718666077]
[[8, [2, 4, 4, 2, 8, 8, 4, 6, 6, 2, 8, 6, 8, 4, 6, 6, 6, 2, 2, 2, 6, 6, 6, 8, 2, 2, 8, 6, 8, 2, 6, 4, 2, 2, 8, 6, 8, 6, 8, 8, 8, 2, 8, 2, 8, 8, 8, 6, 4, 2, 6, 4]], 0.5871999859809875]
[[3, [4, 4, 4, 2, 2, 2, 8, 6, 6, 2, 8, 6, 8, 4, 8, 2, 4, 8, 2, 2, 2, 2, 6, 6, 2, 2, 8, 4, 2, 6, 2, 4, 2, 6, 8, 4, 6, 6, 2, 8, 6, 8, 6, 4, 2, 8, 4, 8, 8, 2, 8, 4]], 0.755299985408783]
[[14, [4, 2, 4, 2, 8, 8, 4, 6, 8, 2, 8, 6, 8, 4, 6, 6, 6, 2, 8, 2, 6, 6, 6, 6, 2, 2, 8, 6, 4, 2, 6, 4, 2, 2, 8, 4, 8, 6, 2, 4, 8, 2, 6, 2, 6, 8, 8, 4, 4, 2, 2, 2]], 0.05639999732375145]
[[13, [4, 4, 4, 2, 6, 2, 4, 6, 8, 2, 8, 6, 8, 4, 6, 4, 6, 2, 2, 2, 6, 4, 6, 6, 2, 2, 8, 6, 4, 2, 2, 4, 2, 2, 8, 6, 8, 6, 6, 8, 8, 6, 8, 2, 8, 8, 8, 2, 4, 2, 6, 4]], 0.3326999843120575]
[[3, [4, 6, 4, 2, 6, 2, 8, 6, 8, 2, 8, 6, 4, 4, 6, 4, 6, 2, 2, 4, 6, 2, 6, 6, 2, 4, 8, 6, 8, 2, 6, 8, 2, 8, 4, 4, 8, 4, 8, 6, 8, 2, 8, 2, 8, 2, 8, 4, 4, 2, 8, 4]], 0.7561999559402466]
[[5, [2, 4, 6, 2, 8, 2, 6, 6, 6, 2, 2, 6, 4, 4, 6, 8, 6, 2, 2, 2, 6, 2, 6, 6, 2, 6, 8, 6, 8, 6, 8, 4, 2, 2, 8, 4, 8, 6, 2, 8, 8, 2, 8, 2, 4, 8, 8, 4, 4, 2, 6, 4]], 0.7303999662399292]
[[3, [4, 4, 4, 2, 8, 2, 4, 6, 2, 2, 8, 2, 8, 4, 6, 6, 6, 2, 2, 2, 6, 2, 4, 6, 6, 2, 8, 6, 8, 2, 6, 4, 8, 2, 8, 4, 6, 2, 2, 8, 8, 2, 8, 2, 8, 8, 4, 4, 8, 2, 6, 4]], 0.7233999967575073]
[[8, [4, 4, 4, 2, 8, 2, 4, 6, 8, 2, 8, 6, 8, 4, 8, 6, 6, 2, 2, 2, 4, 8, 6, 8, 2, 2, 2, 6, 8, 6, 8, 6, 8, 2, 8, 6, 8, 6, 2, 8, 8, 2, 8, 4, 8, 8, 6, 4, 4, 2, 6, 4]], 0.01809999905526638]
[[6, [4, 8, 4, 4, 8, 2, 8, 6, 8, 6, 8, 6, 8, 6, 6, 6, 6, 4, 8, 2, 8, 2, 8, 2, 2, 2, 8, 6, 2, 6, 4, 4, 8, 2, 2, 4, 8, 8, 2, 8, 8, 2, 8, 6, 8, 8, 6, 4, 4, 2, 2, 8]], 0.7605999708175659]
[[10, [8, 2, 4, 2, 8, 6, 4, 6, 6, 2, 8, 2, 8, 4, 6, 2, 4, 2, 8, 2, 6, 2, 6, 6, 2, 4, 6, 4, 8, 8, 6, 4, 2, 2, 8, 8, 8, 4, 8, 8, 8, 2, 8, 2, 2, 6, 8, 4, 4, 2, 4, 4]], 0.13120000064373016]
[[1, [4, 4, 4, 2, 2, 2, 2, 6, 8, 2, 4, 4, 8, 4, 6, 2, 8, 6, 8, 2, 6, 8, 2, 6, 2, 2, 2, 6, 4, 6, 8, 4, 2, 2, 8, 4, 8, 6, 2, 2, 8, 6, 6, 2, 2, 8, 8, 2, 6, 2, 6, 4]], 0.7604999542236328]
[[3, [6, 2, 4, 2, 2, 2, 8, 6, 6, 2, 4, 6, 8, 4, 8, 2, 4, 8, 2, 4, 6, 2, 6, 6, 2, 6, 8, 4, 2, 6, 2, 4, 2, 6, 8, 4, 6, 6, 2, 8, 6, 2, 8, 4, 6, 8, 4, 4, 2, 2, 8, 2]], 0.7156999707221985]
[[3, [4, 8, 2, 2, 4, 2, 8, 8, 6, 2, 8, 6, 8, 4, 8, 2, 4, 8, 2, 2, 2, 2, 6, 4, 2, 2, 4, 4, 2, 8, 2, 2, 2, 6, 8, 8, 8, 6, 2, 8, 6, 8, 6, 4, 4, 8, 4, 8, 8, 2, 8, 2]], 0.7446999549865723]
[[3, [4, 4, 4, 6, 8, 6, 4, 6, 6, 2, 6, 4, 8, 4, 6, 2, 8, 2, 6, 8, 4, 2, 6, 8, 6, 4, 8, 6, 8, 6, 6, 4, 2, 2, 8, 8, 8, 8, 2, 2, 8, 8, 4, 2, 4, 8, 8, 4, 4, 2, 6, 4]], 0.771399974822998]
[[3, [6, 4, 4, 2, 8, 8, 4, 6, 8, 2, 8, 6, 8, 2, 6, 6, 6, 2, 2, 2, 6, 2, 6, 6, 2, 2, 8, 6, 8, 6, 6, 2, 2, 4, 6, 4, 8, 6, 2, 8, 8, 2, 8, 6, 8, 8, 2, 4, 4, 2, 6, 4]], 0.7495999932289124]
[[2, [8, 4, 6, 2, 8, 2, 4, 6, 8, 2, 8, 6, 8, 4, 6, 4, 2, 2, 2, 2, 6, 2, 6, 6, 2, 2, 4, 6, 8, 6, 6, 4, 2, 2, 8, 4, 8, 6, 8, 8, 8, 2, 8, 8, 8, 8, 8, 4, 4, 2, 6, 6]], 0.7579999566078186]
[[3, [4, 4, 4, 2, 2, 4, 8, 6, 6, 2, 2, 2, 8, 4, 8, 2, 2, 2, 2, 2, 2, 8, 6, 6, 6, 2, 4, 4, 2, 4, 2, 4, 2, 6, 8, 2, 6, 6, 2, 8, 2, 8, 2, 8, 6, 2, 4, 2, 2, 6, 8, 4]], 0.7407000064849854]
[[0, [4, 6, 4, 2, 8, 2, 4, 6, 6, 2, 8, 6, 8, 4, 6, 4, 6, 2, 2, 2, 6, 2, 4, 6, 2, 4, 8, 6, 8, 6, 8, 4, 2, 8, 8, 4, 8, 6, 6, 8, 8, 2, 8, 6, 8, 8, 8, 4, 4, 2, 6, 2]], 0.7645999789237976]
[[9, [4, 4, 8, 2, 8, 2, 2, 6, 8, 6, 8, 6, 8, 4, 6, 6, 6, 2, 8, 4, 6, 2, 4, 6, 2, 4, 8, 6, 2, 8, 6, 4, 2, 2, 8, 4, 8, 6, 6, 6, 8, 2, 8, 2, 8, 8, 2, 4, 2, 8, 4, 4]], 0.6435999870300293]
[[3, [4, 4, 2, 2, 8, 2, 4, 4, 8, 2, 8, 8, 8, 4, 2, 6, 6, 2, 2, 2, 6, 2, 8, 6, 2, 2, 8, 6, 8, 6, 6, 4, 2, 2, 8, 4, 2, 6, 6, 8, 6, 2, 8, 8, 8, 8, 8, 4, 4, 2, 6, 4]], 0.7396999597549438]
[[3, [8, 4, 6, 2, 2, 2, 4, 6, 2, 2, 8, 6, 8, 4, 8, 4, 4, 8, 2, 2, 2, 2, 6, 6, 2, 2, 8, 4, 2, 6, 2, 6, 6, 6, 2, 4, 6, 6, 2, 4, 6, 8, 4, 4, 2, 8, 4, 8, 8, 2, 8, 4]], 0.7459999918937683]
[[0, [4, 4, 4, 6, 8, 2, 4, 6, 8, 2, 8, 6, 8, 4, 6, 2, 6, 2, 2, 2, 6, 2, 6, 6, 2, 2, 8, 8, 8, 4, 6, 4, 2, 2, 8, 6, 8, 2, 8, 2, 2, 2, 8, 2, 4, 2, 8, 8, 4, 2, 6, 8]], 0.7820999622344971]
[[9, [4, 4, 4, 2, 6, 2, 4, 6, 4, 6, 8, 6, 8, 2, 6, 6, 6, 2, 2, 2, 8, 2, 4, 6, 2, 2, 8, 6, 8, 6, 6, 4, 2, 2, 8, 4, 8, 6, 2, 8, 8, 4, 8, 2, 8, 8, 8, 4, 4, 2, 6, 8]], 0.6078999638557434]
[[8, [4, 4, 4, 2, 8, 6, 4, 6, 2, 4, 8, 6, 8, 4, 6, 6, 4, 2, 2, 2, 6, 2, 6, 6, 8, 8, 8, 6, 6, 6, 6, 4, 8, 2, 8, 4, 8, 6, 2, 2, 6, 2, 4, 2, 8, 8, 8, 4, 2, 2, 6, 4]], 0.7321999669075012]
[[3, [4, 4, 4, 2, 2, 2, 8, 6, 6, 2, 8, 6, 8, 4, 4, 2, 4, 8, 2, 2, 2, 2, 6, 6, 2, 8, 8, 4, 2, 6, 2, 4, 2, 6, 8, 4, 6, 6, 2, 2, 2, 8, 6, 4, 4, 8, 6, 8, 8, 2, 8, 4]], 0.7586999535560608]
[[10, [6, 4, 4, 8, 2, 4, 4, 6, 6, 6, 8, 6, 8, 2, 8, 2, 4, 8, 2, 2, 2, 4, 6, 6, 2, 2, 8, 2, 8, 6, 2, 6, 2, 8, 8, 4, 4, 2, 4, 8, 6, 8, 6, 6, 2, 8, 4, 2, 8, 2, 8, 2]], 0.4407999813556671]
[[3, [4, 4, 4, 2, 6, 2, 4, 6, 8, 2, 8, 8, 4, 8, 6, 6, 6, 2, 8, 6, 6, 2, 6, 4, 2, 2, 8, 6, 8, 6, 6, 4, 2, 4, 8, 4, 8, 6, 2, 8, 8, 6, 2, 2, 8, 8, 8, 2, 4, 2, 6, 4]], 0.7586999535560608]
[[7, [4, 6, 4, 4, 2, 2, 8, 8, 6, 2, 4, 6, 2, 8, 8, 2, 8, 8, 2, 2, 2, 2, 6, 8, 2, 2, 8, 4, 2, 6, 2, 2, 2, 6, 8, 4, 6, 6, 2, 8, 6, 8, 6, 4, 2, 8, 4, 8, 8, 2, 2, 4]], 0.6568999886512756]
[[10, [4, 4, 4, 2, 8, 2, 2, 6, 8, 2, 8, 6, 4, 4, 6, 6, 2, 2, 2, 6, 6, 2, 6, 2, 2, 2, 8, 6, 6, 4, 6, 2, 2, 2, 8, 4, 8, 6, 2, 8, 8, 2, 8, 8, 6, 8, 6, 4, 4, 2, 6, 4]], 0.21389999985694885]
[[15, [8, 6, 6, 2, 8, 2, 2, 2, 8, 8, 8, 6, 8, 4, 6, 6, 6, 8, 2, 2, 6, 2, 6, 6, 2, 2, 8, 6, 8, 6, 6, 4, 2, 2, 8, 4, 8, 6, 2, 8, 8, 2, 8, 8, 8, 8, 8, 4, 4, 8, 6, 4]], 0.2669999897480011]
[[10, [4, 4, 6, 2, 2, 2, 4, 6, 8, 2, 8, 6, 4, 4, 2, 6, 6, 2, 2, 2, 4, 2, 6, 6, 8, 8, 8, 6, 6, 6, 6, 4, 2, 6, 8, 4, 8, 6, 8, 8, 8, 2, 2, 2, 8, 8, 6, 4, 6, 2, 6, 4]], 0.717799961566925]
[[1, [4, 4, 6, 2, 8, 2, 4, 6, 2, 6, 4, 6, 8, 4, 2, 6, 6, 6, 2, 2, 6, 2, 6, 6, 8, 2, 4, 6, 8, 6, 6, 4, 2, 2, 8, 8, 8, 6, 2, 8, 8, 2, 4, 2, 8, 8, 8, 4, 4, 2, 8, 4]], 0.7669999599456787]
[[3, [4, 4, 4, 2, 2, 2, 4, 6, 6, 4, 8, 6, 2, 4, 8, 2, 6, 6, 2, 6, 2, 4, 6, 6, 8, 8, 8, 6, 6, 6, 2, 8, 2, 8, 8, 4, 6, 8, 6, 8, 6, 8, 6, 4, 2, 8, 4, 8, 8, 2, 8, 4]], 0.7566999793052673]
[[2, [4, 6, 4, 2, 2, 2, 8, 6, 6, 2, 8, 6, 8, 4, 2, 2, 4, 8, 2, 8, 2, 2, 6, 8, 2, 4, 8, 4, 2, 6, 2, 4, 2, 6, 8, 4, 2, 6, 4, 8, 6, 8, 6, 4, 2, 8, 8, 8, 8, 2, 4, 6]], 0.7584999799728394]
[[3, [4, 2, 4, 2, 2, 2, 8, 6, 4, 2, 8, 6, 8, 2, 8, 8, 4, 6, 2, 2, 2, 2, 6, 8, 2, 2, 8, 2, 8, 8, 2, 2, 2, 6, 8, 4, 6, 2, 2, 8, 6, 4, 6, 4, 2, 8, 4, 8, 8, 6, 2, 4]], 0.7081999778747559]
[[8, [4, 4, 4, 6, 2, 2, 4, 8, 6, 2, 8, 4, 8, 2, 4, 2, 4, 8, 2, 6, 2, 2, 6, 6, 2, 2, 8, 4, 2, 6, 2, 4, 2, 6, 6, 4, 6, 6, 2, 8, 6, 6, 8, 8, 2, 8, 4, 8, 8, 2, 8, 4]], 0.5751000046730042]
[[3, [4, 4, 4, 8, 8, 2, 4, 6, 8, 2, 8, 6, 8, 4, 6, 6, 6, 2, 2, 2, 6, 2, 6, 6, 2, 8, 8, 6, 8, 6, 6, 2, 2, 2, 8, 4, 8, 6, 2, 8, 8, 8, 8, 2, 8, 8, 8, 4, 2, 2, 6, 4]], 0.7644999623298645]
[[3, [4, 4, 8, 2, 8, 2, 4, 6, 8, 4, 8, 4, 8, 4, 6, 6, 6, 2, 2, 2, 6, 2, 6, 2, 2, 2, 8, 6, 8, 6, 2, 4, 2, 2, 8, 4, 4, 4, 4, 8, 8, 2, 8, 2, 8, 8, 8, 4, 4, 2, 6, 4]], 0.7630999684333801]
[[15, [4, 8, 4, 2, 8, 2, 6, 6, 8, 2, 8, 6, 8, 4, 4, 8, 6, 2, 2, 2, 6, 2, 6, 6, 8, 2, 8, 6, 8, 6, 2, 4, 2, 2, 8, 8, 8, 6, 8, 8, 8, 2, 8, 2, 8, 8, 8, 8, 4, 2, 6, 4]], 0.15969999134540558]
[[3, [4, 4, 4, 4, 2, 2, 8, 6, 6, 6, 8, 6, 8, 8, 6, 6, 4, 8, 6, 6, 2, 4, 6, 6, 4, 4, 4, 4, 4, 6, 2, 4, 2, 6, 8, 4, 2, 6, 2, 8, 6, 8, 6, 4, 2, 8, 4, 8, 8, 2, 8, 4]], 0.7737999558448792]
[[3, [4, 2, 4, 6, 8, 2, 4, 4, 8, 2, 6, 6, 8, 4, 8, 2, 6, 2, 2, 6, 6, 2, 6, 6, 2, 2, 4, 6, 8, 4, 6, 6, 4, 8, 6, 4, 8, 6, 2, 8, 8, 2, 8, 2, 8, 8, 8, 4, 4, 2, 6, 4]], 0.7545999884605408]
[[3, [2, 4, 4, 2, 8, 2, 4, 6, 8, 2, 2, 6, 8, 4, 6, 8, 6, 2, 2, 6, 6, 2, 4, 6, 2, 4, 8, 6, 8, 6, 4, 4, 2, 2, 8, 4, 8, 4, 2, 8, 8, 2, 4, 2, 2, 8, 4, 8, 4, 2, 8, 2]], 0.7360000014305115]
[[3, [4, 4, 8, 2, 8, 8, 4, 8, 8, 2, 8, 2, 8, 4, 6, 8, 4, 2, 2, 2, 6, 2, 6, 6, 4, 8, 8, 4, 8, 6, 6, 4, 2, 4, 2, 4, 4, 8, 2, 8, 8, 2, 8, 2, 8, 8, 8, 6, 4, 2, 6, 4]], 0.7450000047683716]
[[15, [4, 4, 4, 2, 2, 6, 8, 6, 6, 2, 8, 6, 4, 4, 8, 2, 4, 8, 2, 2, 2, 4, 6, 6, 2, 2, 2, 4, 2, 4, 2, 4, 2, 6, 8, 4, 6, 8, 2, 8, 6, 8, 6, 4, 2, 8, 4, 8, 8, 2, 4, 4]], 0.013799999840557575]
[[13, [8, 4, 4, 2, 2, 2, 8, 6, 8, 2, 8, 4, 8, 4, 6, 2, 6, 6, 8, 2, 6, 8, 2, 8, 6, 2, 8, 6, 4, 6, 2, 4, 6, 2, 8, 4, 8, 6, 2, 8, 8, 4, 6, 6, 2, 8, 8, 2, 4, 2, 6, 6]], 0.24039998650550842]
[[7, [4, 4, 8, 2, 8, 6, 4, 6, 8, 6, 8, 6, 8, 2, 6, 6, 8, 2, 6, 2, 6, 2, 6, 6, 2, 2, 8, 6, 8, 6, 6, 4, 2, 6, 8, 4, 8, 6, 2, 8, 2, 2, 4, 2, 8, 8, 8, 8, 4, 2, 2, 4]], 0.6807000041007996]
[[7, [4, 4, 4, 4, 6, 6, 8, 6, 6, 8, 8, 6, 8, 4, 8, 4, 6, 8, 2, 2, 2, 2, 6, 6, 2, 4, 8, 2, 4, 2, 2, 4, 4, 6, 8, 4, 6, 6, 2, 8, 4, 8, 6, 4, 2, 6, 4, 8, 8, 2, 8, 4]], 0.7213999629020691]
[[3, [4, 4, 4, 2, 4, 8, 4, 8, 6, 2, 8, 6, 8, 4, 6, 6, 8, 2, 2, 2, 6, 2, 6, 6, 2, 2, 8, 6, 8, 6, 6, 4, 6, 2, 8, 4, 2, 6, 2, 8, 8, 2, 8, 2, 2, 8, 8, 4, 4, 2, 8, 2]], 0.7602999806404114]
[[5, [4, 6, 4, 2, 6, 2, 8, 6, 6, 2, 2, 6, 8, 4, 2, 4, 4, 4, 2, 2, 2, 2, 6, 6, 2, 2, 6, 4, 6, 8, 2, 6, 2, 6, 8, 4, 6, 2, 4, 6, 6, 8, 6, 8, 8, 6, 4, 8, 8, 2, 8, 4]], 0.7242000102996826]
[[4, [4, 4, 4, 2, 8, 2, 4, 6, 8, 2, 4, 6, 2, 4, 6, 6, 4, 8, 2, 2, 2, 2, 6, 4, 4, 4, 8, 6, 2, 6, 4, 2, 8, 2, 2, 4, 8, 8, 6, 8, 8, 6, 4, 6, 8, 8, 6, 4, 4, 2, 4, 2]], 0.7422999739646912]
[[3, [2, 4, 4, 6, 2, 4, 4, 8, 2, 2, 2, 6, 2, 4, 6, 6, 8, 2, 2, 2, 6, 2, 6, 6, 2, 8, 8, 6, 8, 2, 6, 4, 4, 8, 8, 4, 4, 6, 2, 8, 8, 2, 8, 2, 8, 4, 8, 4, 4, 2, 6, 4]], 0.7250999808311462]
[[3, [4, 6, 6, 4, 8, 2, 2, 6, 8, 2, 8, 6, 8, 4, 2, 6, 6, 4, 2, 2, 6, 2, 8, 6, 2, 2, 8, 6, 8, 6, 6, 4, 2, 2, 6, 2, 2, 6, 2, 8, 8, 2, 6, 2, 8, 2, 8, 4, 4, 2, 8, 4]], 0.7667999863624573]
[[7, [8, 4, 4, 2, 2, 2, 4, 6, 8, 2, 8, 6, 8, 4, 8, 6, 6, 8, 2, 2, 2, 4, 8, 6, 2, 2, 8, 4, 8, 6, 2, 8, 8, 6, 8, 6, 6, 6, 2, 8, 8, 8, 6, 4, 2, 6, 4, 8, 8, 2, 8, 4]], 0.6934999823570251]
[[9, [4, 4, 6, 2, 2, 2, 8, 6, 6, 2, 8, 4, 8, 4, 6, 2, 4, 8, 2, 2, 2, 6, 6, 6, 2, 8, 8, 4, 4, 2, 4, 4, 6, 4, 2, 4, 6, 6, 6, 6, 2, 8, 6, 4, 4, 8, 6, 8, 8, 2, 4, 4]], 0.6227999925613403]
[[10, [4, 4, 4, 2, 2, 2, 8, 6, 6, 2, 8, 6, 8, 4, 4, 2, 4, 8, 2, 2, 6, 2, 6, 6, 6, 2, 8, 4, 6, 6, 2, 2, 2, 6, 8, 6, 4, 6, 2, 2, 2, 8, 6, 4, 4, 8, 6, 8, 8, 2, 8, 4]], 0.5173999667167664]
[[2, [4, 4, 6, 2, 4, 8, 8, 6, 6, 4, 8, 6, 2, 4, 8, 2, 4, 6, 8, 2, 2, 2, 6, 6, 2, 4, 2, 6, 2, 6, 2, 2, 2, 6, 8, 4, 6, 6, 4, 8, 6, 8, 4, 4, 2, 2, 4, 2, 2, 2, 8, 4]], 0.7639999985694885]
[[3, [4, 4, 4, 2, 8, 6, 4, 6, 8, 2, 8, 6, 8, 6, 6, 6, 6, 2, 6, 2, 6, 4, 8, 6, 4, 4, 8, 6, 8, 6, 6, 4, 2, 2, 8, 4, 8, 6, 2, 8, 8, 2, 8, 2, 2, 8, 8, 4, 8, 2, 2, 4]], 0.760699987411499]
[[3, [4, 4, 4, 6, 2, 2, 8, 6, 6, 8, 8, 6, 8, 4, 8, 6, 8, 4, 6, 2, 2, 4, 6, 6, 2, 2, 8, 4, 2, 6, 2, 4, 2, 6, 8, 6, 4, 6, 2, 8, 6, 8, 8, 4, 2, 8, 4, 4, 8, 4, 6, 6]], 0.7749999761581421]
[[3, [8, 4, 4, 2, 8, 4, 4, 2, 8, 2, 8, 6, 8, 4, 6, 6, 6, 2, 2, 2, 2, 8, 4, 8, 2, 2, 8, 6, 8, 6, 6, 8, 2, 2, 8, 4, 2, 8, 2, 8, 8, 2, 8, 2, 8, 4, 8, 4, 4, 2, 6, 8]], 0.7531999945640564]
[[0, [4, 4, 4, 2, 2, 2, 8, 6, 6, 4, 8, 6, 8, 4, 8, 2, 4, 8, 2, 2, 2, 2, 6, 6, 2, 2, 8, 4, 2, 6, 2, 4, 2, 6, 6, 4, 2, 2, 2, 8, 6, 8, 6, 8, 2, 8, 4, 8, 8, 2, 8, 8]], 0.760699987411499]
[[3, [6, 4, 4, 2, 8, 4, 8, 2, 8, 2, 4, 6, 4, 4, 6, 6, 6, 2, 2, 6, 8, 4, 4, 2, 2, 2, 8, 6, 8, 6, 6, 8, 4, 2, 8, 4, 4, 8, 2, 8, 8, 2, 8, 4, 8, 4, 8, 4, 4, 6, 6, 8]], 0.7512999773025513]
[[13, [4, 4, 4, 2, 8, 2, 6, 6, 8, 6, 8, 8, 8, 2, 8, 6, 6, 6, 4, 2, 4, 2, 6, 4, 6, 6, 8, 6, 8, 4, 4, 4, 8, 2, 8, 8, 8, 8, 6, 8, 8, 4, 8, 8, 8, 4, 6, 4, 4, 2, 4, 8]], 0.712399959564209]
[[4, [4, 4, 8, 2, 8, 2, 4, 6, 8, 2, 8, 2, 4, 4, 6, 6, 6, 4, 6, 2, 4, 2, 6, 2, 2, 2, 8, 8, 8, 2, 6, 2, 8, 2, 2, 4, 2, 8, 2, 8, 4, 2, 6, 6, 6, 8, 6, 4, 4, 2, 4, 8]], 0.7410999536514282]
[[3, [8, 4, 4, 2, 2, 4, 4, 2, 8, 2, 8, 2, 8, 4, 2, 6, 6, 4, 2, 2, 2, 8, 4, 8, 2, 2, 8, 6, 6, 6, 6, 8, 2, 2, 8, 4, 8, 8, 6, 4, 8, 2, 2, 2, 8, 8, 8, 6, 4, 2, 8, 8]], 0.7325999736785889]
[[3, [4, 8, 4, 2, 8, 8, 2, 2, 8, 2, 4, 8, 8, 4, 6, 6, 6, 2, 2, 2, 6, 2, 6, 6, 4, 2, 8, 4, 8, 6, 6, 4, 2, 2, 8, 4, 8, 6, 2, 8, 8, 2, 8, 2, 8, 8, 8, 4, 2, 2, 6, 4]], 0.746999979019165]
[[5, [8, 4, 8, 2, 8, 4, 4, 2, 8, 2, 8, 6, 8, 4, 4, 8, 4, 2, 2, 8, 2, 2, 4, 8, 2, 8, 8, 2, 2, 6, 6, 8, 2, 2, 8, 2, 2, 2, 8, 8, 8, 8, 8, 2, 2, 8, 8, 4, 4, 2, 6, 2]], 0.743399977684021]
[[3, [4, 4, 4, 2, 2, 2, 8, 8, 6, 2, 8, 6, 6, 4, 8, 2, 8, 8, 2, 2, 2, 2, 6, 6, 6, 2, 8, 4, 2, 6, 8, 2, 2, 6, 8, 6, 6, 6, 2, 8, 4, 8, 6, 6, 2, 2, 4, 8, 8, 2, 8, 8]], 0.7555999755859375]
[[5, [4, 6, 8, 2, 8, 4, 4, 2, 8, 2, 8, 6, 8, 4, 4, 8, 4, 2, 2, 8, 2, 6, 4, 8, 6, 8, 8, 2, 8, 6, 6, 6, 2, 2, 8, 2, 2, 2, 8, 8, 2, 8, 8, 2, 2, 8, 8, 4, 4, 2, 8, 2]], 0.7470999956130981]
[[3, [4, 4, 8, 8, 8, 2, 8, 6, 6, 8, 8, 6, 8, 8, 8, 2, 4, 8, 2, 2, 6, 2, 6, 8, 2, 4, 8, 4, 2, 6, 6, 2, 6, 6, 8, 4, 6, 6, 2, 8, 8, 8, 8, 4, 8, 8, 4, 8, 6, 2, 8, 4]], 0.7734999656677246]
[[5, [8, 4, 8, 2, 2, 2, 6, 2, 8, 2, 8, 6, 8, 4, 4, 8, 4, 6, 2, 8, 8, 2, 4, 4, 2, 8, 8, 2, 6, 6, 2, 8, 2, 2, 8, 4, 2, 2, 8, 2, 8, 6, 8, 6, 2, 6, 4, 4, 4, 2, 4, 4]], 0.738099992275238]
[[8, [4, 8, 2, 2, 2, 2, 8, 6, 8, 6, 8, 4, 8, 6, 6, 2, 6, 6, 2, 4, 6, 8, 2, 6, 6, 2, 8, 6, 4, 6, 2, 4, 8, 2, 4, 2, 8, 4, 2, 8, 8, 4, 4, 2, 2, 8, 8, 2, 4, 2, 6, 4]], 0.517799973487854]
[[10, [4, 4, 4, 2, 8, 2, 4, 6, 8, 8, 8, 6, 8, 4, 6, 6, 6, 2, 2, 2, 4, 8, 4, 6, 2, 2, 8, 6, 8, 6, 6, 6, 2, 2, 4, 4, 8, 6, 2, 8, 4, 2, 6, 2, 8, 8, 8, 4, 4, 2, 6, 4]], 0.670699954032898]
[[4, [2, 4, 4, 2, 2, 4, 8, 6, 6, 2, 2, 8, 8, 6, 8, 2, 2, 4, 6, 4, 2, 4, 4, 4, 8, 2, 4, 4, 6, 2, 2, 8, 2, 6, 8, 4, 6, 6, 2, 8, 6, 8, 8, 4, 4, 8, 4, 4, 8, 2, 8, 4]], 0.7328000068664551]
[[5, [8, 4, 8, 2, 8, 4, 4, 2, 8, 2, 8, 6, 8, 4, 4, 8, 2, 2, 2, 8, 2, 2, 4, 8, 4, 8, 6, 2, 2, 6, 8, 6, 2, 2, 8, 2, 8, 2, 8, 8, 8, 8, 8, 4, 6, 8, 8, 4, 4, 2, 6, 2]], 0.7443999648094177]
[[5, [8, 4, 8, 2, 6, 4, 4, 4, 8, 2, 8, 6, 8, 8, 4, 8, 6, 4, 4, 8, 6, 2, 6, 8, 6, 4, 8, 2, 2, 6, 8, 6, 2, 6, 8, 2, 8, 2, 8, 8, 4, 8, 8, 4, 6, 8, 8, 4, 4, 2, 6, 4]], 0.761900007724762]
[[5, [4, 4, 6, 8, 4, 2, 4, 6, 8, 2, 8, 6, 8, 2, 8, 6, 6, 2, 2, 2, 6, 2, 6, 6, 2, 2, 8, 6, 8, 8, 4, 2, 2, 2, 8, 4, 8, 8, 2, 6, 8, 6, 8, 2, 8, 8, 6, 6, 4, 8, 6, 4]], 0.7529999613761902]
[[3, [4, 2, 4, 4, 2, 2, 8, 6, 6, 2, 8, 6, 8, 8, 8, 2, 4, 8, 2, 2, 2, 2, 6, 6, 2, 2, 8, 4, 2, 6, 2, 4, 6, 6, 8, 4, 6, 4, 2, 8, 6, 8, 8, 4, 2, 4, 4, 8, 8, 2, 8, 4]], 0.7554000020027161]
[[5, [2, 4, 8, 4, 8, 6, 4, 2, 8, 2, 2, 6, 8, 2, 4, 8, 4, 2, 2, 8, 2, 2, 4, 8, 4, 8, 6, 2, 8, 6, 2, 4, 2, 2, 2, 6, 8, 2, 8, 2, 8, 2, 8, 4, 2, 8, 6, 4, 2, 2, 6, 2]], 0.6308000087738037]
[[15, [8, 4, 8, 4, 8, 4, 4, 2, 8, 2, 8, 6, 8, 6, 6, 2, 2, 6, 2, 8, 2, 4, 4, 8, 4, 8, 6, 2, 2, 6, 6, 2, 2, 8, 8, 2, 8, 6, 8, 6, 8, 6, 8, 6, 2, 8, 8, 4, 8, 2, 6, 2]], 0.5059999823570251]
[[2, [8, 4, 8, 2, 8, 4, 4, 2, 6, 2, 8, 4, 8, 4, 6, 8, 4, 2, 2, 6, 2, 2, 4, 8, 2, 8, 8, 2, 2, 6, 6, 8, 2, 2, 8, 2, 2, 2, 2, 8, 8, 8, 8, 6, 2, 6, 8, 6, 4, 2, 6, 2]], 0.7547999620437622]
[[5, [8, 2, 8, 2, 8, 6, 4, 4, 6, 6, 8, 6, 8, 8, 4, 8, 4, 2, 2, 8, 2, 2, 4, 8, 2, 8, 8, 2, 2, 6, 6, 8, 2, 4, 8, 2, 2, 6, 8, 4, 2, 8, 8, 2, 2, 4, 8, 4, 6, 8, 4, 2]], 0.7479000091552734]
[[12, [8, 2, 2, 2, 8, 4, 4, 8, 8, 2, 8, 6, 8, 4, 4, 8, 4, 2, 2, 8, 2, 8, 4, 8, 2, 2, 8, 2, 2, 6, 6, 6, 2, 2, 8, 8, 2, 2, 8, 8, 8, 6, 8, 4, 2, 8, 8, 2, 4, 2, 6, 2]], 0.09070000052452087]
[[15, [8, 4, 4, 2, 8, 4, 4, 2, 6, 8, 2, 6, 8, 8, 8, 6, 6, 2, 2, 2, 2, 8, 2, 8, 2, 2, 8, 6, 8, 6, 6, 8, 2, 2, 8, 4, 2, 8, 2, 8, 8, 2, 8, 6, 8, 8, 4, 2, 4, 4, 6, 6]], 0.1890999972820282]
[[3, [4, 6, 4, 2, 8, 4, 4, 6, 8, 2, 8, 6, 8, 4, 4, 8, 6, 2, 2, 2, 8, 2, 6, 6, 2, 2, 8, 6, 8, 6, 6, 4, 2, 2, 4, 4, 2, 6, 2, 8, 8, 4, 6, 4, 8, 8, 2, 8, 4, 8, 6, 2]], 0.7569999694824219]
[[6, [8, 4, 4, 2, 6, 4, 4, 4, 4, 2, 4, 6, 8, 4, 4, 8, 2, 2, 2, 6, 2, 2, 4, 6, 4, 6, 4, 2, 2, 6, 8, 6, 8, 6, 8, 2, 8, 2, 8, 8, 8, 6, 8, 4, 6, 8, 8, 6, 4, 2, 6, 2]], 0.7421000003814697]
[[5, [4, 4, 8, 2, 8, 4, 6, 2, 8, 2, 8, 6, 8, 4, 4, 8, 4, 4, 2, 8, 2, 2, 4, 8, 4, 8, 8, 4, 2, 6, 8, 8, 2, 2, 4, 2, 8, 2, 8, 2, 8, 4, 8, 2, 2, 8, 8, 4, 4, 8, 6, 8]], 0.7430999875068665]
[[13, [8, 4, 6, 2, 2, 4, 8, 6, 2, 2, 6, 6, 2, 4, 4, 8, 2, 2, 2, 4, 4, 6, 4, 8, 4, 8, 6, 6, 2, 6, 8, 6, 2, 2, 8, 2, 8, 2, 8, 8, 6, 8, 8, 4, 6, 8, 8, 4, 2, 4, 6, 2]], 0.5076999664306641]
[[15, [8, 2, 8, 2, 8, 4, 4, 2, 8, 2, 8, 6, 8, 4, 2, 6, 4, 2, 2, 4, 4, 8, 4, 8, 6, 6, 8, 2, 2, 6, 6, 8, 4, 4, 8, 2, 2, 6, 8, 8, 8, 8, 8, 4, 2, 8, 8, 4, 4, 6, 6, 2]], 0.3139999806880951]
[[6, [8, 4, 8, 2, 8, 6, 4, 2, 8, 2, 4, 6, 8, 2, 4, 8, 4, 2, 4, 8, 2, 2, 8, 8, 2, 8, 8, 2, 2, 8, 6, 8, 2, 2, 8, 2, 2, 2, 8, 8, 8, 4, 8, 2, 2, 2, 8, 2, 4, 2, 6, 2]], 0.7276999950408936]
[[3, [4, 4, 4, 2, 4, 2, 8, 6, 6, 2, 2, 6, 8, 4, 8, 8, 4, 2, 2, 2, 2, 2, 6, 6, 2, 8, 8, 4, 2, 4, 8, 4, 2, 2, 4, 4, 8, 6, 2, 8, 4, 4, 6, 4, 2, 8, 4, 8, 8, 6, 8, 8]], 0.7443000078201294]
[[3, [8, 4, 6, 2, 8, 8, 4, 8, 2, 2, 8, 6, 4, 4, 4, 6, 6, 2, 2, 8, 6, 8, 6, 6, 2, 2, 8, 6, 2, 6, 8, 4, 2, 2, 8, 4, 8, 2, 2, 8, 8, 4, 8, 2, 8, 6, 2, 6, 4, 2, 6, 4]], 0.7565000057220459]
[[10, [6, 2, 2, 2, 8, 4, 2, 4, 8, 2, 8, 8, 8, 4, 4, 6, 4, 2, 2, 8, 2, 2, 4, 8, 2, 8, 8, 2, 2, 8, 6, 2, 2, 2, 8, 6, 4, 2, 6, 8, 8, 8, 8, 2, 2, 8, 4, 4, 4, 2, 6, 2]], 0.09369999915361404]
[[0, [8, 4, 8, 2, 4, 2, 6, 2, 2, 2, 8, 6, 8, 4, 4, 8, 4, 2, 2, 6, 4, 2, 4, 8, 2, 8, 6, 2, 2, 6, 6, 8, 2, 2, 8, 2, 2, 2, 8, 8, 8, 8, 6, 6, 2, 6, 6, 4, 4, 2, 6, 2]], 0.7666999697685242]
[[5, [8, 4, 8, 2, 6, 4, 4, 6, 6, 6, 8, 6, 8, 4, 4, 8, 6, 2, 2, 2, 2, 4, 4, 8, 4, 4, 6, 2, 2, 6, 8, 6, 2, 2, 8, 2, 8, 2, 8, 6, 8, 8, 2, 4, 6, 8, 8, 8, 4, 2, 6, 2]], 0.7581999897956848]
[[12, [8, 2, 8, 2, 4, 4, 4, 2, 8, 2, 8, 6, 8, 4, 2, 4, 2, 4, 2, 8, 2, 2, 4, 6, 4, 8, 6, 6, 2, 6, 8, 6, 2, 2, 8, 2, 8, 2, 8, 8, 8, 8, 8, 2, 6, 6, 4, 4, 4, 2, 6, 2]], 0.05289999768137932]
[[5, [8, 4, 8, 8, 8, 4, 4, 2, 8, 6, 2, 6, 8, 4, 4, 8, 4, 2, 2, 4, 6, 4, 4, 8, 2, 8, 8, 2, 2, 6, 6, 8, 2, 2, 8, 2, 4, 2, 8, 8, 8, 8, 8, 6, 2, 8, 2, 4, 4, 6, 6, 2]], 0.7427999973297119]
[[2, [8, 4, 8, 2, 8, 8, 4, 2, 6, 2, 8, 6, 6, 4, 4, 2, 4, 2, 2, 8, 2, 8, 4, 6, 2, 8, 8, 2, 2, 8, 4, 8, 2, 2, 8, 2, 2, 2, 8, 8, 8, 8, 8, 2, 2, 8, 4, 6, 4, 8, 6, 2]], 0.7581999897956848]
[[9, [4, 8, 4, 2, 8, 4, 4, 2, 6, 2, 8, 6, 8, 4, 2, 2, 8, 2, 6, 8, 2, 2, 6, 2, 8, 8, 8, 2, 2, 2, 6, 8, 2, 2, 6, 2, 2, 4, 8, 8, 8, 6, 8, 2, 2, 8, 8, 4, 4, 2, 6, 2]], 0.08419999480247498]
[[3, [8, 4, 8, 2, 6, 8, 8, 2, 8, 2, 2, 6, 8, 4, 4, 8, 4, 2, 2, 8, 2, 2, 4, 6, 2, 4, 2, 8, 6, 8, 6, 8, 4, 2, 8, 6, 2, 4, 8, 8, 6, 8, 8, 6, 8, 8, 8, 4, 4, 2, 6, 2]], 0.7457000017166138]
[[3, [6, 4, 4, 8, 8, 2, 4, 2, 8, 6, 6, 6, 8, 4, 6, 6, 8, 2, 2, 2, 8, 8, 6, 4, 4, 4, 2, 2, 2, 6, 6, 8, 2, 2, 8, 4, 2, 8, 2, 8, 8, 2, 2, 2, 8, 4, 6, 4, 4, 2, 6, 4]], 0.7603999972343445]
[[13, [8, 6, 6, 8, 8, 4, 4, 8, 8, 2, 4, 6, 8, 4, 4, 8, 4, 6, 8, 2, 2, 8, 6, 8, 2, 8, 2, 2, 2, 2, 4, 6, 4, 2, 2, 4, 2, 2, 8, 6, 8, 8, 8, 4, 4, 8, 2, 4, 4, 2, 2, 8]], 0.08810000121593475]
[[5, [6, 8, 8, 8, 8, 4, 2, 6, 8, 2, 8, 6, 8, 4, 4, 8, 4, 6, 2, 8, 2, 2, 4, 8, 6, 8, 8, 2, 2, 6, 6, 8, 8, 2, 8, 2, 2, 6, 8, 8, 8, 8, 8, 2, 2, 4, 8, 4, 4, 2, 6, 2]], 0.7594999670982361]
[[3, [4, 8, 4, 2, 8, 2, 4, 6, 8, 4, 6, 6, 8, 6, 8, 6, 6, 2, 2, 4, 6, 2, 8, 4, 2, 2, 8, 6, 2, 6, 6, 2, 2, 2, 8, 4, 6, 8, 2, 8, 2, 2, 2, 2, 8, 8, 8, 4, 4, 2, 6, 4]], 0.7574999928474426]
[[5, [8, 4, 8, 2, 8, 4, 2, 2, 6, 8, 8, 6, 8, 4, 6, 8, 4, 2, 8, 8, 2, 4, 4, 8, 2, 8, 8, 2, 2, 2, 6, 8, 2, 6, 8, 2, 2, 2, 8, 8, 4, 8, 8, 2, 8, 8, 8, 8, 4, 2, 4, 2]], 0.7440999746322632]
[[4, [4, 4, 4, 4, 2, 4, 4, 8, 8, 8, 8, 6, 8, 4, 6, 6, 6, 4, 6, 4, 4, 2, 6, 4, 2, 2, 8, 6, 2, 6, 6, 4, 8, 2, 2, 6, 8, 8, 2, 8, 8, 2, 8, 6, 6, 8, 6, 4, 4, 2, 2, 8]], 0.7770999670028687]
[[3, [6, 4, 4, 4, 8, 2, 4, 6, 8, 2, 8, 6, 8, 4, 6, 2, 6, 2, 2, 2, 6, 8, 6, 6, 2, 2, 8, 6, 8, 6, 8, 2, 2, 2, 8, 4, 8, 6, 2, 8, 8, 2, 8, 2, 8, 8, 8, 2, 4, 2, 6, 4]], 0.7680000066757202]
[[14, [8, 4, 8, 2, 2, 4, 4, 6, 8, 2, 8, 6, 6, 4, 4, 8, 4, 6, 2, 6, 2, 2, 6, 8, 2, 8, 8, 2, 4, 8, 6, 6, 2, 2, 8, 2, 2, 2, 8, 8, 8, 6, 8, 8, 2, 8, 8, 2, 8, 2, 2, 2]], 0.09609999507665634]
[[13, [6, 4, 8, 2, 8, 4, 4, 4, 8, 2, 8, 6, 2, 4, 4, 8, 4, 2, 2, 8, 4, 2, 4, 4, 2, 8, 2, 2, 2, 6, 6, 6, 2, 8, 8, 2, 2, 6, 6, 8, 8, 8, 8, 2, 2, 8, 2, 4, 4, 2, 6, 2]], 0.018400000408291817]
[[14, [8, 4, 4, 2, 8, 8, 6, 2, 8, 2, 8, 6, 4, 4, 6, 6, 4, 8, 2, 2, 2, 2, 4, 8, 4, 8, 8, 2, 2, 6, 6, 8, 2, 8, 6, 8, 2, 2, 4, 8, 8, 8, 8, 2, 2, 4, 8, 2, 4, 2, 2, 2]], 0.17649999260902405]
[[3, [6, 4, 8, 2, 4, 4, 4, 2, 8, 2, 6, 6, 8, 4, 4, 8, 8, 2, 8, 8, 4, 8, 4, 2, 2, 8, 2, 2, 2, 6, 6, 8, 2, 2, 8, 8, 2, 6, 4, 4, 8, 8, 8, 2, 2, 8, 8, 4, 4, 8, 6, 2]], 0.7511999607086182]
[[14, [4, 4, 8, 2, 8, 6, 4, 2, 8, 2, 6, 4, 8, 4, 6, 8, 4, 2, 2, 2, 4, 2, 4, 8, 2, 8, 8, 2, 2, 6, 6, 6, 2, 8, 8, 2, 2, 8, 8, 6, 8, 8, 4, 2, 2, 2, 2, 4, 4, 2, 6, 8]], 0.010499999858438969]
[[5, [8, 8, 6, 2, 8, 6, 4, 2, 8, 2, 8, 8, 8, 8, 4, 8, 4, 2, 2, 8, 2, 2, 8, 8, 2, 8, 8, 6, 2, 6, 4, 8, 4, 2, 8, 2, 2, 2, 8, 8, 8, 8, 8, 2, 2, 8, 8, 4, 8, 4, 4, 6]], 0.7497999668121338]
[[2, [8, 4, 8, 2, 8, 6, 4, 4, 8, 2, 8, 6, 6, 4, 4, 8, 4, 2, 2, 8, 2, 2, 4, 8, 2, 8, 8, 2, 6, 8, 6, 8, 2, 2, 8, 8, 6, 2, 8, 8, 8, 8, 8, 2, 2, 8, 8, 4, 6, 2, 6, 2]], 0.7619999647140503]
[[8, [4, 4, 4, 2, 8, 2, 4, 2, 6, 2, 4, 6, 2, 2, 4, 6, 8, 2, 2, 2, 6, 2, 6, 6, 4, 2, 8, 6, 8, 6, 6, 4, 2, 8, 4, 4, 8, 6, 2, 8, 8, 2, 8, 8, 8, 8, 8, 4, 4, 2, 6, 4]], 0.16820000112056732]
[[5, [8, 4, 8, 2, 8, 2, 2, 4, 2, 2, 8, 6, 8, 4, 4, 8, 4, 8, 2, 4, 6, 2, 4, 8, 6, 8, 8, 4, 2, 2, 2, 8, 2, 2, 6, 2, 2, 4, 8, 8, 8, 4, 6, 2, 6, 2, 4, 4, 6, 2, 6, 6]], 0.7405999898910522]
[[3, [4, 6, 4, 6, 8, 2, 4, 6, 8, 2, 8, 6, 8, 6, 6, 6, 6, 2, 6, 2, 6, 2, 6, 6, 2, 2, 8, 6, 8, 4, 6, 8, 2, 2, 8, 4, 8, 4, 2, 8, 8, 4, 8, 2, 8, 8, 2, 4, 2, 2, 6, 4]], 0.7684999704360962]
[[9, [8, 4, 8, 4, 8, 4, 4, 2, 8, 6, 6, 6, 8, 4, 4, 8, 4, 2, 8, 8, 2, 2, 4, 2, 8, 8, 8, 2, 2, 6, 6, 8, 4, 2, 8, 2, 6, 6, 6, 8, 2, 8, 8, 2, 6, 8, 8, 4, 2, 2, 6, 4]], 0.7103999853134155]
[[1, [8, 4, 8, 6, 8, 4, 4, 2, 8, 8, 8, 6, 8, 2, 4, 6, 8, 2, 2, 8, 6, 8, 4, 8, 2, 8, 2, 2, 2, 6, 6, 8, 2, 2, 8, 8, 2, 6, 8, 8, 8, 8, 8, 2, 2, 4, 8, 4, 4, 2, 4, 2]], 0.7815999984741211]
[[5, [8, 4, 4, 2, 2, 4, 8, 2, 2, 2, 8, 6, 8, 4, 2, 8, 4, 2, 2, 6, 6, 6, 4, 8, 2, 4, 6, 2, 2, 8, 6, 6, 2, 2, 6, 6, 8, 2, 8, 8, 2, 8, 8, 2, 2, 8, 8, 4, 4, 2, 6, 2]], 0.7285999655723572]
[[10, [4, 4, 4, 4, 2, 2, 6, 6, 6, 2, 2, 2, 8, 4, 8, 8, 8, 2, 2, 2, 6, 2, 8, 8, 2, 2, 8, 4, 8, 2, 2, 4, 8, 6, 2, 6, 6, 6, 2, 8, 6, 8, 6, 4, 2, 8, 4, 8, 8, 2, 2, 4]], 0.2516999840736389]
[[5, [2, 4, 8, 2, 8, 4, 8, 8, 8, 2, 8, 6, 8, 4, 4, 2, 4, 2, 8, 8, 2, 8, 4, 8, 8, 8, 8, 2, 2, 6, 6, 8, 2, 2, 8, 2, 2, 4, 8, 4, 2, 8, 8, 2, 2, 2, 6, 6, 4, 4, 6, 2]], 0.746399998664856]
[[5, [8, 8, 8, 2, 8, 4, 4, 2, 8, 8, 2, 6, 8, 4, 4, 8, 4, 2, 2, 2, 2, 2, 4, 8, 2, 8, 8, 2, 2, 6, 6, 8, 2, 2, 4, 2, 2, 2, 4, 8, 8, 8, 8, 2, 2, 8, 8, 4, 8, 2, 6, 8]], 0.7368999719619751]
[[14, [4, 4, 4, 2, 8, 8, 6, 6, 6, 2, 8, 6, 8, 4, 4, 6, 6, 2, 4, 2, 6, 6, 4, 6, 2, 8, 8, 6, 8, 8, 6, 4, 6, 2, 8, 4, 8, 6, 4, 8, 8, 6, 8, 2, 8, 8, 6, 2, 4, 2, 6, 4]], 0.19999998807907104]
[[5, [6, 4, 8, 2, 8, 4, 4, 2, 2, 6, 8, 2, 8, 4, 2, 8, 4, 2, 2, 8, 2, 6, 4, 8, 2, 4, 8, 2, 2, 6, 6, 8, 2, 8, 8, 8, 2, 4, 4, 8, 8, 6, 8, 2, 8, 6, 6, 4, 4, 2, 8, 2]], 0.7143999934196472]
[[5, [8, 6, 4, 2, 8, 8, 4, 2, 8, 2, 8, 6, 8, 4, 4, 8, 4, 4, 2, 6, 8, 2, 4, 8, 4, 8, 8, 2, 6, 6, 6, 8, 4, 2, 8, 2, 2, 2, 8, 2, 8, 8, 8, 2, 2, 8, 4, 6, 4, 2, 6, 2]], 0.7495999932289124]
[[11, [4, 4, 4, 2, 8, 2, 4, 6, 2, 2, 8, 2, 8, 4, 4, 6, 6, 2, 8, 2, 6, 2, 4, 6, 2, 2, 8, 6, 8, 6, 6, 4, 2, 2, 6, 4, 8, 6, 2, 8, 8, 2, 2, 6, 8, 4, 8, 6, 4, 2, 6, 4]], 0.16259999573230743]
[[15, [8, 4, 8, 2, 8, 4, 8, 4, 8, 2, 8, 6, 4, 2, 4, 8, 4, 2, 2, 8, 2, 2, 4, 4, 2, 8, 4, 6, 2, 6, 6, 8, 2, 2, 8, 2, 2, 8, 8, 4, 2, 8, 8, 2, 6, 8, 8, 6, 4, 8, 6, 2]], 0.03240000084042549]
[[3, [4, 4, 4, 2, 2, 2, 2, 6, 6, 2, 8, 6, 8, 6, 8, 2, 4, 8, 2, 2, 2, 2, 6, 6, 2, 2, 8, 4, 2, 6, 4, 4, 2, 6, 8, 4, 6, 6, 2, 8, 6, 8, 6, 4, 8, 8, 8, 8, 6, 2, 8, 4]], 0.7572000026702881]
[[8, [6, 4, 4, 2, 2, 2, 4, 6, 8, 2, 8, 6, 8, 4, 6, 6, 6, 2, 2, 4, 6, 2, 6, 6, 2, 4, 8, 6, 8, 4, 6, 4, 2, 4, 8, 4, 8, 2, 2, 6, 8, 2, 8, 6, 8, 8, 4, 6, 4, 2, 6, 4]], 0.6940000057220459]
[[1, [8, 4, 4, 2, 8, 4, 4, 2, 8, 2, 2, 6, 8, 8, 4, 8, 4, 2, 2, 6, 2, 8, 4, 8, 2, 8, 8, 2, 2, 4, 4, 8, 2, 2, 6, 2, 2, 2, 8, 8, 2, 8, 8, 2, 2, 8, 8, 4, 4, 2, 6, 2]], 0.7662000060081482]
[[5, [8, 4, 8, 4, 2, 4, 8, 2, 6, 2, 8, 6, 8, 4, 4, 8, 4, 2, 2, 8, 2, 2, 4, 8, 2, 8, 2, 2, 2, 6, 6, 8, 2, 4, 8, 2, 4, 2, 8, 8, 8, 4, 8, 8, 4, 8, 8, 8, 2, 2, 6, 2]], 0.7537999749183655]
[[6, [6, 4, 8, 2, 8, 6, 4, 2, 8, 2, 8, 6, 8, 6, 4, 8, 4, 6, 2, 8, 2, 2, 4, 8, 2, 8, 8, 2, 2, 6, 6, 4, 2, 2, 8, 8, 2, 6, 6, 4, 8, 8, 8, 2, 2, 2, 8, 4, 4, 2, 6, 2]], 0.7379999756813049]
[[8, [8, 4, 2, 4, 8, 2, 4, 2, 8, 2, 8, 6, 6, 4, 2, 4, 4, 2, 2, 8, 2, 2, 4, 8, 2, 8, 6, 4, 4, 4, 6, 8, 6, 2, 6, 2, 2, 2, 8, 8, 4, 8, 8, 4, 2, 8, 4, 4, 4, 2, 6, 2]], 0.65829998254776]
[[6, [8, 4, 8, 2, 8, 4, 4, 2, 2, 2, 8, 6, 8, 6, 4, 8, 4, 2, 2, 6, 8, 2, 4, 8, 2, 8, 8, 2, 2, 6, 6, 2, 2, 2, 8, 2, 2, 2, 4, 8, 8, 2, 8, 6, 6, 2, 8, 4, 4, 2, 6, 2]], 0.7325999736785889]
[[5, [8, 4, 8, 2, 8, 6, 4, 4, 8, 8, 8, 6, 8, 4, 4, 8, 4, 8, 2, 8, 6, 2, 4, 8, 6, 8, 8, 4, 4, 6, 2, 8, 2, 2, 8, 2, 2, 2, 8, 4, 6, 6, 8, 2, 2, 8, 8, 4, 4, 2, 8, 2]], 0.7597000002861023]
[[12, [4, 4, 8, 2, 4, 6, 4, 2, 8, 4, 8, 6, 8, 4, 4, 8, 4, 2, 2, 8, 2, 2, 4, 8, 2, 8, 8, 6, 2, 6, 6, 8, 8, 2, 8, 2, 2, 2, 8, 8, 4, 8, 4, 4, 2, 8, 8, 2, 4, 2, 6, 2]], 0.3402999937534332]
[[7, [8, 4, 8, 2, 8, 4, 4, 2, 8, 2, 8, 2, 8, 4, 4, 8, 2, 2, 4, 8, 2, 2, 4, 8, 4, 8, 6, 8, 8, 2, 8, 6, 2, 4, 4, 2, 8, 4, 8, 2, 8, 8, 8, 4, 4, 8, 8, 4, 4, 2, 2, 2]], 0.6990999579429626]
[[9, [8, 4, 8, 2, 6, 4, 4, 2, 8, 2, 8, 6, 8, 4, 4, 8, 4, 4, 4, 8, 2, 8, 4, 8, 6, 8, 8, 2, 2, 6, 6, 8, 4, 2, 8, 2, 2, 6, 4, 8, 8, 8, 2, 2, 4, 8, 8, 4, 8, 2, 2, 2]], 0.7393999695777893]
[[5, [8, 4, 8, 2, 4, 2, 4, 2, 8, 2, 6, 6, 8, 4, 6, 8, 2, 2, 2, 8, 2, 8, 8, 4, 4, 6, 6, 8, 2, 6, 8, 6, 2, 8, 8, 2, 8, 2, 8, 8, 8, 2, 8, 4, 8, 8, 8, 2, 8, 8, 6, 2]], 0.738099992275238]
[[1, [2, 4, 4, 2, 8, 2, 4, 6, 4, 2, 8, 6, 8, 4, 6, 6, 6, 2, 4, 2, 6, 2, 6, 6, 2, 4, 8, 6, 4, 6, 6, 4, 2, 2, 8, 4, 8, 6, 2, 8, 8, 8, 8, 2, 8, 8, 8, 4, 4, 2, 6, 2]], 0.7603999972343445]
[[5, [4, 4, 4, 4, 2, 8, 8, 6, 6, 2, 8, 6, 8, 6, 8, 2, 4, 8, 2, 2, 2, 2, 6, 6, 2, 2, 4, 4, 4, 8, 6, 2, 2, 6, 6, 4, 6, 6, 2, 8, 6, 8, 6, 4, 8, 8, 4, 8, 8, 2, 8, 2]], 0.7565000057220459]
[[5, [8, 4, 4, 2, 8, 8, 4, 2, 8, 2, 8, 4, 2, 4, 4, 8, 4, 2, 6, 4, 6, 2, 4, 8, 2, 8, 8, 2, 2, 6, 4, 8, 6, 2, 8, 2, 2, 4, 8, 6, 8, 8, 8, 2, 8, 6, 8, 4, 2, 4, 6, 2]], 0.7336999773979187]
[[8, [4, 4, 8, 4, 8, 2, 4, 6, 2, 2, 8, 6, 8, 4, 6, 6, 6, 2, 2, 8, 6, 4, 6, 6, 2, 2, 8, 8, 8, 6, 8, 4, 2, 2, 6, 4, 6, 6, 2, 6, 8, 2, 8, 2, 8, 8, 8, 4, 4, 4, 6, 8]], 0.7127000093460083]
[[3, [4, 4, 4, 2, 8, 2, 4, 6, 8, 2, 4, 6, 8, 2, 6, 2, 6, 2, 2, 2, 4, 2, 6, 6, 2, 2, 8, 6, 4, 6, 6, 4, 2, 8, 6, 4, 8, 6, 2, 8, 8, 2, 8, 2, 8, 8, 4, 2, 4, 8, 6, 4]], 0.7457999587059021]
[[3, [4, 4, 4, 2, 8, 2, 4, 6, 6, 2, 8, 2, 2, 4, 6, 6, 6, 6, 2, 8, 6, 2, 4, 6, 2, 8, 8, 6, 8, 6, 6, 2, 2, 2, 8, 4, 8, 6, 6, 8, 8, 2, 8, 2, 8, 8, 8, 4, 2, 2, 6, 4]], 0.7389999628067017]
[[3, [4, 6, 4, 2, 2, 2, 4, 2, 8, 2, 2, 6, 6, 4, 2, 6, 6, 2, 8, 2, 2, 2, 6, 6, 2, 2, 8, 6, 8, 6, 8, 4, 2, 2, 8, 4, 2, 6, 2, 2, 8, 2, 4, 2, 8, 6, 8, 4, 8, 4, 2, 4]], 0.7378000020980835]
[[13, [8, 4, 4, 2, 8, 2, 4, 6, 6, 2, 8, 6, 8, 4, 6, 4, 8, 2, 2, 2, 6, 2, 6, 6, 4, 2, 8, 6, 8, 2, 6, 4, 2, 2, 8, 4, 8, 6, 2, 8, 8, 2, 8, 8, 8, 8, 8, 4, 4, 2, 6, 4]], 0.16030000150203705]
[[15, [8, 4, 8, 2, 8, 4, 4, 2, 8, 2, 8, 6, 8, 4, 4, 8, 4, 2, 2, 8, 6, 2, 8, 8, 8, 8, 8, 2, 2, 6, 6, 8, 2, 2, 8, 2, 4, 2, 8, 8, 8, 8, 8, 2, 2, 4, 8, 4, 4, 2, 6, 2]], 0.1184999942779541]
[[11, [8, 4, 8, 2, 8, 4, 4, 2, 8, 2, 8, 8, 8, 4, 2, 8, 6, 8, 4, 2, 2, 2, 4, 8, 2, 8, 8, 8, 2, 6, 6, 8, 2, 6, 2, 2, 2, 2, 8, 8, 8, 8, 8, 2, 2, 8, 8, 4, 4, 2, 6, 2]], 0.10939999669790268]
[[3, [6, 8, 4, 2, 8, 2, 8, 6, 8, 2, 8, 2, 8, 4, 6, 6, 6, 6, 2, 2, 6, 2, 6, 6, 2, 2, 8, 6, 8, 6, 6, 4, 2, 8, 8, 4, 8, 8, 2, 8, 8, 2, 8, 2, 8, 8, 4, 2, 8, 2, 4, 4]], 0.7369999885559082]
[[4, [4, 4, 4, 2, 8, 2, 4, 2, 8, 2, 8, 6, 8, 4, 6, 6, 6, 2, 2, 2, 4, 2, 6, 6, 2, 4, 8, 6, 4, 4, 6, 4, 8, 2, 8, 2, 8, 6, 2, 2, 8, 2, 8, 2, 8, 8, 8, 4, 4, 8, 6, 6]], 0.7525999546051025]
[[2, [4, 4, 6, 2, 8, 2, 4, 6, 8, 2, 8, 6, 8, 4, 6, 6, 8, 2, 2, 2, 6, 2, 6, 6, 2, 2, 4, 2, 8, 2, 6, 4, 2, 2, 8, 4, 8, 4, 4, 6, 8, 2, 8, 2, 8, 4, 8, 4, 4, 6, 6, 4]], 0.7595999836921692]
[[3, [4, 8, 4, 2, 2, 2, 4, 6, 2, 2, 4, 6, 8, 6, 8, 2, 8, 8, 4, 2, 8, 2, 6, 6, 2, 2, 8, 4, 2, 2, 2, 4, 2, 4, 8, 4, 2, 6, 6, 8, 2, 8, 6, 4, 2, 8, 4, 8, 8, 2, 8, 8]], 0.7500999569892883]
[[5, [8, 4, 8, 2, 8, 8, 8, 8, 8, 2, 8, 6, 8, 2, 4, 8, 4, 4, 2, 8, 2, 2, 4, 8, 8, 4, 8, 4, 6, 2, 4, 8, 2, 4, 8, 2, 2, 6, 8, 8, 8, 8, 8, 2, 2, 8, 8, 6, 4, 8, 6, 8]], 0.7446999549865723]
[[15, [2, 4, 8, 2, 2, 2, 8, 6, 8, 2, 6, 4, 8, 6, 6, 2, 6, 8, 2, 2, 6, 2, 6, 6, 2, 2, 4, 6, 4, 6, 6, 2, 4, 4, 8, 4, 8, 2, 2, 6, 8, 4, 6, 2, 6, 8, 8, 2, 4, 2, 6, 4]], 0.05089999735355377]
[[5, [8, 4, 8, 2, 8, 6, 4, 6, 8, 2, 8, 4, 8, 6, 4, 8, 4, 2, 6, 8, 2, 2, 2, 8, 2, 4, 8, 2, 2, 6, 6, 4, 2, 2, 8, 2, 2, 2, 8, 8, 8, 8, 8, 2, 2, 8, 8, 4, 4, 8, 6, 2]], 0.7587999701499939]
[[5, [8, 4, 2, 2, 2, 6, 4, 2, 8, 2, 8, 4, 8, 4, 8, 8, 2, 6, 2, 8, 2, 2, 8, 6, 4, 8, 6, 8, 2, 6, 8, 6, 6, 2, 8, 2, 8, 2, 8, 8, 8, 8, 8, 4, 6, 8, 6, 4, 4, 8, 8, 2]], 0.10589999705553055]
[[9, [4, 4, 6, 2, 6, 4, 4, 8, 8, 4, 8, 6, 6, 6, 2, 8, 4, 4, 2, 8, 2, 2, 4, 8, 2, 8, 8, 2, 4, 6, 6, 8, 2, 2, 8, 2, 2, 2, 8, 8, 6, 8, 8, 2, 4, 4, 8, 4, 4, 2, 6, 2]], 0.5945000052452087]
[[15, [8, 4, 8, 2, 8, 4, 4, 2, 8, 2, 2, 6, 8, 4, 4, 8, 4, 2, 2, 8, 6, 2, 4, 8, 4, 8, 8, 2, 2, 6, 6, 2, 2, 6, 8, 2, 2, 2, 8, 2, 2, 8, 8, 2, 2, 8, 8, 4, 4, 8, 6, 8]], 0.16489998996257782]
[[5, [8, 4, 8, 2, 8, 4, 4, 2, 8, 2, 8, 6, 8, 4, 4, 4, 4, 2, 2, 8, 8, 2, 4, 8, 2, 8, 8, 6, 8, 6, 6, 8, 6, 2, 8, 2, 6, 2, 8, 8, 8, 4, 8, 2, 4, 6, 6, 4, 4, 2, 6, 2]], 0.745199978351593]
[[5, [8, 4, 8, 2, 8, 4, 4, 2, 8, 2, 8, 6, 8, 8, 4, 6, 2, 2, 2, 8, 4, 2, 4, 8, 6, 8, 8, 6, 6, 4, 6, 8, 2, 2, 8, 2, 6, 4, 2, 8, 8, 8, 8, 2, 4, 6, 6, 4, 4, 2, 6, 6]], 0.7392999529838562]
[[7, [4, 4, 8, 4, 2, 2, 4, 8, 8, 2, 8, 6, 8, 8, 2, 8, 4, 6, 2, 8, 2, 2, 4, 8, 2, 8, 8, 2, 2, 6, 4, 8, 6, 2, 8, 8, 2, 2, 8, 8, 8, 6, 4, 2, 2, 8, 8, 8, 4, 2, 6, 2]], 0.6911999583244324]
[[12, [8, 8, 8, 8, 6, 4, 2, 2, 8, 2, 8, 6, 8, 4, 6, 4, 4, 2, 2, 8, 2, 2, 4, 8, 2, 8, 8, 6, 8, 6, 4, 4, 6, 2, 8, 4, 8, 6, 8, 8, 8, 4, 8, 2, 4, 6, 6, 4, 4, 2, 2, 2]], 0.6632999777793884]
[[11, [4, 8, 4, 2, 8, 2, 4, 6, 8, 2, 8, 6, 8, 4, 6, 6, 6, 2, 2, 2, 6, 2, 4, 6, 2, 2, 8, 6, 6, 6, 6, 4, 2, 2, 8, 4, 8, 6, 2, 8, 8, 2, 8, 8, 8, 6, 8, 4, 4, 4, 6, 4]], 0.40139999985694885]
[[5, [8, 4, 8, 6, 8, 4, 4, 6, 8, 2, 8, 6, 8, 8, 4, 8, 4, 2, 2, 8, 8, 6, 4, 2, 2, 8, 4, 8, 2, 4, 6, 8, 2, 8, 8, 4, 2, 2, 8, 8, 8, 8, 8, 2, 2, 6, 2, 8, 4, 6, 6, 6]], 0.7657999992370605]
[[3, [4, 4, 4, 2, 2, 2, 4, 6, 8, 8, 8, 6, 4, 4, 6, 2, 6, 2, 2, 2, 4, 4, 2, 6, 6, 2, 8, 6, 8, 6, 8, 6, 6, 2, 8, 4, 8, 6, 2, 8, 4, 2, 8, 2, 8, 6, 8, 4, 4, 2, 6, 6]], 0.7642999887466431]
[[6, [8, 4, 8, 8, 8, 4, 4, 2, 8, 2, 8, 6, 8, 4, 4, 4, 8, 6, 8, 8, 4, 2, 6, 8, 2, 8, 8, 2, 8, 6, 4, 2, 6, 2, 8, 2, 6, 2, 2, 2, 8, 8, 8, 2, 4, 6, 4, 4, 4, 2, 2, 2]], 0.7542999982833862]
[[5, [8, 4, 8, 8, 4, 8, 4, 4, 8, 2, 8, 6, 8, 4, 2, 8, 4, 2, 2, 8, 2, 2, 6, 8, 2, 8, 8, 2, 8, 2, 6, 2, 6, 6, 2, 2, 2, 2, 8, 2, 8, 8, 8, 4, 2, 8, 8, 4, 4, 2, 6, 2]], 0.7572000026702881]
[[5, [8, 4, 2, 4, 8, 4, 4, 6, 8, 2, 8, 6, 8, 4, 4, 4, 4, 2, 2, 8, 8, 6, 4, 2, 2, 2, 8, 6, 8, 6, 6, 8, 4, 4, 8, 2, 6, 2, 8, 4, 2, 2, 8, 2, 4, 6, 6, 4, 6, 4, 6, 6]], 0.7594000101089478]
[[6, [4, 4, 8, 2, 8, 2, 4, 6, 8, 2, 8, 6, 8, 4, 6, 2, 6, 2, 2, 2, 6, 2, 6, 6, 6, 2, 8, 4, 4, 6, 8, 6, 2, 8, 8, 2, 8, 6, 2, 8, 8, 8, 2, 8, 6, 8, 8, 4, 4, 6, 6, 4]], 0.7361999750137329]
[[8, [4, 4, 4, 2, 4, 2, 4, 6, 8, 2, 8, 6, 8, 2, 8, 6, 4, 2, 2, 2, 6, 6, 6, 6, 4, 4, 8, 6, 2, 8, 6, 4, 6, 2, 6, 2, 8, 6, 8, 8, 8, 2, 8, 2, 6, 8, 8, 4, 4, 6, 6, 4]], 0.724399983882904]
[[10, [6, 8, 8, 2, 8, 4, 4, 2, 8, 2, 8, 6, 8, 6, 4, 8, 4, 4, 2, 8, 2, 2, 2, 8, 2, 8, 8, 6, 2, 6, 6, 4, 2, 2, 8, 2, 8, 2, 8, 8, 8, 8, 8, 2, 2, 8, 8, 4, 4, 2, 6, 2]], 0.3093999922275543]
[[3, [4, 4, 6, 2, 8, 2, 4, 6, 8, 2, 8, 6, 8, 4, 6, 6, 8, 6, 2, 6, 8, 2, 6, 6, 2, 2, 8, 6, 2, 6, 6, 4, 2, 2, 8, 6, 2, 6, 2, 8, 8, 2, 8, 2, 8, 8, 6, 4, 4, 2, 6, 4]], 0.7555999755859375]
[[5, [8, 8, 6, 2, 8, 8, 4, 4, 8, 2, 8, 2, 6, 4, 4, 8, 4, 2, 2, 8, 2, 2, 6, 2, 2, 8, 4, 2, 8, 6, 6, 4, 2, 2, 8, 2, 2, 8, 8, 8, 8, 6, 8, 2, 2, 4, 8, 8, 4, 2, 6, 2]], 0.7398999929428101]
[[9, [6, 4, 8, 2, 8, 2, 4, 2, 8, 4, 4, 6, 8, 4, 8, 4, 4, 2, 4, 4, 8, 2, 4, 2, 2, 8, 8, 4, 8, 2, 6, 2, 6, 2, 8, 2, 6, 4, 8, 8, 8, 4, 4, 2, 2, 6, 8, 4, 4, 2, 6, 2]], 0.1070999950170517]
[[3, [4, 4, 8, 2, 8, 2, 4, 6, 8, 8, 8, 4, 6, 4, 6, 4, 4, 2, 2, 2, 6, 4, 6, 6, 2, 4, 8, 4, 8, 4, 6, 4, 2, 4, 8, 6, 8, 6, 2, 8, 8, 6, 8, 2, 8, 6, 8, 4, 4, 6, 4, 4]], 0.7651000022888184]
[[15, [8, 4, 8, 6, 8, 4, 4, 6, 8, 2, 8, 6, 8, 8, 4, 8, 4, 2, 2, 6, 2, 2, 4, 8, 2, 8, 8, 2, 2, 6, 6, 8, 2, 4, 8, 2, 2, 2, 6, 8, 2, 8, 8, 2, 2, 6, 6, 4, 4, 2, 6, 2]], 0.18299999833106995]
[[9, [4, 4, 4, 2, 8, 6, 2, 6, 8, 2, 4, 6, 8, 4, 8, 6, 6, 2, 2, 2, 8, 2, 6, 4, 2, 6, 8, 6, 8, 2, 6, 4, 2, 2, 8, 4, 8, 6, 2, 8, 8, 6, 8, 6, 8, 8, 8, 4, 4, 2, 6, 4]], 0.48749998211860657]
[[5, [8, 4, 8, 2, 8, 4, 4, 2, 8, 6, 8, 6, 4, 4, 4, 8, 4, 2, 8, 8, 2, 8, 4, 8, 2, 4, 8, 2, 2, 6, 6, 8, 2, 2, 8, 2, 2, 2, 2, 8, 8, 8, 8, 4, 2, 2, 6, 4, 4, 4, 6, 2]], 0.7519999742507935]
[[5, [8, 4, 8, 2, 8, 6, 8, 2, 8, 6, 8, 6, 8, 2, 6, 8, 4, 2, 8, 2, 6, 8, 4, 8, 2, 4, 8, 6, 2, 6, 6, 2, 2, 2, 8, 2, 2, 2, 8, 8, 4, 4, 8, 8, 8, 6, 8, 4, 4, 2, 6, 2]], 0.7391999959945679]
[[3, [4, 4, 4, 2, 2, 2, 2, 4, 8, 2, 8, 6, 8, 6, 4, 6, 2, 2, 8, 2, 4, 2, 6, 2, 2, 2, 6, 6, 8, 6, 6, 4, 2, 4, 8, 4, 8, 2, 2, 8, 8, 2, 8, 2, 8, 8, 8, 4, 4, 2, 6, 4]], 0.7574999928474426]
[[13, [4, 2, 8, 2, 4, 4, 8, 2, 8, 2, 8, 6, 8, 4, 4, 4, 2, 2, 2, 8, 8, 2, 8, 8, 2, 4, 8, 2, 8, 6, 6, 8, 6, 2, 8, 2, 6, 2, 2, 8, 4, 4, 2, 2, 4, 4, 4, 6, 4, 8, 2, 2]], 0.023799998685717583]
[[15, [8, 4, 8, 2, 8, 4, 2, 2, 4, 2, 8, 6, 8, 4, 6, 4, 4, 2, 6, 8, 2, 2, 4, 8, 2, 4, 6, 2, 2, 6, 6, 8, 2, 2, 8, 2, 2, 2, 2, 4, 8, 8, 8, 2, 2, 8, 8, 4, 8, 2, 6, 2]], 0.09549999982118607]
[[14, [4, 4, 4, 2, 8, 2, 8, 6, 8, 2, 8, 6, 8, 8, 6, 6, 6, 6, 2, 2, 6, 2, 6, 6, 2, 2, 8, 6, 8, 6, 4, 4, 2, 2, 8, 4, 8, 8, 2, 8, 8, 2, 4, 2, 8, 8, 8, 4, 6, 8, 6, 4]], 0.2248999923467636]
[[5, [6, 2, 8, 2, 8, 4, 4, 8, 8, 8, 4, 6, 8, 4, 2, 4, 4, 2, 2, 2, 6, 2, 4, 2, 2, 8, 8, 6, 8, 6, 6, 6, 6, 2, 2, 2, 6, 2, 4, 8, 4, 4, 2, 2, 4, 8, 6, 4, 4, 2, 6, 2]], 0.7425999641418457]
[[5, [8, 2, 6, 2, 8, 4, 4, 2, 4, 2, 8, 8, 8, 4, 4, 2, 2, 2, 2, 8, 4, 2, 4, 8, 4, 8, 8, 2, 6, 6, 8, 6, 2, 6, 8, 2, 8, 2, 8, 8, 6, 8, 4, 4, 8, 6, 4, 4, 4, 2, 6, 2]], 0.13359999656677246]
[[5, [8, 4, 8, 2, 8, 2, 4, 4, 2, 2, 8, 2, 6, 4, 4, 8, 4, 2, 2, 4, 2, 2, 2, 8, 2, 8, 8, 2, 6, 6, 6, 8, 2, 2, 8, 2, 2, 4, 8, 8, 2, 8, 8, 2, 2, 2, 8, 4, 6, 2, 6, 2]], 0.7117999792098999]
[[10, [2, 4, 4, 2, 8, 2, 4, 2, 8, 4, 4, 8, 8, 4, 6, 6, 6, 2, 4, 2, 6, 2, 6, 6, 2, 2, 8, 6, 8, 6, 6, 4, 2, 2, 4, 4, 6, 6, 2, 6, 8, 2, 8, 2, 8, 8, 8, 4, 4, 2, 6, 8]], 0.21739999949932098]
[[5, [8, 6, 8, 2, 4, 4, 4, 4, 8, 2, 2, 6, 8, 4, 4, 4, 8, 2, 2, 4, 8, 2, 2, 8, 2, 8, 8, 2, 8, 6, 6, 8, 6, 2, 8, 2, 6, 2, 8, 8, 8, 6, 8, 2, 4, 6, 6, 4, 6, 2, 6, 6]], 0.7430999875068665]
[[5, [8, 4, 8, 2, 8, 4, 4, 2, 8, 2, 8, 6, 8, 4, 6, 4, 4, 2, 2, 8, 8, 2, 4, 8, 2, 8, 8, 4, 6, 8, 4, 8, 6, 6, 8, 2, 6, 2, 8, 8, 8, 4, 6, 2, 4, 6, 6, 4, 4, 2, 6, 2]], 0.7459999918937683]
[[10, [6, 6, 8, 2, 4, 8, 8, 2, 8, 2, 8, 6, 2, 6, 4, 8, 2, 2, 8, 4, 2, 2, 4, 8, 8, 8, 6, 2, 2, 6, 8, 2, 2, 2, 8, 2, 8, 2, 8, 8, 8, 8, 8, 4, 2, 6, 6, 2, 4, 2, 6, 2]], 0.545199990272522]
[[11, [8, 6, 8, 2, 8, 4, 4, 2, 8, 2, 8, 8, 8, 4, 6, 8, 4, 2, 2, 8, 2, 2, 4, 8, 2, 8, 4, 6, 2, 2, 6, 2, 2, 2, 4, 6, 2, 6, 8, 8, 8, 6, 2, 4, 2, 8, 2, 2, 6, 2, 8, 8]], 0.1314999908208847]
[[3, [8, 4, 8, 2, 8, 4, 4, 2, 8, 2, 8, 2, 8, 4, 4, 8, 6, 2, 2, 6, 2, 2, 4, 8, 2, 8, 8, 2, 2, 6, 6, 8, 8, 2, 6, 2, 2, 2, 6, 8, 4, 8, 8, 2, 2, 8, 8, 4, 4, 2, 4, 2]], 0.7423999905586243]
[[5, [8, 4, 4, 4, 8, 4, 6, 2, 6, 2, 2, 6, 8, 2, 4, 8, 4, 2, 2, 8, 2, 2, 4, 8, 8, 8, 8, 2, 2, 6, 6, 8, 8, 2, 8, 2, 2, 2, 8, 8, 6, 6, 8, 2, 2, 4, 8, 4, 4, 2, 6, 2]], 0.6399999856948853]
[[14, [8, 4, 8, 4, 8, 4, 4, 4, 8, 8, 8, 6, 6, 8, 4, 8, 2, 2, 2, 8, 2, 2, 6, 8, 4, 6, 6, 2, 2, 6, 8, 6, 2, 4, 8, 2, 8, 4, 8, 8, 8, 8, 8, 4, 2, 8, 8, 4, 4, 4, 6, 2]], 0.6074999570846558]
[[3, [2, 4, 4, 2, 6, 2, 4, 6, 2, 6, 8, 6, 8, 4, 6, 6, 6, 2, 2, 2, 2, 2, 8, 6, 2, 2, 6, 6, 8, 8, 6, 4, 6, 2, 8, 4, 4, 6, 2, 8, 8, 2, 6, 4, 2, 8, 8, 4, 4, 2, 6, 2]], 0.7457000017166138]
[[5, [8, 4, 8, 2, 2, 4, 8, 2, 4, 2, 8, 6, 8, 6, 8, 2, 4, 6, 2, 8, 2, 2, 2, 8, 2, 8, 8, 2, 2, 6, 6, 8, 2, 2, 8, 8, 2, 4, 8, 2, 8, 8, 6, 2, 2, 8, 8, 4, 4, 2, 8, 2]], 0.7220999598503113]
[[9, [8, 4, 8, 2, 8, 4, 6, 2, 8, 2, 8, 6, 6, 4, 8, 8, 4, 2, 2, 4, 2, 2, 4, 4, 2, 2, 8, 2, 2, 6, 6, 8, 2, 2, 8, 2, 2, 2, 2, 8, 8, 8, 8, 2, 4, 2, 8, 4, 4, 2, 6, 2]], 0.10300000011920929]
[[5, [8, 4, 8, 2, 8, 4, 4, 2, 4, 6, 8, 6, 8, 4, 4, 8, 4, 2, 6, 8, 2, 4, 8, 8, 2, 8, 8, 2, 2, 6, 6, 8, 2, 2, 4, 4, 6, 2, 8, 8, 8, 8, 8, 4, 8, 8, 8, 4, 6, 2, 6, 2]], 0.7523999810218811]
[[5, [8, 4, 8, 2, 8, 4, 4, 8, 8, 6, 8, 4, 6, 4, 4, 8, 4, 2, 6, 8, 6, 4, 8, 8, 2, 8, 8, 2, 2, 8, 6, 6, 2, 2, 4, 2, 6, 2, 6, 8, 8, 4, 8, 4, 8, 8, 8, 2, 6, 2, 6, 2]], 0.7554000020027161]
[[5, [8, 4, 8, 2, 8, 4, 4, 4, 8, 2, 8, 6, 8, 4, 6, 8, 6, 2, 2, 8, 2, 4, 2, 8, 2, 8, 8, 2, 4, 6, 2, 8, 2, 2, 8, 2, 2, 2, 8, 6, 8, 8, 8, 2, 2, 8, 8, 4, 8, 2, 6, 2]], 0.7498999834060669]
[[5, [8, 4, 8, 2, 8, 4, 2, 2, 4, 6, 8, 8, 8, 4, 4, 2, 4, 2, 8, 8, 6, 6, 8, 4, 2, 8, 8, 2, 2, 6, 8, 4, 2, 2, 4, 4, 6, 2, 8, 8, 8, 4, 8, 4, 6, 8, 8, 4, 6, 2, 6, 8]], 0.7454999685287476]
[[9, [8, 4, 8, 2, 2, 4, 4, 8, 6, 6, 8, 6, 8, 4, 4, 8, 4, 2, 6, 8, 2, 2, 8, 2, 4, 2, 4, 2, 2, 2, 6, 8, 2, 8, 4, 4, 6, 2, 8, 8, 2, 8, 8, 4, 6, 8, 8, 4, 6, 2, 6, 6]], 0.28360000252723694]
[[13, [8, 4, 8, 2, 8, 4, 4, 2, 2, 2, 6, 6, 4, 4, 8, 8, 2, 2, 8, 8, 2, 2, 4, 8, 2, 2, 8, 6, 2, 8, 6, 8, 2, 2, 8, 2, 2, 2, 8, 8, 8, 8, 8, 2, 2, 8, 8, 6, 4, 8, 6, 2]], 0.029099998995661736]
[[1, [2, 4, 8, 2, 8, 4, 4, 2, 4, 2, 8, 6, 8, 8, 4, 8, 4, 2, 4, 8, 2, 4, 4, 2, 2, 8, 8, 2, 2, 6, 6, 4, 2, 2, 8, 2, 2, 2, 8, 8, 8, 8, 8, 2, 6, 2, 8, 4, 6, 2, 6, 2]], 0.7631999850273132]
[[15, [8, 4, 8, 2, 8, 4, 4, 8, 8, 2, 8, 6, 8, 4, 4, 8, 8, 2, 2, 6, 2, 2, 4, 8, 2, 4, 6, 2, 2, 4, 6, 8, 2, 4, 8, 2, 2, 2, 8, 8, 8, 8, 8, 2, 8, 8, 8, 4, 4, 2, 6, 2]], 0.11449999362230301]
[[13, [8, 4, 8, 8, 8, 4, 4, 6, 8, 2, 8, 6, 2, 4, 4, 8, 4, 2, 2, 8, 8, 8, 4, 8, 2, 8, 6, 8, 2, 6, 4, 2, 2, 2, 8, 2, 8, 2, 8, 8, 4, 8, 2, 6, 2, 8, 8, 4, 4, 2, 6, 2]], 0.23269999027252197]
[[5, [8, 4, 8, 6, 8, 6, 4, 8, 4, 4, 8, 8, 8, 4, 4, 8, 4, 6, 2, 4, 4, 6, 4, 8, 2, 8, 8, 4, 2, 6, 2, 8, 8, 2, 8, 4, 2, 4, 8, 8, 8, 4, 8, 8, 2, 8, 8, 4, 4, 2, 6, 2]], 0.7706999778747559]
[[3, [4, 6, 4, 8, 8, 2, 4, 6, 8, 2, 8, 6, 8, 4, 6, 6, 6, 2, 6, 2, 6, 6, 6, 6, 2, 2, 8, 6, 8, 6, 6, 4, 2, 8, 8, 4, 8, 6, 2, 8, 8, 2, 6, 2, 2, 8, 8, 4, 4, 2, 6, 4]], 0.7674999833106995]
[[5, [8, 4, 8, 2, 2, 4, 2, 2, 8, 2, 6, 6, 8, 2, 4, 8, 4, 2, 2, 8, 2, 2, 4, 4, 2, 8, 8, 2, 2, 6, 4, 8, 2, 8, 6, 8, 2, 2, 8, 8, 8, 8, 8, 2, 2, 8, 8, 2, 4, 8, 6, 4]], 0.729200005531311]
[[6, [8, 4, 8, 2, 6, 8, 2, 8, 8, 2, 8, 6, 8, 4, 4, 4, 4, 2, 2, 8, 8, 2, 4, 8, 6, 8, 8, 6, 8, 6, 8, 8, 6, 4, 8, 2, 6, 2, 8, 8, 8, 4, 8, 2, 4, 6, 6, 4, 4, 4, 6, 2]], 0.7448999881744385]
[[5, [8, 4, 8, 4, 8, 2, 4, 2, 8, 6, 8, 6, 8, 4, 2, 8, 2, 2, 8, 8, 6, 6, 8, 8, 2, 8, 8, 2, 2, 6, 6, 8, 2, 2, 2, 4, 6, 6, 4, 8, 2, 8, 8, 2, 2, 8, 8, 8, 4, 2, 8, 2]], 0.7461000084877014]
[[15, [8, 4, 8, 2, 8, 6, 4, 2, 8, 8, 4, 6, 8, 4, 4, 8, 4, 2, 8, 8, 2, 2, 4, 8, 2, 4, 8, 6, 2, 6, 6, 8, 2, 2, 6, 2, 2, 6, 8, 8, 6, 8, 8, 2, 2, 8, 4, 4, 4, 2, 6, 6]], 0.1111999973654747]
[[10, [6, 4, 4, 2, 8, 4, 8, 2, 8, 2, 4, 6, 8, 4, 4, 4, 4, 2, 2, 8, 8, 2, 4, 8, 2, 8, 2, 4, 4, 6, 6, 4, 6, 2, 4, 2, 6, 2, 8, 8, 8, 6, 8, 8, 4, 8, 6, 4, 4, 2, 6, 4]], 0.04809999838471413]
[[5, [8, 4, 8, 2, 8, 6, 4, 6, 4, 2, 2, 6, 8, 4, 2, 8, 4, 2, 8, 8, 8, 2, 8, 8, 6, 8, 8, 2, 2, 6, 6, 8, 2, 2, 6, 2, 2, 2, 8, 8, 8, 8, 4, 2, 6, 8, 2, 4, 4, 2, 6, 2]], 0.7263999581336975]
[[9, [4, 8, 4, 2, 8, 2, 4, 6, 6, 2, 8, 6, 8, 2, 6, 6, 6, 2, 2, 2, 6, 2, 8, 2, 2, 2, 8, 8, 8, 6, 6, 4, 2, 2, 8, 4, 8, 6, 2, 8, 8, 2, 8, 2, 8, 4, 8, 4, 4, 8, 6, 4]], 0.4940999746322632]
[[5, [2, 4, 4, 8, 4, 4, 4, 2, 8, 2, 8, 6, 8, 2, 6, 8, 2, 2, 6, 8, 2, 2, 4, 8, 8, 8, 8, 2, 2, 6, 6, 4, 2, 2, 8, 2, 2, 2, 8, 8, 8, 8, 8, 2, 2, 6, 2, 4, 6, 2, 6, 2]], 0.7450000047683716]
[[0, [8, 4, 8, 2, 8, 8, 4, 2, 8, 2, 8, 6, 8, 6, 4, 8, 4, 2, 2, 8, 2, 2, 4, 8, 2, 8, 2, 2, 2, 6, 6, 2, 2, 2, 8, 2, 2, 2, 8, 4, 8, 8, 8, 2, 8, 2, 8, 4, 4, 2, 6, 2]], 0.7662999629974365]
[[5, [8, 4, 8, 4, 4, 4, 2, 2, 4, 8, 8, 6, 8, 4, 4, 8, 4, 2, 8, 8, 2, 4, 8, 8, 8, 8, 2, 2, 2, 6, 6, 8, 2, 2, 4, 4, 6, 2, 8, 8, 8, 8, 8, 4, 8, 8, 8, 8, 4, 8, 4, 2]], 0.7523999810218811]
[[14, [8, 6, 8, 2, 8, 4, 4, 2, 8, 2, 8, 6, 8, 2, 4, 8, 4, 2, 2, 8, 2, 2, 4, 8, 2, 8, 2, 2, 2, 2, 6, 8, 4, 2, 2, 8, 2, 2, 8, 8, 2, 8, 2, 2, 4, 8, 8, 4, 4, 2, 6, 2]], 0.0142000000923872]
[[2, [8, 4, 8, 2, 8, 6, 4, 6, 2, 8, 8, 6, 8, 4, 4, 8, 4, 2, 4, 8, 2, 2, 4, 8, 2, 4, 8, 2, 4, 6, 4, 8, 2, 2, 4, 2, 2, 4, 8, 8, 8, 8, 8, 2, 6, 8, 8, 4, 2, 4, 4, 2]], 0.7545999884605408]
[[2, [8, 8, 8, 2, 8, 4, 4, 4, 8, 2, 4, 6, 4, 4, 4, 4, 4, 2, 4, 8, 2, 2, 4, 8, 2, 8, 4, 2, 2, 6, 6, 8, 8, 2, 8, 2, 2, 2, 8, 8, 6, 4, 6, 2, 2, 6, 4, 4, 6, 2, 6, 2]], 0.7585999965667725]
[[3, [8, 4, 8, 2, 8, 4, 4, 2, 4, 6, 6, 6, 2, 6, 4, 8, 8, 4, 6, 8, 8, 8, 2, 8, 2, 8, 8, 2, 2, 6, 6, 8, 2, 2, 4, 4, 6, 2, 8, 8, 8, 8, 8, 4, 8, 6, 8, 6, 6, 6, 2, 2]], 0.7447999715805054]
[[11, [8, 4, 8, 2, 8, 4, 4, 2, 8, 8, 8, 6, 8, 4, 4, 8, 4, 4, 2, 4, 2, 4, 4, 4, 2, 8, 8, 8, 2, 6, 2, 8, 2, 2, 8, 6, 2, 2, 6, 8, 4, 8, 8, 4, 8, 8, 6, 8, 4, 2, 6, 2]], 0.1111999973654747]
[[5, [8, 4, 8, 2, 8, 4, 4, 8, 8, 8, 4, 6, 8, 4, 4, 2, 4, 2, 2, 8, 4, 2, 4, 8, 2, 8, 6, 4, 8, 6, 6, 4, 6, 2, 8, 2, 6, 2, 8, 4, 2, 4, 8, 2, 4, 8, 4, 4, 6, 2, 8, 8]], 0.7529000043869019]
[[0, [8, 4, 8, 2, 4, 4, 4, 2, 4, 2, 8, 6, 8, 4, 4, 8, 4, 4, 2, 8, 2, 2, 8, 8, 6, 4, 8, 2, 6, 6, 6, 2, 2, 2, 8, 2, 8, 2, 8, 6, 8, 4, 8, 2, 2, 8, 8, 8, 4, 2, 6, 6]], 0.7626999616622925]
[[9, [8, 2, 6, 4, 8, 4, 2, 2, 4, 2, 8, 6, 8, 4, 4, 8, 4, 2, 4, 8, 4, 2, 2, 2, 2, 8, 8, 2, 8, 6, 6, 8, 4, 2, 8, 2, 2, 2, 6, 8, 8, 8, 8, 2, 2, 8, 8, 2, 4, 4, 2, 2]], 0.5884999632835388]
[[5, [8, 4, 8, 8, 2, 4, 4, 6, 8, 2, 8, 6, 8, 4, 4, 8, 4, 2, 2, 4, 2, 2, 4, 8, 2, 8, 8, 2, 2, 6, 8, 8, 2, 2, 4, 2, 2, 6, 8, 8, 8, 8, 6, 2, 2, 4, 6, 4, 6, 4, 6, 2]], 0.7603999972343445]
[[12, [8, 4, 8, 8, 8, 4, 4, 2, 4, 6, 8, 6, 8, 4, 4, 4, 4, 2, 6, 8, 2, 4, 8, 8, 2, 8, 8, 2, 2, 6, 4, 8, 2, 2, 6, 4, 6, 6, 8, 2, 8, 8, 2, 8, 8, 8, 8, 4, 6, 2, 6, 8]], 0.5708000063896179]
[[9, [4, 4, 8, 2, 8, 4, 4, 2, 8, 2, 8, 2, 8, 4, 4, 8, 4, 2, 4, 8, 2, 2, 4, 8, 2, 4, 8, 2, 2, 6, 6, 8, 6, 2, 8, 2, 8, 2, 8, 4, 8, 8, 8, 2, 2, 4, 8, 4, 4, 2, 6, 2]], 0.4007999897003174]
[[3, [4, 4, 4, 2, 8, 2, 4, 2, 4, 2, 2, 6, 8, 4, 6, 6, 8, 2, 2, 6, 6, 8, 6, 8, 2, 4, 8, 6, 8, 6, 4, 4, 2, 4, 8, 4, 8, 6, 2, 8, 8, 2, 8, 2, 8, 8, 6, 4, 2, 2, 6, 4]], 0.733199954032898]
[[3, [4, 8, 4, 8, 8, 2, 4, 6, 8, 2, 8, 6, 8, 4, 6, 8, 6, 6, 2, 2, 6, 2, 6, 6, 4, 2, 8, 6, 8, 6, 2, 4, 2, 6, 8, 4, 4, 6, 2, 8, 8, 2, 2, 2, 8, 8, 8, 8, 4, 2, 6, 4]], 0.767300009727478]
[[15, [8, 8, 6, 2, 8, 4, 2, 6, 4, 6, 8, 6, 8, 4, 4, 8, 4, 2, 6, 8, 6, 2, 8, 8, 8, 8, 8, 2, 2, 6, 6, 4, 8, 4, 4, 4, 6, 2, 8, 8, 8, 6, 8, 4, 8, 4, 8, 4, 6, 8, 2, 6]], 0.7028999924659729]
[[13, [8, 4, 8, 2, 8, 4, 4, 8, 8, 2, 8, 6, 8, 2, 4, 8, 4, 2, 2, 8, 2, 6, 4, 2, 2, 8, 8, 2, 2, 6, 6, 8, 2, 2, 4, 2, 2, 2, 8, 8, 8, 6, 8, 6, 2, 8, 8, 6, 4, 2, 4, 2]], 0.0502999983727932]
[[2, [8, 4, 8, 2, 6, 6, 4, 2, 6, 6, 8, 6, 8, 4, 2, 8, 4, 2, 6, 4, 6, 6, 8, 8, 2, 2, 6, 2, 8, 4, 6, 8, 2, 8, 8, 4, 6, 2, 8, 6, 8, 8, 8, 8, 8, 6, 8, 4, 6, 2, 6, 4]], 0.7613999843597412]
[[12, [8, 2, 8, 8, 8, 4, 4, 2, 8, 6, 8, 6, 8, 4, 4, 8, 4, 2, 2, 8, 2, 2, 4, 8, 2, 8, 8, 6, 2, 6, 6, 4, 2, 2, 6, 4, 2, 2, 4, 8, 8, 8, 2, 2, 6, 8, 8, 4, 4, 4, 6, 2]], 0.3472999930381775]
[[11, [8, 4, 4, 2, 8, 4, 2, 2, 8, 8, 8, 6, 8, 4, 4, 8, 2, 2, 2, 6, 2, 2, 4, 6, 4, 8, 8, 2, 2, 6, 6, 8, 2, 6, 8, 2, 4, 2, 2, 6, 8, 8, 8, 2, 6, 8, 8, 4, 4, 2, 6, 4]], 0.4477999806404114]
[[5, [8, 4, 8, 6, 8, 4, 4, 2, 4, 6, 8, 6, 8, 4, 4, 8, 4, 2, 6, 8, 2, 4, 8, 8, 2, 8, 8, 4, 2, 4, 6, 8, 2, 2, 2, 4, 6, 2, 8, 8, 8, 8, 8, 4, 8, 8, 8, 8, 6, 2, 6, 2]], 0.7626000046730042]
[[3, [4, 4, 4, 2, 8, 2, 4, 6, 8, 2, 6, 8, 8, 4, 2, 2, 4, 6, 2, 2, 6, 2, 6, 6, 2, 2, 8, 6, 8, 6, 6, 4, 2, 2, 8, 4, 8, 4, 4, 8, 8, 2, 8, 2, 8, 8, 8, 4, 4, 2, 6, 2]], 0.7572999596595764]
[[9, [8, 4, 8, 2, 8, 4, 8, 6, 4, 8, 8, 6, 6, 4, 4, 8, 6, 2, 6, 2, 8, 4, 8, 2, 8, 2, 8, 2, 2, 6, 6, 8, 2, 2, 4, 4, 6, 2, 8, 2, 8, 8, 8, 4, 8, 8, 8, 4, 6, 2, 8, 2]], 0.6212999820709229]
[[5, [8, 2, 4, 2, 2, 4, 4, 2, 8, 2, 8, 6, 2, 4, 4, 8, 4, 2, 8, 6, 2, 2, 4, 8, 2, 8, 8, 2, 4, 6, 6, 8, 2, 2, 8, 2, 8, 2, 8, 8, 8, 8, 8, 2, 8, 8, 8, 4, 4, 2, 6, 6]], 0.6819999814033508]
[[3, [4, 4, 4, 2, 8, 8, 4, 8, 8, 2, 4, 6, 8, 4, 6, 6, 6, 2, 4, 4, 6, 2, 8, 4, 6, 2, 8, 6, 8, 6, 2, 4, 6, 2, 8, 4, 4, 6, 2, 8, 8, 2, 8, 2, 8, 2, 8, 4, 4, 8, 8, 4]], 0.7612999677658081]
[[13, [8, 4, 8, 2, 8, 8, 4, 2, 8, 2, 6, 6, 8, 4, 4, 4, 2, 2, 2, 2, 2, 2, 4, 6, 2, 6, 8, 8, 2, 6, 6, 2, 2, 2, 6, 2, 2, 2, 4, 8, 8, 8, 6, 6, 2, 8, 8, 4, 4, 2, 6, 2]], 0.049799997359514236]
[[5, [8, 4, 8, 2, 8, 4, 2, 2, 8, 6, 8, 6, 6, 4, 4, 8, 4, 2, 2, 8, 2, 2, 4, 8, 2, 8, 8, 2, 4, 6, 6, 8, 2, 2, 8, 6, 2, 2, 8, 8, 8, 6, 8, 2, 2, 2, 8, 4, 4, 2, 6, 2]], 0.7364999651908875]
[[12, [4, 4, 4, 2, 8, 2, 6, 8, 8, 2, 8, 6, 8, 4, 6, 6, 6, 2, 2, 2, 6, 2, 2, 6, 2, 2, 8, 6, 8, 6, 6, 4, 6, 2, 6, 4, 8, 6, 2, 4, 8, 2, 8, 8, 8, 8, 8, 4, 6, 2, 6, 4]], 0.5026000142097473]
[[5, [6, 4, 8, 2, 8, 4, 4, 2, 8, 2, 8, 4, 8, 4, 4, 8, 4, 2, 2, 8, 2, 2, 4, 8, 2, 8, 8, 2, 2, 6, 4, 8, 6, 2, 8, 2, 2, 2, 8, 8, 8, 4, 8, 2, 2, 8, 4, 4, 8, 2, 2, 2]], 0.75]
[[5, [8, 4, 6, 4, 4, 2, 6, 2, 6, 2, 8, 6, 6, 4, 2, 8, 2, 6, 2, 8, 2, 2, 4, 2, 2, 8, 2, 2, 2, 6, 6, 6, 2, 2, 8, 2, 2, 2, 8, 6, 8, 8, 8, 4, 6, 2, 8, 2, 4, 2, 6, 2]], 0.7421999573707581]
[[10, [6, 4, 6, 2, 8, 4, 4, 4, 8, 2, 8, 4, 8, 4, 4, 2, 4, 2, 2, 6, 6, 2, 4, 8, 2, 8, 8, 4, 2, 6, 4, 8, 6, 2, 8, 2, 2, 2, 8, 2, 8, 4, 8, 2, 2, 8, 6, 4, 4, 2, 2, 2]], 0.5467999577522278]
[[11, [2, 4, 8, 2, 8, 8, 4, 2, 8, 6, 8, 4, 8, 4, 4, 2, 4, 2, 2, 8, 2, 2, 4, 4, 2, 8, 8, 2, 2, 6, 4, 8, 6, 4, 8, 2, 4, 2, 6, 8, 8, 6, 8, 2, 2, 8, 4, 4, 8, 2, 4, 2]], 0.09309999644756317]
[[5, [2, 4, 2, 4, 8, 4, 6, 2, 8, 2, 8, 6, 8, 4, 4, 8, 4, 2, 2, 8, 2, 6, 4, 8, 2, 8, 8, 2, 6, 8, 6, 8, 4, 2, 8, 2, 2, 2, 8, 8, 8, 2, 8, 2, 4, 8, 8, 4, 6, 2, 6, 2]], 0.746399998664856]
[[5, [8, 4, 8, 2, 8, 4, 4, 2, 2, 2, 8, 6, 8, 4, 4, 2, 6, 8, 2, 8, 2, 2, 4, 8, 2, 4, 8, 2, 2, 6, 6, 8, 2, 2, 8, 6, 2, 2, 6, 8, 4, 8, 8, 2, 2, 2, 8, 4, 4, 2, 2, 2]], 0.7337999939918518]
[[5, [8, 4, 8, 2, 8, 4, 4, 2, 8, 2, 6, 6, 8, 4, 8, 8, 4, 2, 2, 8, 2, 2, 4, 8, 2, 8, 6, 8, 2, 6, 6, 8, 2, 2, 8, 2, 2, 2, 8, 4, 8, 8, 8, 2, 2, 8, 2, 2, 4, 2, 6, 2]], 0.7445999979972839]
[[5, [8, 4, 4, 2, 8, 4, 2, 2, 8, 2, 6, 6, 8, 4, 4, 4, 4, 2, 2, 8, 2, 8, 4, 4, 2, 8, 8, 2, 8, 6, 6, 2, 2, 2, 8, 2, 8, 2, 8, 8, 4, 8, 8, 2, 2, 8, 8, 4, 4, 2, 6, 2]], 0.7418000102043152]
[[3, [8, 4, 6, 2, 8, 6, 4, 2, 6, 2, 8, 6, 8, 2, 2, 6, 4, 2, 2, 8, 8, 2, 4, 8, 2, 8, 8, 8, 2, 6, 4, 8, 2, 4, 8, 2, 4, 2, 8, 8, 6, 6, 8, 8, 2, 2, 8, 4, 4, 2, 2, 2]], 0.7373999953269958]
[[5, [8, 8, 8, 6, 4, 4, 6, 2, 4, 2, 8, 6, 8, 6, 4, 8, 4, 8, 2, 8, 2, 8, 4, 8, 2, 8, 8, 2, 2, 6, 6, 8, 2, 2, 8, 2, 8, 2, 8, 2, 6, 8, 8, 2, 2, 8, 8, 4, 4, 2, 6, 4]], 0.7583000063896179]
[[2, [8, 4, 2, 2, 8, 2, 4, 4, 8, 2, 8, 6, 8, 6, 2, 6, 6, 4, 2, 2, 6, 6, 6, 4, 2, 2, 8, 8, 2, 6, 6, 4, 2, 2, 8, 4, 8, 6, 2, 8, 8, 2, 8, 2, 8, 4, 8, 4, 4, 2, 6, 4]], 0.6633999943733215]
[[5, [8, 4, 8, 2, 8, 4, 8, 2, 2, 6, 4, 4, 8, 6, 6, 8, 4, 4, 6, 8, 2, 4, 4, 8, 6, 8, 8, 2, 2, 2, 6, 4, 2, 2, 4, 4, 6, 6, 8, 8, 8, 8, 8, 4, 2, 8, 8, 4, 2, 2, 6, 2]], 0.7597999572753906]
[[5, [4, 4, 4, 2, 8, 4, 8, 8, 8, 4, 4, 6, 8, 2, 4, 8, 6, 2, 2, 8, 2, 2, 4, 2, 2, 8, 2, 2, 2, 2, 8, 8, 2, 2, 6, 2, 2, 2, 8, 6, 6, 6, 8, 2, 2, 8, 8, 4, 4, 2, 6, 2]], 0.7476999759674072]
[[5, [2, 4, 8, 2, 8, 4, 4, 2, 8, 2, 8, 6, 8, 8, 4, 8, 4, 2, 2, 8, 4, 2, 4, 8, 2, 8, 8, 2, 2, 6, 6, 8, 2, 2, 8, 2, 8, 6, 8, 8, 8, 8, 8, 2, 2, 8, 6, 4, 4, 2, 6, 2]], 0.7457000017166138]
[[5, [6, 4, 8, 2, 8, 4, 4, 2, 8, 8, 8, 6, 8, 8, 4, 8, 4, 2, 2, 8, 2, 2, 4, 4, 2, 8, 4, 4, 6, 8, 6, 8, 6, 4, 8, 2, 2, 2, 4, 8, 2, 8, 8, 2, 4, 8, 8, 4, 4, 2, 6, 2]], 0.7483999729156494]
[[5, [8, 4, 8, 2, 8, 4, 4, 2, 8, 4, 4, 6, 8, 4, 4, 8, 4, 2, 2, 6, 2, 4, 8, 8, 6, 6, 8, 2, 4, 6, 6, 8, 2, 2, 4, 2, 2, 6, 8, 8, 8, 8, 8, 8, 8, 2, 8, 4, 4, 2, 6, 4]], 0.7497000098228455]
[[15, [8, 4, 6, 2, 8, 4, 4, 6, 8, 2, 6, 2, 8, 4, 4, 8, 8, 2, 2, 8, 2, 2, 4, 4, 6, 6, 8, 8, 2, 6, 2, 8, 2, 6, 2, 2, 2, 6, 8, 8, 8, 8, 4, 2, 2, 8, 8, 4, 2, 2, 6, 2]], 0.06309999525547028]
[[10, [8, 4, 8, 6, 8, 4, 4, 6, 4, 2, 8, 2, 8, 2, 4, 8, 4, 2, 8, 8, 2, 2, 4, 8, 2, 8, 8, 2, 2, 6, 6, 8, 8, 2, 2, 2, 2, 2, 2, 8, 8, 8, 8, 6, 6, 6, 4, 4, 4, 2, 6, 4]], 0.09789999574422836]
[[5, [6, 4, 8, 2, 8, 8, 4, 2, 8, 2, 8, 4, 8, 4, 4, 8, 4, 2, 2, 8, 2, 8, 4, 8, 2, 8, 8, 2, 2, 6, 6, 8, 6, 2, 8, 4, 2, 2, 8, 8, 8, 4, 8, 2, 2, 8, 4, 4, 4, 6, 2, 2]], 0.7425000071525574]
[[12, [8, 4, 8, 2, 8, 4, 2, 2, 8, 4, 4, 6, 8, 4, 4, 8, 4, 2, 2, 6, 8, 2, 8, 8, 6, 6, 8, 2, 4, 6, 6, 8, 6, 2, 4, 6, 2, 6, 4, 8, 8, 2, 4, 8, 8, 2, 2, 4, 4, 2, 6, 4]], 0.6222999691963196]
[[5, [6, 4, 8, 2, 2, 6, 4, 4, 8, 4, 8, 2, 8, 4, 8, 8, 4, 2, 2, 6, 2, 2, 2, 8, 2, 8, 8, 2, 2, 6, 6, 8, 2, 2, 6, 8, 2, 2, 8, 8, 8, 8, 8, 2, 2, 8, 8, 4, 4, 2, 6, 2]], 0.7439999580383301]
[[12, [8, 4, 2, 2, 4, 4, 4, 6, 6, 4, 8, 6, 8, 4, 4, 8, 4, 2, 6, 8, 2, 4, 8, 8, 4, 8, 8, 2, 2, 4, 6, 8, 6, 2, 8, 4, 6, 2, 8, 8, 4, 8, 8, 4, 8, 8, 8, 8, 4, 2, 2, 2]], 0.6675999760627747]
[[5, [8, 4, 8, 2, 8, 4, 4, 2, 8, 2, 8, 6, 8, 6, 8, 8, 4, 2, 2, 8, 2, 2, 4, 8, 2, 8, 8, 4, 2, 4, 6, 6, 2, 2, 8, 2, 2, 2, 8, 8, 8, 8, 6, 2, 2, 8, 8, 4, 4, 2, 6, 2]], 0.7497999668121338]
[[8, [6, 4, 2, 2, 8, 8, 4, 2, 8, 2, 2, 4, 8, 4, 4, 8, 4, 2, 8, 8, 8, 8, 2, 4, 2, 4, 4, 2, 2, 6, 4, 8, 6, 6, 4, 2, 4, 2, 8, 8, 8, 2, 8, 2, 8, 8, 4, 4, 8, 2, 2, 2]], 0.1200999990105629]
[[3, [8, 4, 8, 2, 4, 4, 6, 2, 8, 2, 8, 6, 8, 4, 4, 6, 4, 2, 6, 8, 2, 2, 4, 8, 2, 4, 8, 2, 2, 6, 6, 8, 2, 2, 6, 6, 2, 8, 8, 4, 8, 8, 8, 2, 2, 8, 8, 4, 4, 8, 6, 2]], 0.7532999515533447]
[[5, [6, 2, 8, 2, 8, 4, 4, 2, 4, 6, 4, 6, 4, 4, 8, 4, 4, 8, 6, 6, 8, 4, 8, 8, 2, 8, 8, 2, 2, 6, 6, 2, 2, 2, 4, 8, 6, 2, 8, 8, 2, 8, 8, 4, 8, 2, 8, 4, 6, 8, 6, 8]], 0.7062000036239624]
[[12, [6, 4, 8, 2, 8, 4, 4, 2, 8, 2, 8, 4, 8, 4, 4, 6, 4, 2, 2, 8, 2, 2, 4, 8, 2, 8, 8, 2, 8, 6, 4, 8, 6, 2, 8, 2, 4, 2, 4, 2, 6, 4, 4, 2, 2, 8, 4, 4, 8, 6, 2, 2]], 0.21199999749660492]
[[13, [8, 4, 8, 2, 8, 2, 8, 2, 8, 2, 8, 6, 8, 4, 4, 8, 4, 2, 6, 8, 2, 2, 4, 8, 2, 6, 8, 2, 2, 2, 6, 2, 8, 2, 2, 2, 2, 2, 8, 8, 8, 8, 8, 2, 6, 8, 8, 4, 4, 4, 6, 4]], 0.09439999610185623]
[[5, [4, 4, 8, 2, 8, 4, 2, 2, 8, 2, 4, 4, 8, 4, 4, 4, 4, 2, 2, 6, 2, 4, 8, 8, 6, 6, 8, 4, 4, 6, 6, 8, 6, 2, 4, 2, 6, 4, 8, 2, 8, 8, 8, 6, 6, 2, 8, 4, 4, 2, 6, 4]], 0.7461000084877014]
[[7, [6, 8, 8, 2, 8, 8, 4, 2, 8, 2, 8, 6, 8, 6, 4, 6, 4, 2, 2, 8, 2, 6, 8, 8, 2, 8, 8, 8, 2, 4, 4, 8, 8, 2, 8, 2, 2, 4, 6, 8, 8, 8, 8, 2, 2, 8, 6, 4, 4, 2, 6, 2]], 0.7002999782562256]
[[11, [8, 4, 8, 2, 8, 4, 6, 8, 8, 4, 4, 6, 8, 4, 4, 8, 4, 2, 8, 6, 2, 4, 8, 6, 6, 6, 8, 2, 4, 2, 6, 2, 2, 2, 4, 2, 2, 4, 4, 8, 8, 8, 8, 8, 8, 2, 8, 6, 2, 2, 8, 6]], 0.6355999708175659]
[[5, [6, 4, 8, 4, 8, 4, 4, 2, 8, 4, 4, 6, 2, 4, 4, 8, 4, 2, 2, 6, 2, 4, 6, 6, 4, 4, 8, 2, 4, 8, 6, 8, 2, 2, 4, 4, 2, 6, 8, 8, 8, 8, 8, 8, 8, 2, 8, 4, 4, 2, 6, 8]], 0.7459999918937683]
[[9, [8, 4, 6, 2, 8, 4, 8, 2, 8, 4, 8, 6, 8, 8, 4, 8, 4, 2, 2, 8, 2, 8, 4, 8, 8, 8, 4, 2, 8, 6, 2, 4, 2, 2, 8, 2, 2, 2, 8, 8, 8, 8, 8, 4, 2, 8, 8, 4, 4, 2, 6, 4]], 0.7134999632835388]
[[5, [8, 2, 8, 2, 6, 4, 4, 4, 8, 2, 8, 6, 8, 4, 4, 8, 4, 2, 2, 8, 2, 8, 4, 8, 2, 8, 8, 2, 2, 6, 6, 8, 2, 2, 8, 2, 2, 8, 8, 8, 2, 8, 8, 2, 2, 8, 8, 4, 4, 2, 6, 2]], 0.7179999947547913]
[[5, [8, 4, 4, 2, 8, 4, 4, 4, 8, 4, 8, 6, 8, 4, 8, 8, 4, 2, 2, 6, 2, 4, 8, 4, 6, 6, 8, 2, 2, 8, 6, 2, 4, 2, 8, 2, 8, 6, 8, 6, 8, 2, 8, 8, 8, 8, 8, 4, 4, 4, 6, 2]], 0.7574999928474426]
[[5, [8, 8, 8, 4, 8, 8, 4, 8, 8, 2, 8, 6, 8, 4, 4, 8, 4, 2, 8, 8, 2, 4, 4, 2, 8, 8, 8, 2, 2, 6, 6, 8, 2, 2, 8, 2, 2, 2, 8, 8, 8, 8, 4, 2, 2, 8, 4, 8, 4, 2, 6, 2]], 0.7671999931335449]
[[7, [8, 4, 8, 2, 4, 4, 4, 2, 4, 2, 8, 4, 4, 4, 8, 8, 4, 2, 6, 8, 2, 4, 8, 8, 2, 8, 8, 2, 2, 6, 2, 8, 2, 2, 4, 4, 6, 2, 8, 4, 6, 8, 8, 4, 8, 8, 2, 4, 6, 2, 6, 8]], 0.6983999609947205]
[[5, [6, 4, 4, 2, 4, 2, 4, 2, 8, 2, 8, 6, 8, 4, 4, 8, 2, 2, 2, 8, 2, 2, 2, 2, 2, 8, 8, 2, 2, 6, 4, 4, 6, 2, 2, 2, 6, 2, 8, 6, 6, 8, 8, 2, 2, 6, 8, 4, 4, 2, 6, 6]], 0.7339999675750732]
[[2, [6, 4, 8, 2, 8, 8, 4, 2, 6, 4, 8, 6, 8, 4, 4, 8, 4, 2, 2, 6, 2, 4, 8, 8, 6, 8, 8, 2, 6, 2, 6, 8, 8, 6, 4, 2, 2, 6, 8, 8, 8, 8, 8, 8, 8, 2, 8, 8, 4, 2, 2, 4]], 0.7538999915122986]
[[5, [8, 6, 8, 2, 8, 2, 4, 2, 8, 2, 8, 4, 8, 4, 4, 8, 4, 2, 2, 6, 2, 2, 4, 8, 2, 2, 8, 4, 4, 6, 8, 8, 2, 2, 4, 2, 2, 2, 6, 2, 8, 8, 8, 2, 4, 8, 8, 4, 4, 2, 4, 2]], 0.7400999665260315]
[[1, [2, 4, 6, 2, 8, 4, 6, 2, 8, 2, 4, 6, 8, 2, 4, 4, 4, 2, 8, 8, 4, 2, 4, 8, 2, 2, 8, 2, 2, 6, 6, 8, 2, 2, 2, 2, 2, 2, 8, 8, 8, 8, 8, 6, 2, 4, 8, 4, 4, 2, 6, 2]], 0.762999951839447]
[[2, [8, 4, 6, 2, 8, 6, 4, 2, 4, 2, 8, 6, 8, 4, 8, 8, 4, 2, 2, 8, 2, 2, 4, 8, 2, 8, 8, 2, 6, 6, 6, 8, 2, 4, 8, 2, 2, 2, 4, 8, 8, 8, 6, 2, 2, 8, 8, 4, 6, 2, 6, 4]], 0.7610999941825867]
[[5, [8, 4, 4, 2, 8, 4, 4, 4, 6, 6, 8, 6, 8, 4, 8, 8, 6, 2, 6, 8, 2, 4, 8, 8, 8, 8, 8, 2, 2, 4, 6, 8, 4, 2, 6, 4, 6, 2, 8, 8, 8, 8, 8, 4, 8, 8, 8, 2, 6, 2, 8, 2]], 0.7601999640464783]
[[5, [8, 4, 4, 2, 8, 8, 2, 2, 2, 2, 8, 6, 2, 4, 6, 8, 4, 2, 6, 8, 2, 2, 4, 8, 2, 8, 8, 2, 2, 6, 6, 2, 2, 6, 6, 2, 2, 2, 6, 2, 8, 8, 6, 2, 2, 2, 8, 2, 4, 2, 6, 2]], 0.7221999764442444]
[[1, [2, 4, 8, 2, 8, 4, 4, 6, 8, 4, 6, 6, 8, 4, 4, 6, 4, 2, 2, 4, 2, 4, 2, 8, 8, 6, 8, 2, 4, 8, 6, 8, 2, 2, 4, 2, 2, 6, 6, 8, 8, 8, 8, 8, 4, 2, 8, 2, 4, 2, 2, 4]], 0.7670999765396118]
[[14, [2, 4, 8, 2, 8, 2, 2, 2, 4, 6, 8, 6, 8, 4, 2, 8, 4, 8, 6, 8, 2, 4, 8, 8, 2, 8, 8, 2, 2, 6, 6, 8, 2, 2, 4, 4, 6, 8, 8, 8, 8, 8, 8, 6, 4, 8, 8, 4, 6, 2, 8, 2]], 0.08729999512434006]
[[15, [8, 4, 4, 2, 8, 4, 4, 6, 8, 4, 4, 6, 6, 4, 4, 8, 4, 2, 2, 6, 2, 4, 4, 8, 6, 6, 6, 2, 4, 6, 6, 8, 6, 2, 4, 2, 2, 6, 6, 8, 8, 8, 8, 8, 8, 2, 8, 4, 4, 2, 6, 4]], 0.6504999995231628]
[[5, [4, 2, 8, 2, 4, 8, 4, 8, 8, 2, 6, 6, 8, 4, 2, 8, 4, 8, 2, 8, 2, 8, 4, 8, 2, 8, 4, 2, 4, 6, 6, 8, 2, 2, 8, 2, 2, 2, 8, 8, 8, 8, 4, 2, 2, 8, 8, 4, 2, 8, 6, 2]], 0.25429999828338623]
[[10, [6, 4, 8, 2, 8, 4, 8, 2, 8, 2, 8, 4, 8, 4, 4, 8, 4, 2, 2, 2, 4, 2, 8, 8, 8, 8, 6, 2, 2, 6, 4, 8, 6, 6, 6, 2, 2, 2, 8, 8, 8, 2, 8, 2, 2, 4, 4, 8, 8, 2, 6, 2]], 0.708299994468689]
[[5, [8, 4, 8, 2, 2, 4, 2, 2, 8, 4, 4, 6, 8, 4, 4, 4, 4, 2, 2, 6, 2, 4, 8, 8, 8, 6, 8, 8, 4, 6, 8, 8, 4, 2, 6, 2, 2, 6, 8, 6, 8, 8, 8, 8, 8, 2, 6, 4, 2, 4, 6, 4]], 0.7452999949455261]
[[5, [8, 4, 8, 2, 6, 4, 4, 2, 8, 8, 8, 6, 2, 4, 4, 8, 6, 2, 2, 8, 6, 2, 4, 8, 6, 8, 8, 2, 6, 6, 6, 2, 2, 2, 8, 2, 2, 2, 8, 4, 8, 8, 2, 2, 2, 8, 2, 4, 4, 2, 6, 2]], 0.7396000027656555]
[[5, [8, 4, 8, 4, 4, 4, 4, 8, 4, 6, 4, 8, 8, 2, 4, 8, 4, 2, 2, 8, 2, 4, 8, 8, 2, 8, 6, 2, 2, 6, 6, 8, 2, 2, 2, 2, 6, 2, 8, 8, 8, 8, 8, 8, 8, 8, 2, 4, 6, 2, 8, 2]], 0.761900007724762]
[[5, [8, 4, 8, 2, 8, 4, 4, 4, 8, 6, 8, 6, 8, 4, 4, 8, 4, 2, 8, 8, 2, 4, 6, 8, 2, 2, 4, 2, 2, 6, 6, 8, 6, 6, 4, 4, 6, 2, 8, 8, 4, 8, 6, 8, 8, 8, 4, 4, 6, 2, 6, 2]], 0.7579999566078186]
[[0, [8, 2, 6, 4, 8, 6, 6, 2, 2, 2, 8, 6, 8, 6, 4, 8, 4, 6, 2, 8, 4, 6, 4, 8, 2, 2, 2, 2, 2, 8, 6, 8, 2, 2, 8, 4, 8, 8, 8, 8, 8, 8, 4, 2, 2, 6, 8, 4, 4, 2, 8, 2]], 0.764799952507019]
[[7, [8, 4, 8, 2, 8, 4, 4, 2, 8, 2, 4, 8, 8, 4, 4, 8, 4, 2, 2, 8, 2, 6, 4, 8, 2, 2, 8, 2, 4, 6, 6, 8, 6, 2, 8, 2, 2, 2, 8, 8, 8, 8, 8, 2, 2, 2, 8, 2, 4, 2, 6, 2]], 0.6814000010490417]
[[5, [2, 4, 8, 2, 8, 4, 4, 2, 8, 6, 8, 6, 4, 4, 4, 6, 4, 2, 2, 8, 8, 6, 8, 8, 2, 8, 8, 2, 2, 2, 6, 8, 2, 6, 4, 4, 6, 2, 8, 8, 8, 2, 8, 4, 8, 4, 8, 4, 8, 2, 6, 2]], 0.7462999820709229]
[[3, [8, 4, 8, 6, 8, 4, 4, 2, 8, 4, 8, 6, 8, 4, 4, 8, 4, 8, 2, 8, 2, 2, 4, 8, 4, 8, 8, 2, 2, 6, 6, 8, 2, 2, 4, 2, 6, 2, 8, 8, 8, 6, 8, 2, 2, 8, 8, 4, 4, 2, 6, 2]], 0.7680999636650085]
[[4, [6, 4, 8, 4, 8, 2, 4, 2, 8, 2, 8, 6, 6, 4, 2, 8, 4, 2, 2, 8, 2, 2, 8, 4, 8, 8, 2, 2, 2, 6, 6, 8, 6, 2, 8, 4, 4, 2, 8, 8, 8, 8, 8, 2, 8, 8, 8, 4, 4, 2, 6, 4]], 0.7500999569892883]
[[10, [8, 4, 8, 2, 8, 8, 8, 2, 4, 6, 8, 6, 8, 4, 4, 8, 4, 8, 6, 6, 4, 8, 8, 6, 2, 8, 8, 2, 2, 6, 6, 8, 2, 2, 4, 2, 6, 2, 6, 2, 8, 8, 8, 4, 4, 8, 8, 4, 6, 6, 6, 2]], 0.5888000130653381]
[[5, [8, 4, 8, 2, 4, 4, 6, 8, 8, 4, 4, 6, 8, 4, 4, 8, 6, 2, 2, 6, 6, 6, 8, 8, 6, 6, 2, 8, 4, 6, 2, 8, 6, 2, 2, 2, 2, 6, 8, 8, 2, 8, 8, 8, 8, 8, 4, 4, 4, 8, 6, 4]], 0.7583000063896179]
[[6, [8, 8, 8, 2, 4, 2, 4, 2, 8, 2, 8, 6, 8, 4, 4, 8, 4, 2, 2, 8, 2, 2, 4, 8, 2, 8, 8, 2, 2, 6, 4, 8, 2, 6, 8, 2, 6, 4, 8, 2, 8, 8, 8, 2, 2, 8, 8, 4, 4, 2, 6, 2]], 0.7299000024795532]
[[5, [8, 4, 8, 2, 8, 2, 4, 4, 8, 8, 6, 6, 8, 6, 4, 8, 6, 2, 2, 6, 2, 4, 4, 8, 8, 6, 8, 2, 6, 6, 6, 8, 6, 2, 4, 8, 2, 6, 6, 8, 2, 2, 8, 8, 8, 6, 8, 8, 4, 2, 6, 6]], 0.7609999775886536]
[[5, [8, 4, 8, 2, 6, 4, 4, 2, 8, 4, 4, 6, 8, 4, 4, 2, 4, 2, 2, 2, 2, 4, 8, 8, 6, 6, 8, 2, 4, 2, 6, 8, 8, 6, 4, 2, 2, 6, 8, 8, 8, 4, 4, 8, 8, 2, 8, 4, 4, 2, 6, 4]], 0.7427999973297119]
[[3, [8, 4, 8, 2, 4, 4, 6, 4, 4, 6, 8, 6, 4, 6, 8, 8, 8, 2, 4, 8, 2, 4, 8, 8, 4, 8, 8, 2, 2, 6, 6, 8, 2, 2, 6, 4, 6, 2, 8, 6, 8, 8, 2, 4, 4, 8, 8, 4, 4, 2, 6, 2]], 0.76419997215271]
[[5, [8, 4, 6, 2, 4, 4, 4, 2, 8, 2, 8, 8, 8, 4, 4, 6, 4, 2, 2, 8, 2, 2, 4, 8, 2, 8, 8, 4, 2, 6, 4, 8, 2, 2, 8, 2, 2, 2, 8, 8, 6, 2, 8, 2, 2, 8, 8, 4, 4, 2, 6, 2]], 0.7480999827384949]
[[1, [8, 4, 8, 4, 8, 6, 4, 2, 8, 2, 8, 6, 8, 6, 4, 8, 6, 2, 2, 8, 2, 2, 4, 8, 6, 8, 8, 6, 2, 6, 8, 8, 2, 2, 8, 2, 2, 2, 8, 6, 8, 8, 8, 2, 2, 8, 2, 8, 4, 2, 6, 4]], 0.7820000052452087]
[[5, [8, 6, 8, 2, 8, 4, 8, 8, 4, 2, 8, 6, 6, 4, 4, 8, 8, 2, 6, 8, 2, 4, 8, 8, 6, 8, 8, 2, 2, 6, 6, 8, 6, 2, 4, 4, 6, 8, 8, 8, 6, 4, 8, 4, 4, 8, 8, 4, 6, 2, 6, 2]], 0.75409996509552]
[[6, [2, 4, 8, 2, 8, 8, 4, 2, 8, 6, 8, 6, 8, 4, 4, 8, 8, 2, 4, 8, 8, 2, 4, 4, 2, 8, 8, 2, 2, 6, 6, 8, 2, 2, 8, 8, 2, 2, 8, 8, 8, 8, 8, 2, 2, 8, 4, 6, 4, 2, 6, 2]], 0.7356999516487122]
[[5, [4, 4, 8, 8, 8, 4, 4, 2, 4, 6, 8, 6, 2, 4, 8, 8, 4, 2, 6, 8, 2, 4, 8, 8, 2, 8, 8, 2, 2, 2, 6, 8, 8, 2, 4, 4, 6, 2, 8, 8, 8, 8, 4, 4, 8, 8, 8, 4, 6, 6, 6, 4]], 0.7457999587059021]
[[15, [8, 4, 8, 2, 8, 4, 4, 2, 4, 6, 8, 6, 8, 4, 4, 8, 4, 2, 2, 8, 2, 4, 6, 6, 2, 8, 6, 8, 2, 6, 6, 8, 2, 2, 4, 4, 6, 6, 8, 8, 8, 2, 8, 4, 8, 8, 8, 6, 6, 6, 6, 2]], 0.32009997963905334]
[[3, [8, 4, 8, 8, 6, 6, 4, 2, 8, 4, 4, 6, 8, 2, 4, 4, 4, 2, 2, 6, 2, 4, 8, 8, 6, 6, 8, 2, 8, 2, 8, 8, 2, 2, 4, 2, 2, 6, 8, 2, 8, 8, 6, 8, 8, 2, 8, 4, 4, 4, 6, 4]], 0.760699987411499]
[[13, [4, 2, 8, 2, 8, 4, 2, 2, 8, 4, 4, 6, 8, 8, 6, 8, 4, 2, 2, 6, 2, 4, 8, 8, 2, 8, 8, 2, 4, 4, 6, 8, 2, 2, 4, 2, 2, 4, 4, 8, 8, 8, 8, 8, 8, 6, 2, 4, 4, 2, 6, 4]], 0.08139999955892563]
[[8, [8, 6, 6, 2, 8, 4, 4, 4, 8, 2, 2, 6, 8, 4, 8, 8, 4, 2, 2, 4, 8, 4, 4, 6, 2, 6, 4, 2, 2, 6, 6, 4, 2, 2, 8, 2, 2, 8, 8, 6, 8, 6, 8, 6, 2, 8, 4, 4, 4, 2, 6, 2]], 0.6103999614715576]
[[10, [8, 4, 8, 2, 2, 4, 4, 2, 2, 6, 4, 4, 6, 4, 4, 4, 4, 2, 2, 4, 6, 4, 8, 2, 6, 4, 8, 2, 4, 6, 6, 8, 2, 2, 4, 6, 2, 6, 8, 8, 4, 6, 8, 8, 8, 2, 8, 4, 4, 4, 6, 8]], 0.5489999651908875]
[[1, [8, 4, 8, 2, 8, 4, 8, 2, 8, 2, 8, 6, 4, 2, 4, 6, 4, 2, 2, 8, 8, 2, 4, 8, 6, 8, 2, 2, 2, 6, 4, 8, 2, 2, 8, 2, 2, 2, 4, 8, 8, 8, 8, 2, 2, 8, 8, 4, 6, 2, 6, 2]], 0.7598999738693237]
[[13, [8, 2, 4, 2, 8, 4, 4, 2, 8, 2, 2, 2, 4, 4, 4, 2, 4, 2, 2, 8, 8, 2, 4, 2, 4, 8, 8, 2, 2, 6, 6, 8, 2, 2, 8, 2, 2, 2, 8, 8, 8, 8, 8, 6, 2, 8, 8, 4, 2, 8, 4, 2]], 0.046799998730421066]
[[7, [8, 6, 6, 2, 2, 4, 4, 2, 8, 2, 8, 6, 8, 4, 4, 8, 4, 2, 2, 8, 6, 4, 4, 8, 2, 8, 8, 6, 4, 2, 6, 8, 2, 2, 8, 2, 2, 2, 8, 8, 8, 6, 8, 2, 2, 4, 8, 4, 4, 2, 8, 2]], 0.7038999795913696]
[[5, [8, 4, 8, 8, 4, 4, 4, 2, 8, 6, 6, 6, 8, 4, 2, 8, 2, 8, 2, 6, 2, 4, 8, 8, 2, 4, 8, 2, 6, 6, 4, 8, 2, 2, 4, 8, 6, 2, 8, 4, 8, 8, 8, 4, 6, 2, 8, 2, 4, 2, 6, 4]], 0.7511999607086182]
[[5, [4, 2, 8, 2, 8, 4, 2, 8, 8, 4, 4, 6, 8, 4, 4, 4, 8, 2, 2, 6, 2, 4, 8, 8, 6, 6, 8, 2, 4, 6, 6, 8, 2, 2, 4, 2, 2, 8, 6, 4, 8, 8, 8, 8, 4, 2, 8, 4, 4, 2, 6, 4]], 0.7275999784469604]
[[5, [8, 4, 8, 2, 8, 4, 2, 2, 8, 2, 8, 8, 8, 4, 8, 8, 4, 4, 2, 8, 4, 2, 8, 8, 2, 8, 8, 2, 2, 6, 6, 8, 2, 2, 8, 2, 4, 8, 8, 2, 8, 8, 6, 8, 2, 8, 8, 4, 4, 2, 6, 8]], 0.743399977684021]
[[5, [8, 4, 8, 8, 8, 4, 4, 2, 8, 4, 4, 6, 8, 4, 4, 8, 4, 2, 4, 6, 2, 4, 8, 8, 6, 6, 8, 2, 4, 6, 6, 8, 2, 2, 2, 2, 6, 6, 8, 8, 8, 8, 8, 8, 8, 2, 8, 2, 4, 2, 6, 4]], 0.7602999806404114]
[[11, [8, 8, 8, 2, 8, 4, 6, 2, 8, 4, 4, 8, 8, 4, 4, 8, 6, 2, 4, 6, 6, 4, 8, 8, 6, 6, 6, 2, 4, 6, 6, 8, 2, 2, 4, 8, 2, 6, 6, 8, 8, 8, 8, 8, 8, 2, 4, 4, 6, 2, 6, 4]], 0.6639999747276306]
[[5, [6, 6, 4, 2, 8, 2, 4, 8, 8, 2, 8, 6, 8, 4, 4, 8, 4, 2, 2, 8, 2, 6, 4, 8, 2, 2, 8, 8, 2, 6, 4, 8, 2, 2, 8, 2, 8, 6, 6, 8, 8, 8, 8, 2, 2, 8, 8, 4, 4, 2, 6, 2]], 0.753600001335144]
[[3, [6, 4, 6, 2, 8, 4, 6, 6, 2, 4, 4, 6, 8, 4, 4, 8, 4, 2, 2, 6, 2, 4, 4, 8, 2, 6, 6, 2, 2, 6, 6, 8, 8, 2, 4, 2, 2, 6, 8, 2, 8, 8, 8, 8, 8, 2, 8, 4, 4, 2, 8, 4]], 0.7576999664306641]
[[5, [8, 4, 2, 2, 4, 4, 4, 2, 4, 4, 4, 6, 8, 8, 6, 8, 4, 2, 4, 2, 2, 4, 8, 8, 6, 6, 6, 2, 4, 6, 2, 8, 2, 2, 4, 2, 2, 6, 4, 8, 2, 8, 8, 6, 6, 8, 6, 2, 4, 2, 6, 2]], 0.7396999597549438]
[[0, [8, 4, 8, 2, 8, 4, 4, 2, 8, 2, 8, 6, 8, 8, 4, 8, 4, 2, 2, 8, 4, 2, 4, 8, 2, 8, 8, 6, 2, 6, 6, 8, 2, 2, 8, 4, 2, 2, 8, 8, 8, 8, 8, 2, 6, 8, 8, 4, 4, 2, 6, 2]], 0.7651000022888184]
[[5, [6, 2, 8, 8, 8, 8, 8, 4, 8, 2, 8, 4, 8, 4, 4, 8, 4, 8, 2, 8, 8, 2, 4, 8, 2, 8, 8, 2, 2, 6, 6, 8, 6, 2, 6, 2, 6, 2, 8, 8, 8, 4, 4, 8, 2, 6, 4, 6, 8, 2, 2, 2]], 0.7500999569892883]
[[5, [8, 2, 8, 4, 8, 4, 4, 2, 8, 2, 8, 4, 4, 4, 2, 8, 4, 2, 2, 8, 2, 2, 4, 8, 2, 8, 8, 2, 8, 6, 4, 8, 6, 2, 8, 2, 6, 8, 8, 8, 8, 4, 6, 2, 2, 8, 4, 4, 8, 2, 2, 2]], 0.7387999892234802]
[[5, [8, 8, 8, 2, 8, 6, 4, 2, 8, 2, 8, 6, 8, 2, 6, 8, 4, 2, 6, 8, 6, 2, 4, 8, 2, 6, 4, 2, 2, 6, 6, 8, 2, 2, 8, 2, 2, 2, 8, 6, 8, 8, 4, 2, 8, 8, 4, 4, 4, 6, 6, 2]], 0.7405999898910522]
[[12, [6, 4, 8, 2, 8, 4, 4, 6, 8, 2, 8, 4, 8, 4, 4, 8, 4, 8, 2, 4, 4, 8, 4, 2, 2, 8, 8, 6, 2, 6, 4, 8, 6, 2, 8, 4, 2, 2, 8, 8, 8, 4, 8, 2, 2, 8, 4, 4, 8, 2, 2, 2]], 0.5482999682426453]
[[9, [8, 4, 8, 2, 8, 4, 4, 8, 4, 4, 8, 6, 8, 4, 4, 8, 4, 2, 6, 8, 2, 4, 8, 4, 6, 8, 8, 2, 2, 6, 6, 8, 2, 4, 4, 2, 6, 8, 8, 8, 4, 8, 6, 8, 8, 8, 8, 4, 6, 2, 6, 8]], 0.7228999733924866]
[[2, [8, 4, 8, 2, 8, 4, 4, 2, 8, 8, 4, 6, 2, 4, 4, 8, 4, 4, 2, 8, 2, 4, 8, 8, 2, 6, 8, 6, 2, 6, 6, 8, 4, 8, 4, 2, 8, 6, 8, 6, 8, 8, 8, 8, 8, 2, 8, 8, 4, 2, 6, 8]], 0.7604999542236328]
[[13, [8, 4, 8, 2, 8, 8, 4, 2, 6, 2, 8, 6, 2, 4, 4, 8, 4, 6, 2, 8, 2, 2, 6, 4, 8, 8, 8, 2, 8, 6, 6, 8, 2, 2, 8, 2, 2, 2, 8, 8, 8, 6, 8, 2, 4, 6, 8, 2, 2, 2, 6, 8]], 0.27549999952316284]
[[5, [8, 6, 8, 4, 8, 4, 4, 2, 8, 2, 8, 6, 8, 4, 6, 8, 8, 2, 8, 6, 8, 2, 4, 8, 2, 8, 8, 2, 2, 2, 6, 8, 2, 8, 8, 2, 2, 2, 8, 8, 8, 8, 6, 2, 6, 8, 8, 8, 2, 2, 6, 8]], 0.758899986743927]
[[5, [8, 2, 8, 6, 8, 4, 4, 4, 8, 4, 8, 6, 8, 4, 4, 8, 4, 4, 2, 8, 4, 8, 4, 8, 2, 8, 8, 2, 6, 6, 6, 4, 2, 2, 8, 6, 8, 2, 8, 8, 4, 6, 8, 2, 2, 2, 8, 4, 4, 4, 6, 2]], 0.7554999589920044]
[[10, [8, 4, 8, 2, 4, 2, 4, 2, 2, 2, 8, 6, 4, 4, 4, 8, 2, 4, 2, 8, 2, 8, 8, 8, 2, 4, 6, 2, 2, 6, 6, 8, 2, 8, 8, 2, 2, 2, 8, 8, 2, 8, 8, 2, 8, 2, 8, 4, 4, 2, 6, 2]], 0.1396999955177307]
[[5, [8, 8, 8, 4, 8, 4, 4, 2, 8, 4, 4, 6, 4, 4, 6, 8, 4, 2, 2, 6, 6, 4, 8, 8, 6, 6, 6, 2, 4, 6, 6, 8, 2, 2, 4, 2, 2, 6, 8, 8, 8, 8, 8, 8, 8, 2, 8, 4, 4, 2, 6, 4]], 0.7631999850273132]
[[5, [8, 4, 8, 2, 8, 4, 2, 2, 6, 6, 8, 6, 8, 4, 4, 8, 4, 2, 6, 8, 2, 6, 8, 8, 2, 8, 8, 2, 2, 6, 6, 8, 2, 2, 4, 2, 6, 2, 6, 8, 8, 8, 8, 4, 8, 8, 8, 4, 6, 2, 6, 6]], 0.7466999888420105]
[[5, [6, 4, 8, 2, 8, 4, 4, 4, 6, 2, 8, 4, 8, 4, 4, 8, 4, 8, 2, 8, 4, 2, 4, 8, 2, 8, 8, 2, 2, 2, 4, 8, 6, 2, 8, 2, 2, 2, 2, 8, 2, 4, 8, 2, 2, 8, 4, 4, 8, 8, 2, 2]], 0.7548999786376953]
[[5, [8, 4, 8, 2, 8, 4, 4, 8, 4, 2, 4, 6, 8, 6, 8, 8, 4, 2, 2, 8, 6, 2, 4, 8, 2, 2, 8, 2, 6, 4, 6, 8, 2, 2, 8, 2, 2, 2, 8, 8, 8, 8, 8, 2, 2, 8, 8, 4, 4, 2, 6, 2]], 0.751800000667572]
[[4, [4, 4, 8, 2, 8, 4, 6, 2, 6, 2, 8, 8, 8, 4, 4, 4, 4, 2, 6, 8, 2, 2, 2, 8, 2, 6, 2, 2, 2, 4, 4, 8, 6, 2, 8, 2, 2, 2, 4, 2, 8, 4, 4, 2, 2, 6, 4, 4, 8, 2, 2, 2]], 0.7541999816894531]
[[5, [8, 4, 8, 6, 8, 4, 4, 2, 4, 6, 8, 6, 8, 4, 8, 8, 4, 2, 6, 8, 6, 6, 4, 8, 2, 8, 6, 2, 2, 6, 6, 8, 2, 2, 4, 4, 6, 8, 8, 8, 8, 6, 8, 4, 8, 8, 8, 2, 6, 4, 6, 2]], 0.7622999548912048]
[[6, [6, 6, 8, 4, 8, 4, 4, 4, 6, 2, 4, 2, 8, 4, 4, 8, 4, 6, 2, 4, 4, 2, 2, 8, 2, 8, 8, 2, 2, 2, 4, 6, 6, 6, 8, 2, 6, 2, 2, 8, 2, 4, 8, 2, 2, 8, 4, 6, 8, 6, 2, 2]], 0.729699969291687]
[[5, [8, 4, 8, 2, 8, 8, 6, 4, 8, 2, 8, 6, 2, 4, 4, 4, 4, 2, 8, 8, 8, 8, 4, 8, 2, 8, 8, 2, 2, 6, 6, 8, 2, 2, 8, 2, 6, 2, 8, 8, 8, 2, 6, 2, 2, 4, 8, 4, 4, 8, 6, 2]], 0.7461000084877014]
[[3, [8, 4, 8, 2, 8, 4, 4, 2, 2, 8, 4, 6, 2, 8, 4, 8, 4, 4, 2, 6, 2, 4, 8, 8, 2, 6, 8, 2, 4, 6, 6, 8, 6, 8, 4, 2, 2, 4, 8, 8, 8, 4, 8, 6, 8, 2, 8, 4, 2, 2, 6, 8]], 0.7437999844551086]
