[[13, [2, 4, 2, 6, 8, 8, 4, 8, 8, 2, 6, 6, 8, 2, 2, 4, 8, 8, 8, 6, 2, 4, 4, 2, 6, 2, 6, 8, 4, 2, 2, 8, 4, 4, 8, 8, 4, 2, 4, 2, 4, 6, 6, 4, 8, 8, 4, 8, 4, 8, 4, 2]], 0.9448060927999997]
[[15, [4, 2, 8, 2, 2, 8, 8, 2, 2, 6, 6, 2, 6, 2, 6, 2, 8, 8, 8, 4, 2, 2, 8, 8, 6, 2, 8, 8, 2, 8, 8, 2, 4, 8, 6, 6, 8, 8, 4, 8, 8, 4, 4, 6, 8, 8, 4, 6, 4, 4, 8, 8]], 1.2104554495999997]
[[6, [6, 6, 6, 2, 2, 2, 8, 4, 8, 8, 4, 8, 6, 4, 6, 4, 6, 8, 4, 2, 2, 8, 2, 2, 4, 6, 4, 8, 4, 2, 8, 2, 4, 4, 4, 6, 8, 4, 6, 4, 2, 2, 6, 4, 6, 8, 6, 8, 4, 2, 8, 8]], 0.38258913279999995]
[[1, [6, 4, 6, 4, 4, 4, 2, 2, 2, 4, 4, 4, 6, 6, 6, 4, 6, 2, 8, 2, 8, 2, 6, 2, 2, 4, 6, 8, 6, 6, 4, 4, 8, 4, 2, 6, 8, 8, 2, 4, 2, 8, 8, 6, 4, 8, 2, 2, 8, 2, 2, 4]], 0.0867596288]
[[15, [2, 2, 8, 8, 2, 4, 8, 6, 2, 4, 2, 6, 2, 2, 2, 4, 4, 4, 6, 6, 8, 2, 6, 4, 2, 2, 2, 8, 6, 4, 6, 2, 6, 6, 4, 6, 8, 2, 6, 8, 6, 2, 6, 4, 4, 4, 4, 8, 4, 8, 6, 8]], 1.0367072255999998]
[[12, [2, 2, 6, 4, 6, 8, 2, 6, 6, 4, 8, 6, 2, 8, 6, 4, 2, 2, 6, 8, 4, 2, 4, 8, 2, 6, 4, 2, 6, 8, 4, 6, 8, 8, 6, 4, 4, 8, 8, 4, 4, 2, 4, 4, 8, 2, 4, 6, 4, 4, 2, 8]], 0.7805777919999998]
[[9, [6, 6, 6, 2, 8, 6, 6, 8, 4, 6, 2, 4, 8, 6, 6, 4, 4, 8, 6, 8, 8, 8, 2, 4, 6, 4, 6, 6, 6, 2, 2, 4, 8, 8, 4, 6, 8, 4, 6, 4, 8, 2, 2, 4, 4, 2, 8, 2, 6, 2, 6, 8]], 0.6206420992]
[[10, [4, 4, 8, 6, 4, 4, 2, 8, 8, 8, 8, 8, 8, 8, 2, 4, 4, 4, 8, 4, 6, 6, 6, 4, 8, 4, 6, 2, 2, 4, 2, 2, 8, 4, 2, 6, 8, 8, 8, 2, 8, 4, 6, 4, 6, 6, 4, 4, 4, 2, 4, 2]], 0.6617585664000001]
[[4, [8, 6, 6, 2, 4, 2, 4, 6, 8, 4, 8, 4, 2, 8, 6, 8, 6, 4, 4, 2, 6, 6, 8, 6, 2, 6, 4, 2, 8, 6, 2, 8, 6, 8, 2, 6, 4, 4, 8, 6, 8, 6, 4, 6, 6, 4, 8, 6, 4, 2, 2, 4]], 0.31061176320000006]
[[12, [2, 2, 8, 4, 2, 6, 2, 4, 6, 4, 6, 8, 4, 2, 6, 4, 4, 2, 6, 2, 4, 8, 2, 2, 6, 6, 2, 4, 2, 2, 6, 6, 2, 8, 4, 8, 6, 8, 6, 8, 8, 8, 4, 6, 2, 8, 8, 8, 4, 6, 4, 8]], 0.7477532671999998]
[[5, [4, 8, 6, 4, 8, 2, 8, 6, 4, 6, 4, 2, 8, 6, 8, 4, 4, 4, 4, 6, 4, 6, 2, 4, 6, 6, 8, 4, 8, 6, 4, 6, 4, 6, 8, 2, 6, 6, 4, 4, 8, 6, 8, 4, 2, 8, 2, 8, 8, 2, 2, 8]], 0.3298080768]
[[5, [2, 4, 8, 8, 6, 4, 6, 2, 6, 2, 8, 8, 6, 2, 8, 2, 4, 6, 6, 6, 4, 6, 4, 4, 4, 4, 2, 6, 2, 6, 4, 4, 2, 8, 8, 8, 6, 6, 2, 4, 8, 4, 8, 2, 2, 6, 2, 6, 4, 6, 4, 8]], 0.3403454464]
[[9, [6, 6, 2, 4, 4, 2, 4, 4, 8, 8, 4, 6, 6, 4, 2, 8, 2, 2, 8, 6, 2, 2, 2, 6, 8, 6, 6, 2, 4, 6, 8, 4, 8, 6, 8, 8, 6, 2, 6, 6, 6, 6, 4, 4, 8, 2, 4, 8, 2, 6, 4, 4]], 0.5884049407999998]
[[6, [8, 4, 2, 6, 8, 4, 2, 8, 8, 6, 6, 8, 2, 4, 6, 4, 4, 8, 4, 2, 2, 6, 2, 6, 4, 4, 4, 2, 2, 4, 6, 4, 4, 4, 8, 6, 2, 6, 2, 8, 4, 2, 6, 8, 8, 8, 8, 4, 2, 2, 6, 2]], 0.3808598016]
[[8, [2, 4, 8, 6, 8, 8, 8, 8, 8, 2, 6, 2, 4, 2, 2, 6, 2, 2, 4, 8, 8, 2, 4, 2, 2, 8, 8, 8, 6, 8, 4, 4, 8, 2, 2, 8, 4, 6, 8, 8, 6, 4, 8, 4, 2, 6, 6, 2, 2, 6, 2, 6]], 0.5359138815999999]
[[3, [8, 4, 8, 6, 6, 8, 4, 4, 2, 4, 2, 6, 4, 6, 2, 2, 4, 8, 8, 6, 4, 4, 4, 8, 4, 6, 2, 8, 8, 6, 2, 2, 4, 4, 8, 4, 4, 4, 8, 8, 8, 8, 6, 4, 8, 8, 2, 4, 2, 8, 6, 8]], 0.22990336000000003]
[[15, [8, 2, 2, 4, 8, 2, 6, 8, 4, 8, 6, 6, 4, 6, 2, 4, 6, 4, 4, 2, 8, 8, 6, 4, 2, 4, 4, 4, 2, 6, 2, 2, 2, 4, 8, 2, 4, 8, 4, 6, 2, 8, 6, 2, 8, 4, 6, 8, 4, 8, 6, 6]], 1.0723661824]
[[6, [4, 2, 6, 4, 8, 2, 2, 6, 8, 8, 2, 2, 2, 6, 6, 6, 2, 8, 8, 4, 4, 8, 4, 4, 2, 8, 4, 8, 8, 6, 6, 8, 4, 2, 4, 6, 6, 4, 8, 4, 6, 2, 2, 6, 2, 6, 8, 6, 4, 2, 2, 2]], 0.3727955968]
[[8, [8, 8, 6, 2, 8, 8, 2, 2, 4, 6, 2, 6, 6, 2, 4, 6, 4, 2, 4, 6, 8, 6, 2, 4, 6, 6, 8, 6, 2, 4, 2, 6, 2, 4, 8, 4, 6, 4, 4, 2, 6, 2, 6, 8, 2, 2, 4, 6, 8, 6, 4, 2]], 0.522435584]
[[12, [4, 2, 8, 8, 2, 4, 8, 2, 6, 4, 2, 8, 6, 8, 6, 8, 4, 6, 4, 6, 2, 8, 8, 2, 8, 6, 4, 6, 2, 2, 6, 6, 4, 6, 8, 6, 6, 2, 2, 8, 2, 6, 6, 4, 4, 4, 2, 8, 8, 2, 2, 2]], 0.7641569279999999]
[[5, [4, 8, 6, 4, 2, 2, 8, 6, 4, 8, 4, 2, 8, 6, 8, 4, 6, 8, 4, 8, 4, 6, 2, 4, 6, 6, 8, 4, 8, 6, 4, 6, 4, 6, 8, 6, 6, 6, 4, 8, 8, 6, 8, 8, 4, 8, 2, 8, 8, 2, 2, 8]], 0.335490048]
[[4, [4, 6, 6, 6, 2, 2, 2, 6, 6, 8, 4, 2, 8, 6, 8, 4, 4, 4, 8, 2, 4, 6, 2, 4, 6, 2, 8, 4, 8, 6, 8, 6, 4, 6, 8, 6, 6, 8, 4, 8, 4, 6, 6, 8, 4, 8, 4, 8, 4, 2, 2, 8]], 0.26896445440000005]
[[5, [6, 8, 6, 4, 8, 2, 8, 6, 4, 2, 6, 2, 4, 8, 8, 8, 4, 4, 4, 4, 4, 6, 2, 4, 6, 6, 8, 4, 8, 6, 4, 6, 4, 6, 8, 2, 6, 6, 2, 4, 8, 6, 8, 4, 2, 8, 4, 8, 6, 8, 4, 8]], 0.34529505280000006]
[[15, [4, 8, 6, 8, 8, 2, 6, 2, 4, 2, 2, 2, 8, 6, 8, 4, 4, 6, 4, 8, 4, 6, 2, 4, 6, 6, 2, 4, 4, 6, 4, 6, 4, 6, 6, 6, 6, 6, 4, 6, 2, 6, 8, 4, 2, 4, 2, 8, 8, 2, 2, 8]], 1.0551048192]
[[5, [4, 2, 6, 4, 4, 2, 4, 6, 8, 6, 4, 8, 8, 2, 6, 6, 4, 4, 6, 6, 4, 6, 8, 4, 6, 6, 8, 4, 8, 6, 4, 2, 4, 6, 8, 2, 6, 6, 4, 4, 8, 6, 8, 8, 2, 2, 2, 8, 8, 8, 2, 8]], 0.32675655679999993]
[[4, [8, 6, 4, 2, 4, 2, 4, 6, 8, 4, 8, 8, 2, 8, 6, 8, 6, 8, 4, 2, 6, 6, 8, 6, 2, 6, 8, 2, 8, 6, 6, 8, 6, 8, 2, 6, 4, 4, 8, 6, 8, 6, 4, 6, 6, 4, 6, 6, 4, 2, 8, 4]], 0.32436449279999996]
[[0, [8, 6, 6, 2, 8, 2, 4, 6, 8, 4, 8, 4, 6, 8, 6, 6, 6, 4, 4, 2, 6, 6, 8, 6, 2, 6, 6, 2, 8, 6, 2, 4, 6, 2, 2, 8, 4, 4, 8, 6, 8, 6, 4, 6, 6, 4, 2, 6, 4, 2, 2, 4]], 0.05635747840000001]
[[12, [2, 4, 8, 6, 2, 8, 4, 4, 2, 4, 2, 4, 2, 6, 2, 2, 4, 8, 8, 2, 4, 2, 4, 6, 4, 6, 2, 8, 8, 6, 2, 2, 2, 4, 8, 4, 4, 4, 8, 8, 8, 8, 6, 4, 6, 4, 2, 6, 4, 8, 2, 8]], 0.7235868671999998]
[[14, [6, 8, 6, 4, 2, 2, 8, 8, 4, 2, 6, 2, 4, 8, 8, 6, 2, 6, 4, 4, 4, 6, 2, 4, 6, 6, 8, 4, 8, 6, 6, 6, 4, 6, 8, 8, 2, 6, 2, 4, 8, 6, 2, 4, 8, 8, 4, 4, 6, 8, 4, 8]], 1.0727790591999995]
[[4, [8, 6, 2, 2, 8, 6, 4, 6, 6, 4, 6, 4, 4, 4, 6, 8, 6, 4, 4, 6, 6, 4, 2, 6, 2, 6, 4, 2, 2, 6, 4, 8, 6, 8, 2, 6, 4, 6, 8, 4, 8, 6, 4, 6, 6, 4, 8, 6, 4, 2, 2, 4]], 0.2992355328000001]
[[4, [2, 6, 4, 2, 4, 2, 4, 6, 8, 4, 8, 8, 2, 8, 6, 8, 6, 2, 4, 2, 6, 6, 2, 8, 2, 6, 8, 2, 8, 6, 6, 8, 6, 4, 2, 6, 6, 2, 2, 6, 2, 8, 4, 6, 2, 4, 8, 6, 4, 6, 8, 6]], 0.3208820736]
[[2, [2, 6, 4, 2, 4, 2, 4, 6, 8, 4, 8, 8, 2, 8, 6, 8, 6, 2, 4, 2, 6, 6, 8, 8, 2, 4, 8, 4, 8, 6, 6, 8, 6, 4, 2, 6, 6, 2, 4, 6, 2, 8, 4, 6, 6, 4, 8, 6, 4, 6, 4, 6]], 0.14046146560000003]
[[14, [4, 2, 6, 2, 4, 2, 4, 8, 4, 4, 8, 6, 2, 8, 6, 8, 6, 4, 4, 2, 8, 6, 4, 6, 4, 6, 6, 2, 4, 6, 2, 8, 6, 4, 2, 4, 4, 4, 8, 6, 2, 8, 4, 6, 6, 4, 8, 6, 4, 2, 2, 4]], 1.0051377151999996]
[[5, [8, 6, 6, 2, 4, 2, 2, 6, 8, 4, 4, 4, 4, 8, 6, 8, 6, 4, 4, 2, 6, 6, 6, 6, 2, 6, 4, 2, 8, 6, 2, 6, 6, 8, 8, 6, 8, 4, 8, 6, 8, 6, 4, 6, 6, 4, 8, 8, 4, 2, 2, 4]], 0.3305117696]
[[4, [8, 4, 6, 2, 6, 2, 6, 2, 8, 4, 8, 6, 2, 8, 6, 4, 6, 4, 4, 2, 6, 6, 8, 6, 2, 6, 4, 2, 8, 6, 4, 8, 8, 8, 2, 6, 4, 4, 8, 2, 8, 6, 8, 6, 6, 4, 6, 6, 4, 2, 2, 4]], 0.294079488]
[[4, [6, 4, 2, 4, 4, 2, 4, 6, 4, 4, 4, 4, 4, 8, 4, 2, 6, 4, 4, 6, 6, 6, 8, 6, 2, 6, 4, 2, 8, 6, 2, 8, 6, 8, 2, 6, 4, 4, 8, 6, 2, 6, 4, 6, 6, 4, 6, 6, 4, 2, 2, 4]], 0.2412255232]
[[4, [4, 6, 2, 2, 2, 2, 4, 6, 8, 6, 8, 4, 2, 2, 6, 8, 6, 4, 8, 2, 6, 6, 8, 2, 2, 6, 4, 2, 8, 6, 2, 8, 6, 2, 6, 6, 4, 4, 8, 4, 8, 6, 6, 2, 6, 4, 8, 2, 4, 2, 2, 4]], 0.2745849856]
[[10, [2, 4, 2, 2, 6, 2, 4, 6, 8, 4, 8, 8, 2, 6, 6, 6, 6, 2, 4, 2, 6, 6, 2, 6, 2, 6, 8, 8, 2, 6, 6, 2, 6, 4, 2, 6, 4, 2, 2, 6, 2, 8, 4, 6, 6, 4, 8, 6, 6, 6, 4, 6]], 0.6145579007999998]
[[4, [2, 6, 6, 2, 6, 2, 4, 6, 8, 4, 8, 8, 8, 8, 6, 6, 6, 4, 2, 8, 6, 6, 8, 4, 2, 8, 4, 2, 4, 6, 2, 6, 6, 8, 2, 6, 4, 4, 8, 6, 4, 6, 4, 6, 8, 4, 8, 6, 4, 2, 2, 4]], 0.3321968639999999]
[[4, [2, 6, 4, 2, 8, 2, 4, 6, 8, 4, 8, 8, 2, 8, 2, 8, 6, 8, 6, 2, 6, 6, 8, 6, 2, 6, 8, 2, 8, 6, 6, 8, 2, 8, 2, 6, 4, 4, 8, 6, 8, 6, 2, 6, 6, 4, 6, 4, 4, 2, 4, 4]], 0.32170127359999995]
[[13, [2, 2, 4, 2, 8, 2, 2, 6, 4, 6, 8, 6, 2, 8, 6, 8, 6, 4, 2, 2, 6, 6, 2, 6, 6, 6, 8, 2, 8, 6, 6, 8, 2, 4, 2, 8, 6, 2, 2, 4, 2, 8, 4, 6, 2, 8, 8, 6, 4, 6, 8, 6]], 0.9166092288000001]
[[4, [4, 4, 6, 2, 4, 2, 8, 6, 8, 4, 8, 4, 6, 8, 6, 6, 6, 4, 2, 2, 6, 6, 8, 6, 2, 8, 4, 2, 2, 6, 2, 6, 6, 8, 2, 6, 4, 6, 8, 6, 8, 6, 8, 6, 6, 2, 8, 6, 4, 2, 2, 4]], 0.3070539776]
[[4, [8, 6, 6, 2, 4, 2, 4, 6, 8, 4, 8, 4, 2, 4, 6, 8, 6, 4, 4, 2, 6, 6, 6, 6, 2, 6, 4, 2, 8, 6, 2, 2, 6, 8, 2, 6, 4, 6, 6, 6, 6, 6, 4, 6, 6, 4, 8, 6, 4, 2, 6, 6]], 0.2936772608]
[[4, [8, 8, 4, 8, 4, 2, 4, 4, 8, 4, 8, 4, 2, 4, 6, 8, 6, 4, 4, 6, 6, 6, 8, 6, 2, 6, 4, 8, 8, 6, 4, 2, 4, 2, 2, 6, 4, 8, 2, 6, 6, 6, 8, 6, 6, 4, 8, 6, 4, 2, 4, 6]], 0.304180224]
[[4, [4, 4, 6, 2, 4, 6, 8, 6, 4, 4, 8, 4, 6, 8, 8, 6, 6, 4, 2, 2, 6, 6, 2, 6, 6, 8, 4, 2, 2, 6, 2, 2, 6, 8, 2, 6, 4, 6, 4, 6, 8, 6, 8, 6, 6, 6, 8, 6, 4, 2, 2, 4]], 0.31128760320000004]
[[15, [4, 4, 6, 4, 6, 2, 8, 6, 8, 6, 8, 4, 6, 8, 6, 2, 6, 2, 2, 2, 6, 6, 4, 6, 4, 8, 4, 2, 2, 6, 8, 6, 4, 4, 2, 6, 4, 4, 2, 4, 2, 6, 6, 6, 4, 2, 6, 8, 4, 2, 2, 4]], 1.0121902079999996]
[[10, [8, 6, 6, 2, 4, 2, 4, 6, 8, 6, 8, 6, 2, 4, 6, 4, 8, 2, 4, 2, 6, 8, 6, 6, 2, 6, 4, 2, 8, 6, 4, 2, 6, 8, 2, 8, 4, 6, 6, 6, 6, 2, 4, 6, 6, 4, 6, 6, 4, 2, 6, 6]], 0.6325999616]
[[0, [6, 6, 2, 2, 4, 2, 4, 6, 8, 4, 8, 4, 2, 4, 6, 8, 6, 4, 4, 2, 6, 6, 6, 8, 2, 6, 2, 2, 8, 6, 2, 4, 6, 8, 2, 6, 4, 6, 6, 6, 6, 6, 4, 6, 6, 8, 8, 6, 8, 2, 8, 6]], 0.047876300800000014]
[[4, [4, 8, 6, 2, 4, 2, 8, 2, 8, 4, 8, 8, 6, 2, 4, 6, 6, 4, 2, 2, 6, 6, 8, 6, 6, 8, 4, 2, 2, 6, 2, 6, 2, 8, 2, 6, 4, 4, 6, 6, 8, 6, 8, 6, 2, 2, 8, 4, 6, 4, 2, 4]], 0.3011966976]
[[4, [6, 4, 6, 2, 4, 4, 4, 8, 8, 2, 8, 8, 2, 8, 6, 6, 6, 4, 2, 2, 6, 6, 8, 8, 6, 8, 4, 2, 2, 6, 6, 4, 2, 6, 2, 6, 4, 6, 8, 6, 8, 6, 8, 6, 6, 2, 8, 6, 2, 2, 2, 8]], 0.3196319743999999]
[[2, [4, 4, 6, 2, 4, 4, 8, 6, 8, 4, 8, 4, 2, 8, 6, 6, 2, 4, 2, 8, 4, 6, 6, 6, 2, 4, 4, 2, 2, 6, 2, 2, 4, 8, 4, 2, 8, 6, 8, 6, 8, 6, 8, 6, 6, 2, 8, 6, 4, 2, 8, 4]], 0.1526028288]
[[9, [8, 6, 6, 6, 4, 2, 4, 6, 8, 4, 8, 4, 2, 4, 6, 8, 6, 4, 4, 2, 4, 8, 6, 6, 2, 6, 4, 2, 8, 6, 6, 2, 6, 8, 2, 8, 8, 6, 8, 6, 6, 6, 6, 8, 6, 4, 8, 6, 4, 2, 6, 6]], 0.5895264256]
[[1, [8, 6, 6, 8, 8, 2, 4, 6, 8, 4, 8, 4, 2, 4, 6, 4, 2, 4, 4, 2, 6, 2, 4, 6, 4, 6, 4, 2, 8, 6, 6, 2, 6, 6, 2, 6, 4, 6, 6, 6, 4, 6, 4, 4, 6, 4, 8, 6, 2, 2, 6, 6]], 0.1081874432]
[[10, [6, 4, 6, 2, 4, 2, 8, 6, 8, 6, 8, 8, 6, 6, 6, 8, 6, 4, 2, 2, 6, 6, 4, 6, 2, 8, 4, 4, 2, 6, 6, 6, 6, 8, 2, 6, 4, 6, 8, 6, 8, 6, 6, 6, 8, 2, 8, 6, 4, 2, 2, 6]], 0.6517741568]
[[0, [8, 6, 4, 2, 2, 2, 4, 6, 8, 4, 8, 4, 2, 4, 6, 8, 4, 4, 8, 2, 6, 2, 6, 8, 2, 6, 4, 6, 8, 4, 8, 6, 4, 8, 2, 6, 4, 6, 8, 6, 6, 6, 4, 6, 4, 6, 6, 6, 4, 6, 6, 6]], 0.05269729280000001]
[[9, [2, 4, 2, 6, 4, 6, 8, 2, 6, 4, 8, 4, 6, 4, 6, 6, 6, 2, 2, 2, 6, 6, 8, 2, 2, 8, 4, 2, 6, 6, 2, 6, 4, 8, 2, 6, 4, 6, 4, 6, 8, 6, 6, 2, 8, 8, 8, 6, 4, 2, 4, 8]], 0.5482821631999998]
[[4, [4, 4, 6, 8, 4, 2, 8, 6, 8, 4, 8, 4, 6, 8, 6, 6, 6, 4, 2, 2, 6, 8, 8, 6, 2, 8, 4, 2, 2, 6, 2, 6, 6, 6, 6, 6, 4, 6, 4, 4, 2, 6, 8, 6, 6, 2, 8, 6, 8, 8, 2, 4]], 0.31803453439999996]
[[0, [8, 6, 6, 2, 4, 2, 4, 6, 8, 4, 8, 6, 2, 2, 6, 8, 6, 4, 4, 2, 6, 6, 6, 4, 2, 4, 6, 2, 8, 8, 2, 2, 6, 8, 2, 6, 4, 6, 6, 6, 2, 6, 2, 6, 2, 4, 8, 6, 4, 2, 6, 8]], 0.05635747840000001]
[[10, [4, 4, 8, 2, 8, 2, 8, 6, 6, 2, 8, 4, 6, 8, 6, 6, 8, 4, 2, 2, 6, 6, 6, 6, 2, 8, 4, 2, 2, 4, 8, 4, 6, 6, 2, 4, 8, 6, 8, 6, 8, 6, 8, 2, 6, 8, 2, 6, 4, 4, 8, 4]], 0.6142171135999999]
[[4, [8, 6, 4, 2, 4, 2, 8, 6, 6, 4, 2, 4, 2, 4, 6, 8, 6, 4, 4, 2, 6, 6, 6, 6, 2, 6, 4, 2, 8, 6, 2, 2, 6, 2, 2, 6, 2, 6, 6, 8, 6, 2, 4, 6, 6, 2, 8, 6, 4, 6, 6, 6]], 0.2655844352]
[[4, [8, 6, 6, 2, 4, 2, 8, 6, 8, 4, 8, 4, 2, 4, 6, 8, 6, 4, 4, 2, 6, 6, 6, 6, 2, 8, 4, 2, 6, 6, 2, 8, 8, 8, 6, 6, 4, 6, 8, 2, 6, 6, 4, 6, 6, 4, 8, 4, 4, 4, 8, 6]], 0.300997632]
[[2, [8, 6, 4, 6, 4, 6, 8, 4, 6, 4, 4, 4, 2, 4, 2, 2, 8, 4, 4, 8, 6, 6, 6, 8, 2, 6, 4, 8, 8, 6, 2, 2, 6, 2, 4, 6, 2, 2, 4, 8, 6, 6, 8, 6, 6, 2, 8, 6, 4, 2, 6, 6]], 0.1617672192]
[[4, [8, 6, 6, 4, 4, 2, 8, 6, 6, 4, 2, 4, 2, 4, 6, 8, 6, 4, 4, 2, 4, 6, 8, 6, 2, 6, 8, 2, 8, 6, 2, 2, 6, 2, 2, 6, 2, 8, 6, 4, 6, 8, 4, 6, 6, 2, 8, 8, 4, 6, 6, 6]], 0.27290480640000003]
[[4, [8, 6, 4, 2, 4, 2, 8, 6, 6, 4, 2, 4, 4, 4, 6, 4, 6, 6, 4, 8, 4, 2, 6, 6, 2, 6, 8, 6, 8, 8, 2, 2, 6, 2, 2, 6, 2, 8, 4, 6, 6, 2, 4, 6, 6, 8, 6, 6, 4, 6, 8, 6]], 0.25289666560000007]
[[9, [4, 6, 4, 2, 8, 2, 8, 2, 6, 2, 2, 4, 4, 4, 6, 2, 2, 6, 4, 8, 2, 2, 6, 6, 6, 6, 4, 6, 8, 8, 2, 2, 2, 2, 2, 2, 2, 8, 4, 2, 2, 2, 4, 6, 6, 2, 6, 6, 4, 6, 8, 6]], 0.5228640256]
[[6, [2, 6, 2, 2, 4, 4, 8, 6, 6, 4, 2, 6, 6, 4, 6, 8, 6, 4, 4, 2, 6, 6, 4, 6, 2, 6, 4, 2, 4, 2, 2, 2, 6, 2, 8, 6, 2, 6, 6, 8, 6, 2, 4, 6, 6, 2, 2, 6, 4, 6, 2, 6]], 0.37018808319999996]
[[4, [8, 6, 4, 2, 4, 4, 8, 6, 6, 8, 2, 4, 6, 4, 6, 8, 6, 4, 4, 2, 4, 6, 6, 6, 2, 6, 2, 2, 8, 4, 8, 2, 6, 2, 6, 6, 2, 6, 6, 8, 6, 2, 4, 8, 8, 2, 8, 6, 4, 6, 2, 2]], 0.2882148352000001]
[[7, [6, 4, 6, 2, 8, 2, 4, 6, 8, 4, 6, 4, 2, 4, 4, 8, 6, 4, 4, 8, 6, 6, 6, 2, 2, 4, 4, 2, 8, 6, 2, 2, 8, 8, 4, 6, 4, 2, 6, 6, 8, 6, 4, 8, 6, 4, 8, 8, 2, 2, 6, 6]], 0.443874304]
[[7, [8, 6, 6, 2, 2, 2, 4, 6, 8, 6, 8, 4, 2, 4, 6, 6, 6, 4, 4, 2, 6, 6, 2, 6, 2, 6, 4, 2, 8, 8, 2, 8, 6, 4, 8, 6, 4, 6, 2, 6, 6, 6, 4, 2, 6, 4, 8, 6, 2, 2, 6, 6]], 0.4481423359999999]
[[4, [8, 6, 2, 6, 4, 6, 2, 8, 6, 4, 2, 2, 8, 4, 6, 4, 6, 6, 4, 8, 4, 2, 8, 6, 8, 6, 8, 4, 8, 8, 2, 2, 2, 2, 2, 4, 2, 8, 4, 6, 2, 6, 4, 2, 6, 8, 6, 2, 6, 6, 8, 6]], 0.2646489088]
[[12, [8, 2, 6, 2, 4, 2, 8, 6, 2, 4, 2, 4, 2, 4, 6, 8, 6, 4, 6, 2, 4, 6, 6, 6, 8, 8, 4, 2, 6, 4, 4, 6, 8, 8, 4, 6, 8, 6, 8, 2, 6, 6, 4, 6, 6, 4, 8, 4, 6, 6, 8, 6]], 0.7629240319999999]
[[6, [8, 6, 4, 4, 4, 2, 8, 6, 2, 8, 8, 4, 6, 4, 6, 4, 6, 8, 4, 6, 6, 2, 6, 4, 2, 6, 2, 6, 4, 8, 2, 2, 6, 4, 6, 6, 2, 8, 4, 6, 6, 2, 4, 6, 6, 2, 8, 6, 6, 6, 8, 6]], 0.36688834559999994]
[[15, [8, 6, 4, 2, 2, 4, 2, 6, 6, 4, 2, 8, 4, 4, 8, 8, 6, 4, 4, 2, 6, 6, 6, 6, 8, 6, 4, 8, 6, 6, 2, 6, 4, 2, 2, 8, 2, 2, 6, 8, 6, 2, 4, 6, 4, 4, 6, 6, 4, 2, 6, 6]], 1.0967341056000002]
[[4, [8, 6, 6, 2, 4, 4, 4, 6, 8, 4, 8, 4, 2, 4, 6, 8, 6, 4, 4, 2, 4, 6, 6, 6, 8, 8, 4, 2, 8, 4, 6, 2, 6, 8, 4, 6, 4, 6, 4, 8, 4, 6, 4, 6, 6, 4, 8, 6, 4, 8, 6, 6]], 0.30150307839999996]
[[4, [4, 4, 6, 2, 4, 2, 8, 2, 8, 4, 8, 4, 6, 4, 6, 6, 6, 8, 2, 2, 4, 6, 6, 6, 2, 8, 8, 2, 8, 6, 2, 6, 8, 8, 2, 6, 4, 6, 4, 6, 8, 6, 8, 6, 6, 2, 8, 6, 4, 2, 2, 4]], 0.28083302400000004]
[[4, [6, 6, 6, 2, 4, 2, 8, 6, 6, 4, 2, 4, 2, 4, 4, 8, 2, 4, 4, 2, 6, 6, 6, 6, 2, 6, 2, 2, 6, 6, 4, 8, 6, 4, 2, 6, 2, 6, 6, 8, 8, 2, 4, 6, 6, 2, 8, 6, 4, 6, 6, 6]], 0.2563659776]
[[4, [8, 6, 6, 4, 6, 2, 8, 6, 6, 4, 4, 4, 4, 4, 6, 4, 6, 6, 4, 2, 8, 2, 6, 6, 2, 6, 8, 8, 8, 2, 2, 2, 6, 2, 2, 6, 2, 8, 4, 6, 4, 2, 4, 6, 6, 8, 6, 6, 4, 2, 8, 4]], 0.27283599360000005]
[[4, [6, 4, 8, 2, 4, 2, 2, 6, 8, 4, 2, 4, 4, 4, 8, 4, 6, 8, 2, 8, 4, 2, 6, 6, 2, 6, 8, 6, 8, 8, 2, 2, 6, 2, 2, 4, 8, 6, 4, 4, 6, 2, 6, 6, 6, 8, 6, 6, 8, 6, 6, 6]], 0.25230929920000006]
[[8, [8, 6, 4, 2, 4, 6, 4, 6, 8, 4, 8, 4, 2, 4, 6, 8, 4, 4, 4, 2, 6, 8, 6, 8, 2, 6, 8, 6, 6, 6, 2, 2, 8, 8, 2, 6, 6, 6, 6, 2, 2, 4, 4, 6, 6, 4, 8, 6, 4, 2, 8, 6]], 0.5754181631999999]
[[11, [8, 6, 8, 2, 4, 2, 8, 8, 6, 4, 2, 2, 4, 4, 6, 4, 4, 6, 8, 4, 4, 2, 2, 6, 6, 6, 8, 6, 6, 8, 8, 2, 6, 2, 2, 6, 2, 8, 4, 6, 6, 2, 4, 4, 6, 8, 2, 6, 8, 6, 8, 6]], 0.6818985984000001]
[[4, [8, 6, 4, 2, 4, 6, 6, 6, 6, 4, 4, 4, 6, 4, 6, 4, 4, 6, 4, 4, 2, 2, 6, 6, 4, 4, 8, 6, 8, 8, 2, 2, 6, 2, 2, 6, 2, 8, 2, 6, 6, 2, 8, 8, 6, 8, 6, 6, 4, 6, 4, 6]], 0.27286384640000005]
[[4, [8, 6, 4, 6, 4, 2, 8, 6, 4, 4, 2, 6, 4, 4, 6, 4, 4, 6, 4, 6, 4, 2, 8, 4, 2, 6, 8, 2, 8, 8, 2, 2, 6, 2, 2, 8, 2, 8, 2, 8, 6, 2, 2, 6, 6, 2, 6, 2, 6, 8, 8, 6]], 0.2573555712000001]
[[4, [8, 6, 2, 8, 4, 2, 8, 8, 6, 4, 2, 2, 2, 4, 6, 8, 6, 4, 4, 2, 6, 6, 6, 6, 2, 6, 4, 2, 8, 6, 4, 2, 6, 2, 2, 8, 2, 6, 6, 8, 6, 2, 4, 2, 2, 2, 8, 2, 4, 6, 6, 2]], 0.26884157439999995]
[[4, [8, 8, 4, 2, 8, 2, 8, 6, 6, 4, 2, 4, 4, 4, 6, 4, 6, 6, 4, 8, 2, 2, 4, 6, 2, 6, 8, 6, 4, 8, 2, 2, 6, 6, 2, 6, 2, 8, 4, 6, 6, 2, 4, 6, 8, 8, 6, 6, 8, 8, 8, 2]], 0.2700089344]
[[11, [8, 2, 4, 2, 4, 8, 8, 2, 6, 4, 2, 4, 4, 4, 6, 6, 6, 2, 2, 8, 4, 2, 6, 6, 2, 4, 8, 2, 8, 8, 8, 2, 6, 2, 2, 6, 2, 8, 4, 6, 4, 2, 4, 6, 6, 8, 6, 2, 4, 6, 8, 2]], 0.6457366528]
[[4, [8, 6, 6, 2, 4, 4, 8, 2, 8, 4, 4, 4, 4, 4, 6, 4, 6, 8, 4, 8, 2, 2, 6, 6, 8, 6, 8, 6, 2, 8, 2, 2, 8, 2, 2, 6, 2, 4, 4, 2, 6, 2, 8, 8, 6, 6, 6, 6, 6, 6, 4, 6]], 0.2708977664]
[[13, [6, 6, 4, 2, 4, 2, 8, 6, 4, 4, 4, 4, 4, 4, 6, 4, 6, 6, 6, 8, 4, 2, 6, 6, 2, 6, 8, 6, 8, 8, 2, 4, 6, 2, 8, 6, 2, 8, 6, 6, 6, 2, 4, 6, 6, 4, 6, 6, 4, 6, 4, 6]], 0.9152395264]
[[1, [8, 8, 6, 2, 4, 2, 4, 6, 8, 4, 8, 6, 2, 4, 6, 8, 4, 4, 4, 2, 6, 6, 4, 6, 2, 6, 4, 2, 8, 6, 2, 2, 6, 8, 2, 8, 4, 6, 6, 2, 6, 6, 4, 6, 4, 4, 2, 6, 4, 2, 2, 6]], 0.0957462528]
[[2, [8, 6, 2, 2, 4, 6, 4, 8, 8, 4, 8, 4, 2, 4, 4, 8, 6, 4, 4, 2, 6, 6, 8, 6, 2, 8, 4, 4, 8, 6, 2, 2, 2, 6, 2, 6, 4, 6, 2, 6, 6, 6, 8, 6, 8, 8, 4, 6, 4, 2, 4, 6]], 0.16057856000000004]
[[4, [8, 6, 6, 2, 4, 2, 8, 6, 6, 4, 2, 4, 4, 4, 6, 6, 6, 6, 4, 8, 2, 2, 4, 8, 2, 6, 2, 2, 8, 8, 2, 2, 6, 2, 8, 6, 2, 4, 4, 6, 6, 4, 4, 6, 6, 4, 6, 6, 8, 6, 8, 6]], 0.2647717888000001]
[[5, [8, 6, 4, 2, 2, 8, 8, 6, 6, 4, 2, 4, 2, 4, 6, 8, 6, 6, 4, 2, 6, 2, 8, 6, 2, 6, 4, 2, 8, 6, 6, 2, 4, 2, 2, 6, 2, 6, 6, 8, 6, 2, 4, 6, 6, 2, 8, 6, 4, 6, 6, 6]], 0.3244218368]
[[1, [8, 6, 6, 2, 4, 2, 4, 4, 8, 4, 4, 4, 2, 4, 6, 6, 6, 4, 8, 2, 6, 6, 6, 6, 2, 6, 4, 2, 8, 6, 8, 8, 6, 8, 2, 6, 4, 6, 4, 6, 6, 6, 4, 6, 6, 4, 6, 2, 6, 2, 6, 6]], 0.08792043520000001]
[[4, [6, 6, 4, 2, 4, 2, 8, 6, 4, 2, 2, 4, 4, 4, 6, 4, 8, 6, 8, 8, 6, 2, 2, 6, 6, 6, 8, 6, 4, 8, 2, 6, 2, 2, 2, 6, 2, 8, 4, 4, 6, 2, 6, 2, 6, 8, 2, 6, 4, 6, 8, 6]], 0.24399196160000006]
[[4, [8, 6, 6, 2, 4, 2, 8, 6, 4, 4, 2, 8, 4, 4, 6, 4, 6, 4, 4, 8, 8, 2, 6, 6, 4, 6, 8, 6, 8, 8, 2, 2, 6, 2, 6, 6, 2, 2, 4, 6, 6, 2, 4, 8, 6, 8, 6, 6, 4, 6, 8, 6]], 0.26614394880000003]
[[4, [8, 6, 4, 2, 4, 2, 8, 6, 2, 4, 2, 8, 6, 4, 6, 4, 8, 6, 4, 8, 4, 2, 6, 6, 2, 6, 6, 2, 6, 8, 2, 6, 6, 2, 2, 6, 2, 2, 4, 6, 6, 2, 4, 6, 6, 8, 6, 6, 4, 6, 8, 6]], 0.2621421568]
[[4, [8, 6, 6, 2, 4, 2, 4, 6, 8, 4, 8, 4, 2, 4, 6, 2, 6, 4, 4, 2, 6, 6, 6, 6, 2, 6, 4, 2, 4, 6, 2, 2, 6, 8, 2, 6, 4, 6, 4, 6, 6, 8, 4, 2, 6, 2, 8, 6, 4, 2, 6, 6]], 0.269032448]
[[4, [8, 6, 2, 2, 4, 2, 8, 6, 6, 2, 2, 4, 4, 4, 2, 4, 8, 6, 4, 8, 8, 2, 6, 6, 4, 6, 8, 6, 8, 8, 2, 2, 6, 2, 2, 6, 2, 2, 4, 6, 6, 6, 4, 6, 6, 8, 6, 2, 4, 6, 8, 6]], 0.24085114880000005]
[[4, [8, 6, 2, 2, 4, 2, 8, 6, 6, 6, 4, 4, 2, 4, 6, 4, 6, 6, 4, 8, 4, 2, 6, 2, 2, 6, 8, 6, 4, 8, 2, 2, 6, 2, 2, 6, 2, 8, 8, 6, 2, 2, 4, 6, 6, 6, 6, 2, 4, 6, 4, 6]], 0.2571302912]
[[14, [8, 4, 8, 2, 4, 2, 8, 4, 6, 8, 2, 8, 2, 4, 6, 8, 6, 4, 4, 2, 6, 6, 8, 6, 2, 6, 4, 2, 8, 4, 4, 2, 6, 2, 2, 6, 2, 6, 4, 4, 2, 2, 4, 6, 6, 2, 8, 6, 8, 6, 6, 6]], 0.9496123392000001]
[[4, [8, 6, 6, 6, 4, 2, 8, 6, 8, 4, 2, 4, 4, 4, 6, 4, 6, 8, 4, 8, 4, 2, 6, 6, 2, 6, 2, 6, 8, 8, 2, 2, 6, 6, 2, 6, 2, 8, 4, 2, 6, 2, 4, 6, 6, 8, 6, 6, 4, 6, 4, 6]], 0.27170304000000006]
[[4, [8, 6, 4, 2, 4, 4, 4, 6, 8, 4, 2, 4, 4, 4, 6, 4, 6, 2, 4, 8, 4, 2, 6, 2, 2, 6, 8, 6, 8, 8, 6, 6, 6, 2, 2, 6, 2, 8, 4, 6, 6, 2, 4, 6, 6, 8, 6, 6, 2, 6, 6, 6]], 0.2612279296000001]
[[4, [8, 2, 6, 2, 4, 2, 4, 6, 4, 4, 8, 8, 4, 4, 6, 8, 2, 4, 4, 2, 6, 6, 6, 4, 2, 6, 6, 2, 8, 8, 2, 2, 6, 8, 2, 6, 6, 4, 6, 6, 6, 6, 4, 6, 6, 4, 8, 6, 4, 2, 6, 6]], 0.2760448]
[[4, [8, 6, 4, 2, 8, 2, 6, 4, 6, 4, 8, 6, 4, 4, 8, 4, 6, 6, 4, 8, 6, 2, 6, 6, 8, 6, 4, 6, 8, 8, 2, 2, 6, 2, 6, 8, 2, 4, 4, 6, 6, 2, 4, 6, 6, 8, 6, 6, 4, 6, 8, 6]], 0.2907469824]
[[6, [8, 6, 4, 2, 4, 4, 6, 6, 6, 4, 2, 8, 2, 4, 6, 4, 6, 6, 4, 8, 4, 6, 6, 6, 6, 6, 8, 2, 8, 8, 2, 2, 6, 8, 2, 6, 2, 8, 4, 6, 6, 2, 4, 6, 6, 8, 6, 6, 4, 6, 8, 6]], 0.373431296]
[[1, [8, 2, 4, 8, 8, 2, 8, 6, 6, 8, 2, 4, 4, 4, 6, 4, 6, 6, 4, 8, 4, 2, 6, 6, 2, 6, 8, 8, 8, 4, 8, 2, 4, 2, 6, 4, 2, 8, 4, 6, 6, 8, 4, 6, 2, 4, 6, 6, 4, 6, 8, 6]], 0.09619599360000002]
[[4, [8, 6, 4, 2, 8, 2, 6, 8, 6, 4, 8, 4, 4, 4, 8, 2, 6, 6, 4, 8, 8, 2, 6, 8, 8, 6, 4, 2, 8, 8, 2, 2, 6, 2, 6, 8, 2, 2, 4, 6, 8, 2, 4, 6, 6, 4, 6, 6, 2, 6, 8, 6]], 0.28311203840000004]
[[5, [8, 6, 4, 2, 2, 8, 8, 8, 6, 4, 2, 4, 4, 4, 6, 8, 6, 6, 4, 2, 2, 2, 8, 4, 2, 6, 4, 6, 8, 6, 2, 8, 4, 2, 2, 6, 2, 6, 6, 8, 6, 2, 4, 6, 6, 4, 2, 6, 4, 6, 6, 6]], 0.332807168]
[[4, [8, 6, 4, 2, 8, 6, 8, 6, 8, 4, 2, 6, 8, 4, 6, 8, 6, 4, 4, 8, 6, 2, 6, 2, 2, 6, 8, 2, 8, 6, 4, 4, 6, 2, 2, 8, 4, 6, 2, 8, 6, 2, 4, 2, 6, 6, 8, 4, 6, 6, 6, 6]], 0.3182811136]
[[4, [8, 6, 4, 6, 8, 4, 8, 6, 4, 4, 2, 6, 8, 4, 6, 8, 8, 2, 4, 4, 6, 2, 6, 2, 2, 6, 4, 2, 8, 8, 2, 4, 6, 2, 2, 8, 4, 6, 2, 8, 6, 2, 4, 2, 6, 6, 8, 4, 6, 6, 6, 6]], 0.30586613760000003]
[[4, [8, 6, 4, 8, 2, 6, 6, 2, 6, 4, 8, 6, 4, 4, 8, 2, 6, 6, 4, 8, 6, 2, 6, 2, 8, 6, 4, 6, 8, 8, 6, 2, 4, 4, 6, 6, 2, 4, 4, 2, 6, 2, 4, 6, 6, 8, 6, 6, 2, 4, 6, 6]], 0.2905913344]
[[14, [2, 6, 6, 2, 4, 2, 8, 6, 6, 4, 2, 4, 4, 4, 6, 4, 6, 6, 4, 8, 4, 8, 8, 8, 2, 2, 8, 6, 8, 8, 8, 2, 6, 2, 6, 6, 4, 8, 4, 2, 6, 2, 4, 8, 6, 6, 6, 6, 2, 2, 8, 6]], 1.0552498175999998]
[[4, [8, 6, 4, 2, 8, 6, 8, 6, 8, 4, 2, 6, 8, 4, 6, 2, 6, 2, 4, 2, 6, 2, 6, 8, 2, 6, 8, 2, 8, 6, 6, 4, 6, 2, 2, 8, 8, 6, 2, 8, 8, 2, 4, 2, 6, 8, 8, 4, 4, 2, 6, 6]], 0.2936363008]
[[3, [4, 4, 4, 2, 8, 6, 4, 6, 8, 2, 8, 4, 8, 4, 6, 2, 6, 2, 4, 2, 6, 2, 6, 8, 2, 4, 8, 6, 8, 4, 6, 4, 2, 2, 8, 8, 8, 6, 2, 8, 8, 8, 4, 2, 6, 8, 8, 4, 4, 2, 6, 4]], 0.2484566016]
[[9, [6, 4, 4, 2, 8, 6, 4, 6, 8, 2, 4, 4, 8, 4, 6, 2, 6, 2, 4, 2, 6, 2, 6, 8, 6, 4, 8, 6, 8, 4, 6, 4, 2, 2, 4, 8, 4, 6, 2, 8, 4, 8, 4, 2, 6, 8, 8, 4, 4, 4, 2, 4]], 0.5869213695999999]
[[3, [2, 2, 4, 2, 8, 6, 4, 4, 8, 2, 8, 4, 8, 4, 6, 2, 6, 4, 4, 2, 6, 4, 6, 8, 2, 4, 8, 6, 8, 2, 6, 4, 2, 2, 8, 8, 8, 8, 2, 8, 8, 8, 6, 2, 6, 8, 8, 4, 4, 6, 6, 2]], 0.234826752]
[[6, [8, 6, 4, 2, 8, 4, 8, 6, 8, 4, 8, 6, 8, 8, 6, 2, 6, 4, 4, 4, 6, 6, 8, 6, 2, 6, 8, 6, 8, 6, 4, 4, 6, 4, 2, 8, 8, 6, 8, 8, 8, 2, 2, 2, 6, 8, 8, 4, 4, 2, 6, 6]], 0.42562826239999996]
[[0, [4, 4, 4, 6, 8, 6, 4, 6, 8, 2, 4, 6, 2, 4, 6, 6, 6, 2, 6, 8, 4, 2, 6, 8, 2, 4, 8, 4, 8, 4, 6, 4, 2, 2, 8, 8, 2, 6, 2, 8, 8, 8, 4, 2, 6, 8, 8, 4, 4, 2, 6, 4]], 0.0498702336]
[[3, [4, 4, 4, 2, 4, 6, 4, 6, 8, 2, 8, 4, 8, 4, 6, 4, 6, 2, 4, 2, 6, 2, 4, 8, 2, 4, 8, 6, 8, 4, 6, 4, 2, 2, 8, 8, 8, 6, 2, 6, 8, 8, 4, 2, 6, 8, 8, 4, 4, 2, 6, 4]], 0.2391701504]
[[14, [4, 4, 6, 2, 8, 6, 4, 6, 8, 4, 8, 4, 6, 4, 6, 8, 6, 6, 4, 2, 6, 2, 6, 8, 2, 4, 6, 6, 8, 4, 6, 2, 2, 2, 8, 8, 8, 6, 2, 8, 8, 2, 8, 6, 6, 2, 2, 4, 4, 8, 6, 4]], 1.0260068352]
[[8, [4, 4, 4, 2, 6, 2, 2, 6, 8, 2, 8, 4, 8, 4, 6, 6, 2, 2, 8, 4, 4, 2, 6, 8, 2, 4, 8, 6, 2, 4, 8, 8, 4, 2, 4, 2, 2, 6, 2, 8, 6, 8, 4, 4, 6, 4, 8, 4, 4, 4, 6, 4]], 0.503294976]
[[7, [4, 4, 4, 2, 8, 6, 4, 6, 4, 2, 8, 4, 8, 4, 8, 6, 6, 2, 4, 2, 6, 2, 4, 6, 2, 2, 6, 6, 8, 4, 6, 4, 4, 2, 6, 2, 8, 6, 8, 8, 8, 2, 4, 2, 6, 8, 2, 4, 4, 2, 6, 8]], 0.43997409279999994]
[[8, [6, 8, 4, 4, 4, 2, 6, 6, 4, 4, 8, 2, 4, 2, 6, 6, 6, 6, 4, 4, 6, 2, 6, 6, 8, 6, 2, 6, 8, 2, 2, 2, 6, 2, 2, 6, 6, 2, 4, 6, 8, 2, 4, 4, 6, 8, 6, 6, 4, 4, 8, 6]], 0.5192112127999999]
[[4, [8, 8, 4, 2, 8, 6, 8, 6, 8, 2, 2, 6, 2, 4, 6, 8, 2, 8, 4, 4, 6, 2, 6, 2, 2, 6, 8, 4, 8, 6, 4, 4, 8, 2, 4, 8, 2, 4, 2, 8, 6, 2, 4, 2, 6, 6, 8, 4, 6, 6, 6, 6]], 0.30373621759999997]
[[4, [8, 4, 4, 2, 8, 6, 8, 6, 8, 2, 2, 2, 6, 4, 6, 8, 2, 8, 4, 6, 6, 2, 6, 2, 2, 6, 8, 4, 8, 6, 2, 4, 8, 4, 4, 8, 2, 8, 2, 8, 6, 2, 4, 2, 6, 6, 8, 4, 8, 6, 2, 6]], 0.2781558784]
[[3, [4, 8, 4, 2, 8, 6, 4, 6, 8, 2, 6, 4, 8, 4, 6, 2, 6, 2, 4, 2, 6, 2, 6, 8, 8, 4, 8, 6, 8, 8, 6, 4, 2, 2, 8, 8, 8, 6, 2, 8, 8, 8, 4, 2, 6, 4, 8, 4, 4, 4, 6, 4]], 0.2561325056]
[[3, [4, 4, 4, 4, 4, 6, 4, 6, 8, 2, 8, 4, 8, 4, 6, 2, 4, 4, 4, 4, 6, 2, 6, 4, 2, 8, 8, 8, 8, 4, 6, 4, 2, 2, 4, 2, 8, 6, 2, 8, 8, 8, 2, 2, 8, 4, 6, 8, 4, 2, 6, 4]], 0.242830336]
[[11, [8, 4, 6, 2, 8, 6, 8, 6, 8, 2, 2, 2, 8, 4, 6, 8, 2, 8, 4, 6, 6, 6, 6, 2, 6, 6, 8, 8, 8, 6, 2, 4, 8, 4, 4, 8, 2, 8, 4, 8, 6, 6, 4, 2, 6, 6, 2, 4, 8, 6, 6, 6]], 0.7499036671999997]
[[13, [4, 4, 4, 8, 8, 6, 4, 6, 8, 2, 8, 6, 8, 4, 6, 2, 6, 2, 6, 2, 6, 2, 6, 6, 2, 4, 8, 2, 8, 4, 2, 4, 2, 2, 6, 8, 6, 6, 2, 4, 8, 8, 4, 2, 6, 2, 8, 6, 4, 2, 6, 4]], 0.8702834687999998]
[[3, [4, 4, 4, 2, 8, 2, 4, 6, 8, 2, 8, 6, 8, 4, 6, 6, 6, 2, 2, 2, 6, 2, 6, 6, 2, 2, 8, 6, 8, 6, 6, 4, 2, 2, 8, 4, 8, 6, 2, 8, 8, 2, 8, 2, 8, 8, 8, 4, 4, 2, 6, 4]], 0.241511424]
[[3, [4, 4, 4, 2, 8, 6, 4, 6, 8, 6, 4, 4, 2, 4, 6, 4, 6, 2, 6, 2, 6, 2, 6, 8, 2, 4, 8, 6, 6, 4, 6, 4, 2, 4, 6, 2, 8, 6, 2, 4, 8, 2, 4, 2, 2, 8, 8, 4, 8, 8, 6, 4]], 0.2285991936]
[[4, [8, 4, 2, 2, 8, 6, 8, 6, 8, 2, 8, 2, 6, 4, 6, 8, 2, 8, 6, 4, 6, 2, 6, 2, 2, 6, 2, 4, 2, 6, 2, 4, 8, 6, 4, 8, 2, 8, 2, 4, 2, 8, 4, 2, 6, 2, 2, 4, 8, 6, 6, 6]], 0.29842288640000003]
[[9, [8, 8, 8, 2, 8, 6, 8, 6, 8, 2, 4, 2, 6, 4, 6, 4, 2, 2, 2, 6, 6, 2, 8, 2, 2, 8, 6, 4, 8, 6, 2, 4, 6, 4, 4, 6, 2, 8, 2, 8, 6, 2, 2, 2, 6, 6, 8, 4, 8, 6, 6, 6]], 0.5638223871999998]
[[3, [4, 4, 6, 2, 4, 2, 4, 2, 8, 8, 8, 6, 8, 2, 6, 6, 6, 2, 2, 2, 6, 8, 6, 6, 4, 6, 4, 6, 8, 6, 6, 4, 4, 2, 8, 4, 8, 6, 8, 8, 8, 2, 8, 2, 8, 8, 8, 4, 4, 6, 2, 6]], 0.22911201280000001]
[[8, [8, 4, 4, 2, 8, 6, 8, 6, 8, 2, 2, 2, 6, 4, 6, 4, 2, 8, 4, 2, 6, 2, 2, 2, 2, 6, 8, 8, 6, 6, 2, 4, 8, 4, 4, 6, 2, 8, 2, 8, 6, 4, 2, 6, 6, 6, 8, 4, 6, 6, 6, 6]], 0.4930091007999998]
[[3, [4, 4, 6, 2, 4, 2, 4, 8, 6, 2, 8, 8, 8, 6, 6, 6, 8, 2, 2, 2, 6, 2, 6, 6, 2, 2, 8, 6, 8, 6, 6, 6, 2, 2, 8, 4, 8, 6, 2, 8, 8, 2, 8, 2, 8, 4, 8, 4, 4, 2, 4, 4]], 0.24987627520000005]
[[15, [6, 4, 4, 2, 8, 2, 6, 6, 8, 2, 8, 6, 8, 4, 6, 6, 6, 2, 8, 4, 6, 2, 4, 6, 2, 2, 8, 6, 8, 6, 6, 4, 2, 2, 8, 4, 4, 4, 6, 6, 8, 2, 8, 2, 8, 8, 8, 4, 4, 2, 6, 2]], 1.1370289151999997]
[[12, [4, 4, 8, 2, 2, 2, 4, 6, 2, 2, 8, 6, 8, 4, 6, 6, 6, 2, 2, 6, 6, 6, 6, 6, 4, 2, 6, 6, 8, 8, 6, 4, 2, 2, 8, 4, 8, 6, 2, 8, 8, 2, 6, 8, 8, 8, 8, 8, 8, 4, 6, 4]], 0.771030016]
[[3, [4, 2, 4, 2, 8, 2, 4, 4, 8, 2, 8, 6, 8, 4, 6, 6, 6, 2, 8, 2, 6, 2, 6, 6, 2, 4, 8, 6, 8, 6, 6, 4, 2, 8, 4, 4, 8, 6, 2, 8, 8, 8, 8, 4, 8, 8, 8, 4, 4, 2, 8, 4]], 0.2290423808]
[[3, [4, 4, 2, 2, 4, 2, 8, 6, 4, 2, 2, 6, 8, 2, 6, 6, 2, 8, 2, 2, 6, 2, 6, 6, 2, 6, 8, 4, 8, 6, 6, 4, 2, 2, 8, 2, 8, 6, 6, 8, 8, 2, 8, 4, 8, 8, 8, 4, 4, 6, 6, 4]], 0.18783907840000003]
[[3, [4, 4, 8, 2, 8, 2, 6, 6, 8, 2, 8, 6, 8, 4, 6, 6, 8, 4, 8, 2, 6, 2, 2, 6, 2, 2, 8, 6, 8, 6, 6, 4, 2, 2, 8, 4, 6, 6, 2, 6, 8, 2, 8, 2, 4, 8, 8, 4, 4, 2, 6, 4]], 0.2524919808]
[[3, [4, 4, 4, 8, 8, 6, 4, 6, 8, 2, 8, 4, 8, 4, 4, 2, 6, 6, 4, 2, 6, 2, 6, 8, 2, 4, 8, 8, 8, 8, 2, 8, 2, 2, 8, 8, 8, 6, 2, 8, 8, 4, 6, 2, 6, 8, 8, 4, 4, 4, 2, 8]], 0.2594371584]
[[3, [4, 4, 4, 2, 8, 4, 4, 6, 8, 2, 8, 2, 8, 8, 6, 6, 6, 2, 4, 2, 6, 2, 6, 8, 2, 4, 8, 6, 2, 4, 4, 4, 6, 2, 8, 8, 8, 6, 2, 8, 4, 8, 6, 6, 6, 6, 8, 4, 4, 2, 6, 4]], 0.2488588288]
[[6, [8, 4, 4, 2, 8, 8, 4, 6, 8, 2, 8, 6, 8, 4, 4, 6, 6, 2, 2, 2, 6, 2, 6, 6, 2, 2, 8, 6, 8, 2, 6, 4, 2, 2, 8, 4, 8, 6, 6, 8, 8, 2, 2, 2, 2, 6, 8, 4, 4, 6, 6, 4]], 0.38137262079999984]
[[12, [4, 4, 4, 2, 2, 2, 4, 4, 8, 2, 8, 4, 8, 6, 6, 2, 6, 2, 4, 2, 2, 2, 6, 2, 2, 4, 8, 6, 8, 4, 6, 4, 4, 2, 8, 8, 2, 6, 2, 8, 6, 8, 4, 2, 6, 8, 8, 4, 4, 2, 6, 4]], 0.7234762752]
[[4, [8, 8, 4, 2, 8, 6, 8, 8, 8, 2, 2, 2, 6, 4, 6, 8, 2, 8, 6, 6, 6, 2, 6, 2, 2, 6, 8, 2, 8, 6, 2, 4, 8, 4, 4, 8, 2, 2, 2, 6, 6, 2, 8, 2, 6, 6, 8, 4, 8, 2, 2, 6]], 0.2984507392]
[[3, [4, 4, 4, 2, 2, 6, 6, 6, 8, 6, 8, 4, 8, 2, 6, 2, 2, 2, 4, 6, 6, 2, 6, 4, 2, 4, 8, 6, 4, 4, 6, 4, 2, 2, 8, 8, 8, 6, 2, 8, 6, 8, 4, 2, 6, 4, 8, 8, 2, 2, 6, 4]], 0.23704023040000002]
[[3, [4, 4, 4, 2, 8, 2, 8, 6, 6, 2, 8, 6, 8, 4, 6, 6, 6, 2, 2, 2, 6, 2, 8, 6, 4, 2, 8, 6, 8, 6, 6, 4, 2, 4, 8, 4, 8, 6, 2, 8, 8, 6, 8, 2, 8, 8, 8, 4, 4, 6, 8, 4]], 0.24100597760000003]
[[3, [4, 4, 4, 2, 8, 4, 4, 6, 2, 2, 6, 4, 8, 4, 6, 2, 2, 8, 4, 2, 6, 2, 6, 8, 2, 4, 8, 2, 8, 8, 6, 4, 4, 2, 4, 8, 8, 6, 2, 6, 4, 8, 4, 2, 6, 8, 8, 2, 4, 8, 6, 8]], 0.20917760000000002]
[[3, [4, 4, 4, 2, 4, 2, 4, 6, 8, 2, 2, 6, 8, 4, 6, 6, 6, 2, 2, 2, 6, 6, 6, 6, 2, 6, 8, 6, 8, 6, 6, 4, 8, 2, 8, 4, 8, 6, 2, 8, 8, 2, 8, 2, 6, 8, 8, 8, 4, 6, 2, 4]], 0.2082977792]
[[11, [4, 4, 8, 2, 8, 8, 4, 6, 8, 2, 4, 6, 6, 4, 6, 8, 6, 2, 2, 2, 2, 2, 6, 6, 2, 4, 8, 6, 8, 4, 6, 4, 2, 2, 8, 8, 8, 6, 2, 8, 8, 4, 2, 2, 2, 8, 8, 4, 4, 8, 6, 4]], 0.7191762943999999]
[[4, [4, 4, 4, 2, 8, 2, 4, 6, 8, 2, 8, 6, 8, 4, 6, 6, 6, 4, 2, 2, 6, 2, 6, 2, 2, 2, 8, 6, 2, 6, 6, 4, 8, 2, 2, 4, 8, 8, 2, 8, 8, 2, 8, 6, 8, 8, 6, 4, 4, 2, 4, 8]], 0.2972137472]
[[8, [6, 6, 4, 2, 8, 6, 4, 6, 8, 2, 2, 2, 8, 4, 6, 8, 6, 8, 4, 4, 6, 2, 6, 2, 8, 6, 8, 4, 8, 6, 2, 4, 8, 4, 4, 8, 6, 4, 2, 8, 6, 2, 4, 2, 2, 6, 8, 6, 8, 6, 8, 4]], 0.5635749887999998]
[[4, [8, 6, 4, 2, 2, 6, 6, 8, 4, 6, 2, 2, 6, 4, 6, 8, 2, 2, 6, 6, 6, 8, 6, 2, 2, 6, 8, 2, 2, 6, 2, 4, 8, 8, 4, 8, 4, 2, 2, 6, 4, 2, 8, 4, 4, 6, 8, 4, 8, 4, 2, 6]], 0.26470379520000004]
[[4, [4, 4, 4, 2, 6, 6, 6, 6, 8, 2, 8, 2, 4, 4, 6, 2, 6, 6, 4, 2, 6, 2, 6, 8, 2, 4, 8, 6, 8, 4, 6, 2, 2, 4, 8, 8, 8, 6, 2, 8, 8, 6, 4, 2, 6, 8, 8, 4, 4, 2, 6, 4]], 0.27055534079999993]
[[2, [4, 4, 4, 6, 8, 2, 8, 6, 6, 2, 8, 6, 8, 4, 6, 6, 6, 2, 8, 2, 6, 2, 6, 8, 2, 6, 8, 6, 8, 6, 2, 6, 2, 2, 8, 4, 8, 2, 2, 8, 6, 4, 8, 8, 8, 8, 6, 4, 4, 2, 6, 4]], 0.14623764479999998]
[[4, [8, 4, 2, 2, 8, 2, 4, 6, 4, 6, 8, 6, 8, 4, 6, 2, 6, 4, 8, 2, 6, 4, 6, 2, 4, 2, 2, 6, 2, 6, 6, 4, 8, 2, 2, 4, 4, 8, 2, 8, 8, 2, 8, 2, 6, 8, 6, 4, 4, 2, 4, 8]], 0.2711140352]
[[3, [8, 2, 4, 4, 8, 2, 4, 6, 8, 2, 8, 6, 8, 4, 6, 6, 6, 2, 2, 2, 6, 2, 6, 6, 2, 6, 8, 6, 8, 4, 6, 4, 2, 2, 8, 4, 8, 6, 2, 8, 8, 6, 6, 2, 8, 8, 8, 4, 4, 8, 6, 4]], 0.2396674048]
[[3, [4, 4, 4, 2, 8, 8, 4, 6, 8, 2, 8, 6, 8, 4, 2, 6, 6, 2, 2, 2, 6, 4, 6, 6, 2, 2, 8, 6, 8, 6, 2, 6, 6, 2, 8, 4, 6, 6, 2, 8, 8, 2, 8, 8, 8, 8, 8, 4, 4, 2, 6, 4]], 0.2649888768]
[[3, [4, 4, 4, 2, 8, 8, 2, 8, 8, 8, 8, 2, 8, 4, 6, 6, 6, 2, 2, 2, 4, 2, 6, 6, 2, 2, 8, 6, 8, 6, 6, 4, 2, 2, 8, 4, 6, 6, 8, 2, 8, 2, 2, 2, 8, 2, 8, 4, 4, 4, 6, 4]], 0.2595395584]
[[3, [4, 4, 6, 2, 8, 6, 4, 6, 2, 2, 6, 4, 4, 4, 6, 2, 6, 2, 4, 2, 2, 2, 6, 8, 2, 6, 8, 6, 8, 2, 6, 4, 2, 2, 6, 8, 8, 6, 6, 8, 8, 4, 4, 8, 6, 6, 8, 4, 4, 2, 6, 2]], 0.21317939200000002]
[[2, [4, 2, 4, 4, 8, 2, 4, 6, 8, 2, 8, 2, 8, 4, 2, 6, 6, 4, 8, 2, 6, 2, 6, 6, 8, 2, 8, 4, 8, 6, 6, 2, 2, 4, 8, 4, 8, 6, 2, 8, 8, 2, 8, 6, 8, 8, 8, 4, 4, 6, 6, 2]], 0.135257088]
[[3, [8, 4, 4, 2, 2, 2, 4, 2, 8, 2, 8, 2, 8, 4, 2, 2, 6, 4, 8, 2, 6, 2, 4, 6, 2, 6, 8, 6, 2, 6, 6, 8, 2, 2, 8, 4, 8, 6, 2, 8, 4, 2, 8, 4, 8, 8, 8, 8, 4, 8, 4, 4]], 0.2032039936]
[[10, [4, 4, 4, 2, 8, 2, 4, 8, 2, 2, 8, 4, 8, 4, 6, 6, 6, 6, 8, 2, 6, 2, 2, 6, 2, 2, 8, 6, 8, 6, 6, 4, 2, 6, 8, 4, 4, 6, 2, 8, 2, 2, 8, 4, 8, 8, 8, 4, 4, 2, 6, 4]], 0.6445389823999998]
[[7, [8, 8, 4, 2, 8, 6, 8, 8, 8, 8, 2, 4, 6, 4, 6, 8, 8, 8, 8, 4, 6, 2, 2, 2, 6, 4, 8, 8, 8, 6, 4, 4, 8, 8, 4, 8, 6, 2, 2, 6, 2, 2, 8, 2, 6, 6, 8, 6, 8, 8, 2, 4]], 0.5257066495999999]
[[4, [8, 8, 4, 2, 8, 4, 8, 6, 6, 2, 2, 6, 2, 2, 4, 8, 2, 8, 4, 6, 6, 2, 4, 2, 2, 6, 8, 4, 8, 6, 4, 4, 8, 2, 4, 8, 2, 4, 2, 4, 6, 2, 2, 2, 6, 6, 8, 4, 6, 6, 6, 6]], 0.2753837056]
[[4, [2, 4, 4, 2, 6, 2, 4, 2, 8, 2, 8, 2, 8, 4, 8, 6, 6, 4, 8, 6, 2, 2, 6, 2, 2, 2, 8, 6, 2, 2, 6, 4, 6, 8, 6, 4, 4, 8, 2, 8, 8, 2, 8, 8, 2, 8, 2, 4, 4, 2, 2, 8]], 0.26894397439999995]
[[3, [2, 4, 4, 2, 8, 8, 4, 6, 8, 2, 8, 6, 8, 4, 6, 6, 8, 4, 2, 2, 6, 2, 4, 6, 2, 2, 2, 8, 8, 6, 6, 4, 4, 2, 8, 6, 8, 2, 2, 8, 8, 2, 8, 2, 8, 8, 8, 8, 4, 2, 6, 4]], 0.2638280704]
[[3, [4, 4, 4, 2, 2, 2, 8, 6, 8, 2, 8, 4, 8, 4, 6, 2, 6, 2, 2, 2, 6, 2, 2, 6, 2, 2, 8, 6, 4, 6, 2, 4, 2, 2, 8, 4, 8, 6, 2, 8, 8, 4, 6, 2, 2, 8, 8, 2, 4, 2, 6, 4]], 0.22619566080000003]
[[2, [4, 4, 4, 2, 8, 2, 8, 6, 8, 8, 8, 6, 8, 8, 6, 2, 6, 2, 2, 2, 6, 2, 2, 8, 2, 2, 8, 6, 8, 6, 6, 4, 2, 6, 6, 4, 8, 6, 2, 8, 8, 2, 8, 4, 2, 8, 6, 4, 4, 8, 8, 4]], 0.157723648]
[[3, [4, 4, 4, 2, 2, 6, 4, 6, 4, 2, 8, 4, 8, 6, 6, 2, 6, 2, 2, 2, 4, 2, 2, 2, 2, 2, 8, 6, 4, 6, 6, 4, 2, 2, 8, 2, 6, 6, 2, 8, 8, 4, 6, 2, 2, 8, 8, 2, 2, 2, 6, 4]], 0.22734254080000005]
[[8, [2, 4, 4, 2, 8, 8, 4, 6, 6, 2, 8, 6, 8, 4, 6, 6, 6, 2, 2, 2, 6, 6, 6, 8, 2, 2, 8, 6, 8, 2, 6, 4, 2, 2, 8, 6, 8, 6, 8, 8, 8, 2, 8, 2, 8, 8, 8, 6, 4, 2, 6, 4]], 0.5563045887999999]
[[3, [4, 4, 4, 2, 2, 2, 8, 6, 6, 2, 8, 6, 8, 4, 8, 2, 4, 8, 2, 2, 2, 2, 6, 6, 2, 2, 8, 4, 2, 6, 2, 4, 2, 6, 8, 4, 6, 6, 2, 8, 6, 8, 6, 4, 2, 8, 4, 8, 8, 2, 8, 4]], 0.22707630080000002]
[[14, [4, 2, 4, 2, 8, 8, 4, 6, 8, 2, 8, 6, 8, 4, 6, 6, 6, 2, 8, 2, 6, 6, 6, 6, 2, 2, 8, 6, 4, 2, 6, 4, 2, 2, 8, 4, 8, 6, 2, 4, 8, 2, 6, 2, 6, 8, 8, 4, 4, 2, 2, 2]], 1.0405001215999996]
[[13, [4, 4, 4, 2, 6, 2, 4, 6, 8, 2, 8, 6, 8, 4, 6, 4, 6, 2, 2, 2, 6, 4, 6, 6, 2, 2, 8, 6, 4, 2, 2, 4, 2, 2, 8, 6, 8, 6, 6, 8, 8, 6, 8, 2, 8, 8, 8, 2, 4, 2, 6, 4]], 0.9232005119999998]
[[3, [4, 6, 4, 2, 6, 2, 8, 6, 8, 2, 8, 6, 4, 4, 6, 4, 6, 2, 2, 4, 6, 2, 6, 6, 2, 4, 8, 6, 8, 2, 6, 8, 2, 8, 4, 4, 8, 4, 8, 6, 8, 2, 8, 2, 8, 2, 8, 4, 4, 2, 8, 4]], 0.244530176]
[[5, [2, 4, 6, 2, 8, 2, 6, 6, 6, 2, 2, 6, 4, 4, 6, 8, 6, 2, 2, 2, 6, 2, 6, 6, 2, 6, 8, 6, 8, 6, 8, 4, 2, 2, 8, 4, 8, 6, 2, 8, 8, 2, 8, 2, 4, 8, 8, 4, 4, 2, 6, 4]], 0.2956720128]
[[3, [4, 4, 4, 2, 8, 2, 4, 6, 2, 2, 8, 2, 8, 4, 6, 6, 6, 2, 2, 2, 6, 2, 4, 6, 6, 2, 8, 6, 8, 2, 6, 4, 8, 2, 8, 4, 6, 2, 2, 8, 8, 2, 8, 2, 8, 8, 4, 4, 8, 2, 6, 4]], 0.200621056]
[[8, [4, 4, 4, 2, 8, 2, 4, 6, 8, 2, 8, 6, 8, 4, 8, 6, 6, 2, 2, 2, 4, 8, 6, 8, 2, 2, 2, 6, 8, 6, 8, 6, 8, 2, 8, 6, 8, 6, 2, 8, 8, 2, 8, 4, 8, 8, 6, 4, 4, 2, 6, 4]], 0.5299812351999998]
[[6, [4, 8, 4, 4, 8, 2, 8, 6, 8, 6, 8, 6, 8, 6, 6, 6, 6, 4, 8, 2, 8, 2, 8, 2, 2, 2, 8, 6, 2, 6, 4, 4, 8, 2, 2, 4, 8, 8, 2, 8, 8, 2, 8, 6, 8, 8, 6, 4, 4, 2, 2, 8]], 0.4390811648]
[[10, [8, 2, 4, 2, 8, 6, 4, 6, 6, 2, 8, 2, 8, 4, 6, 2, 4, 2, 8, 2, 6, 2, 6, 6, 2, 4, 6, 4, 8, 8, 6, 4, 2, 2, 8, 8, 8, 4, 8, 8, 8, 2, 8, 2, 2, 6, 8, 4, 4, 2, 4, 4]], 0.6299613184]
[[1, [4, 4, 4, 2, 2, 2, 2, 6, 8, 2, 4, 4, 8, 4, 6, 2, 8, 6, 8, 2, 6, 8, 2, 6, 2, 2, 2, 6, 4, 6, 8, 4, 2, 2, 8, 4, 8, 6, 2, 2, 8, 6, 6, 2, 2, 8, 8, 2, 6, 2, 6, 4]], 0.06580940800000001]
[[3, [6, 2, 4, 2, 2, 2, 8, 6, 6, 2, 4, 6, 8, 4, 8, 2, 4, 8, 2, 4, 6, 2, 6, 6, 2, 6, 8, 4, 2, 6, 2, 4, 2, 6, 8, 4, 6, 6, 2, 8, 6, 2, 8, 4, 6, 8, 4, 4, 2, 2, 8, 2]], 0.20445982720000003]
[[3, [4, 8, 2, 2, 4, 2, 8, 8, 6, 2, 8, 6, 8, 4, 8, 2, 4, 8, 2, 2, 2, 2, 6, 4, 2, 2, 4, 4, 2, 8, 2, 2, 2, 6, 8, 8, 8, 6, 2, 8, 6, 8, 6, 4, 4, 8, 4, 8, 8, 2, 8, 2]], 0.2483542016]
[[3, [4, 4, 4, 6, 8, 6, 4, 6, 6, 2, 6, 4, 8, 4, 6, 2, 8, 2, 6, 8, 4, 2, 6, 8, 6, 4, 8, 6, 8, 6, 6, 4, 2, 2, 8, 8, 8, 8, 2, 2, 8, 8, 4, 2, 4, 8, 8, 4, 4, 2, 6, 4]], 0.239975424]
[[3, [6, 4, 4, 2, 8, 8, 4, 6, 8, 2, 8, 6, 8, 2, 6, 6, 6, 2, 2, 2, 6, 2, 6, 6, 2, 2, 8, 6, 8, 6, 6, 2, 2, 4, 6, 4, 8, 6, 2, 8, 8, 2, 8, 6, 8, 8, 2, 4, 4, 2, 6, 4]], 0.257682432]
[[2, [8, 4, 6, 2, 8, 2, 4, 6, 8, 2, 8, 6, 8, 4, 6, 4, 2, 2, 2, 2, 6, 2, 6, 6, 2, 2, 4, 6, 8, 6, 6, 4, 2, 2, 8, 4, 8, 6, 8, 8, 8, 2, 8, 8, 8, 8, 8, 4, 4, 2, 6, 6]], 0.14540451840000002]
[[3, [4, 4, 4, 2, 2, 4, 8, 6, 6, 2, 2, 2, 8, 4, 8, 2, 2, 2, 2, 2, 2, 8, 6, 6, 6, 2, 4, 4, 2, 4, 2, 4, 2, 6, 8, 2, 6, 6, 2, 8, 2, 8, 2, 8, 6, 2, 4, 2, 2, 6, 8, 4]], 0.1935620096]
[[0, [4, 6, 4, 2, 8, 2, 4, 6, 6, 2, 8, 6, 8, 4, 6, 4, 6, 2, 2, 2, 6, 2, 4, 6, 2, 4, 8, 6, 8, 6, 8, 4, 2, 8, 8, 4, 8, 6, 6, 8, 8, 2, 8, 6, 8, 8, 8, 4, 4, 2, 6, 2]], 0.05037568]
[[9, [4, 4, 8, 2, 8, 2, 2, 6, 8, 6, 8, 6, 8, 4, 6, 6, 6, 2, 8, 4, 6, 2, 4, 6, 2, 4, 8, 6, 2, 8, 6, 4, 2, 2, 8, 4, 8, 6, 6, 6, 8, 2, 8, 2, 8, 8, 2, 4, 2, 8, 4, 4]], 0.5878659072]
[[3, [4, 4, 2, 2, 8, 2, 4, 4, 8, 2, 8, 8, 8, 4, 2, 6, 6, 2, 2, 2, 6, 2, 8, 6, 2, 2, 8, 6, 8, 6, 6, 4, 2, 2, 8, 4, 2, 6, 6, 8, 6, 2, 8, 8, 8, 8, 8, 4, 4, 2, 6, 4]], 0.2419144704]
[[3, [8, 4, 6, 2, 2, 2, 4, 6, 2, 2, 8, 6, 8, 4, 8, 4, 4, 8, 2, 2, 2, 2, 6, 6, 2, 2, 8, 4, 2, 6, 2, 6, 6, 6, 2, 4, 6, 6, 2, 4, 6, 8, 4, 4, 2, 8, 4, 8, 8, 2, 8, 4]], 0.2100860928]
[[0, [4, 4, 4, 6, 8, 2, 4, 6, 8, 2, 8, 6, 8, 4, 6, 2, 6, 2, 2, 2, 6, 2, 6, 6, 2, 2, 8, 8, 8, 4, 6, 4, 2, 2, 8, 6, 8, 2, 8, 2, 2, 2, 8, 2, 4, 2, 8, 8, 4, 2, 6, 8]], 0.0498702336]
[[9, [4, 4, 4, 2, 6, 2, 4, 6, 4, 6, 8, 6, 8, 2, 6, 6, 6, 2, 2, 2, 8, 2, 4, 6, 2, 2, 8, 6, 8, 6, 6, 4, 2, 2, 8, 4, 8, 6, 2, 8, 8, 4, 8, 2, 8, 8, 8, 4, 4, 2, 6, 8]], 0.5530384384]
[[8, [4, 4, 4, 2, 8, 6, 4, 6, 2, 4, 8, 6, 8, 4, 6, 6, 4, 2, 2, 2, 6, 2, 6, 6, 8, 8, 8, 6, 6, 6, 6, 4, 8, 2, 8, 4, 8, 6, 2, 2, 6, 2, 4, 2, 8, 8, 8, 4, 2, 2, 6, 4]], 0.5543073792]
[[3, [4, 4, 4, 2, 2, 2, 8, 6, 6, 2, 8, 6, 8, 4, 4, 2, 4, 8, 2, 2, 2, 2, 6, 6, 2, 8, 8, 4, 2, 6, 2, 4, 2, 6, 8, 4, 6, 6, 2, 2, 2, 8, 6, 4, 4, 8, 6, 8, 8, 2, 8, 4]], 0.22707630080000002]
[[10, [6, 4, 4, 8, 2, 4, 4, 6, 6, 6, 8, 6, 8, 2, 8, 2, 4, 8, 2, 2, 2, 4, 6, 6, 2, 2, 8, 2, 8, 6, 2, 6, 2, 8, 8, 4, 4, 2, 4, 8, 6, 8, 6, 6, 2, 8, 4, 2, 8, 2, 8, 2]], 0.6357047295999999]
[[3, [4, 4, 4, 2, 6, 2, 4, 6, 8, 2, 8, 8, 4, 8, 6, 6, 6, 2, 8, 6, 6, 2, 6, 4, 2, 2, 8, 6, 8, 6, 6, 4, 2, 4, 8, 4, 8, 6, 2, 8, 8, 6, 2, 2, 8, 8, 8, 2, 4, 2, 6, 4]], 0.2550249472]
[[7, [4, 6, 4, 4, 2, 2, 8, 8, 6, 2, 4, 6, 2, 8, 8, 2, 8, 8, 2, 2, 2, 2, 6, 8, 2, 2, 8, 4, 2, 6, 2, 2, 2, 6, 8, 4, 6, 6, 2, 8, 6, 8, 6, 4, 2, 8, 4, 8, 8, 2, 2, 4]], 0.4447942655999999]
[[10, [4, 4, 4, 2, 8, 2, 2, 6, 8, 2, 8, 6, 4, 4, 6, 6, 2, 2, 2, 6, 6, 2, 6, 2, 2, 2, 8, 6, 6, 4, 6, 2, 2, 2, 8, 4, 8, 6, 2, 8, 8, 2, 8, 8, 6, 8, 6, 4, 4, 2, 6, 4]], 0.5845727231999996]
[[15, [8, 6, 6, 2, 8, 2, 2, 2, 8, 8, 8, 6, 8, 4, 6, 6, 6, 8, 2, 2, 6, 2, 6, 6, 2, 2, 8, 6, 8, 6, 6, 4, 2, 2, 8, 4, 8, 6, 2, 8, 8, 2, 8, 8, 8, 8, 8, 4, 4, 8, 6, 4]], 1.2401596415999998]
[[10, [4, 4, 6, 2, 2, 2, 4, 6, 8, 2, 8, 6, 4, 4, 2, 6, 6, 2, 2, 2, 4, 2, 6, 6, 8, 8, 8, 6, 6, 6, 6, 4, 2, 6, 8, 4, 8, 6, 8, 8, 8, 2, 2, 2, 8, 8, 6, 4, 6, 2, 6, 4]], 0.6513539071999999]
[[1, [4, 4, 6, 2, 8, 2, 4, 6, 2, 6, 4, 6, 8, 4, 2, 6, 6, 6, 2, 2, 6, 2, 6, 6, 8, 2, 4, 6, 8, 6, 6, 4, 2, 2, 8, 8, 8, 6, 2, 8, 8, 2, 4, 2, 8, 8, 8, 4, 4, 2, 8, 4]], 0.087059456]
[[3, [4, 4, 4, 2, 2, 2, 4, 6, 6, 4, 8, 6, 2, 4, 8, 2, 6, 6, 2, 6, 2, 4, 6, 6, 8, 8, 8, 6, 6, 6, 2, 8, 2, 8, 8, 4, 6, 8, 6, 8, 6, 8, 6, 4, 2, 8, 4, 8, 8, 2, 8, 4]], 0.21218979840000002]
[[2, [4, 6, 4, 2, 2, 2, 8, 6, 6, 2, 8, 6, 8, 4, 2, 2, 4, 8, 2, 8, 2, 2, 6, 8, 2, 4, 8, 4, 2, 6, 2, 4, 2, 6, 8, 4, 2, 6, 4, 8, 6, 8, 6, 4, 2, 8, 8, 8, 8, 2, 4, 6]], 0.13281341440000002]
[[3, [4, 2, 4, 2, 2, 2, 8, 6, 4, 2, 8, 6, 8, 2, 8, 8, 4, 6, 2, 2, 2, 2, 6, 8, 2, 2, 8, 2, 8, 8, 2, 2, 2, 6, 8, 4, 6, 2, 2, 8, 6, 4, 6, 4, 2, 8, 4, 8, 8, 6, 2, 4]], 0.20295741440000004]
[[8, [4, 4, 4, 6, 2, 2, 4, 8, 6, 2, 8, 4, 8, 2, 4, 2, 4, 8, 2, 6, 2, 2, 6, 6, 2, 2, 8, 4, 2, 6, 2, 4, 2, 6, 6, 4, 6, 6, 2, 8, 6, 6, 8, 8, 2, 8, 4, 8, 8, 2, 8, 4]], 0.4512815103999999]
[[3, [4, 4, 4, 8, 8, 2, 4, 6, 8, 2, 8, 6, 8, 4, 6, 6, 6, 2, 2, 2, 6, 2, 6, 6, 2, 8, 8, 6, 8, 6, 6, 2, 2, 2, 8, 4, 8, 6, 2, 8, 8, 8, 8, 2, 8, 8, 8, 4, 2, 2, 6, 4]], 0.2524919808]
[[3, [4, 4, 8, 2, 8, 2, 4, 6, 8, 4, 8, 4, 8, 4, 6, 6, 6, 2, 2, 2, 6, 2, 6, 2, 2, 2, 8, 6, 8, 6, 2, 4, 2, 2, 8, 4, 4, 4, 4, 8, 8, 2, 8, 2, 8, 8, 8, 4, 4, 2, 6, 4]], 0.24378552320000002]
[[15, [4, 8, 4, 2, 8, 2, 6, 6, 8, 2, 8, 6, 8, 4, 4, 8, 6, 2, 2, 2, 6, 2, 6, 6, 8, 2, 8, 6, 8, 6, 2, 4, 2, 2, 8, 8, 8, 6, 8, 8, 8, 2, 8, 2, 8, 8, 8, 8, 4, 2, 6, 4]], 1.2386285568]
[[3, [4, 4, 4, 4, 2, 2, 8, 6, 6, 6, 8, 6, 8, 8, 6, 6, 4, 8, 6, 6, 2, 4, 6, 6, 4, 4, 4, 4, 4, 6, 2, 4, 2, 6, 8, 4, 2, 6, 2, 8, 6, 8, 6, 4, 2, 8, 4, 8, 8, 2, 8, 4]], 0.25499136000000006]
[[3, [4, 2, 4, 6, 8, 2, 4, 4, 8, 2, 6, 6, 8, 4, 8, 2, 6, 2, 2, 6, 6, 2, 6, 6, 2, 2, 4, 6, 8, 4, 6, 6, 4, 8, 6, 4, 8, 6, 2, 8, 8, 2, 8, 2, 8, 8, 8, 4, 4, 2, 6, 4]], 0.2283870208]
[[3, [2, 4, 4, 2, 8, 2, 4, 6, 8, 2, 2, 6, 8, 4, 6, 8, 6, 2, 2, 6, 6, 2, 4, 6, 2, 4, 8, 6, 8, 6, 4, 4, 2, 2, 8, 4, 8, 4, 2, 8, 8, 2, 4, 2, 2, 8, 4, 8, 4, 2, 8, 2]], 0.216423424]
[[3, [4, 4, 8, 2, 8, 8, 4, 8, 8, 2, 8, 2, 8, 4, 6, 8, 4, 2, 2, 2, 6, 2, 6, 6, 4, 8, 8, 4, 8, 6, 6, 4, 2, 4, 2, 4, 4, 8, 2, 8, 8, 2, 8, 2, 8, 8, 8, 6, 4, 2, 6, 4]], 0.2595395584]
[[15, [4, 4, 4, 2, 2, 6, 8, 6, 6, 2, 8, 6, 4, 4, 8, 2, 4, 8, 2, 2, 2, 4, 6, 6, 2, 2, 2, 4, 2, 4, 2, 4, 2, 6, 8, 4, 6, 8, 2, 8, 6, 8, 6, 4, 2, 8, 4, 8, 8, 2, 4, 4]], 1.0643314687999996]
[[13, [8, 4, 4, 2, 2, 2, 8, 6, 8, 2, 8, 4, 8, 4, 6, 2, 6, 6, 8, 2, 6, 8, 2, 8, 6, 2, 8, 6, 4, 6, 2, 4, 6, 2, 8, 4, 8, 6, 2, 8, 8, 4, 6, 6, 2, 8, 8, 2, 4, 2, 6, 6]], 0.9811802111999998]
[[7, [4, 4, 8, 2, 8, 6, 4, 6, 8, 6, 8, 6, 8, 2, 6, 6, 8, 2, 6, 2, 6, 2, 6, 6, 2, 2, 8, 6, 8, 6, 6, 4, 2, 6, 8, 4, 8, 6, 2, 8, 2, 2, 4, 2, 8, 8, 8, 8, 4, 2, 2, 4]], 0.4917491711999999]
[[7, [4, 4, 4, 4, 6, 6, 8, 6, 6, 8, 8, 6, 8, 4, 8, 4, 6, 8, 2, 2, 2, 2, 6, 6, 2, 4, 8, 2, 4, 2, 2, 4, 4, 6, 8, 4, 6, 6, 2, 8, 4, 8, 6, 4, 2, 6, 4, 8, 8, 2, 8, 4]], 0.4797913087999999]
[[3, [4, 4, 4, 2, 4, 8, 4, 8, 6, 2, 8, 6, 8, 4, 6, 6, 8, 2, 2, 2, 6, 2, 6, 6, 2, 2, 8, 6, 8, 6, 6, 4, 6, 2, 8, 4, 2, 6, 2, 8, 8, 2, 8, 2, 2, 8, 8, 4, 4, 2, 8, 2]], 0.2525198336]
[[5, [4, 6, 4, 2, 6, 2, 8, 6, 6, 2, 2, 6, 8, 4, 2, 4, 4, 4, 2, 2, 2, 2, 6, 6, 2, 2, 6, 4, 6, 8, 2, 6, 2, 6, 8, 4, 6, 2, 4, 6, 6, 8, 6, 8, 8, 6, 4, 8, 8, 2, 8, 4]], 0.283094016]
[[4, [4, 4, 4, 2, 8, 2, 4, 6, 8, 2, 4, 6, 2, 4, 6, 6, 4, 8, 2, 2, 2, 2, 6, 4, 4, 4, 8, 6, 2, 6, 4, 2, 8, 2, 2, 4, 8, 8, 6, 8, 8, 6, 4, 6, 8, 8, 6, 4, 4, 2, 4, 2]], 0.2662938624]
[[3, [2, 4, 4, 6, 2, 4, 4, 8, 2, 2, 2, 6, 2, 4, 6, 6, 8, 2, 2, 2, 6, 2, 6, 6, 2, 8, 8, 6, 8, 2, 6, 4, 4, 8, 8, 4, 4, 6, 2, 8, 8, 2, 8, 2, 8, 4, 8, 4, 4, 2, 6, 4]], 0.187579392]
[[3, [4, 6, 6, 4, 8, 2, 2, 6, 8, 2, 8, 6, 8, 4, 2, 6, 6, 4, 2, 2, 6, 2, 8, 6, 2, 2, 8, 6, 8, 6, 6, 4, 2, 2, 6, 2, 2, 6, 2, 8, 8, 2, 6, 2, 8, 2, 8, 4, 4, 2, 8, 4]], 0.2529974272]
[[7, [8, 4, 4, 2, 2, 2, 4, 6, 8, 2, 8, 6, 8, 4, 8, 6, 6, 8, 2, 2, 2, 4, 8, 6, 2, 2, 8, 4, 8, 6, 2, 8, 8, 6, 8, 6, 6, 6, 2, 8, 8, 8, 6, 4, 2, 6, 4, 8, 8, 2, 8, 4]], 0.4585682943999999]
[[9, [4, 4, 6, 2, 2, 2, 8, 6, 6, 2, 8, 4, 8, 4, 6, 2, 4, 8, 2, 2, 2, 6, 6, 6, 2, 8, 8, 4, 4, 2, 4, 4, 6, 4, 2, 4, 6, 6, 6, 6, 2, 8, 6, 4, 4, 8, 6, 8, 8, 2, 4, 4]], 0.5384607744]
[[10, [4, 4, 4, 2, 2, 2, 8, 6, 6, 2, 8, 6, 8, 4, 4, 2, 4, 8, 2, 2, 6, 2, 6, 6, 6, 2, 8, 4, 6, 6, 2, 2, 2, 6, 8, 6, 4, 6, 2, 2, 2, 8, 6, 4, 4, 8, 6, 8, 8, 2, 8, 4]], 0.6107797503999999]
[[2, [4, 4, 6, 2, 4, 8, 8, 6, 6, 4, 8, 6, 2, 4, 8, 2, 4, 6, 8, 2, 2, 2, 6, 6, 2, 4, 2, 6, 2, 6, 2, 2, 2, 6, 8, 4, 6, 6, 4, 8, 6, 8, 4, 4, 2, 2, 4, 2, 2, 2, 8, 4]], 0.16042864640000004]
[[3, [4, 4, 4, 2, 8, 6, 4, 6, 8, 2, 8, 6, 8, 6, 6, 6, 6, 2, 6, 2, 6, 4, 8, 6, 4, 4, 8, 6, 8, 6, 6, 4, 2, 2, 8, 4, 8, 6, 2, 8, 8, 2, 8, 2, 2, 8, 8, 4, 8, 2, 2, 4]], 0.2656303104]
[[3, [4, 4, 4, 6, 2, 2, 8, 6, 6, 8, 8, 6, 8, 4, 8, 6, 8, 4, 6, 2, 2, 4, 6, 6, 2, 2, 8, 4, 2, 6, 2, 4, 2, 6, 8, 6, 4, 6, 2, 8, 6, 8, 8, 4, 2, 8, 4, 4, 8, 4, 6, 6]], 0.2453772288]
[[3, [8, 4, 4, 2, 8, 4, 4, 2, 8, 2, 8, 6, 8, 4, 6, 6, 6, 2, 2, 2, 2, 8, 4, 8, 2, 2, 8, 6, 8, 6, 6, 8, 2, 2, 8, 4, 2, 8, 2, 8, 8, 2, 8, 2, 8, 4, 8, 4, 4, 2, 6, 8]], 0.24237240319999998]
[[0, [4, 4, 4, 2, 2, 2, 8, 6, 6, 4, 8, 6, 8, 4, 8, 2, 4, 8, 2, 2, 2, 2, 6, 6, 2, 2, 8, 4, 2, 6, 2, 4, 2, 6, 6, 4, 2, 2, 2, 8, 6, 8, 6, 8, 2, 8, 4, 8, 8, 2, 8, 8]], 0.042549862400000006]
[[3, [6, 4, 4, 2, 8, 4, 8, 2, 8, 2, 4, 6, 4, 4, 6, 6, 6, 2, 2, 6, 8, 4, 4, 2, 2, 2, 8, 6, 8, 6, 6, 8, 4, 2, 8, 4, 4, 8, 2, 8, 8, 2, 8, 4, 8, 4, 8, 4, 4, 6, 6, 8]], 0.2250962944]
[[13, [4, 4, 4, 2, 8, 2, 6, 6, 8, 6, 8, 8, 8, 2, 8, 6, 6, 6, 4, 2, 4, 2, 6, 4, 6, 6, 8, 6, 8, 4, 4, 4, 8, 2, 8, 8, 8, 8, 6, 8, 8, 4, 8, 8, 8, 4, 6, 4, 4, 2, 4, 8]], 1.0560911359999998]
[[4, [4, 4, 8, 2, 8, 2, 4, 6, 8, 2, 8, 2, 4, 4, 6, 6, 6, 4, 6, 2, 4, 2, 6, 2, 2, 2, 8, 8, 8, 2, 6, 2, 8, 2, 2, 4, 2, 8, 2, 8, 4, 2, 6, 6, 6, 8, 6, 4, 4, 2, 4, 8]], 0.279636992]
[[3, [8, 4, 4, 2, 2, 4, 4, 2, 8, 2, 8, 2, 8, 4, 2, 6, 6, 4, 2, 2, 2, 8, 4, 8, 2, 2, 8, 6, 6, 6, 6, 8, 2, 2, 8, 4, 8, 8, 6, 4, 8, 2, 2, 2, 8, 8, 8, 6, 4, 2, 8, 8]], 0.2110298112]
[[3, [4, 8, 4, 2, 8, 8, 2, 2, 8, 2, 4, 8, 8, 4, 6, 6, 6, 2, 2, 2, 6, 2, 6, 6, 4, 2, 8, 4, 8, 6, 6, 4, 2, 2, 8, 4, 8, 6, 2, 8, 8, 2, 8, 2, 8, 8, 8, 4, 2, 2, 6, 4]], 0.2604488704]
[[5, [8, 4, 8, 2, 8, 4, 4, 2, 8, 2, 8, 6, 8, 4, 4, 8, 4, 2, 2, 8, 2, 2, 4, 8, 2, 8, 8, 2, 2, 6, 6, 8, 2, 2, 8, 2, 2, 2, 8, 8, 8, 8, 8, 2, 2, 8, 8, 4, 4, 2, 6, 2]], 0.3401816064]
[[3, [4, 4, 4, 2, 2, 2, 8, 8, 6, 2, 8, 6, 6, 4, 8, 2, 8, 8, 2, 2, 2, 2, 6, 6, 6, 2, 8, 4, 2, 6, 8, 2, 2, 6, 8, 6, 6, 6, 2, 8, 4, 8, 6, 6, 2, 2, 4, 8, 8, 2, 8, 8]], 0.22797742080000005]
[[5, [4, 6, 8, 2, 8, 4, 4, 2, 8, 2, 8, 6, 8, 4, 4, 8, 4, 2, 2, 8, 2, 6, 4, 8, 6, 8, 8, 2, 8, 6, 6, 6, 2, 2, 8, 2, 2, 2, 8, 8, 2, 8, 8, 2, 2, 8, 8, 4, 4, 2, 8, 2]], 0.34568581119999997]
[[3, [4, 4, 8, 8, 8, 2, 8, 6, 6, 8, 8, 6, 8, 8, 8, 2, 4, 8, 2, 2, 6, 2, 6, 8, 2, 4, 8, 4, 2, 6, 6, 2, 6, 6, 8, 4, 6, 6, 2, 8, 8, 8, 8, 4, 8, 8, 4, 8, 6, 2, 8, 4]], 0.2872219648]
[[5, [8, 4, 8, 2, 2, 2, 6, 2, 8, 2, 8, 6, 8, 4, 4, 8, 4, 6, 2, 8, 8, 2, 4, 4, 2, 8, 8, 2, 6, 6, 2, 8, 2, 2, 8, 4, 2, 2, 8, 2, 8, 6, 8, 6, 2, 6, 4, 4, 4, 2, 4, 4]], 0.3305535488]
[[8, [4, 8, 2, 2, 2, 2, 8, 6, 8, 6, 8, 4, 8, 6, 6, 2, 6, 6, 2, 4, 6, 8, 2, 6, 6, 2, 8, 6, 4, 6, 2, 4, 8, 2, 4, 2, 8, 4, 2, 8, 8, 4, 4, 2, 2, 8, 8, 2, 4, 2, 6, 4]], 0.5527533567999999]
[[10, [4, 4, 4, 2, 8, 2, 4, 6, 8, 8, 8, 6, 8, 4, 6, 6, 6, 2, 2, 2, 4, 8, 4, 6, 2, 2, 8, 6, 8, 6, 6, 6, 2, 2, 4, 4, 8, 6, 2, 8, 4, 2, 6, 2, 8, 8, 8, 4, 4, 2, 6, 4]], 0.6539786239999998]
[[4, [2, 4, 4, 2, 2, 4, 8, 6, 6, 2, 2, 8, 8, 6, 8, 2, 2, 4, 6, 4, 2, 4, 4, 4, 8, 2, 4, 4, 6, 2, 2, 8, 2, 6, 8, 4, 6, 6, 2, 8, 6, 8, 8, 4, 4, 8, 4, 4, 8, 2, 8, 4]], 0.2630096896]
[[5, [8, 4, 8, 2, 8, 4, 4, 2, 8, 2, 8, 6, 8, 4, 4, 8, 2, 2, 2, 8, 2, 2, 4, 8, 4, 8, 6, 2, 2, 6, 8, 6, 2, 2, 8, 2, 8, 2, 8, 8, 8, 8, 8, 4, 6, 8, 8, 4, 4, 2, 6, 2]], 0.33643950079999996]
[[5, [8, 4, 8, 2, 6, 4, 4, 4, 8, 2, 8, 6, 8, 8, 4, 8, 6, 4, 4, 8, 6, 2, 6, 8, 6, 4, 8, 2, 2, 6, 8, 6, 2, 6, 8, 2, 8, 2, 8, 8, 4, 8, 8, 4, 6, 8, 8, 4, 4, 2, 6, 4]], 0.3733067776]
[[5, [4, 4, 6, 8, 4, 2, 4, 6, 8, 2, 8, 6, 8, 2, 8, 6, 6, 2, 2, 2, 6, 2, 6, 6, 2, 2, 8, 6, 8, 8, 4, 2, 2, 2, 8, 4, 8, 8, 2, 6, 8, 6, 8, 2, 8, 8, 6, 6, 4, 8, 6, 4]], 0.3216553983999999]
[[3, [4, 2, 4, 4, 2, 2, 8, 6, 6, 2, 8, 6, 8, 8, 8, 2, 4, 8, 2, 2, 2, 2, 6, 6, 2, 2, 8, 4, 2, 6, 2, 4, 6, 6, 8, 4, 6, 4, 2, 8, 6, 8, 8, 4, 2, 4, 4, 8, 8, 2, 8, 4]], 0.2398451712]
[[5, [2, 4, 8, 4, 8, 6, 4, 2, 8, 2, 2, 6, 8, 2, 4, 8, 4, 2, 2, 8, 2, 2, 4, 8, 4, 8, 6, 2, 8, 6, 2, 4, 2, 2, 2, 6, 8, 2, 8, 2, 8, 2, 8, 4, 2, 8, 6, 4, 2, 2, 6, 2]], 0.3157907456]
[[15, [8, 4, 8, 4, 8, 4, 4, 2, 8, 2, 8, 6, 8, 6, 6, 2, 2, 6, 2, 8, 2, 4, 4, 8, 4, 8, 6, 2, 2, 6, 6, 2, 2, 8, 8, 2, 8, 6, 8, 6, 8, 6, 8, 6, 2, 8, 8, 4, 8, 2, 6, 2]], 1.1651438592000003]
[[2, [8, 4, 8, 2, 8, 4, 4, 2, 6, 2, 8, 4, 8, 4, 6, 8, 4, 2, 2, 6, 2, 2, 4, 8, 2, 8, 8, 2, 2, 6, 6, 8, 2, 2, 8, 2, 2, 2, 2, 8, 8, 8, 8, 6, 2, 6, 8, 6, 4, 2, 6, 2]], 0.13977825279999997]
[[5, [8, 2, 8, 2, 8, 6, 4, 4, 6, 6, 8, 6, 8, 8, 4, 8, 4, 2, 2, 8, 2, 2, 4, 8, 2, 8, 8, 2, 2, 6, 6, 8, 2, 4, 8, 2, 2, 6, 8, 4, 2, 8, 8, 2, 2, 4, 8, 4, 6, 8, 4, 2]], 0.361253888]
[[12, [8, 2, 2, 2, 8, 4, 4, 8, 8, 2, 8, 6, 8, 4, 4, 8, 4, 2, 2, 8, 2, 8, 4, 8, 2, 2, 8, 2, 2, 6, 6, 6, 2, 2, 8, 8, 2, 2, 8, 8, 8, 6, 8, 4, 2, 8, 8, 2, 4, 2, 6, 2]], 0.7734425600000001]
[[15, [8, 4, 4, 2, 8, 4, 4, 2, 6, 8, 2, 6, 8, 8, 8, 6, 6, 2, 2, 2, 2, 8, 2, 8, 2, 2, 8, 6, 8, 6, 6, 8, 2, 2, 8, 4, 2, 8, 2, 8, 8, 2, 8, 6, 8, 8, 4, 2, 4, 4, 6, 6]], 1.1852265472000003]
[[3, [4, 6, 4, 2, 8, 4, 4, 6, 8, 2, 8, 6, 8, 4, 4, 8, 6, 2, 2, 2, 8, 2, 6, 6, 2, 2, 8, 6, 8, 6, 6, 4, 2, 2, 4, 4, 2, 6, 2, 8, 8, 4, 6, 4, 8, 8, 2, 8, 4, 8, 6, 2]], 0.2571630592]
[[6, [8, 4, 4, 2, 6, 4, 4, 4, 4, 2, 4, 6, 8, 4, 4, 8, 2, 2, 2, 6, 2, 2, 4, 6, 4, 6, 4, 2, 2, 6, 8, 6, 8, 6, 8, 2, 8, 2, 8, 8, 8, 6, 8, 4, 6, 8, 8, 6, 4, 2, 6, 2]], 0.32083701759999994]
[[5, [4, 4, 8, 2, 8, 4, 6, 2, 8, 2, 8, 6, 8, 4, 4, 8, 4, 4, 2, 8, 2, 2, 4, 8, 4, 8, 8, 4, 2, 6, 8, 8, 2, 2, 4, 2, 8, 2, 8, 2, 8, 4, 8, 2, 2, 8, 8, 4, 4, 8, 6, 8]], 0.3457538048]
[[13, [8, 4, 6, 2, 2, 4, 8, 6, 2, 2, 6, 6, 2, 4, 4, 8, 2, 2, 2, 4, 4, 6, 4, 8, 4, 8, 6, 6, 2, 6, 8, 6, 2, 2, 8, 2, 8, 2, 8, 8, 6, 8, 8, 4, 6, 8, 8, 4, 2, 4, 6, 2]], 0.9272686592]
[[15, [8, 2, 8, 2, 8, 4, 4, 2, 8, 2, 8, 6, 8, 4, 2, 6, 4, 2, 2, 4, 4, 8, 4, 8, 6, 6, 8, 2, 2, 6, 6, 8, 4, 4, 8, 2, 2, 6, 8, 8, 8, 8, 8, 4, 2, 8, 8, 4, 4, 6, 6, 2]], 1.17906944]
[[6, [8, 4, 8, 2, 8, 6, 4, 2, 8, 2, 4, 6, 8, 2, 4, 8, 4, 2, 4, 8, 2, 2, 8, 8, 2, 8, 8, 2, 2, 8, 6, 8, 2, 2, 8, 2, 2, 2, 8, 8, 8, 4, 8, 2, 2, 2, 8, 2, 4, 2, 6, 2]], 0.36635095040000004]
[[3, [4, 4, 4, 2, 4, 2, 8, 6, 6, 2, 2, 6, 8, 4, 8, 8, 4, 2, 2, 2, 2, 2, 6, 6, 2, 8, 8, 4, 2, 4, 8, 4, 2, 2, 4, 4, 8, 6, 2, 8, 4, 4, 6, 4, 2, 8, 4, 8, 8, 6, 8, 8]], 0.2077923328]
[[3, [8, 4, 6, 2, 8, 8, 4, 8, 2, 2, 8, 6, 4, 4, 4, 6, 6, 2, 2, 8, 6, 8, 6, 6, 2, 2, 8, 6, 2, 6, 8, 4, 2, 2, 8, 4, 8, 2, 2, 8, 8, 4, 8, 2, 8, 6, 2, 6, 4, 2, 6, 4]], 0.2446522368]
[[10, [6, 2, 2, 2, 8, 4, 2, 4, 8, 2, 8, 8, 8, 4, 4, 6, 4, 2, 2, 8, 2, 2, 4, 8, 2, 8, 8, 2, 2, 8, 6, 2, 2, 2, 8, 6, 4, 2, 6, 8, 8, 8, 8, 2, 2, 8, 4, 4, 4, 2, 6, 2]], 0.6054893567999999]
[[0, [8, 4, 8, 2, 4, 2, 6, 2, 2, 2, 8, 6, 8, 4, 4, 8, 4, 2, 2, 6, 4, 2, 4, 8, 2, 8, 6, 2, 2, 6, 6, 8, 2, 2, 8, 2, 2, 2, 8, 8, 8, 8, 6, 6, 2, 6, 6, 4, 4, 2, 6, 2]], 0.052191846400000005]
[[5, [8, 4, 8, 2, 6, 4, 4, 6, 6, 6, 8, 6, 8, 4, 4, 8, 6, 2, 2, 2, 2, 4, 4, 8, 4, 4, 6, 2, 2, 6, 8, 6, 2, 2, 8, 2, 8, 2, 8, 6, 8, 8, 2, 4, 6, 8, 8, 8, 4, 2, 6, 2]], 0.3368351744]
[[12, [8, 2, 8, 2, 4, 4, 4, 2, 8, 2, 8, 6, 8, 4, 2, 4, 2, 4, 2, 8, 2, 2, 4, 6, 4, 8, 6, 6, 2, 6, 8, 6, 2, 2, 8, 2, 8, 2, 8, 8, 8, 8, 8, 2, 6, 6, 4, 4, 4, 2, 6, 2]], 0.7433680896000001]
[[5, [8, 4, 8, 8, 8, 4, 4, 2, 8, 6, 2, 6, 8, 4, 4, 8, 4, 2, 2, 4, 6, 4, 4, 8, 2, 8, 8, 2, 2, 6, 6, 8, 2, 2, 8, 2, 4, 2, 8, 8, 8, 8, 8, 6, 2, 8, 2, 4, 4, 6, 6, 2]], 0.3270711296]
[[2, [8, 4, 8, 2, 8, 8, 4, 2, 6, 2, 8, 6, 6, 4, 4, 2, 4, 2, 2, 8, 2, 8, 4, 6, 2, 8, 8, 2, 2, 8, 4, 8, 2, 2, 8, 2, 2, 2, 8, 8, 8, 8, 8, 2, 2, 8, 4, 6, 4, 8, 6, 2]], 0.155429888]
[[9, [4, 8, 4, 2, 8, 4, 4, 2, 6, 2, 8, 6, 8, 4, 2, 2, 8, 2, 6, 8, 2, 2, 6, 2, 8, 8, 8, 2, 2, 2, 6, 8, 2, 2, 6, 2, 2, 4, 8, 8, 8, 6, 8, 2, 2, 8, 8, 4, 4, 2, 6, 2]], 0.5790562303999999]
[[3, [8, 4, 8, 2, 6, 8, 8, 2, 8, 2, 2, 6, 8, 4, 4, 8, 4, 2, 2, 8, 2, 2, 4, 6, 2, 4, 2, 8, 6, 8, 6, 8, 4, 2, 8, 6, 2, 4, 8, 8, 6, 8, 8, 6, 8, 8, 8, 4, 4, 2, 6, 2]], 0.2440943616]
[[3, [6, 4, 4, 8, 8, 2, 4, 2, 8, 6, 6, 6, 8, 4, 6, 6, 8, 2, 2, 2, 8, 8, 6, 4, 4, 4, 2, 2, 2, 6, 6, 8, 2, 2, 8, 4, 2, 8, 2, 8, 8, 2, 2, 2, 8, 4, 6, 4, 4, 2, 6, 4]], 0.24371097600000002]
[[13, [8, 6, 6, 8, 8, 4, 4, 8, 8, 2, 4, 6, 8, 4, 4, 8, 4, 6, 8, 2, 2, 8, 6, 8, 2, 8, 2, 2, 2, 2, 4, 6, 4, 2, 2, 4, 2, 2, 8, 6, 8, 8, 8, 4, 4, 8, 2, 4, 4, 2, 2, 8]], 0.9264084991999998]
[[5, [6, 8, 8, 8, 8, 4, 2, 6, 8, 2, 8, 6, 8, 4, 4, 8, 4, 6, 2, 8, 2, 2, 4, 8, 6, 8, 8, 2, 2, 6, 6, 8, 8, 2, 8, 2, 2, 6, 8, 8, 8, 8, 8, 2, 2, 4, 8, 4, 4, 2, 6, 2]], 0.3797465088]
[[3, [4, 8, 4, 2, 8, 2, 4, 6, 8, 4, 6, 6, 8, 6, 8, 6, 6, 2, 2, 4, 6, 2, 8, 4, 2, 2, 8, 6, 2, 6, 6, 2, 2, 2, 8, 4, 6, 8, 2, 8, 2, 2, 2, 2, 8, 8, 8, 4, 4, 2, 6, 4]], 0.26131476480000004]
[[5, [8, 4, 8, 2, 8, 4, 2, 2, 6, 8, 8, 6, 8, 4, 6, 8, 4, 2, 8, 8, 2, 4, 4, 8, 2, 8, 8, 2, 2, 2, 6, 8, 2, 6, 8, 2, 2, 2, 8, 8, 4, 8, 8, 2, 8, 8, 8, 8, 4, 2, 4, 2]], 0.3685545984]
[[4, [4, 4, 4, 4, 2, 4, 4, 8, 8, 8, 8, 6, 8, 4, 6, 6, 6, 4, 6, 4, 4, 2, 6, 4, 2, 2, 8, 6, 2, 6, 6, 4, 8, 2, 2, 6, 8, 8, 2, 8, 8, 2, 8, 6, 6, 8, 6, 4, 4, 2, 2, 8]], 0.31039385599999997]
[[3, [6, 4, 4, 4, 8, 2, 4, 6, 8, 2, 8, 6, 8, 4, 6, 2, 6, 2, 2, 2, 6, 8, 6, 6, 2, 2, 8, 6, 8, 6, 8, 2, 2, 2, 8, 4, 8, 6, 2, 8, 8, 2, 8, 2, 8, 8, 8, 2, 4, 2, 6, 4]], 0.246332416]
[[14, [8, 4, 8, 2, 2, 4, 4, 6, 8, 2, 8, 6, 6, 4, 4, 8, 4, 6, 2, 6, 2, 2, 6, 8, 2, 8, 8, 2, 4, 8, 6, 6, 2, 2, 8, 2, 2, 2, 8, 8, 8, 6, 8, 8, 2, 8, 8, 2, 8, 2, 2, 2]], 1.0686470144000002]
[[13, [6, 4, 8, 2, 8, 4, 4, 4, 8, 2, 8, 6, 2, 4, 4, 8, 4, 2, 2, 8, 4, 2, 4, 4, 2, 8, 2, 2, 2, 6, 6, 6, 2, 8, 8, 2, 2, 6, 6, 8, 8, 8, 8, 2, 2, 8, 2, 4, 4, 2, 6, 2]], 0.8875948032000001]
[[14, [8, 4, 4, 2, 8, 8, 6, 2, 8, 2, 8, 6, 4, 4, 6, 6, 4, 8, 2, 2, 2, 2, 4, 8, 4, 8, 8, 2, 2, 6, 6, 8, 2, 8, 6, 8, 2, 2, 4, 8, 8, 8, 8, 2, 2, 4, 8, 2, 4, 2, 2, 2]], 0.9806010368000001]
[[3, [6, 4, 8, 2, 4, 4, 4, 2, 8, 2, 6, 6, 8, 4, 4, 8, 8, 2, 8, 8, 4, 8, 4, 2, 2, 8, 2, 2, 2, 6, 6, 8, 2, 2, 8, 8, 2, 6, 4, 4, 8, 8, 8, 2, 2, 8, 8, 4, 4, 8, 6, 2]], 0.2312697856]
[[14, [4, 4, 8, 2, 8, 6, 4, 2, 8, 2, 6, 4, 8, 4, 6, 8, 4, 2, 2, 2, 4, 2, 4, 8, 2, 8, 8, 2, 2, 6, 6, 6, 2, 8, 8, 2, 2, 8, 8, 6, 8, 8, 4, 2, 2, 2, 2, 4, 4, 2, 6, 8]], 0.9325393920000001]
[[5, [8, 8, 6, 2, 8, 6, 4, 2, 8, 2, 8, 8, 8, 8, 4, 8, 4, 2, 2, 8, 2, 2, 8, 8, 2, 8, 8, 6, 2, 6, 4, 8, 4, 2, 8, 2, 2, 2, 8, 8, 8, 8, 8, 2, 2, 8, 8, 4, 8, 4, 4, 6]], 0.38563983360000004]
[[2, [8, 4, 8, 2, 8, 6, 4, 4, 8, 2, 8, 6, 6, 4, 4, 8, 4, 2, 2, 8, 2, 2, 4, 8, 2, 8, 8, 2, 6, 8, 6, 8, 2, 2, 8, 8, 6, 2, 8, 8, 8, 8, 8, 2, 2, 8, 8, 4, 6, 2, 6, 2]], 0.16007311359999998]
[[8, [4, 4, 4, 2, 8, 2, 4, 2, 6, 2, 4, 6, 2, 2, 4, 6, 8, 2, 2, 2, 6, 2, 6, 6, 4, 2, 8, 6, 8, 6, 6, 4, 2, 8, 4, 4, 8, 6, 2, 8, 8, 2, 8, 8, 8, 8, 8, 4, 4, 2, 6, 4]], 0.48420024319999994]
[[5, [8, 4, 8, 2, 8, 2, 2, 4, 2, 2, 8, 6, 8, 4, 4, 8, 4, 8, 2, 4, 6, 2, 4, 8, 6, 8, 8, 4, 2, 2, 2, 8, 2, 2, 6, 2, 2, 4, 8, 8, 8, 4, 6, 2, 6, 2, 4, 4, 6, 2, 6, 6]], 0.3150780416]
[[3, [4, 6, 4, 6, 8, 2, 4, 6, 8, 2, 8, 6, 8, 6, 6, 6, 6, 2, 6, 2, 6, 2, 6, 6, 2, 2, 8, 6, 8, 4, 6, 8, 2, 2, 8, 4, 8, 4, 2, 8, 8, 4, 8, 2, 8, 8, 2, 4, 2, 2, 6, 4]], 0.265124864]
[[9, [8, 4, 8, 4, 8, 4, 4, 2, 8, 6, 6, 6, 8, 4, 4, 8, 4, 2, 8, 8, 2, 2, 4, 2, 8, 8, 8, 2, 2, 6, 6, 8, 4, 2, 8, 2, 6, 6, 6, 8, 2, 8, 8, 2, 6, 8, 8, 4, 2, 2, 6, 4]], 0.6236739584]
[[1, [8, 4, 8, 6, 8, 4, 4, 2, 8, 8, 8, 6, 8, 2, 4, 6, 8, 2, 2, 8, 6, 8, 4, 8, 2, 8, 2, 2, 2, 6, 6, 8, 2, 2, 8, 8, 2, 6, 8, 8, 8, 8, 8, 2, 2, 4, 8, 4, 4, 2, 4, 2]], 0.10818744319999998]
[[5, [8, 4, 4, 2, 2, 4, 8, 2, 2, 2, 8, 6, 8, 4, 2, 8, 4, 2, 2, 6, 6, 6, 4, 8, 2, 4, 6, 2, 2, 8, 6, 6, 2, 2, 6, 6, 8, 2, 8, 8, 2, 8, 8, 2, 2, 8, 8, 4, 4, 2, 6, 2]], 0.29479874559999997]
[[10, [4, 4, 4, 4, 2, 2, 6, 6, 6, 2, 2, 2, 8, 4, 8, 8, 8, 2, 2, 2, 6, 2, 8, 8, 2, 2, 8, 4, 8, 2, 2, 4, 8, 6, 2, 6, 6, 6, 2, 8, 6, 8, 6, 4, 2, 8, 4, 8, 8, 2, 2, 4]], 0.5820061696]
[[5, [2, 4, 8, 2, 8, 4, 8, 8, 8, 2, 8, 6, 8, 4, 4, 2, 4, 2, 8, 8, 2, 8, 4, 8, 8, 8, 8, 2, 2, 6, 6, 8, 2, 2, 8, 2, 2, 4, 8, 4, 2, 8, 8, 2, 2, 2, 6, 6, 4, 4, 6, 2]], 0.3579492352]
[[5, [8, 8, 8, 2, 8, 4, 4, 2, 8, 8, 2, 6, 8, 4, 4, 8, 4, 2, 2, 2, 2, 2, 4, 8, 2, 8, 8, 2, 2, 6, 6, 8, 2, 2, 4, 2, 2, 2, 4, 8, 8, 8, 8, 2, 2, 8, 8, 4, 8, 2, 6, 8]], 0.331660288]
[[14, [4, 4, 4, 2, 8, 8, 6, 6, 6, 2, 8, 6, 8, 4, 4, 6, 6, 2, 4, 2, 6, 6, 4, 6, 2, 8, 8, 6, 8, 8, 6, 4, 6, 2, 8, 4, 8, 6, 4, 8, 8, 6, 8, 2, 8, 8, 6, 2, 4, 2, 6, 4]], 1.0914740224]
[[5, [6, 4, 8, 2, 8, 4, 4, 2, 2, 6, 8, 2, 8, 4, 2, 8, 4, 2, 2, 8, 2, 6, 4, 8, 2, 4, 8, 2, 2, 6, 6, 8, 2, 8, 8, 8, 2, 4, 4, 8, 8, 6, 8, 2, 8, 6, 6, 4, 4, 2, 8, 2]], 0.30121717759999994]
[[5, [8, 6, 4, 2, 8, 8, 4, 2, 8, 2, 8, 6, 8, 4, 4, 8, 4, 4, 2, 6, 8, 2, 4, 8, 4, 8, 8, 2, 6, 6, 6, 8, 4, 2, 8, 2, 2, 2, 8, 2, 8, 8, 8, 2, 2, 8, 4, 6, 4, 2, 6, 2]], 0.356830208]
[[11, [4, 4, 4, 2, 8, 2, 4, 6, 2, 2, 8, 2, 8, 4, 4, 6, 6, 2, 8, 2, 6, 2, 4, 6, 2, 2, 8, 6, 8, 6, 6, 4, 2, 2, 6, 4, 8, 6, 2, 8, 8, 2, 2, 6, 8, 4, 8, 6, 4, 2, 6, 4]], 0.6644717567999999]
[[15, [8, 4, 8, 2, 8, 4, 8, 4, 8, 2, 8, 6, 4, 2, 4, 8, 4, 2, 2, 8, 2, 2, 4, 4, 2, 8, 4, 6, 2, 6, 6, 8, 2, 2, 8, 2, 2, 8, 8, 4, 2, 8, 8, 2, 6, 8, 8, 6, 4, 8, 6, 2]], 1.1176253440000001]
[[3, [4, 4, 4, 2, 2, 2, 2, 6, 6, 2, 8, 6, 8, 6, 8, 2, 4, 8, 2, 2, 2, 2, 6, 6, 2, 2, 8, 4, 2, 6, 4, 4, 2, 6, 8, 4, 6, 6, 2, 8, 6, 8, 6, 4, 8, 8, 8, 8, 6, 2, 8, 4]], 0.22456299520000006]
[[8, [6, 4, 4, 2, 2, 2, 4, 6, 8, 2, 8, 6, 8, 4, 6, 6, 6, 2, 2, 4, 6, 2, 6, 6, 2, 4, 8, 6, 8, 4, 6, 4, 2, 4, 8, 4, 8, 2, 2, 6, 8, 2, 8, 6, 8, 8, 4, 6, 4, 2, 6, 4]], 0.5178316799999999]
[[1, [8, 4, 4, 2, 8, 4, 4, 2, 8, 2, 2, 6, 8, 8, 4, 8, 4, 2, 2, 6, 2, 8, 4, 8, 2, 8, 8, 2, 2, 4, 4, 8, 2, 2, 6, 2, 2, 2, 8, 8, 2, 8, 8, 2, 2, 8, 8, 4, 4, 2, 6, 2]], 0.0935467008]
[[5, [8, 4, 8, 4, 2, 4, 8, 2, 6, 2, 8, 6, 8, 4, 4, 8, 4, 2, 2, 8, 2, 2, 4, 8, 2, 8, 2, 2, 2, 6, 6, 8, 2, 4, 8, 2, 4, 2, 8, 8, 8, 4, 8, 8, 4, 8, 8, 8, 2, 2, 6, 2]], 0.3294066688]
[[6, [6, 4, 8, 2, 8, 6, 4, 2, 8, 2, 8, 6, 8, 6, 4, 8, 4, 6, 2, 8, 2, 2, 4, 8, 2, 8, 8, 2, 2, 6, 6, 4, 2, 2, 8, 8, 2, 6, 6, 4, 8, 8, 8, 2, 2, 2, 8, 4, 4, 2, 6, 2]], 0.3908442112]
[[8, [8, 4, 2, 4, 8, 2, 4, 2, 8, 2, 8, 6, 6, 4, 2, 4, 4, 2, 2, 8, 2, 2, 4, 8, 2, 8, 6, 4, 4, 4, 6, 8, 6, 2, 6, 2, 2, 2, 8, 8, 4, 8, 8, 4, 2, 8, 4, 4, 4, 2, 6, 2]], 0.47648583680000006]
[[6, [8, 4, 8, 2, 8, 4, 4, 2, 2, 2, 8, 6, 8, 6, 4, 8, 4, 2, 2, 6, 8, 2, 4, 8, 2, 8, 8, 2, 2, 6, 6, 2, 2, 2, 8, 2, 2, 2, 4, 8, 8, 2, 8, 6, 6, 2, 8, 4, 4, 2, 6, 2]], 0.3611932672]
[[5, [8, 4, 8, 2, 8, 6, 4, 4, 8, 8, 8, 6, 8, 4, 4, 8, 4, 8, 2, 8, 6, 2, 4, 8, 6, 8, 8, 4, 4, 6, 2, 8, 2, 2, 8, 2, 2, 2, 8, 4, 6, 6, 8, 2, 2, 8, 8, 4, 4, 2, 8, 2]], 0.37633208320000006]
[[12, [4, 4, 8, 2, 4, 6, 4, 2, 8, 4, 8, 6, 8, 4, 4, 8, 4, 2, 2, 8, 2, 2, 4, 8, 2, 8, 8, 6, 2, 6, 6, 8, 8, 2, 8, 2, 2, 2, 8, 8, 4, 8, 4, 4, 2, 8, 8, 2, 4, 2, 6, 2]], 0.7715584000000001]
[[7, [8, 4, 8, 2, 8, 4, 4, 2, 8, 2, 8, 2, 8, 4, 4, 8, 2, 2, 4, 8, 2, 2, 4, 8, 4, 8, 6, 8, 8, 2, 8, 6, 2, 4, 4, 2, 8, 4, 8, 2, 8, 8, 8, 4, 4, 8, 8, 4, 4, 2, 2, 2]], 0.466803712]
[[9, [8, 4, 8, 2, 6, 4, 4, 2, 8, 2, 8, 6, 8, 4, 4, 8, 4, 4, 4, 8, 2, 8, 4, 8, 6, 8, 8, 2, 2, 6, 6, 8, 4, 2, 8, 2, 2, 6, 4, 8, 8, 8, 2, 2, 4, 8, 8, 4, 8, 2, 2, 2]], 0.6413195264000001]
[[5, [8, 4, 8, 2, 4, 2, 4, 2, 8, 2, 6, 6, 8, 4, 6, 8, 2, 2, 2, 8, 2, 8, 8, 4, 4, 6, 6, 8, 2, 6, 8, 6, 2, 8, 8, 2, 8, 2, 8, 8, 8, 2, 8, 4, 8, 8, 8, 2, 8, 8, 6, 2]], 0.31558512639999997]
[[1, [2, 4, 4, 2, 8, 2, 4, 6, 4, 2, 8, 6, 8, 4, 6, 6, 6, 2, 4, 2, 6, 2, 6, 6, 2, 4, 8, 6, 4, 6, 6, 4, 2, 2, 8, 4, 8, 6, 2, 8, 8, 8, 8, 2, 8, 8, 8, 4, 4, 2, 6, 2]], 0.082238464]
[[5, [4, 4, 4, 4, 2, 8, 8, 6, 6, 2, 8, 6, 8, 6, 8, 2, 4, 8, 2, 2, 2, 2, 6, 6, 2, 2, 4, 4, 4, 8, 6, 2, 2, 6, 6, 4, 6, 6, 2, 8, 6, 8, 6, 4, 8, 8, 4, 8, 8, 2, 8, 2]], 0.33846702079999996]
[[5, [8, 4, 4, 2, 8, 8, 4, 2, 8, 2, 8, 4, 2, 4, 4, 8, 4, 2, 6, 4, 6, 2, 4, 8, 2, 8, 8, 2, 2, 6, 4, 8, 6, 2, 8, 2, 2, 4, 8, 6, 8, 8, 8, 2, 8, 6, 8, 4, 2, 4, 6, 2]], 0.33752575999999995]
[[8, [4, 4, 8, 4, 8, 2, 4, 6, 2, 2, 8, 6, 8, 4, 6, 6, 6, 2, 2, 8, 6, 4, 6, 6, 2, 2, 8, 8, 8, 6, 8, 4, 2, 2, 6, 4, 6, 6, 2, 6, 8, 2, 8, 2, 8, 8, 8, 4, 4, 4, 6, 8]], 0.5386917887999999]
[[3, [4, 4, 4, 2, 8, 2, 4, 6, 8, 2, 4, 6, 8, 2, 6, 2, 6, 2, 2, 2, 4, 2, 6, 6, 2, 2, 8, 6, 4, 6, 6, 4, 2, 8, 6, 4, 8, 6, 2, 8, 8, 2, 8, 2, 8, 8, 4, 2, 4, 8, 6, 4]], 0.2170927104]
[[3, [4, 4, 4, 2, 8, 2, 4, 6, 6, 2, 8, 2, 2, 4, 6, 6, 6, 6, 2, 8, 6, 2, 4, 6, 2, 8, 8, 6, 8, 6, 6, 2, 2, 2, 8, 4, 8, 6, 6, 8, 8, 2, 8, 2, 8, 8, 8, 4, 2, 2, 6, 4]], 0.2050463744]
[[3, [4, 6, 4, 2, 2, 2, 4, 2, 8, 2, 2, 6, 6, 4, 2, 6, 6, 2, 8, 2, 2, 2, 6, 6, 2, 2, 8, 6, 8, 6, 8, 4, 2, 2, 8, 4, 2, 6, 2, 2, 8, 2, 4, 2, 8, 6, 8, 4, 8, 4, 2, 4]], 0.1984518144]
[[13, [8, 4, 4, 2, 8, 2, 4, 6, 6, 2, 8, 6, 8, 4, 6, 4, 8, 2, 2, 2, 6, 2, 6, 6, 4, 2, 8, 6, 8, 2, 6, 4, 2, 2, 8, 4, 8, 6, 2, 8, 8, 2, 8, 8, 8, 8, 8, 4, 4, 2, 6, 4]], 0.9935312896]
[[15, [8, 4, 8, 2, 8, 4, 4, 2, 8, 2, 8, 6, 8, 4, 4, 8, 4, 2, 2, 8, 6, 2, 8, 8, 8, 8, 8, 2, 2, 6, 6, 8, 2, 2, 8, 2, 4, 2, 8, 8, 8, 8, 8, 2, 2, 4, 8, 4, 4, 2, 6, 2]], 1.1125839872000003]
[[11, [8, 4, 8, 2, 8, 4, 4, 2, 8, 2, 8, 8, 8, 4, 2, 8, 6, 8, 4, 2, 2, 2, 4, 8, 2, 8, 8, 8, 2, 6, 6, 8, 2, 6, 2, 2, 2, 2, 8, 8, 8, 8, 8, 2, 2, 8, 8, 4, 4, 2, 6, 2]], 0.6933387264]
[[3, [6, 8, 4, 2, 8, 2, 8, 6, 8, 2, 8, 2, 8, 4, 6, 6, 6, 6, 2, 2, 6, 2, 6, 6, 2, 2, 8, 6, 8, 6, 6, 4, 2, 8, 8, 4, 8, 8, 2, 8, 8, 2, 8, 2, 8, 8, 4, 2, 8, 2, 4, 4]], 0.2482313216]
[[4, [4, 4, 4, 2, 8, 2, 4, 2, 8, 2, 8, 6, 8, 4, 6, 6, 6, 2, 2, 2, 4, 2, 6, 6, 2, 4, 8, 6, 4, 4, 6, 4, 8, 2, 8, 2, 8, 6, 2, 2, 8, 2, 8, 2, 8, 8, 8, 4, 4, 8, 6, 6]], 0.287927296]
[[2, [4, 4, 6, 2, 8, 2, 4, 6, 8, 2, 8, 6, 8, 4, 6, 6, 8, 2, 2, 2, 6, 2, 6, 6, 2, 2, 4, 2, 8, 2, 6, 4, 2, 2, 8, 4, 8, 4, 4, 6, 8, 2, 8, 2, 8, 4, 8, 4, 4, 6, 6, 4]], 0.1430829056]
[[3, [4, 8, 4, 2, 2, 2, 4, 6, 2, 2, 4, 6, 8, 6, 8, 2, 8, 8, 4, 2, 8, 2, 6, 6, 2, 2, 8, 4, 2, 2, 2, 4, 2, 4, 8, 4, 2, 6, 6, 8, 2, 8, 6, 4, 2, 8, 4, 8, 8, 2, 8, 8]], 0.21227171840000003]
[[5, [8, 4, 8, 2, 8, 8, 8, 8, 8, 2, 8, 6, 8, 2, 4, 8, 4, 4, 2, 8, 2, 2, 4, 8, 8, 4, 8, 4, 6, 2, 4, 8, 2, 4, 8, 2, 2, 6, 8, 8, 8, 8, 8, 2, 2, 8, 8, 6, 4, 8, 6, 8]], 0.372849664]
[[15, [2, 4, 8, 2, 2, 2, 8, 6, 8, 2, 6, 4, 8, 6, 6, 2, 6, 8, 2, 2, 6, 2, 6, 6, 2, 2, 4, 6, 4, 6, 6, 2, 4, 4, 8, 4, 8, 2, 2, 6, 8, 4, 6, 2, 6, 8, 8, 2, 4, 2, 6, 4]], 1.0202994687999998]
[[5, [8, 4, 8, 2, 8, 6, 4, 6, 8, 2, 8, 4, 8, 6, 4, 8, 4, 2, 6, 8, 2, 2, 2, 8, 2, 4, 8, 2, 2, 6, 6, 4, 2, 2, 8, 2, 2, 2, 8, 8, 8, 8, 8, 2, 2, 8, 8, 4, 4, 8, 6, 2]], 0.373484544]
[[5, [8, 4, 2, 2, 2, 6, 4, 2, 8, 2, 8, 4, 8, 4, 8, 8, 2, 6, 2, 8, 2, 2, 8, 6, 4, 8, 6, 8, 2, 6, 8, 6, 6, 2, 8, 2, 8, 2, 8, 8, 8, 8, 8, 4, 6, 8, 6, 4, 4, 8, 8, 2]], 0.3275831296]
[[9, [4, 4, 6, 2, 6, 4, 4, 8, 8, 4, 8, 6, 6, 6, 2, 8, 4, 4, 2, 8, 2, 2, 4, 8, 2, 8, 8, 2, 4, 6, 6, 8, 2, 2, 8, 2, 2, 2, 8, 8, 6, 8, 8, 2, 4, 4, 8, 4, 4, 2, 6, 2]], 0.6050797568]
[[15, [8, 4, 8, 2, 8, 4, 4, 2, 8, 2, 2, 6, 8, 4, 4, 8, 4, 2, 2, 8, 6, 2, 4, 8, 4, 8, 8, 2, 2, 6, 6, 2, 2, 6, 8, 2, 2, 2, 8, 2, 2, 8, 8, 2, 2, 8, 8, 4, 4, 8, 6, 8]], 1.0743486464]
[[5, [8, 4, 8, 2, 8, 4, 4, 2, 8, 2, 8, 6, 8, 4, 4, 4, 4, 2, 2, 8, 8, 2, 4, 8, 2, 8, 8, 6, 8, 6, 6, 8, 6, 2, 8, 2, 6, 2, 8, 8, 8, 4, 8, 2, 4, 6, 6, 4, 4, 2, 6, 2]], 0.3237517312]
[[5, [8, 4, 8, 2, 8, 4, 4, 2, 8, 2, 8, 6, 8, 8, 4, 6, 2, 2, 2, 8, 4, 2, 4, 8, 6, 8, 8, 6, 6, 4, 6, 8, 2, 2, 8, 2, 6, 4, 2, 8, 8, 8, 8, 2, 4, 6, 6, 4, 4, 2, 6, 6]], 0.3451590655999999]
[[7, [4, 4, 8, 4, 2, 2, 4, 8, 8, 2, 8, 6, 8, 8, 2, 8, 4, 6, 2, 8, 2, 2, 4, 8, 2, 8, 8, 2, 2, 6, 4, 8, 6, 2, 8, 8, 2, 2, 8, 8, 8, 6, 4, 2, 2, 8, 8, 8, 4, 2, 6, 2]], 0.4936120319999999]
[[12, [8, 8, 8, 8, 6, 4, 2, 2, 8, 2, 8, 6, 8, 4, 6, 4, 4, 2, 2, 8, 2, 2, 4, 8, 2, 8, 8, 6, 8, 6, 4, 4, 6, 2, 8, 4, 8, 6, 8, 8, 8, 4, 8, 2, 4, 6, 6, 4, 4, 2, 2, 2]], 0.8300287999999997]
[[11, [4, 8, 4, 2, 8, 2, 4, 6, 8, 2, 8, 6, 8, 4, 6, 6, 6, 2, 2, 2, 6, 2, 4, 6, 2, 2, 8, 6, 6, 6, 6, 4, 2, 2, 8, 4, 8, 6, 2, 8, 8, 2, 8, 8, 8, 6, 8, 4, 4, 4, 6, 4]], 0.7006025727999998]
[[5, [8, 4, 8, 6, 8, 4, 4, 6, 8, 2, 8, 6, 8, 8, 4, 8, 4, 2, 2, 8, 8, 6, 4, 2, 2, 8, 4, 8, 2, 4, 6, 8, 2, 8, 8, 4, 2, 2, 8, 8, 8, 8, 8, 2, 2, 6, 2, 8, 4, 6, 6, 6]], 0.3737229312]
[[3, [4, 4, 4, 2, 2, 2, 4, 6, 8, 8, 8, 6, 4, 4, 6, 2, 6, 2, 2, 2, 4, 4, 2, 6, 6, 2, 8, 6, 8, 6, 8, 6, 6, 2, 8, 4, 8, 6, 2, 8, 4, 2, 8, 2, 8, 6, 8, 4, 4, 2, 6, 6]], 0.23107809280000002]
[[6, [8, 4, 8, 8, 8, 4, 4, 2, 8, 2, 8, 6, 8, 4, 4, 4, 8, 6, 8, 8, 4, 2, 6, 8, 2, 8, 8, 2, 8, 6, 4, 2, 6, 2, 8, 2, 6, 2, 2, 2, 8, 8, 8, 2, 4, 6, 4, 4, 4, 2, 2, 2]], 0.41036738559999997]
[[5, [8, 4, 8, 8, 4, 8, 4, 4, 8, 2, 8, 6, 8, 4, 2, 8, 4, 2, 2, 8, 2, 2, 6, 8, 2, 8, 8, 2, 8, 2, 6, 2, 6, 6, 2, 2, 2, 2, 8, 2, 8, 8, 8, 4, 2, 8, 8, 4, 4, 2, 6, 2]], 0.35793694719999997]
[[5, [8, 4, 2, 4, 8, 4, 4, 6, 8, 2, 8, 6, 8, 4, 4, 4, 4, 2, 2, 8, 8, 6, 4, 2, 2, 2, 8, 6, 8, 6, 6, 8, 4, 4, 8, 2, 6, 2, 8, 4, 2, 2, 8, 2, 4, 6, 6, 4, 6, 4, 6, 6]], 0.3257178112]
[[6, [4, 4, 8, 2, 8, 2, 4, 6, 8, 2, 8, 6, 8, 4, 6, 2, 6, 2, 2, 2, 6, 2, 6, 6, 6, 2, 8, 4, 4, 6, 8, 6, 2, 8, 8, 2, 8, 6, 2, 8, 8, 8, 2, 8, 6, 8, 8, 4, 4, 6, 6, 4]], 0.3506976767999999]
[[8, [4, 4, 4, 2, 4, 2, 4, 6, 8, 2, 8, 6, 8, 2, 8, 6, 4, 2, 2, 2, 6, 6, 6, 6, 4, 4, 8, 6, 2, 8, 6, 4, 6, 2, 6, 2, 8, 6, 8, 8, 8, 2, 8, 2, 6, 8, 8, 4, 4, 6, 6, 4]], 0.5148686335999999]
[[10, [6, 8, 8, 2, 8, 4, 4, 2, 8, 2, 8, 6, 8, 6, 4, 8, 4, 4, 2, 8, 2, 2, 2, 8, 2, 8, 8, 6, 2, 6, 6, 4, 2, 2, 8, 2, 8, 2, 8, 8, 8, 8, 8, 2, 2, 8, 8, 4, 4, 2, 6, 2]], 0.6536247296000001]
[[3, [4, 4, 6, 2, 8, 2, 4, 6, 8, 2, 8, 6, 8, 4, 6, 6, 8, 6, 2, 6, 8, 2, 6, 6, 2, 2, 8, 6, 2, 6, 6, 4, 2, 2, 8, 6, 2, 6, 2, 8, 8, 2, 8, 2, 8, 8, 6, 4, 4, 2, 6, 4]], 0.2451716096]
[[5, [8, 8, 6, 2, 8, 8, 4, 4, 8, 2, 8, 2, 6, 4, 4, 8, 4, 2, 2, 8, 2, 2, 6, 2, 2, 8, 4, 2, 8, 6, 6, 4, 2, 2, 8, 2, 2, 8, 8, 8, 8, 6, 8, 2, 2, 4, 8, 8, 4, 2, 6, 2]], 0.35131289599999993]
[[9, [6, 4, 8, 2, 8, 2, 4, 2, 8, 4, 4, 6, 8, 4, 8, 4, 4, 2, 4, 4, 8, 2, 4, 2, 2, 8, 8, 4, 8, 2, 6, 2, 6, 2, 8, 2, 6, 4, 8, 8, 8, 4, 4, 2, 2, 6, 8, 4, 4, 2, 6, 2]], 0.5486893056]
[[3, [4, 4, 8, 2, 8, 2, 4, 6, 8, 8, 8, 4, 6, 4, 6, 4, 4, 2, 2, 2, 6, 4, 6, 6, 2, 4, 8, 4, 8, 4, 6, 4, 2, 4, 8, 6, 8, 6, 2, 8, 8, 6, 8, 2, 8, 6, 8, 4, 4, 6, 4, 4]], 0.2473637888]
[[15, [8, 4, 8, 6, 8, 4, 4, 6, 8, 2, 8, 6, 8, 8, 4, 8, 4, 2, 2, 6, 2, 2, 4, 8, 2, 8, 8, 2, 2, 6, 6, 8, 2, 4, 8, 2, 2, 2, 6, 8, 2, 8, 8, 2, 2, 6, 6, 4, 4, 2, 6, 2]], 1.0676393984]
[[9, [4, 4, 4, 2, 8, 6, 2, 6, 8, 2, 4, 6, 8, 4, 8, 6, 6, 2, 2, 2, 8, 2, 6, 4, 2, 6, 8, 6, 8, 2, 6, 4, 2, 2, 8, 4, 8, 6, 2, 8, 8, 6, 8, 6, 8, 8, 8, 4, 4, 2, 6, 4]], 0.5706840063999998]
[[5, [8, 4, 8, 2, 8, 4, 4, 2, 8, 6, 8, 6, 4, 4, 4, 8, 4, 2, 8, 8, 2, 8, 4, 8, 2, 4, 8, 2, 2, 6, 6, 8, 2, 2, 8, 2, 2, 2, 2, 8, 8, 8, 8, 4, 2, 2, 6, 4, 4, 4, 6, 2]], 0.36466257920000006]
[[5, [8, 4, 8, 2, 8, 6, 8, 2, 8, 6, 8, 6, 8, 2, 6, 8, 4, 2, 8, 2, 6, 8, 4, 8, 2, 4, 8, 6, 2, 6, 6, 2, 2, 2, 8, 2, 2, 2, 8, 8, 4, 4, 8, 8, 8, 6, 8, 4, 4, 2, 6, 2]], 0.3718330368]
[[3, [4, 4, 4, 2, 2, 2, 2, 4, 8, 2, 8, 6, 8, 6, 4, 6, 2, 2, 8, 2, 4, 2, 6, 2, 2, 2, 6, 6, 8, 6, 6, 4, 2, 4, 8, 4, 8, 2, 2, 8, 8, 2, 8, 2, 8, 8, 8, 4, 4, 2, 6, 4]], 0.22774558720000002]
[[13, [4, 2, 8, 2, 4, 4, 8, 2, 8, 2, 8, 6, 8, 4, 4, 4, 2, 2, 2, 8, 8, 2, 8, 8, 2, 4, 8, 2, 8, 6, 6, 8, 6, 2, 8, 2, 6, 2, 2, 8, 4, 4, 2, 2, 4, 4, 4, 6, 4, 8, 2, 2]], 0.8460548096]
[[15, [8, 4, 8, 2, 8, 4, 2, 2, 4, 2, 8, 6, 8, 4, 6, 4, 4, 2, 6, 8, 2, 2, 4, 8, 2, 4, 6, 2, 2, 6, 6, 8, 2, 2, 8, 2, 2, 2, 2, 4, 8, 8, 8, 2, 2, 8, 8, 4, 8, 2, 6, 2]], 1.0538194944000001]
[[14, [4, 4, 4, 2, 8, 2, 8, 6, 8, 2, 8, 6, 8, 8, 6, 6, 6, 6, 2, 2, 6, 2, 6, 6, 2, 2, 8, 6, 8, 6, 4, 4, 2, 2, 8, 4, 8, 8, 2, 8, 8, 2, 4, 2, 8, 8, 8, 4, 6, 8, 6, 4]], 1.0693244927999999]
[[5, [6, 2, 8, 2, 8, 4, 4, 8, 8, 8, 4, 6, 8, 4, 2, 4, 4, 2, 2, 2, 6, 2, 4, 2, 2, 8, 8, 6, 8, 6, 6, 6, 6, 2, 2, 2, 6, 2, 4, 8, 4, 4, 2, 2, 4, 8, 6, 4, 4, 2, 6, 2]], 0.30826393599999996]
[[5, [8, 2, 6, 2, 8, 4, 4, 2, 4, 2, 8, 8, 8, 4, 4, 2, 2, 2, 2, 8, 4, 2, 4, 8, 4, 8, 8, 2, 6, 6, 8, 6, 2, 6, 8, 2, 8, 2, 8, 8, 6, 8, 4, 4, 8, 6, 4, 4, 4, 2, 6, 2]], 0.2933635072]
[[5, [8, 4, 8, 2, 8, 2, 4, 4, 2, 2, 8, 2, 6, 4, 4, 8, 4, 2, 2, 4, 2, 2, 2, 8, 2, 8, 8, 2, 6, 6, 6, 8, 2, 2, 8, 2, 2, 4, 8, 8, 2, 8, 8, 2, 2, 2, 8, 4, 6, 2, 6, 2]], 0.28488232960000004]
[[10, [2, 4, 4, 2, 8, 2, 4, 2, 8, 4, 4, 8, 8, 4, 6, 6, 6, 2, 4, 2, 6, 2, 6, 6, 2, 2, 8, 6, 8, 6, 6, 4, 2, 2, 4, 4, 6, 6, 2, 6, 8, 2, 8, 2, 8, 8, 8, 4, 4, 2, 6, 8]], 0.6101669887999999]
[[5, [8, 6, 8, 2, 4, 4, 4, 4, 8, 2, 2, 6, 8, 4, 4, 4, 8, 2, 2, 4, 8, 2, 2, 8, 2, 8, 8, 2, 8, 6, 6, 8, 6, 2, 8, 2, 6, 2, 8, 8, 8, 6, 8, 2, 4, 6, 6, 4, 6, 2, 6, 6]], 0.3030071296]
[[5, [8, 4, 8, 2, 8, 4, 4, 2, 8, 2, 8, 6, 8, 4, 6, 4, 4, 2, 2, 8, 8, 2, 4, 8, 2, 8, 8, 4, 6, 8, 4, 8, 6, 6, 8, 2, 6, 2, 8, 8, 8, 4, 6, 2, 4, 6, 6, 4, 4, 2, 6, 2]], 0.32798535679999996]
[[10, [6, 6, 8, 2, 4, 8, 8, 2, 8, 2, 8, 6, 2, 6, 4, 8, 2, 2, 8, 4, 2, 2, 4, 8, 8, 8, 6, 2, 2, 6, 8, 2, 2, 2, 8, 2, 8, 2, 8, 8, 8, 8, 8, 4, 2, 6, 6, 2, 4, 2, 6, 2]], 0.6679451648000002]
[[11, [8, 6, 8, 2, 8, 4, 4, 2, 8, 2, 8, 8, 8, 4, 6, 8, 4, 2, 2, 8, 2, 2, 4, 8, 2, 8, 4, 6, 2, 2, 6, 2, 2, 2, 4, 6, 2, 6, 8, 8, 8, 6, 2, 4, 2, 8, 2, 2, 6, 2, 8, 8]], 0.6619772928]
[[3, [8, 4, 8, 2, 8, 4, 4, 2, 8, 2, 8, 2, 8, 4, 4, 8, 6, 2, 2, 6, 2, 2, 4, 8, 2, 8, 8, 2, 2, 6, 6, 8, 8, 2, 6, 2, 2, 2, 6, 8, 4, 8, 8, 2, 2, 8, 8, 4, 4, 2, 4, 2]], 0.23227985919999997]
[[5, [8, 4, 4, 4, 8, 4, 6, 2, 6, 2, 2, 6, 8, 2, 4, 8, 4, 2, 2, 8, 2, 2, 4, 8, 8, 8, 8, 2, 2, 6, 6, 8, 8, 2, 8, 2, 2, 2, 8, 8, 6, 6, 8, 2, 2, 4, 8, 4, 4, 2, 6, 2]], 0.299961344]
[[14, [8, 4, 8, 4, 8, 4, 4, 4, 8, 8, 8, 6, 6, 8, 4, 8, 2, 2, 2, 8, 2, 2, 6, 8, 4, 6, 6, 2, 2, 6, 8, 6, 2, 4, 8, 2, 8, 4, 8, 8, 8, 8, 8, 4, 2, 8, 8, 4, 4, 4, 6, 2]], 1.0851899391999997]
[[3, [2, 4, 4, 2, 6, 2, 4, 6, 2, 6, 8, 6, 8, 4, 6, 6, 6, 2, 2, 2, 2, 2, 8, 6, 2, 2, 6, 6, 8, 8, 6, 4, 6, 2, 8, 4, 4, 6, 2, 8, 8, 2, 6, 4, 2, 8, 8, 4, 4, 2, 6, 2]], 0.2195503104]
[[5, [8, 4, 8, 2, 2, 4, 8, 2, 4, 2, 8, 6, 8, 6, 8, 2, 4, 6, 2, 8, 2, 2, 2, 8, 2, 8, 8, 2, 2, 6, 6, 8, 2, 2, 8, 8, 2, 4, 8, 2, 8, 8, 6, 2, 2, 8, 8, 4, 4, 2, 8, 2]], 0.3186776064]
[[9, [8, 4, 8, 2, 8, 4, 6, 2, 8, 2, 8, 6, 6, 4, 8, 8, 4, 2, 2, 4, 2, 2, 4, 4, 2, 2, 8, 2, 2, 6, 6, 8, 2, 2, 8, 2, 2, 2, 2, 8, 8, 8, 8, 2, 4, 2, 8, 4, 4, 2, 6, 2]], 0.554392576]
[[5, [8, 4, 8, 2, 8, 4, 4, 2, 4, 6, 8, 6, 8, 4, 4, 8, 4, 2, 6, 8, 2, 4, 8, 8, 2, 8, 8, 2, 2, 6, 6, 8, 2, 2, 4, 4, 6, 2, 8, 8, 8, 8, 8, 4, 8, 8, 8, 4, 6, 2, 6, 2]], 0.3482802176]
[[5, [8, 4, 8, 2, 8, 4, 4, 8, 8, 6, 8, 4, 6, 4, 4, 8, 4, 2, 6, 8, 6, 4, 8, 8, 2, 8, 8, 2, 2, 8, 6, 6, 2, 2, 4, 2, 6, 2, 6, 8, 8, 4, 8, 4, 8, 8, 8, 2, 6, 2, 6, 2]], 0.3654129664]
[[5, [8, 4, 8, 2, 8, 4, 4, 4, 8, 2, 8, 6, 8, 4, 6, 8, 6, 2, 2, 8, 2, 4, 2, 8, 2, 8, 8, 2, 4, 6, 2, 8, 2, 2, 8, 2, 2, 2, 8, 6, 8, 8, 8, 2, 2, 8, 8, 4, 8, 2, 6, 2]], 0.3528005631999999]
[[5, [8, 4, 8, 2, 8, 4, 2, 2, 4, 6, 8, 8, 8, 4, 4, 2, 4, 2, 8, 8, 6, 6, 8, 4, 2, 8, 8, 2, 2, 6, 8, 4, 2, 2, 4, 4, 6, 2, 8, 8, 8, 4, 8, 4, 6, 8, 8, 4, 6, 2, 6, 8]], 0.3368966144]
[[9, [8, 4, 8, 2, 2, 4, 4, 8, 6, 6, 8, 6, 8, 4, 4, 8, 4, 2, 6, 8, 2, 2, 8, 2, 4, 2, 4, 2, 2, 2, 6, 8, 2, 8, 4, 4, 6, 2, 8, 8, 2, 8, 8, 4, 6, 8, 8, 4, 6, 2, 6, 6]], 0.5508364287999999]
[[13, [8, 4, 8, 2, 8, 4, 4, 2, 2, 2, 6, 6, 4, 4, 8, 8, 2, 2, 8, 8, 2, 2, 4, 8, 2, 2, 8, 6, 2, 8, 6, 8, 2, 2, 8, 2, 2, 2, 8, 8, 8, 8, 8, 2, 2, 8, 8, 6, 4, 8, 6, 2]], 0.9066182656000003]
[[1, [2, 4, 8, 2, 8, 4, 4, 2, 4, 2, 8, 6, 8, 8, 4, 8, 4, 2, 4, 8, 2, 4, 4, 2, 2, 8, 8, 2, 2, 6, 6, 4, 2, 2, 8, 2, 2, 2, 8, 8, 8, 8, 8, 2, 6, 2, 8, 4, 6, 2, 6, 2]], 0.0973846528]
[[15, [8, 4, 8, 2, 8, 4, 4, 8, 8, 2, 8, 6, 8, 4, 4, 8, 8, 2, 2, 6, 2, 2, 4, 8, 2, 4, 6, 2, 2, 4, 6, 8, 2, 4, 8, 2, 2, 2, 8, 8, 8, 8, 8, 2, 8, 8, 8, 4, 4, 2, 6, 2]], 1.1190573056000002]
[[13, [8, 4, 8, 8, 8, 4, 4, 6, 8, 2, 8, 6, 2, 4, 4, 8, 4, 2, 2, 8, 8, 8, 4, 8, 2, 8, 6, 8, 2, 6, 4, 2, 2, 2, 8, 2, 8, 2, 8, 8, 4, 8, 2, 6, 2, 8, 8, 4, 4, 2, 6, 2]], 0.9352206336000002]
[[5, [8, 4, 8, 6, 8, 6, 4, 8, 4, 4, 8, 8, 8, 4, 4, 8, 4, 6, 2, 4, 4, 6, 4, 8, 2, 8, 8, 4, 2, 6, 2, 8, 8, 2, 8, 4, 2, 4, 8, 8, 8, 4, 8, 8, 2, 8, 8, 4, 4, 2, 6, 2]], 0.36695552000000004]
[[3, [4, 6, 4, 8, 8, 2, 4, 6, 8, 2, 8, 6, 8, 4, 6, 6, 6, 2, 6, 2, 6, 6, 6, 6, 2, 2, 8, 6, 8, 6, 6, 4, 2, 8, 8, 4, 8, 6, 2, 8, 8, 2, 6, 2, 2, 8, 8, 4, 4, 2, 6, 4]], 0.26031779839999997]
[[5, [8, 4, 8, 2, 2, 4, 2, 2, 8, 2, 6, 6, 8, 2, 4, 8, 4, 2, 2, 8, 2, 2, 4, 4, 2, 8, 8, 2, 2, 6, 4, 8, 2, 8, 6, 8, 2, 2, 8, 8, 8, 8, 8, 2, 2, 8, 8, 2, 4, 8, 6, 4]], 0.30614876160000004]
[[6, [8, 4, 8, 2, 6, 8, 2, 8, 8, 2, 8, 6, 8, 4, 4, 4, 4, 2, 2, 8, 8, 2, 4, 8, 6, 8, 8, 6, 8, 6, 8, 8, 6, 4, 8, 2, 6, 2, 8, 8, 8, 4, 8, 2, 4, 6, 6, 4, 4, 4, 6, 2]], 0.3847936]
[[5, [8, 4, 8, 4, 8, 2, 4, 2, 8, 6, 8, 6, 8, 4, 2, 8, 2, 2, 8, 8, 6, 6, 8, 8, 2, 8, 8, 2, 2, 6, 6, 8, 2, 2, 2, 4, 6, 6, 4, 8, 2, 8, 8, 2, 2, 8, 8, 8, 4, 2, 8, 2]], 0.36000542719999995]
[[15, [8, 4, 8, 2, 8, 6, 4, 2, 8, 8, 4, 6, 8, 4, 4, 8, 4, 2, 8, 8, 2, 2, 4, 8, 2, 4, 8, 6, 2, 6, 6, 8, 2, 2, 6, 2, 2, 6, 8, 8, 6, 8, 8, 2, 2, 8, 4, 4, 4, 2, 6, 6]], 1.1223463936000002]
[[10, [6, 4, 4, 2, 8, 4, 8, 2, 8, 2, 4, 6, 8, 4, 4, 4, 4, 2, 2, 8, 8, 2, 4, 8, 2, 8, 2, 4, 4, 6, 6, 4, 6, 2, 4, 2, 6, 2, 8, 8, 8, 6, 8, 8, 4, 8, 6, 4, 4, 2, 6, 4]], 0.5740525568]
[[5, [8, 4, 8, 2, 8, 6, 4, 6, 4, 2, 2, 6, 8, 4, 2, 8, 4, 2, 8, 8, 8, 2, 8, 8, 6, 8, 8, 2, 2, 6, 6, 8, 2, 2, 6, 2, 2, 2, 8, 8, 8, 8, 4, 2, 6, 8, 2, 4, 4, 2, 6, 2]], 0.33812623360000005]
[[9, [4, 8, 4, 2, 8, 2, 4, 6, 6, 2, 8, 6, 8, 2, 6, 6, 6, 2, 2, 2, 6, 2, 8, 2, 2, 2, 8, 8, 8, 6, 6, 4, 2, 2, 8, 4, 8, 6, 2, 8, 8, 2, 8, 2, 8, 4, 8, 4, 4, 8, 6, 4]], 0.5663545343999998]
[[5, [2, 4, 4, 8, 4, 4, 4, 2, 8, 2, 8, 6, 8, 2, 6, 8, 2, 2, 6, 8, 2, 2, 4, 8, 8, 8, 8, 2, 2, 6, 6, 4, 2, 2, 8, 2, 2, 2, 8, 8, 8, 8, 8, 2, 2, 6, 2, 4, 6, 2, 6, 2]], 0.33952706559999996]
[[0, [8, 4, 8, 2, 8, 8, 4, 2, 8, 2, 8, 6, 8, 6, 4, 8, 4, 2, 2, 8, 2, 2, 4, 8, 2, 8, 2, 2, 2, 6, 6, 2, 2, 2, 8, 2, 2, 2, 8, 4, 8, 8, 8, 2, 8, 2, 8, 4, 4, 2, 6, 2]], 0.052191846400000005]
[[5, [8, 4, 8, 4, 4, 4, 2, 2, 4, 8, 8, 6, 8, 4, 4, 8, 4, 2, 8, 8, 2, 4, 8, 8, 8, 8, 2, 2, 2, 6, 6, 8, 2, 2, 4, 4, 6, 2, 8, 8, 8, 8, 8, 4, 8, 8, 8, 8, 4, 8, 4, 2]], 0.3508688896]
[[14, [8, 6, 8, 2, 8, 4, 4, 2, 8, 2, 8, 6, 8, 2, 4, 8, 4, 2, 2, 8, 2, 2, 4, 8, 2, 8, 2, 2, 2, 2, 6, 8, 4, 2, 2, 8, 2, 2, 8, 8, 2, 8, 2, 2, 4, 8, 8, 4, 4, 2, 6, 2]], 0.9102505984]
[[2, [8, 4, 8, 2, 8, 6, 4, 6, 2, 8, 8, 6, 8, 4, 4, 8, 4, 2, 4, 8, 2, 2, 4, 8, 2, 4, 8, 2, 4, 6, 4, 8, 2, 2, 4, 2, 2, 4, 8, 8, 8, 8, 8, 2, 6, 8, 8, 4, 2, 4, 4, 2]], 0.15221944320000003]
[[2, [8, 8, 8, 2, 8, 4, 4, 4, 8, 2, 4, 6, 4, 4, 4, 4, 4, 2, 4, 8, 2, 2, 4, 8, 2, 8, 4, 2, 2, 6, 6, 8, 8, 2, 8, 2, 2, 2, 8, 8, 6, 4, 6, 2, 2, 6, 4, 4, 6, 2, 6, 2]], 0.1678989312]
[[3, [8, 4, 8, 2, 8, 4, 4, 2, 4, 6, 6, 6, 2, 6, 4, 8, 8, 4, 6, 8, 8, 8, 2, 8, 2, 8, 8, 2, 2, 6, 6, 8, 2, 2, 4, 4, 6, 2, 8, 8, 8, 8, 8, 4, 8, 6, 8, 6, 6, 6, 2, 2]], 0.23062671360000003]
[[11, [8, 4, 8, 2, 8, 4, 4, 2, 8, 8, 8, 6, 8, 4, 4, 8, 4, 4, 2, 4, 2, 4, 4, 4, 2, 8, 8, 8, 2, 6, 2, 8, 2, 2, 8, 6, 2, 2, 6, 8, 4, 8, 8, 4, 8, 8, 6, 8, 4, 2, 6, 2]], 0.6918772736000002]
[[5, [8, 4, 8, 2, 8, 4, 4, 8, 8, 8, 4, 6, 8, 4, 4, 2, 4, 2, 2, 8, 4, 2, 4, 8, 2, 8, 6, 4, 8, 6, 6, 4, 6, 2, 8, 2, 6, 2, 8, 4, 2, 4, 8, 2, 4, 8, 4, 4, 6, 2, 8, 8]], 0.32449556479999997]
[[0, [8, 4, 8, 2, 4, 4, 4, 2, 4, 2, 8, 6, 8, 4, 4, 8, 4, 4, 2, 8, 2, 2, 8, 8, 6, 4, 8, 2, 6, 6, 6, 2, 2, 2, 8, 2, 8, 2, 8, 6, 8, 4, 8, 2, 2, 8, 8, 8, 4, 2, 6, 6]], 0.052191846400000005]
[[9, [8, 2, 6, 4, 8, 4, 2, 2, 4, 2, 8, 6, 8, 4, 4, 8, 4, 2, 4, 8, 4, 2, 2, 2, 2, 8, 8, 2, 8, 6, 6, 8, 4, 2, 8, 2, 2, 2, 6, 8, 8, 8, 8, 2, 2, 8, 8, 2, 4, 4, 2, 2]], 0.5768558591999998]
[[5, [8, 4, 8, 8, 2, 4, 4, 6, 8, 2, 8, 6, 8, 4, 4, 8, 4, 2, 2, 4, 2, 2, 4, 8, 2, 8, 8, 2, 2, 6, 8, 8, 2, 2, 4, 2, 2, 6, 8, 8, 8, 8, 6, 2, 2, 4, 6, 4, 6, 4, 6, 2]], 0.3390347264]
[[12, [8, 4, 8, 8, 8, 4, 4, 2, 4, 6, 8, 6, 8, 4, 4, 4, 4, 2, 6, 8, 2, 4, 8, 8, 2, 8, 8, 2, 2, 6, 4, 8, 2, 2, 6, 4, 6, 6, 8, 2, 8, 8, 2, 8, 8, 8, 8, 4, 6, 2, 6, 8]], 0.7922210815999999]
[[9, [4, 4, 8, 2, 8, 4, 4, 2, 8, 2, 8, 2, 8, 4, 4, 8, 4, 2, 4, 8, 2, 2, 4, 8, 2, 4, 8, 2, 2, 6, 6, 8, 6, 2, 8, 2, 8, 2, 8, 4, 8, 8, 8, 2, 2, 4, 8, 4, 4, 2, 6, 2]], 0.5715253247999998]
[[3, [4, 4, 4, 2, 8, 2, 4, 2, 4, 2, 2, 6, 8, 4, 6, 6, 8, 2, 2, 6, 6, 8, 6, 8, 2, 4, 8, 6, 8, 6, 4, 4, 2, 4, 8, 4, 8, 6, 2, 8, 8, 2, 8, 2, 8, 8, 6, 4, 2, 2, 6, 4]], 0.192646144]
[[3, [4, 8, 4, 8, 8, 2, 4, 6, 8, 2, 8, 6, 8, 4, 6, 8, 6, 6, 2, 2, 6, 2, 6, 6, 4, 2, 8, 6, 8, 6, 2, 4, 2, 6, 8, 4, 4, 6, 2, 8, 8, 2, 2, 2, 8, 8, 8, 8, 4, 2, 6, 4]], 0.268143616]
[[15, [8, 8, 6, 2, 8, 4, 2, 6, 4, 6, 8, 6, 8, 4, 4, 8, 4, 2, 6, 8, 6, 2, 8, 8, 8, 8, 8, 2, 2, 6, 6, 4, 8, 4, 4, 4, 6, 2, 8, 8, 8, 6, 8, 4, 8, 4, 8, 4, 6, 8, 2, 6]], 1.178778624]
[[13, [8, 4, 8, 2, 8, 4, 4, 8, 8, 2, 8, 6, 8, 2, 4, 8, 4, 2, 2, 8, 2, 6, 4, 2, 2, 8, 8, 2, 2, 6, 6, 8, 2, 2, 4, 2, 2, 2, 8, 8, 8, 6, 8, 6, 2, 8, 8, 6, 4, 2, 4, 2]], 0.927366144]
[[2, [8, 4, 8, 2, 6, 6, 4, 2, 6, 6, 8, 6, 8, 4, 2, 8, 4, 2, 6, 4, 6, 6, 8, 8, 2, 2, 6, 2, 8, 4, 6, 8, 2, 8, 8, 4, 6, 2, 8, 6, 8, 8, 8, 8, 8, 6, 8, 4, 6, 2, 6, 4]], 0.15028121600000002]
[[12, [8, 2, 8, 8, 8, 4, 4, 2, 8, 6, 8, 6, 8, 4, 4, 8, 4, 2, 2, 8, 2, 2, 4, 8, 2, 8, 8, 6, 2, 6, 6, 4, 2, 2, 6, 4, 2, 2, 4, 8, 8, 8, 2, 2, 6, 8, 8, 4, 4, 4, 6, 2]], 0.7532378111999999]
[[11, [8, 4, 4, 2, 8, 4, 2, 2, 8, 8, 8, 6, 8, 4, 4, 8, 2, 2, 2, 6, 2, 2, 4, 6, 4, 8, 8, 2, 2, 6, 6, 8, 2, 6, 8, 2, 4, 2, 2, 6, 8, 8, 8, 2, 6, 8, 8, 4, 4, 2, 6, 4]], 0.6780557312000001]
[[5, [8, 4, 8, 6, 8, 4, 4, 2, 4, 6, 8, 6, 8, 4, 4, 8, 4, 2, 6, 8, 2, 4, 8, 8, 2, 8, 8, 4, 2, 4, 6, 8, 2, 2, 2, 4, 6, 2, 8, 8, 8, 8, 8, 4, 8, 8, 8, 8, 6, 2, 6, 2]], 0.35560058879999995]
[[3, [4, 4, 4, 2, 8, 2, 4, 6, 8, 2, 6, 8, 8, 4, 2, 2, 4, 6, 2, 2, 6, 2, 6, 6, 2, 2, 8, 6, 8, 6, 6, 4, 2, 2, 8, 4, 8, 4, 4, 8, 8, 2, 8, 2, 8, 8, 8, 4, 4, 2, 6, 2]], 0.2422421504]
[[9, [8, 4, 8, 2, 8, 4, 8, 6, 4, 8, 8, 6, 6, 4, 4, 8, 6, 2, 6, 2, 8, 4, 8, 2, 8, 2, 8, 2, 2, 6, 6, 8, 2, 2, 4, 4, 6, 2, 8, 2, 8, 8, 8, 4, 8, 8, 8, 4, 6, 2, 8, 2]], 0.6229907455999999]
[[5, [8, 2, 4, 2, 2, 4, 4, 2, 8, 2, 8, 6, 2, 4, 4, 8, 4, 2, 8, 6, 2, 2, 4, 8, 2, 8, 8, 2, 4, 6, 6, 8, 2, 2, 8, 2, 8, 2, 8, 8, 8, 8, 8, 2, 8, 8, 8, 4, 4, 2, 6, 6]], 0.3207821312]
[[3, [4, 4, 4, 2, 8, 8, 4, 8, 8, 2, 4, 6, 8, 4, 6, 6, 6, 2, 4, 4, 6, 2, 8, 4, 6, 2, 8, 6, 8, 6, 2, 4, 6, 2, 8, 4, 4, 6, 2, 8, 8, 2, 8, 2, 8, 2, 8, 4, 4, 8, 8, 4]], 0.25368063999999996]
[[13, [8, 4, 8, 2, 8, 8, 4, 2, 8, 2, 6, 6, 8, 4, 4, 4, 2, 2, 2, 2, 2, 2, 4, 6, 2, 6, 8, 8, 2, 6, 6, 2, 2, 2, 6, 2, 2, 2, 4, 8, 8, 8, 6, 6, 2, 8, 8, 4, 4, 2, 6, 2]], 0.8726157311999999]
[[5, [8, 4, 8, 2, 8, 4, 2, 2, 8, 6, 8, 6, 6, 4, 4, 8, 4, 2, 2, 8, 2, 2, 4, 8, 2, 8, 8, 2, 4, 6, 6, 8, 2, 2, 8, 6, 2, 2, 8, 8, 8, 6, 8, 2, 2, 2, 8, 4, 4, 2, 6, 2]], 0.34009968640000005]
[[12, [4, 4, 4, 2, 8, 2, 6, 8, 8, 2, 8, 6, 8, 4, 6, 6, 6, 2, 2, 2, 6, 2, 2, 6, 2, 2, 8, 6, 8, 6, 6, 4, 6, 2, 6, 4, 8, 6, 2, 4, 8, 2, 8, 8, 8, 8, 8, 4, 6, 2, 6, 4]], 0.7617296383999997]
[[5, [6, 4, 8, 2, 8, 4, 4, 2, 8, 2, 8, 4, 8, 4, 4, 8, 4, 2, 2, 8, 2, 2, 4, 8, 2, 8, 8, 2, 2, 6, 4, 8, 6, 2, 8, 2, 2, 2, 8, 8, 8, 4, 8, 2, 2, 8, 4, 4, 8, 2, 2, 2]], 0.3303143424]
[[5, [8, 4, 6, 4, 4, 2, 6, 2, 6, 2, 8, 6, 6, 4, 2, 8, 2, 6, 2, 8, 2, 2, 4, 2, 2, 8, 2, 2, 2, 6, 6, 6, 2, 2, 8, 2, 2, 2, 8, 6, 8, 8, 8, 4, 6, 2, 8, 2, 4, 2, 6, 2]], 0.31565312]
[[10, [6, 4, 6, 2, 8, 4, 4, 4, 8, 2, 8, 4, 8, 4, 4, 2, 4, 2, 2, 6, 6, 2, 4, 8, 2, 8, 8, 4, 2, 6, 4, 8, 6, 2, 8, 2, 2, 2, 8, 2, 8, 4, 8, 2, 2, 8, 6, 4, 4, 2, 2, 2]], 0.6215694336]
[[11, [2, 4, 8, 2, 8, 8, 4, 2, 8, 6, 8, 4, 8, 4, 4, 2, 4, 2, 2, 8, 2, 2, 4, 4, 2, 8, 8, 2, 2, 6, 4, 8, 6, 4, 8, 2, 4, 2, 6, 8, 8, 6, 8, 2, 2, 8, 4, 4, 8, 2, 4, 2]], 0.6620706815999999]
[[5, [2, 4, 2, 4, 8, 4, 6, 2, 8, 2, 8, 6, 8, 4, 4, 8, 4, 2, 2, 8, 2, 6, 4, 8, 2, 8, 8, 2, 6, 8, 6, 8, 4, 2, 8, 2, 2, 2, 8, 8, 8, 2, 8, 2, 4, 8, 8, 4, 6, 2, 6, 2]], 0.33303900159999994]
[[5, [8, 4, 8, 2, 8, 4, 4, 2, 2, 2, 8, 6, 8, 4, 4, 2, 6, 8, 2, 8, 2, 2, 4, 8, 2, 4, 8, 2, 2, 6, 6, 8, 2, 2, 8, 6, 2, 2, 6, 8, 4, 8, 8, 2, 2, 2, 8, 4, 4, 2, 2, 2]], 0.3085023232]
[[5, [8, 4, 8, 2, 8, 4, 4, 2, 8, 2, 6, 6, 8, 4, 8, 8, 4, 2, 2, 8, 2, 2, 4, 8, 2, 8, 6, 8, 2, 6, 6, 8, 2, 2, 8, 2, 2, 2, 8, 4, 8, 8, 8, 2, 2, 8, 2, 2, 4, 2, 6, 2]], 0.34067312639999997]
[[5, [8, 4, 4, 2, 8, 4, 2, 2, 8, 2, 6, 6, 8, 4, 4, 4, 4, 2, 2, 8, 2, 8, 4, 4, 2, 8, 8, 2, 8, 6, 6, 2, 2, 2, 8, 2, 8, 2, 8, 8, 4, 8, 8, 2, 2, 8, 8, 4, 4, 2, 6, 2]], 0.3047954432]
[[3, [8, 4, 6, 2, 8, 6, 4, 2, 6, 2, 8, 6, 8, 2, 2, 6, 4, 2, 2, 8, 8, 2, 4, 8, 2, 8, 8, 8, 2, 6, 4, 8, 2, 4, 8, 2, 4, 2, 8, 8, 6, 6, 8, 8, 2, 2, 8, 4, 4, 2, 2, 2]], 0.23756533760000004]
[[5, [8, 8, 8, 6, 4, 4, 6, 2, 4, 2, 8, 6, 8, 6, 4, 8, 4, 8, 2, 8, 2, 8, 4, 8, 2, 8, 8, 2, 2, 6, 6, 8, 2, 2, 8, 2, 8, 2, 8, 2, 6, 8, 8, 2, 2, 8, 8, 4, 4, 2, 6, 4]], 0.36304384]
[[2, [8, 4, 2, 2, 8, 2, 4, 4, 8, 2, 8, 6, 8, 6, 2, 6, 6, 4, 2, 2, 6, 6, 6, 4, 2, 2, 8, 8, 2, 6, 6, 4, 2, 2, 8, 4, 8, 6, 2, 8, 8, 2, 8, 2, 8, 4, 8, 4, 4, 2, 6, 4]], 0.1334409216]
[[5, [8, 4, 8, 2, 8, 4, 8, 2, 2, 6, 4, 4, 8, 6, 6, 8, 4, 4, 6, 8, 2, 4, 4, 8, 6, 8, 8, 2, 2, 2, 6, 4, 2, 2, 4, 4, 6, 6, 8, 8, 8, 8, 8, 4, 2, 8, 8, 4, 2, 2, 6, 2]], 0.34005135360000005]
[[5, [4, 4, 4, 2, 8, 4, 8, 8, 8, 4, 4, 6, 8, 2, 4, 8, 6, 2, 2, 8, 2, 2, 4, 2, 2, 8, 2, 2, 2, 2, 8, 8, 2, 2, 6, 2, 2, 2, 8, 6, 6, 6, 8, 2, 2, 8, 8, 4, 4, 2, 6, 2]], 0.334773248]
[[5, [2, 4, 8, 2, 8, 4, 4, 2, 8, 2, 8, 6, 8, 8, 4, 8, 4, 2, 2, 8, 4, 2, 4, 8, 2, 8, 8, 2, 2, 6, 6, 8, 2, 2, 8, 2, 8, 6, 8, 8, 8, 8, 8, 2, 2, 8, 6, 4, 4, 2, 6, 2]], 0.35363368959999997]
[[5, [6, 4, 8, 2, 8, 4, 4, 2, 8, 8, 8, 6, 8, 8, 4, 8, 4, 2, 2, 8, 2, 2, 4, 4, 2, 8, 4, 4, 6, 8, 6, 8, 6, 4, 8, 2, 2, 2, 4, 8, 2, 8, 8, 2, 4, 8, 8, 4, 4, 2, 6, 2]], 0.36693585920000005]
[[5, [8, 4, 8, 2, 8, 4, 4, 2, 8, 4, 4, 6, 8, 4, 4, 8, 4, 2, 2, 6, 2, 4, 8, 8, 6, 6, 8, 2, 4, 6, 6, 8, 2, 2, 4, 2, 2, 6, 8, 8, 8, 8, 8, 8, 8, 2, 8, 4, 4, 2, 6, 4]], 0.32414822399999993]
[[15, [8, 4, 6, 2, 8, 4, 4, 6, 8, 2, 6, 2, 8, 4, 4, 8, 8, 2, 2, 8, 2, 2, 4, 4, 6, 6, 8, 8, 2, 6, 2, 8, 2, 6, 2, 2, 2, 6, 8, 8, 8, 8, 4, 2, 2, 8, 8, 4, 2, 2, 6, 2]], 1.0601240576000002]
[[10, [8, 4, 8, 6, 8, 4, 4, 6, 4, 2, 8, 2, 8, 2, 4, 8, 4, 2, 8, 8, 2, 2, 4, 8, 2, 8, 8, 2, 2, 6, 6, 8, 8, 2, 2, 2, 2, 2, 2, 8, 8, 8, 8, 6, 6, 6, 4, 4, 4, 2, 6, 4]], 0.6237018112]
[[5, [6, 4, 8, 2, 8, 8, 4, 2, 8, 2, 8, 4, 8, 4, 4, 8, 4, 2, 2, 8, 2, 8, 4, 8, 2, 8, 8, 2, 2, 6, 6, 8, 6, 2, 8, 4, 2, 2, 8, 8, 8, 4, 8, 2, 2, 8, 4, 4, 4, 6, 2, 2]], 0.3459659776]
[[12, [8, 4, 8, 2, 8, 4, 2, 2, 8, 4, 4, 6, 8, 4, 4, 8, 4, 2, 2, 6, 8, 2, 8, 8, 6, 6, 8, 2, 4, 6, 6, 8, 6, 2, 4, 6, 2, 6, 4, 8, 8, 2, 4, 8, 8, 2, 2, 4, 4, 2, 6, 4]], 0.7913936895999999]
[[5, [6, 4, 8, 2, 2, 6, 4, 4, 8, 4, 8, 2, 8, 4, 8, 8, 4, 2, 2, 6, 2, 2, 2, 8, 2, 8, 8, 2, 2, 6, 6, 8, 2, 2, 6, 8, 2, 2, 8, 8, 8, 8, 8, 2, 2, 8, 8, 4, 4, 2, 6, 2]], 0.32853258239999994]
[[12, [8, 4, 2, 2, 4, 4, 4, 6, 6, 4, 8, 6, 8, 4, 4, 8, 4, 2, 6, 8, 2, 4, 8, 8, 4, 8, 8, 2, 2, 4, 6, 8, 6, 2, 8, 4, 6, 2, 8, 8, 4, 8, 8, 4, 8, 8, 8, 8, 4, 2, 2, 2]], 0.7946106879999999]
[[5, [8, 4, 8, 2, 8, 4, 4, 2, 8, 2, 8, 6, 8, 6, 8, 8, 4, 2, 2, 8, 2, 2, 4, 8, 2, 8, 8, 4, 2, 4, 6, 6, 2, 2, 8, 2, 2, 2, 8, 8, 8, 8, 6, 2, 2, 8, 8, 4, 4, 2, 6, 2]], 0.3571161088]
[[8, [6, 4, 2, 2, 8, 8, 4, 2, 8, 2, 2, 4, 8, 4, 4, 8, 4, 2, 8, 8, 8, 8, 2, 4, 2, 4, 4, 2, 2, 6, 4, 8, 6, 6, 4, 2, 4, 2, 8, 8, 8, 2, 8, 2, 8, 8, 4, 4, 8, 2, 2, 2]], 0.49988382719999996]
[[3, [8, 4, 8, 2, 4, 4, 6, 2, 8, 2, 8, 6, 8, 4, 4, 6, 4, 2, 6, 8, 2, 2, 4, 8, 2, 4, 8, 2, 2, 6, 6, 8, 2, 2, 6, 6, 2, 8, 8, 4, 8, 8, 8, 2, 2, 8, 8, 4, 4, 8, 6, 2]], 0.2440665088]
[[5, [6, 2, 8, 2, 8, 4, 4, 2, 4, 6, 4, 6, 4, 4, 8, 4, 4, 8, 6, 6, 8, 4, 8, 8, 2, 8, 8, 2, 2, 6, 6, 2, 2, 2, 4, 8, 6, 2, 8, 8, 2, 8, 8, 4, 8, 2, 8, 4, 6, 8, 6, 8]], 0.3168540672]
[[12, [6, 4, 8, 2, 8, 4, 4, 2, 8, 2, 8, 4, 8, 4, 4, 6, 4, 2, 2, 8, 2, 2, 4, 8, 2, 8, 8, 2, 8, 6, 4, 8, 6, 2, 8, 2, 4, 2, 4, 2, 6, 4, 4, 2, 2, 8, 4, 4, 8, 6, 2, 2]], 0.7473166335999999]
[[13, [8, 4, 8, 2, 8, 2, 8, 2, 8, 2, 8, 6, 8, 4, 4, 8, 4, 2, 6, 8, 2, 2, 4, 8, 2, 6, 8, 2, 2, 2, 6, 2, 8, 2, 2, 2, 2, 2, 8, 8, 8, 8, 8, 2, 6, 8, 8, 4, 4, 4, 6, 4]], 0.8866183168000001]
[[5, [4, 4, 8, 2, 8, 4, 2, 2, 8, 2, 4, 4, 8, 4, 4, 4, 4, 2, 2, 6, 2, 4, 8, 8, 6, 6, 8, 4, 4, 6, 6, 8, 6, 2, 4, 2, 6, 4, 8, 2, 8, 8, 8, 6, 6, 2, 8, 4, 4, 2, 6, 4]], 0.2893699072]
[[7, [6, 8, 8, 2, 8, 8, 4, 2, 8, 2, 8, 6, 8, 6, 4, 6, 4, 2, 2, 8, 2, 6, 8, 8, 2, 8, 8, 8, 2, 4, 4, 8, 8, 2, 8, 2, 2, 4, 6, 8, 8, 8, 8, 2, 2, 8, 6, 4, 4, 2, 6, 2]], 0.5332400127999999]
[[11, [8, 4, 8, 2, 8, 4, 6, 8, 8, 4, 4, 6, 8, 4, 4, 8, 4, 2, 8, 6, 2, 4, 8, 6, 6, 6, 8, 2, 4, 2, 6, 2, 2, 2, 4, 2, 2, 4, 4, 8, 8, 8, 8, 8, 8, 2, 8, 6, 2, 2, 8, 6]], 0.6830430208000002]
[[5, [6, 4, 8, 4, 8, 4, 4, 2, 8, 4, 4, 6, 2, 4, 4, 8, 4, 2, 2, 6, 2, 4, 6, 6, 4, 4, 8, 2, 4, 8, 6, 8, 2, 2, 4, 4, 2, 6, 8, 8, 8, 8, 8, 8, 8, 2, 8, 4, 4, 2, 6, 8]], 0.3154212863999999]
[[9, [8, 4, 6, 2, 8, 4, 8, 2, 8, 4, 8, 6, 8, 8, 4, 8, 4, 2, 2, 8, 2, 8, 4, 8, 8, 8, 4, 2, 8, 6, 2, 4, 2, 2, 8, 2, 2, 2, 8, 8, 8, 8, 8, 4, 2, 8, 8, 4, 4, 2, 6, 4]], 0.6447273984]
[[5, [8, 2, 8, 2, 6, 4, 4, 4, 8, 2, 8, 6, 8, 4, 4, 8, 4, 2, 2, 8, 2, 8, 4, 8, 2, 8, 8, 2, 2, 6, 6, 8, 2, 2, 8, 2, 2, 8, 8, 8, 2, 8, 8, 2, 2, 8, 8, 4, 4, 2, 6, 2]], 0.3323557888]
[[5, [8, 4, 4, 2, 8, 4, 4, 4, 8, 4, 8, 6, 8, 4, 8, 8, 4, 2, 2, 6, 2, 4, 8, 4, 6, 6, 8, 2, 2, 8, 6, 2, 4, 2, 8, 2, 8, 6, 8, 6, 8, 2, 8, 8, 8, 8, 8, 4, 4, 4, 6, 2]], 0.3458897919999999]
[[5, [8, 8, 8, 4, 8, 8, 4, 8, 8, 2, 8, 6, 8, 4, 4, 8, 4, 2, 8, 8, 2, 4, 4, 2, 8, 8, 8, 2, 2, 6, 6, 8, 2, 2, 8, 2, 2, 2, 8, 8, 8, 8, 4, 2, 2, 8, 4, 8, 4, 2, 6, 2]], 0.41371955200000005]
[[7, [8, 4, 8, 2, 4, 4, 4, 2, 4, 2, 8, 4, 4, 4, 8, 8, 4, 2, 6, 8, 2, 4, 8, 8, 2, 8, 8, 2, 2, 6, 2, 8, 2, 2, 4, 4, 6, 2, 8, 4, 6, 8, 8, 4, 8, 8, 2, 4, 6, 2, 6, 8]], 0.4783986687999999]
[[5, [6, 4, 4, 2, 4, 2, 4, 2, 8, 2, 8, 6, 8, 4, 4, 8, 2, 2, 2, 8, 2, 2, 2, 2, 2, 8, 8, 2, 2, 6, 4, 4, 6, 2, 2, 2, 6, 2, 8, 6, 6, 8, 8, 2, 2, 6, 8, 4, 4, 2, 6, 6]], 0.31084605439999996]
[[2, [6, 4, 8, 2, 8, 8, 4, 2, 6, 4, 8, 6, 8, 4, 4, 8, 4, 2, 2, 6, 2, 4, 8, 8, 6, 8, 8, 2, 6, 2, 6, 8, 8, 6, 4, 2, 2, 6, 8, 8, 8, 8, 8, 8, 8, 2, 8, 8, 4, 2, 2, 4]], 0.15792926720000003]
[[5, [8, 6, 8, 2, 8, 2, 4, 2, 8, 2, 8, 4, 8, 4, 4, 8, 4, 2, 2, 6, 2, 2, 4, 8, 2, 2, 8, 4, 4, 6, 8, 8, 2, 2, 4, 2, 2, 2, 6, 2, 8, 8, 8, 2, 4, 8, 8, 4, 4, 2, 4, 2]], 0.32773304319999996]
[[1, [2, 4, 6, 2, 8, 4, 6, 2, 8, 2, 4, 6, 8, 2, 4, 4, 4, 2, 8, 8, 4, 2, 4, 8, 2, 2, 8, 2, 2, 6, 6, 8, 2, 2, 2, 2, 2, 2, 8, 8, 8, 8, 8, 6, 2, 4, 8, 4, 4, 2, 6, 2]], 0.09738465280000001]
[[2, [8, 4, 6, 2, 8, 6, 4, 2, 4, 2, 8, 6, 8, 4, 8, 8, 4, 2, 2, 8, 2, 2, 4, 8, 2, 8, 8, 2, 6, 6, 6, 8, 2, 4, 8, 2, 2, 2, 4, 8, 8, 8, 6, 2, 2, 8, 8, 4, 6, 2, 6, 4]], 0.13611806720000003]
[[5, [8, 4, 4, 2, 8, 4, 4, 4, 6, 6, 8, 6, 8, 4, 8, 8, 6, 2, 6, 8, 2, 4, 8, 8, 8, 8, 8, 2, 2, 4, 6, 8, 4, 2, 6, 4, 6, 2, 8, 8, 8, 8, 8, 4, 8, 8, 8, 2, 6, 2, 8, 2]], 0.3656382463999999]
[[5, [8, 4, 4, 2, 8, 8, 2, 2, 2, 2, 8, 6, 2, 4, 6, 8, 4, 2, 6, 8, 2, 2, 4, 8, 2, 8, 8, 2, 2, 6, 6, 2, 2, 6, 6, 2, 2, 2, 6, 2, 8, 8, 6, 2, 2, 2, 8, 2, 4, 2, 6, 2]], 0.330812416]
[[1, [2, 4, 8, 2, 8, 4, 4, 6, 8, 4, 6, 6, 8, 4, 4, 6, 4, 2, 2, 4, 2, 4, 2, 8, 8, 6, 8, 2, 4, 8, 6, 8, 2, 2, 4, 2, 2, 6, 6, 8, 8, 8, 8, 8, 4, 2, 8, 2, 4, 2, 2, 4]], 0.0973846528]
[[14, [2, 4, 8, 2, 8, 2, 2, 2, 4, 6, 8, 6, 8, 4, 2, 8, 4, 8, 6, 8, 2, 4, 8, 8, 2, 8, 8, 2, 2, 6, 6, 8, 2, 2, 4, 4, 6, 8, 8, 8, 8, 8, 8, 6, 4, 8, 8, 4, 6, 2, 8, 2]], 1.1105048575999998]
[[15, [8, 4, 4, 2, 8, 4, 4, 6, 8, 4, 4, 6, 6, 4, 4, 8, 4, 2, 2, 6, 2, 4, 4, 8, 6, 6, 6, 2, 4, 6, 6, 8, 6, 2, 4, 2, 2, 6, 6, 8, 8, 8, 8, 8, 8, 2, 8, 4, 4, 2, 6, 4]], 1.1467708416]
[[5, [4, 2, 8, 2, 4, 8, 4, 8, 8, 2, 6, 6, 8, 4, 2, 8, 4, 8, 2, 8, 2, 8, 4, 8, 2, 8, 4, 2, 4, 6, 6, 8, 2, 2, 8, 2, 2, 2, 8, 8, 8, 8, 4, 2, 2, 8, 8, 4, 2, 8, 6, 2]], 0.3508205568]
[[10, [6, 4, 8, 2, 8, 4, 8, 2, 8, 2, 8, 4, 8, 4, 4, 8, 4, 2, 2, 2, 4, 2, 8, 8, 8, 8, 6, 2, 2, 6, 4, 8, 6, 6, 6, 2, 2, 2, 8, 8, 8, 2, 8, 2, 2, 4, 4, 8, 8, 2, 6, 2]], 0.6648559615999999]
[[5, [8, 4, 8, 2, 2, 4, 2, 2, 8, 4, 4, 6, 8, 4, 4, 4, 4, 2, 2, 6, 2, 4, 8, 8, 8, 6, 8, 8, 4, 6, 8, 8, 4, 2, 6, 2, 2, 6, 8, 6, 8, 8, 8, 8, 8, 2, 6, 4, 2, 4, 6, 4]], 0.29012848640000005]
[[5, [8, 4, 8, 2, 6, 4, 4, 2, 8, 8, 8, 6, 2, 4, 4, 8, 6, 2, 2, 8, 6, 2, 4, 8, 6, 8, 8, 2, 6, 6, 6, 2, 2, 2, 8, 2, 2, 2, 8, 4, 8, 8, 2, 2, 2, 8, 2, 4, 4, 2, 6, 2]], 0.3390347264]
[[5, [8, 4, 8, 4, 4, 4, 4, 8, 4, 6, 4, 8, 8, 2, 4, 8, 4, 2, 2, 8, 2, 4, 8, 8, 2, 8, 6, 2, 2, 6, 6, 8, 2, 2, 2, 2, 6, 2, 8, 8, 8, 8, 8, 8, 8, 8, 2, 4, 6, 2, 8, 2]], 0.32444149759999996]
[[5, [8, 4, 8, 2, 8, 4, 4, 4, 8, 6, 8, 6, 8, 4, 4, 8, 4, 2, 8, 8, 2, 4, 6, 8, 2, 2, 4, 2, 2, 6, 6, 8, 6, 6, 4, 4, 6, 2, 8, 8, 4, 8, 6, 8, 8, 8, 4, 4, 6, 2, 6, 2]], 0.376790016]
[[0, [8, 2, 6, 4, 8, 6, 6, 2, 2, 2, 8, 6, 8, 6, 4, 8, 4, 6, 2, 8, 4, 6, 4, 8, 2, 2, 2, 2, 2, 8, 6, 8, 2, 2, 8, 4, 8, 8, 8, 8, 8, 8, 4, 2, 2, 6, 8, 4, 4, 2, 8, 2]], 0.0443660288]
[[7, [8, 4, 8, 2, 8, 4, 4, 2, 8, 2, 4, 8, 8, 4, 4, 8, 4, 2, 2, 8, 2, 6, 4, 8, 2, 2, 8, 2, 4, 6, 6, 8, 6, 2, 8, 2, 2, 2, 8, 8, 8, 8, 8, 2, 2, 2, 8, 2, 4, 2, 6, 2]], 0.4741863423999999]
[[5, [2, 4, 8, 2, 8, 4, 4, 2, 8, 6, 8, 6, 4, 4, 4, 6, 4, 2, 2, 8, 8, 6, 8, 8, 2, 8, 8, 2, 2, 2, 6, 8, 2, 6, 4, 4, 6, 2, 8, 8, 8, 2, 8, 4, 8, 4, 8, 4, 8, 2, 6, 2]], 0.32832040960000003]
[[3, [8, 4, 8, 6, 8, 4, 4, 2, 8, 4, 8, 6, 8, 4, 4, 8, 4, 8, 2, 8, 2, 2, 4, 8, 4, 8, 8, 2, 2, 6, 6, 8, 2, 2, 4, 2, 6, 2, 8, 8, 8, 6, 8, 2, 2, 8, 8, 4, 4, 2, 6, 2]], 0.26067333119999997]
[[4, [6, 4, 8, 4, 8, 2, 4, 2, 8, 2, 8, 6, 6, 4, 2, 8, 4, 2, 2, 8, 2, 2, 8, 4, 8, 8, 2, 2, 2, 6, 6, 8, 6, 2, 8, 4, 4, 2, 8, 8, 8, 8, 8, 2, 8, 8, 8, 4, 4, 2, 6, 4]], 0.29233213440000005]
[[10, [8, 4, 8, 2, 8, 8, 8, 2, 4, 6, 8, 6, 8, 4, 4, 8, 4, 8, 6, 6, 4, 8, 8, 6, 2, 8, 8, 2, 2, 6, 6, 8, 2, 2, 4, 2, 6, 2, 6, 2, 8, 8, 8, 4, 4, 8, 8, 4, 6, 6, 6, 2]], 0.6889773056000001]
[[5, [8, 4, 8, 2, 4, 4, 6, 8, 8, 4, 4, 6, 8, 4, 4, 8, 6, 2, 2, 6, 6, 6, 8, 8, 6, 6, 2, 8, 4, 6, 2, 8, 6, 2, 2, 2, 2, 6, 8, 8, 2, 8, 8, 8, 8, 8, 4, 4, 4, 8, 6, 4]], 0.3361937408]
[[6, [8, 8, 8, 2, 4, 2, 4, 2, 8, 2, 8, 6, 8, 4, 4, 8, 4, 2, 2, 8, 2, 2, 4, 8, 2, 8, 8, 2, 2, 6, 4, 8, 2, 6, 8, 2, 6, 4, 8, 2, 8, 8, 8, 2, 2, 8, 8, 4, 4, 2, 6, 2]], 0.365784064]
[[5, [8, 4, 8, 2, 8, 2, 4, 4, 8, 8, 6, 6, 8, 6, 4, 8, 6, 2, 2, 6, 2, 4, 4, 8, 8, 6, 8, 2, 6, 6, 6, 8, 6, 2, 4, 8, 2, 6, 6, 8, 2, 2, 8, 8, 8, 6, 8, 8, 4, 2, 6, 6]], 0.3484710911999999]
[[5, [8, 4, 8, 2, 6, 4, 4, 2, 8, 4, 4, 6, 8, 4, 4, 2, 4, 2, 2, 2, 2, 4, 8, 8, 6, 6, 8, 2, 4, 2, 6, 8, 8, 6, 4, 2, 2, 6, 8, 8, 8, 4, 4, 8, 8, 2, 8, 4, 4, 2, 6, 4]], 0.2873759744]
[[3, [8, 4, 8, 2, 4, 4, 6, 4, 4, 6, 8, 6, 4, 6, 8, 8, 8, 2, 4, 8, 2, 4, 8, 8, 4, 8, 8, 2, 2, 6, 6, 8, 2, 2, 6, 4, 6, 2, 8, 6, 8, 8, 2, 4, 4, 8, 8, 4, 4, 2, 6, 2]], 0.24136151040000003]
[[5, [8, 4, 6, 2, 4, 4, 4, 2, 8, 2, 8, 8, 8, 4, 4, 6, 4, 2, 2, 8, 2, 2, 4, 8, 2, 8, 8, 4, 2, 6, 4, 8, 2, 2, 8, 2, 2, 2, 8, 8, 6, 2, 8, 2, 2, 8, 8, 4, 4, 2, 6, 2]], 0.32772648959999995]
[[1, [8, 4, 8, 4, 8, 6, 4, 2, 8, 2, 8, 6, 8, 6, 4, 8, 6, 2, 2, 8, 2, 2, 4, 8, 6, 8, 8, 6, 2, 6, 8, 8, 2, 2, 8, 2, 2, 2, 8, 6, 8, 8, 8, 2, 2, 8, 2, 8, 4, 2, 6, 4]], 0.1123530752]
[[5, [8, 6, 8, 2, 8, 4, 8, 8, 4, 2, 8, 6, 6, 4, 4, 8, 8, 2, 6, 8, 2, 4, 8, 8, 6, 8, 8, 2, 2, 6, 6, 8, 6, 2, 4, 4, 6, 8, 8, 8, 6, 4, 8, 4, 4, 8, 8, 4, 6, 2, 6, 2]], 0.37377781759999995]
[[6, [2, 4, 8, 2, 8, 8, 4, 2, 8, 6, 8, 6, 8, 4, 4, 8, 8, 2, 4, 8, 8, 2, 4, 4, 2, 8, 8, 2, 2, 6, 6, 8, 2, 2, 8, 8, 2, 2, 8, 8, 8, 8, 8, 2, 2, 8, 4, 6, 4, 2, 6, 2]], 0.41513431040000004]
[[5, [4, 4, 8, 8, 8, 4, 4, 2, 4, 6, 8, 6, 2, 4, 8, 8, 4, 2, 6, 8, 2, 4, 8, 8, 2, 8, 8, 2, 2, 2, 6, 8, 8, 2, 4, 4, 6, 2, 8, 8, 8, 8, 4, 4, 8, 8, 8, 4, 6, 6, 6, 4]], 0.354180096]
[[15, [8, 4, 8, 2, 8, 4, 4, 2, 4, 6, 8, 6, 8, 4, 4, 8, 4, 2, 2, 8, 2, 4, 6, 6, 2, 8, 6, 8, 2, 6, 6, 8, 2, 2, 4, 4, 6, 6, 8, 8, 8, 2, 8, 4, 8, 8, 8, 6, 6, 6, 6, 2]], 1.1856730112]
[[3, [8, 4, 8, 8, 6, 6, 4, 2, 8, 4, 4, 6, 8, 2, 4, 4, 4, 2, 2, 6, 2, 4, 8, 8, 6, 6, 8, 2, 8, 2, 8, 8, 2, 2, 4, 2, 2, 6, 8, 2, 8, 8, 6, 8, 8, 2, 8, 4, 4, 4, 6, 4]], 0.2430973952]
[[13, [4, 2, 8, 2, 8, 4, 2, 2, 8, 4, 4, 6, 8, 8, 6, 8, 4, 2, 2, 6, 2, 4, 8, 8, 2, 8, 8, 2, 4, 4, 6, 8, 2, 2, 4, 2, 2, 4, 4, 8, 8, 8, 8, 8, 8, 6, 2, 4, 4, 2, 6, 4]], 0.9749018624]
[[8, [8, 6, 6, 2, 8, 4, 4, 4, 8, 2, 2, 6, 8, 4, 8, 8, 4, 2, 2, 4, 8, 4, 4, 6, 2, 6, 4, 2, 2, 6, 6, 4, 2, 2, 8, 2, 2, 8, 8, 6, 8, 6, 8, 6, 2, 8, 4, 4, 4, 2, 6, 2]], 0.48999444479999993]
[[10, [8, 4, 8, 2, 2, 4, 4, 2, 2, 6, 4, 4, 6, 4, 4, 4, 4, 2, 2, 4, 6, 4, 8, 2, 6, 4, 8, 2, 4, 6, 6, 8, 2, 2, 4, 6, 2, 6, 8, 8, 4, 6, 8, 8, 8, 2, 8, 4, 4, 4, 6, 8]], 0.5702531071999999]
[[1, [8, 4, 8, 2, 8, 4, 8, 2, 8, 2, 8, 6, 4, 2, 4, 6, 4, 2, 2, 8, 8, 2, 4, 8, 6, 8, 2, 2, 2, 6, 4, 8, 2, 2, 8, 2, 2, 2, 4, 8, 8, 8, 8, 2, 2, 8, 8, 4, 6, 2, 6, 2]], 0.1081874432]
[[13, [8, 2, 4, 2, 8, 4, 4, 2, 8, 2, 2, 2, 4, 4, 4, 2, 4, 2, 2, 8, 8, 2, 4, 2, 4, 8, 8, 2, 2, 6, 6, 8, 2, 2, 8, 2, 2, 2, 8, 8, 8, 8, 8, 6, 2, 8, 8, 4, 2, 8, 4, 2]], 0.8654829568000001]
[[7, [8, 6, 6, 2, 2, 4, 4, 2, 8, 2, 8, 6, 8, 4, 4, 8, 4, 2, 2, 8, 6, 4, 4, 8, 2, 8, 8, 6, 4, 2, 6, 8, 2, 2, 8, 2, 2, 2, 8, 8, 8, 6, 8, 2, 2, 4, 8, 4, 4, 2, 8, 2]], 0.48584929279999994]
[[5, [8, 4, 8, 8, 4, 4, 4, 2, 8, 6, 6, 6, 8, 4, 2, 8, 2, 8, 2, 6, 2, 4, 8, 8, 2, 4, 8, 2, 6, 6, 4, 8, 2, 2, 4, 8, 6, 2, 8, 4, 8, 8, 8, 4, 6, 2, 8, 2, 4, 2, 6, 4]], 0.342203392]
[[5, [4, 2, 8, 2, 8, 4, 2, 8, 8, 4, 4, 6, 8, 4, 4, 4, 8, 2, 2, 6, 2, 4, 8, 8, 6, 6, 8, 2, 4, 6, 6, 8, 2, 2, 4, 2, 2, 8, 6, 4, 8, 8, 8, 8, 4, 2, 8, 4, 4, 2, 6, 4]], 0.31532462079999996]
[[5, [8, 4, 8, 2, 8, 4, 2, 2, 8, 2, 8, 8, 8, 4, 8, 8, 4, 4, 2, 8, 4, 2, 8, 8, 2, 8, 8, 2, 2, 6, 6, 8, 2, 2, 8, 2, 4, 8, 8, 2, 8, 8, 6, 8, 2, 8, 8, 4, 4, 2, 6, 8]], 0.3579287552]
[[5, [8, 4, 8, 8, 8, 4, 4, 2, 8, 4, 4, 6, 8, 4, 4, 8, 4, 2, 4, 6, 2, 4, 8, 8, 6, 6, 8, 2, 4, 6, 6, 8, 2, 2, 2, 2, 6, 6, 8, 8, 8, 8, 8, 8, 8, 2, 8, 2, 4, 2, 6, 4]], 0.34334371840000005]
[[11, [8, 8, 8, 2, 8, 4, 6, 2, 8, 4, 4, 8, 8, 4, 4, 8, 6, 2, 4, 6, 6, 4, 8, 8, 6, 6, 6, 2, 4, 6, 6, 8, 2, 2, 4, 8, 2, 6, 6, 8, 8, 8, 8, 8, 8, 2, 4, 4, 6, 2, 6, 4]], 0.7565236223999998]
[[5, [6, 6, 4, 2, 8, 2, 4, 8, 8, 2, 8, 6, 8, 4, 4, 8, 4, 2, 2, 8, 2, 6, 4, 8, 2, 2, 8, 8, 2, 6, 4, 8, 2, 2, 8, 2, 8, 6, 6, 8, 8, 8, 8, 2, 2, 8, 8, 4, 4, 2, 6, 2]], 0.34563010559999996]
[[3, [6, 4, 6, 2, 8, 4, 6, 6, 2, 4, 4, 6, 8, 4, 4, 8, 4, 2, 2, 6, 2, 4, 4, 8, 2, 6, 6, 2, 2, 6, 6, 8, 8, 2, 4, 2, 2, 6, 8, 2, 8, 8, 8, 8, 8, 2, 8, 4, 4, 2, 8, 4]], 0.22204968960000002]
[[5, [8, 4, 2, 2, 4, 4, 4, 2, 4, 4, 4, 6, 8, 8, 6, 8, 4, 2, 4, 2, 2, 4, 8, 8, 6, 6, 6, 2, 4, 6, 2, 8, 2, 2, 4, 2, 2, 6, 4, 8, 2, 8, 8, 6, 6, 8, 6, 2, 4, 2, 6, 2]], 0.31012843520000005]
[[0, [8, 4, 8, 2, 8, 4, 4, 2, 8, 2, 8, 6, 8, 8, 4, 8, 4, 2, 2, 8, 4, 2, 4, 8, 2, 8, 8, 6, 2, 6, 6, 8, 2, 2, 8, 4, 2, 2, 8, 8, 8, 8, 8, 2, 6, 8, 8, 4, 4, 2, 6, 2]], 0.052191846400000005]
[[5, [6, 2, 8, 8, 8, 8, 8, 4, 8, 2, 8, 4, 8, 4, 4, 8, 4, 8, 2, 8, 8, 2, 4, 8, 2, 8, 8, 2, 2, 6, 6, 8, 6, 2, 6, 2, 6, 2, 8, 8, 8, 4, 4, 8, 2, 6, 4, 6, 8, 2, 2, 2]], 0.3737851904]
[[5, [8, 2, 8, 4, 8, 4, 4, 2, 8, 2, 8, 4, 4, 4, 2, 8, 4, 2, 2, 8, 2, 2, 4, 8, 2, 8, 8, 2, 8, 6, 4, 8, 6, 2, 8, 2, 6, 8, 8, 8, 8, 4, 6, 2, 2, 8, 4, 4, 8, 2, 2, 2]], 0.31559167999999993]
[[5, [8, 8, 8, 2, 8, 6, 4, 2, 8, 2, 8, 6, 8, 2, 6, 8, 4, 2, 6, 8, 6, 2, 4, 8, 2, 6, 4, 2, 2, 6, 6, 8, 2, 2, 8, 2, 2, 2, 8, 6, 8, 8, 4, 2, 8, 8, 4, 4, 4, 6, 6, 2]], 0.37585530879999995]
[[12, [6, 4, 8, 2, 8, 4, 4, 6, 8, 2, 8, 4, 8, 4, 4, 8, 4, 8, 2, 4, 4, 8, 4, 2, 2, 8, 8, 6, 2, 6, 4, 8, 6, 2, 8, 4, 2, 2, 8, 8, 8, 4, 8, 2, 2, 8, 4, 4, 8, 2, 2, 2]], 0.7882733568]
[[9, [8, 4, 8, 2, 8, 4, 4, 8, 4, 4, 8, 6, 8, 4, 4, 8, 4, 2, 6, 8, 2, 4, 8, 4, 6, 8, 8, 2, 2, 6, 6, 8, 2, 4, 4, 2, 6, 8, 8, 8, 4, 8, 6, 8, 8, 8, 8, 4, 6, 2, 6, 8]], 0.6226696192000001]
[[2, [8, 4, 8, 2, 8, 4, 4, 2, 8, 8, 4, 6, 2, 4, 4, 8, 4, 4, 2, 8, 2, 4, 8, 8, 2, 6, 8, 6, 2, 6, 6, 8, 4, 8, 4, 2, 8, 6, 8, 6, 8, 8, 8, 8, 8, 2, 8, 8, 4, 2, 6, 8]], 0.1585846272]
[[13, [8, 4, 8, 2, 8, 8, 4, 2, 6, 2, 8, 6, 2, 4, 4, 8, 4, 6, 2, 8, 2, 2, 6, 4, 8, 8, 8, 2, 8, 6, 6, 8, 2, 2, 8, 2, 2, 2, 8, 8, 8, 6, 8, 2, 4, 6, 8, 2, 2, 2, 6, 8]], 0.9582622720000001]
[[5, [8, 6, 8, 4, 8, 4, 4, 2, 8, 2, 8, 6, 8, 4, 6, 8, 8, 2, 8, 6, 8, 2, 4, 8, 2, 8, 8, 2, 2, 2, 6, 8, 2, 8, 8, 2, 2, 2, 8, 8, 8, 8, 6, 2, 6, 8, 8, 8, 2, 2, 6, 8]], 0.38428815359999996]
[[5, [8, 2, 8, 6, 8, 4, 4, 4, 8, 4, 8, 6, 8, 4, 4, 8, 4, 4, 2, 8, 4, 8, 4, 8, 2, 8, 8, 2, 6, 6, 6, 4, 2, 2, 8, 6, 8, 2, 8, 8, 4, 6, 8, 2, 2, 2, 8, 4, 4, 4, 6, 2]], 0.3522131968]
[[10, [8, 4, 8, 2, 4, 2, 4, 2, 2, 2, 8, 6, 4, 4, 4, 8, 2, 4, 2, 8, 2, 8, 8, 8, 2, 4, 6, 2, 2, 6, 6, 8, 2, 8, 8, 2, 2, 2, 8, 8, 2, 8, 8, 2, 8, 2, 8, 4, 4, 2, 6, 2]], 0.6212360192]
[[5, [8, 8, 8, 4, 8, 4, 4, 2, 8, 4, 4, 6, 4, 4, 6, 8, 4, 2, 2, 6, 6, 4, 8, 8, 6, 6, 6, 2, 4, 6, 6, 8, 2, 2, 4, 2, 2, 6, 8, 8, 8, 8, 8, 8, 8, 2, 8, 4, 4, 2, 6, 4]], 0.3402094592]
[[5, [8, 4, 8, 2, 8, 4, 2, 2, 6, 6, 8, 6, 8, 4, 4, 8, 4, 2, 6, 8, 2, 6, 8, 8, 2, 8, 8, 2, 2, 6, 6, 8, 2, 2, 4, 2, 6, 2, 6, 8, 8, 8, 8, 4, 8, 8, 8, 4, 6, 2, 6, 6]], 0.3524458496]
[[5, [6, 4, 8, 2, 8, 4, 4, 4, 6, 2, 8, 4, 8, 4, 4, 8, 4, 8, 2, 8, 4, 2, 4, 8, 2, 8, 8, 2, 2, 2, 4, 8, 6, 2, 8, 2, 2, 2, 2, 8, 2, 4, 8, 2, 2, 8, 4, 4, 8, 8, 2, 2]], 0.3398326272]
[[5, [8, 4, 8, 2, 8, 4, 4, 8, 4, 2, 4, 6, 8, 6, 8, 8, 4, 2, 2, 8, 6, 2, 4, 8, 2, 2, 8, 2, 6, 4, 6, 8, 2, 2, 8, 2, 2, 2, 8, 8, 8, 8, 8, 2, 2, 8, 8, 4, 4, 2, 6, 2]], 0.339442688]
[[4, [4, 4, 8, 2, 8, 4, 6, 2, 6, 2, 8, 8, 8, 4, 4, 4, 4, 2, 6, 8, 2, 2, 2, 8, 2, 6, 2, 2, 2, 4, 4, 8, 6, 2, 8, 2, 2, 2, 4, 2, 8, 4, 4, 2, 2, 6, 4, 4, 8, 2, 2, 2]], 0.2914236416]
[[5, [8, 4, 8, 6, 8, 4, 4, 2, 4, 6, 8, 6, 8, 4, 8, 8, 4, 2, 6, 8, 6, 6, 4, 8, 2, 8, 6, 2, 2, 6, 6, 8, 2, 2, 4, 4, 6, 8, 8, 8, 8, 6, 8, 4, 8, 8, 8, 2, 6, 4, 6, 2]], 0.36406784]
[[6, [6, 6, 8, 4, 8, 4, 4, 4, 6, 2, 4, 2, 8, 4, 4, 8, 4, 6, 2, 4, 4, 2, 2, 8, 2, 8, 8, 2, 2, 2, 4, 6, 6, 6, 8, 2, 6, 2, 2, 8, 2, 4, 8, 2, 2, 8, 4, 6, 8, 6, 2, 2]], 0.3424974848]
[[5, [8, 4, 8, 2, 8, 8, 6, 4, 8, 2, 8, 6, 2, 4, 4, 4, 4, 2, 8, 8, 8, 8, 4, 8, 2, 8, 8, 2, 2, 6, 6, 8, 2, 2, 8, 2, 6, 2, 8, 8, 8, 2, 6, 2, 2, 4, 8, 4, 4, 8, 6, 2]], 0.3611252736]
[[3, [8, 4, 8, 2, 8, 4, 4, 2, 2, 8, 4, 6, 2, 8, 4, 8, 4, 4, 2, 6, 2, 4, 8, 8, 2, 6, 8, 2, 4, 6, 6, 8, 6, 8, 4, 2, 2, 4, 8, 8, 8, 4, 8, 6, 8, 2, 8, 4, 2, 2, 6, 8]], 0.2269526016]
