[[13, [2, 4, 2, 6, 8, 8, 4, 8, 8, 2, 6, 6, 8, 2, 2, 4, 8, 8, 8, 6, 2, 4, 4, 2, 6, 2, 6, 8, 4, 2, 2, 8, 4, 4, 8, 8, 4, 2, 4, 2, 4, 6, 6, 4, 8, 8, 4, 8, 4, 8, 4, 2]], 0.926546573638916]
[[15, [4, 2, 8, 2, 2, 8, 8, 2, 2, 6, 6, 2, 6, 2, 6, 2, 8, 8, 8, 4, 2, 2, 8, 8, 6, 2, 8, 8, 2, 8, 8, 2, 4, 8, 6, 6, 8, 8, 4, 8, 8, 4, 4, 6, 8, 8, 4, 6, 4, 4, 8, 8]], 0.9345459938049316]
[[6, [6, 6, 6, 2, 2, 2, 8, 4, 8, 8, 4, 8, 6, 4, 6, 4, 6, 8, 4, 2, 2, 8, 2, 2, 4, 6, 4, 8, 4, 2, 8, 2, 4, 4, 4, 6, 8, 4, 6, 4, 2, 2, 6, 4, 6, 8, 6, 8, 4, 2, 8, 8]], 0.9218815565109253]
[[1, [6, 4, 6, 4, 4, 4, 2, 2, 2, 4, 4, 4, 6, 6, 6, 4, 6, 2, 8, 2, 8, 2, 6, 2, 2, 4, 6, 8, 6, 6, 4, 4, 8, 4, 2, 6, 8, 8, 2, 4, 2, 8, 8, 6, 4, 8, 2, 2, 8, 2, 2, 4]], 0.8056149482727051]
[[15, [2, 2, 8, 8, 2, 4, 8, 6, 2, 4, 2, 6, 2, 2, 2, 4, 4, 4, 6, 6, 8, 2, 6, 4, 2, 2, 2, 8, 6, 4, 6, 2, 6, 6, 4, 6, 8, 2, 6, 8, 6, 2, 6, 4, 4, 4, 4, 8, 4, 8, 6, 8]], 0.9325975179672241]
[[12, [2, 2, 6, 4, 6, 8, 2, 6, 6, 4, 8, 6, 2, 8, 6, 4, 2, 2, 6, 8, 4, 2, 4, 8, 2, 6, 4, 2, 6, 8, 4, 6, 8, 8, 6, 4, 4, 8, 8, 4, 4, 2, 4, 4, 8, 2, 4, 6, 4, 4, 2, 8]], 0.8370499610900879]
[[9, [6, 6, 6, 2, 8, 6, 6, 8, 4, 6, 2, 4, 8, 6, 6, 4, 4, 8, 6, 8, 8, 8, 2, 4, 6, 4, 6, 6, 6, 2, 2, 4, 8, 8, 4, 6, 8, 4, 6, 4, 8, 2, 2, 4, 4, 2, 8, 2, 6, 2, 6, 8]], 0.8546980619430542]
[[10, [4, 4, 8, 6, 4, 4, 2, 8, 8, 8, 8, 8, 8, 8, 2, 4, 4, 4, 8, 4, 6, 6, 6, 4, 8, 4, 6, 2, 2, 4, 2, 2, 8, 4, 2, 6, 8, 8, 8, 2, 8, 4, 6, 4, 6, 6, 4, 4, 4, 2, 4, 2]], 0.8425442576408386]
[[4, [8, 6, 6, 2, 4, 2, 4, 6, 8, 4, 8, 4, 2, 8, 6, 8, 6, 4, 4, 2, 6, 6, 8, 6, 2, 6, 4, 2, 8, 6, 2, 8, 6, 8, 2, 6, 4, 4, 8, 6, 8, 6, 4, 6, 6, 4, 8, 6, 4, 2, 2, 4]], 0.9173316955566406]
[[12, [2, 2, 8, 4, 2, 6, 2, 4, 6, 4, 6, 8, 4, 2, 6, 4, 4, 2, 6, 2, 4, 8, 2, 2, 6, 6, 2, 4, 2, 2, 6, 6, 2, 8, 4, 8, 6, 8, 6, 8, 8, 8, 4, 6, 2, 8, 8, 8, 4, 6, 4, 8]], 0.9383179545402527]
[[5, [4, 8, 6, 4, 8, 2, 8, 6, 4, 6, 4, 2, 8, 6, 8, 4, 4, 4, 4, 6, 4, 6, 2, 4, 6, 6, 8, 4, 8, 6, 4, 6, 4, 6, 8, 2, 6, 6, 4, 4, 8, 6, 8, 4, 2, 8, 2, 8, 8, 2, 2, 8]], 0.8426111936569214]
[[5, [2, 4, 8, 8, 6, 4, 6, 2, 6, 2, 8, 8, 6, 2, 8, 2, 4, 6, 6, 6, 4, 6, 4, 4, 4, 4, 2, 6, 2, 6, 4, 4, 2, 8, 8, 8, 6, 6, 2, 4, 8, 4, 8, 2, 2, 6, 2, 6, 4, 6, 4, 8]], 0.6318536400794983]
[[9, [6, 6, 2, 4, 4, 2, 4, 4, 8, 8, 4, 6, 6, 4, 2, 8, 2, 2, 8, 6, 2, 2, 2, 6, 8, 6, 6, 2, 4, 6, 8, 4, 8, 6, 8, 8, 6, 2, 6, 6, 6, 6, 4, 4, 8, 2, 4, 8, 2, 6, 4, 4]], 0.8363078832626343]
[[6, [8, 4, 2, 6, 8, 4, 2, 8, 8, 6, 6, 8, 2, 4, 6, 4, 4, 8, 4, 2, 2, 6, 2, 6, 4, 4, 4, 2, 2, 4, 6, 4, 4, 4, 8, 6, 2, 6, 2, 8, 4, 2, 6, 8, 8, 8, 8, 4, 2, 2, 6, 2]], 0.8229154944419861]
[[8, [2, 4, 8, 6, 8, 8, 8, 8, 8, 2, 6, 2, 4, 2, 2, 6, 2, 2, 4, 8, 8, 2, 4, 2, 2, 8, 8, 8, 6, 8, 4, 4, 8, 2, 2, 8, 4, 6, 8, 8, 6, 4, 8, 4, 2, 6, 6, 2, 2, 6, 2, 6]], 0.9163968563079834]
[[3, [8, 4, 8, 6, 6, 8, 4, 4, 2, 4, 2, 6, 4, 6, 2, 2, 4, 8, 8, 6, 4, 4, 4, 8, 4, 6, 2, 8, 8, 6, 2, 2, 4, 4, 8, 4, 4, 4, 8, 8, 8, 8, 6, 4, 8, 8, 2, 4, 2, 8, 6, 8]], 0.8256336450576782]
[[15, [8, 2, 2, 4, 8, 2, 6, 8, 4, 8, 6, 6, 4, 6, 2, 4, 6, 4, 4, 2, 8, 8, 6, 4, 2, 4, 4, 4, 2, 6, 2, 2, 2, 4, 8, 2, 4, 8, 4, 6, 2, 8, 6, 2, 8, 4, 6, 8, 4, 8, 6, 6]], 0.875201940536499]
[[6, [4, 2, 6, 4, 8, 2, 2, 6, 8, 8, 2, 2, 2, 6, 6, 6, 2, 8, 8, 4, 4, 8, 4, 4, 2, 8, 4, 8, 8, 6, 6, 8, 4, 2, 4, 6, 6, 4, 8, 4, 6, 2, 2, 6, 2, 6, 8, 6, 4, 2, 2, 2]], 0.8265541791915894]
[[8, [8, 8, 6, 2, 8, 8, 2, 2, 4, 6, 2, 6, 6, 2, 4, 6, 4, 2, 4, 6, 8, 6, 2, 4, 6, 6, 8, 6, 2, 4, 2, 6, 2, 4, 8, 4, 6, 4, 4, 2, 6, 2, 6, 8, 2, 2, 4, 6, 8, 6, 4, 2]], 0.9174696803092957]
[[12, [4, 2, 8, 8, 2, 4, 8, 2, 6, 4, 2, 8, 6, 8, 6, 8, 4, 6, 4, 6, 2, 8, 8, 2, 8, 6, 4, 6, 2, 2, 6, 6, 4, 6, 8, 6, 6, 2, 2, 8, 2, 6, 6, 4, 4, 4, 2, 8, 8, 2, 2, 2]], 0.8242893218994141]
[[5, [4, 8, 6, 4, 2, 2, 8, 6, 4, 8, 4, 2, 8, 6, 8, 4, 6, 8, 4, 8, 4, 6, 2, 4, 6, 6, 8, 4, 8, 6, 4, 6, 4, 6, 8, 6, 6, 6, 4, 8, 8, 6, 8, 8, 4, 8, 2, 8, 8, 2, 2, 8]], 0.8412994742393494]
[[4, [4, 6, 6, 6, 2, 2, 2, 6, 6, 8, 4, 2, 8, 6, 8, 4, 4, 4, 8, 2, 4, 6, 2, 4, 6, 2, 8, 4, 8, 6, 8, 6, 4, 6, 8, 6, 6, 8, 4, 8, 4, 6, 6, 8, 4, 8, 4, 8, 4, 2, 2, 8]], 0.8267631530761719]
[[5, [6, 8, 6, 4, 8, 2, 8, 6, 4, 2, 6, 2, 4, 8, 8, 8, 4, 4, 4, 4, 4, 6, 2, 4, 6, 6, 8, 4, 8, 6, 4, 6, 4, 6, 8, 2, 6, 6, 2, 4, 8, 6, 8, 4, 2, 8, 4, 8, 6, 8, 4, 8]], 0.8420820236206055]
[[15, [4, 8, 6, 8, 8, 2, 6, 2, 4, 2, 2, 2, 8, 6, 8, 4, 4, 6, 4, 8, 4, 6, 2, 4, 6, 6, 2, 4, 4, 6, 4, 6, 4, 6, 6, 6, 6, 6, 4, 6, 2, 6, 8, 4, 2, 4, 2, 8, 8, 2, 2, 8]], 0.816753089427948]
[[5, [4, 2, 6, 4, 4, 2, 4, 6, 8, 6, 4, 8, 8, 2, 6, 6, 4, 4, 6, 6, 4, 6, 8, 4, 6, 6, 8, 4, 8, 6, 4, 2, 4, 6, 8, 2, 6, 6, 4, 4, 8, 6, 8, 8, 2, 2, 2, 8, 8, 8, 2, 8]], 0.7868342399597168]
[[4, [8, 6, 4, 2, 4, 2, 4, 6, 8, 4, 8, 8, 2, 8, 6, 8, 6, 8, 4, 2, 6, 6, 8, 6, 2, 6, 8, 2, 8, 6, 6, 8, 6, 8, 2, 6, 4, 4, 8, 6, 8, 6, 4, 6, 6, 4, 6, 6, 4, 2, 8, 4]], 0.9107350707054138]
[[0, [8, 6, 6, 2, 8, 2, 4, 6, 8, 4, 8, 4, 6, 8, 6, 6, 6, 4, 4, 2, 6, 6, 8, 6, 2, 6, 6, 2, 8, 6, 2, 4, 6, 2, 2, 8, 4, 4, 8, 6, 8, 6, 4, 6, 6, 4, 2, 6, 4, 2, 2, 4]], 0.8195621371269226]
[[12, [2, 4, 8, 6, 2, 8, 4, 4, 2, 4, 2, 4, 2, 6, 2, 2, 4, 8, 8, 2, 4, 2, 4, 6, 4, 6, 2, 8, 8, 6, 2, 2, 2, 4, 8, 4, 4, 4, 8, 8, 8, 8, 6, 4, 6, 4, 2, 6, 4, 8, 2, 8]], 0.9142206907272339]
[[14, [6, 8, 6, 4, 2, 2, 8, 8, 4, 2, 6, 2, 4, 8, 8, 6, 2, 6, 4, 4, 4, 6, 2, 4, 6, 6, 8, 4, 8, 6, 6, 6, 4, 6, 8, 8, 2, 6, 2, 4, 8, 6, 2, 4, 8, 8, 4, 4, 6, 8, 4, 8]], 0.9088191986083984]
[[4, [8, 6, 2, 2, 8, 6, 4, 6, 6, 4, 6, 4, 4, 4, 6, 8, 6, 4, 4, 6, 6, 4, 2, 6, 2, 6, 4, 2, 2, 6, 4, 8, 6, 8, 2, 6, 4, 6, 8, 4, 8, 6, 4, 6, 6, 4, 8, 6, 4, 2, 2, 4]], 0.9081365466117859]
[[4, [2, 6, 4, 2, 4, 2, 4, 6, 8, 4, 8, 8, 2, 8, 6, 8, 6, 2, 4, 2, 6, 6, 2, 8, 2, 6, 8, 2, 8, 6, 6, 8, 6, 4, 2, 6, 6, 2, 2, 6, 2, 8, 4, 6, 2, 4, 8, 6, 4, 6, 8, 6]], 0.9133712649345398]
[[2, [2, 6, 4, 2, 4, 2, 4, 6, 8, 4, 8, 8, 2, 8, 6, 8, 6, 2, 4, 2, 6, 6, 8, 8, 2, 4, 8, 4, 8, 6, 6, 8, 6, 4, 2, 6, 6, 2, 4, 6, 2, 8, 4, 6, 6, 4, 8, 6, 4, 6, 4, 6]], 0.824444055557251]
[[14, [4, 2, 6, 2, 4, 2, 4, 8, 4, 4, 8, 6, 2, 8, 6, 8, 6, 4, 4, 2, 8, 6, 4, 6, 4, 6, 6, 2, 4, 6, 2, 8, 6, 4, 2, 4, 4, 4, 8, 6, 2, 8, 4, 6, 6, 4, 8, 6, 4, 2, 2, 4]], 0.9304013252258301]
[[5, [8, 6, 6, 2, 4, 2, 2, 6, 8, 4, 4, 4, 4, 8, 6, 8, 6, 4, 4, 2, 6, 6, 6, 6, 2, 6, 4, 2, 8, 6, 2, 6, 6, 8, 8, 6, 8, 4, 8, 6, 8, 6, 4, 6, 6, 4, 8, 8, 4, 2, 2, 4]], 0.9060359001159668]
[[4, [8, 4, 6, 2, 6, 2, 6, 2, 8, 4, 8, 6, 2, 8, 6, 4, 6, 4, 4, 2, 6, 6, 8, 6, 2, 6, 4, 2, 8, 6, 4, 8, 8, 8, 2, 6, 4, 4, 8, 2, 8, 6, 8, 6, 6, 4, 6, 6, 4, 2, 2, 4]], 0.8999192118644714]
[[4, [6, 4, 2, 4, 4, 2, 4, 6, 4, 4, 4, 4, 4, 8, 4, 2, 6, 4, 4, 6, 6, 6, 8, 6, 2, 6, 4, 2, 8, 6, 2, 8, 6, 8, 2, 6, 4, 4, 8, 6, 2, 6, 4, 6, 6, 4, 6, 6, 4, 2, 2, 4]], 0.8303500413894653]
[[4, [4, 6, 2, 2, 2, 2, 4, 6, 8, 6, 8, 4, 2, 2, 6, 8, 6, 4, 8, 2, 6, 6, 8, 2, 2, 6, 4, 2, 8, 6, 2, 8, 6, 2, 6, 6, 4, 4, 8, 4, 8, 6, 6, 2, 6, 4, 8, 2, 4, 2, 2, 4]], 0.8216368556022644]
[[10, [2, 4, 2, 2, 6, 2, 4, 6, 8, 4, 8, 8, 2, 6, 6, 6, 6, 2, 4, 2, 6, 6, 2, 6, 2, 6, 8, 8, 2, 6, 6, 2, 6, 4, 2, 6, 4, 2, 2, 6, 2, 8, 4, 6, 6, 4, 8, 6, 6, 6, 4, 6]], 0.8695335388183594]
[[4, [2, 6, 6, 2, 6, 2, 4, 6, 8, 4, 8, 8, 8, 8, 6, 6, 6, 4, 2, 8, 6, 6, 8, 4, 2, 8, 4, 2, 4, 6, 2, 6, 6, 8, 2, 6, 4, 4, 8, 6, 4, 6, 4, 6, 8, 4, 8, 6, 4, 2, 2, 4]], 0.908413290977478]
[[4, [2, 6, 4, 2, 8, 2, 4, 6, 8, 4, 8, 8, 2, 8, 2, 8, 6, 8, 6, 2, 6, 6, 8, 6, 2, 6, 8, 2, 8, 6, 6, 8, 2, 8, 2, 6, 4, 4, 8, 6, 8, 6, 2, 6, 6, 4, 6, 4, 4, 2, 4, 4]], 0.9142801761627197]
[[13, [2, 2, 4, 2, 8, 2, 2, 6, 4, 6, 8, 6, 2, 8, 6, 8, 6, 4, 2, 2, 6, 6, 2, 6, 6, 6, 8, 2, 8, 6, 6, 8, 2, 4, 2, 8, 6, 2, 2, 4, 2, 8, 4, 6, 2, 8, 8, 6, 4, 6, 8, 6]], 0.9242197871208191]
[[4, [4, 4, 6, 2, 4, 2, 8, 6, 8, 4, 8, 4, 6, 8, 6, 6, 6, 4, 2, 2, 6, 6, 8, 6, 2, 8, 4, 2, 2, 6, 2, 6, 6, 8, 2, 6, 4, 6, 8, 6, 8, 6, 8, 6, 6, 2, 8, 6, 4, 2, 2, 4]], 0.9183979034423828]
[[4, [8, 6, 6, 2, 4, 2, 4, 6, 8, 4, 8, 4, 2, 4, 6, 8, 6, 4, 4, 2, 6, 6, 6, 6, 2, 6, 4, 2, 8, 6, 2, 2, 6, 8, 2, 6, 4, 6, 6, 6, 6, 6, 4, 6, 6, 4, 8, 6, 4, 2, 6, 6]], 0.9249516725540161]
[[4, [8, 8, 4, 8, 4, 2, 4, 4, 8, 4, 8, 4, 2, 4, 6, 8, 6, 4, 4, 6, 6, 6, 8, 6, 2, 6, 4, 8, 8, 6, 4, 2, 4, 2, 2, 6, 4, 8, 2, 6, 6, 6, 8, 6, 6, 4, 8, 6, 4, 2, 4, 6]], 0.8102891445159912]
[[4, [4, 4, 6, 2, 4, 6, 8, 6, 4, 4, 8, 4, 6, 8, 8, 6, 6, 4, 2, 2, 6, 6, 2, 6, 6, 8, 4, 2, 2, 6, 2, 2, 6, 8, 2, 6, 4, 6, 4, 6, 8, 6, 8, 6, 6, 6, 8, 6, 4, 2, 2, 4]], 0.9130691289901733]
[[15, [4, 4, 6, 4, 6, 2, 8, 6, 8, 6, 8, 4, 6, 8, 6, 2, 6, 2, 2, 2, 6, 6, 4, 6, 4, 8, 4, 2, 2, 6, 8, 6, 4, 4, 2, 6, 4, 4, 2, 4, 2, 6, 6, 6, 4, 2, 6, 8, 4, 2, 2, 4]], 0.9816317558288574]
[[10, [8, 6, 6, 2, 4, 2, 4, 6, 8, 6, 8, 6, 2, 4, 6, 4, 8, 2, 4, 2, 6, 8, 6, 6, 2, 6, 4, 2, 8, 6, 4, 2, 6, 8, 2, 8, 4, 6, 6, 6, 6, 2, 4, 6, 6, 4, 6, 6, 4, 2, 6, 6]], 0.9153867959976196]
[[0, [6, 6, 2, 2, 4, 2, 4, 6, 8, 4, 8, 4, 2, 4, 6, 8, 6, 4, 4, 2, 6, 6, 6, 8, 2, 6, 2, 2, 8, 6, 2, 4, 6, 8, 2, 6, 4, 6, 6, 6, 6, 6, 4, 6, 6, 8, 8, 6, 8, 2, 8, 6]], 0.8131852149963379]
[[4, [4, 8, 6, 2, 4, 2, 8, 2, 8, 4, 8, 8, 6, 2, 4, 6, 6, 4, 2, 2, 6, 6, 8, 6, 6, 8, 4, 2, 2, 6, 2, 6, 2, 8, 2, 6, 4, 4, 6, 6, 8, 6, 8, 6, 2, 2, 8, 4, 6, 4, 2, 4]], 0.9162659645080566]
[[4, [6, 4, 6, 2, 4, 4, 4, 8, 8, 2, 8, 8, 2, 8, 6, 6, 6, 4, 2, 2, 6, 6, 8, 8, 6, 8, 4, 2, 2, 6, 6, 4, 2, 6, 2, 6, 4, 6, 8, 6, 8, 6, 8, 6, 6, 2, 8, 6, 2, 2, 2, 8]], 0.9134759902954102]
[[2, [4, 4, 6, 2, 4, 4, 8, 6, 8, 4, 8, 4, 2, 8, 6, 6, 2, 4, 2, 8, 4, 6, 6, 6, 2, 4, 4, 2, 2, 6, 2, 2, 4, 8, 4, 2, 8, 6, 8, 6, 8, 6, 8, 6, 6, 2, 8, 6, 4, 2, 8, 4]], 0.8296553492546082]
[[9, [8, 6, 6, 6, 4, 2, 4, 6, 8, 4, 8, 4, 2, 4, 6, 8, 6, 4, 4, 2, 4, 8, 6, 6, 2, 6, 4, 2, 8, 6, 6, 2, 6, 8, 2, 8, 8, 6, 8, 6, 6, 6, 6, 8, 6, 4, 8, 6, 4, 2, 6, 6]], 0.8236934542655945]
[[1, [8, 6, 6, 8, 8, 2, 4, 6, 8, 4, 8, 4, 2, 4, 6, 4, 2, 4, 4, 2, 6, 2, 4, 6, 4, 6, 4, 2, 8, 6, 6, 2, 6, 6, 2, 6, 4, 6, 6, 6, 4, 6, 4, 4, 6, 4, 8, 6, 2, 2, 6, 6]], 0.8079954981803894]
[[10, [6, 4, 6, 2, 4, 2, 8, 6, 8, 6, 8, 8, 6, 6, 6, 8, 6, 4, 2, 2, 6, 6, 4, 6, 2, 8, 4, 4, 2, 6, 6, 6, 6, 8, 2, 6, 4, 6, 8, 6, 8, 6, 6, 6, 8, 2, 8, 6, 4, 2, 2, 6]], 0.8614428043365479]
[[0, [8, 6, 4, 2, 2, 2, 4, 6, 8, 4, 8, 4, 2, 4, 6, 8, 4, 4, 8, 2, 6, 2, 6, 8, 2, 6, 4, 6, 8, 4, 8, 6, 4, 8, 2, 6, 4, 6, 8, 6, 6, 6, 4, 6, 4, 6, 6, 6, 4, 6, 6, 6]], 0.8198240995407104]
[[9, [2, 4, 2, 6, 4, 6, 8, 2, 6, 4, 8, 4, 6, 4, 6, 6, 6, 2, 2, 2, 6, 6, 8, 2, 2, 8, 4, 2, 6, 6, 2, 6, 4, 8, 2, 6, 4, 6, 4, 6, 8, 6, 6, 2, 8, 8, 8, 6, 4, 2, 4, 8]], 0.8289660215377808]
[[4, [4, 4, 6, 8, 4, 2, 8, 6, 8, 4, 8, 4, 6, 8, 6, 6, 6, 4, 2, 2, 6, 8, 8, 6, 2, 8, 4, 2, 2, 6, 2, 6, 6, 6, 6, 6, 4, 6, 4, 4, 2, 6, 8, 6, 6, 2, 8, 6, 8, 8, 2, 4]], 0.8236076235771179]
[[0, [8, 6, 6, 2, 4, 2, 4, 6, 8, 4, 8, 6, 2, 2, 6, 8, 6, 4, 4, 2, 6, 6, 6, 4, 2, 4, 6, 2, 8, 8, 2, 2, 6, 8, 2, 6, 4, 6, 6, 6, 2, 6, 2, 6, 2, 4, 8, 6, 4, 2, 6, 8]], 0.8199300765991211]
[[10, [4, 4, 8, 2, 8, 2, 8, 6, 6, 2, 8, 4, 6, 8, 6, 6, 8, 4, 2, 2, 6, 6, 6, 6, 2, 8, 4, 2, 2, 4, 8, 4, 6, 6, 2, 4, 8, 6, 8, 6, 8, 6, 8, 2, 6, 8, 2, 6, 4, 4, 8, 4]], 0.873916506767273]
[[4, [8, 6, 4, 2, 4, 2, 8, 6, 6, 4, 2, 4, 2, 4, 6, 8, 6, 4, 4, 2, 6, 6, 6, 6, 2, 6, 4, 2, 8, 6, 2, 2, 6, 2, 2, 6, 2, 6, 6, 8, 6, 2, 4, 6, 6, 2, 8, 6, 4, 6, 6, 6]], 0.9262579679489136]
[[4, [8, 6, 6, 2, 4, 2, 8, 6, 8, 4, 8, 4, 2, 4, 6, 8, 6, 4, 4, 2, 6, 6, 6, 6, 2, 8, 4, 2, 6, 6, 2, 8, 8, 8, 6, 6, 4, 6, 8, 2, 6, 6, 4, 6, 6, 4, 8, 4, 4, 4, 8, 6]], 0.9218910932540894]
[[2, [8, 6, 4, 6, 4, 6, 8, 4, 6, 4, 4, 4, 2, 4, 2, 2, 8, 4, 4, 8, 6, 6, 6, 8, 2, 6, 4, 8, 8, 6, 2, 2, 6, 2, 4, 6, 2, 2, 4, 8, 6, 6, 8, 6, 6, 2, 8, 6, 4, 2, 6, 6]], 0.8107814192771912]
[[4, [8, 6, 6, 4, 4, 2, 8, 6, 6, 4, 2, 4, 2, 4, 6, 8, 6, 4, 4, 2, 4, 6, 8, 6, 2, 6, 8, 2, 8, 6, 2, 2, 6, 2, 2, 6, 2, 8, 6, 4, 6, 8, 4, 6, 6, 2, 8, 8, 4, 6, 6, 6]], 0.8284138441085815]
[[4, [8, 6, 4, 2, 4, 2, 8, 6, 6, 4, 2, 4, 4, 4, 6, 4, 6, 6, 4, 8, 4, 2, 6, 6, 2, 6, 8, 6, 8, 8, 2, 2, 6, 2, 2, 6, 2, 8, 4, 6, 6, 2, 4, 6, 6, 8, 6, 6, 4, 6, 8, 6]], 0.9267441034317017]
[[9, [4, 6, 4, 2, 8, 2, 8, 2, 6, 2, 2, 4, 4, 4, 6, 2, 2, 6, 4, 8, 2, 2, 6, 6, 6, 6, 4, 6, 8, 8, 2, 2, 2, 2, 2, 2, 2, 8, 4, 2, 2, 2, 4, 6, 6, 2, 6, 6, 4, 6, 8, 6]], 0.8874134421348572]
[[6, [2, 6, 2, 2, 4, 4, 8, 6, 6, 4, 2, 6, 6, 4, 6, 8, 6, 4, 4, 2, 6, 6, 4, 6, 2, 6, 4, 2, 4, 2, 2, 2, 6, 2, 8, 6, 2, 6, 6, 8, 6, 2, 4, 6, 6, 2, 2, 6, 4, 6, 2, 6]], 0.89458167552948]
[[4, [8, 6, 4, 2, 4, 4, 8, 6, 6, 8, 2, 4, 6, 4, 6, 8, 6, 4, 4, 2, 4, 6, 6, 6, 2, 6, 2, 2, 8, 4, 8, 2, 6, 2, 6, 6, 2, 6, 6, 8, 6, 2, 4, 8, 8, 2, 8, 6, 4, 6, 2, 2]], 0.9168846011161804]
[[7, [6, 4, 6, 2, 8, 2, 4, 6, 8, 4, 6, 4, 2, 4, 4, 8, 6, 4, 4, 8, 6, 6, 6, 2, 2, 4, 4, 2, 8, 6, 2, 2, 8, 8, 4, 6, 4, 2, 6, 6, 8, 6, 4, 8, 6, 4, 8, 8, 2, 2, 6, 6]], 0.7997960448265076]
[[7, [8, 6, 6, 2, 2, 2, 4, 6, 8, 6, 8, 4, 2, 4, 6, 6, 6, 4, 4, 2, 6, 6, 2, 6, 2, 6, 4, 2, 8, 8, 2, 8, 6, 4, 8, 6, 4, 6, 2, 6, 6, 6, 4, 2, 6, 4, 8, 6, 2, 2, 6, 6]], 0.8060702085494995]
[[4, [8, 6, 2, 6, 4, 6, 2, 8, 6, 4, 2, 2, 8, 4, 6, 4, 6, 6, 4, 8, 4, 2, 8, 6, 8, 6, 8, 4, 8, 8, 2, 2, 2, 2, 2, 4, 2, 8, 4, 6, 2, 6, 4, 2, 6, 8, 6, 2, 6, 6, 8, 6]], 0.8141893148422241]
[[12, [8, 2, 6, 2, 4, 2, 8, 6, 2, 4, 2, 4, 2, 4, 6, 8, 6, 4, 6, 2, 4, 6, 6, 6, 8, 8, 4, 2, 6, 4, 4, 6, 8, 8, 4, 6, 8, 6, 8, 2, 6, 6, 4, 6, 6, 4, 8, 4, 6, 6, 8, 6]], 0.8571254014968872]
[[6, [8, 6, 4, 4, 4, 2, 8, 6, 2, 8, 8, 4, 6, 4, 6, 4, 6, 8, 4, 6, 6, 2, 6, 4, 2, 6, 2, 6, 4, 8, 2, 2, 6, 4, 6, 6, 2, 8, 4, 6, 6, 2, 4, 6, 6, 2, 8, 6, 6, 6, 8, 6]], 0.8255602121353149]
[[15, [8, 6, 4, 2, 2, 4, 2, 6, 6, 4, 2, 8, 4, 4, 8, 8, 6, 4, 4, 2, 6, 6, 6, 6, 8, 6, 4, 8, 6, 6, 2, 6, 4, 2, 2, 8, 2, 2, 6, 8, 6, 2, 4, 6, 4, 4, 6, 6, 4, 2, 6, 6]], 0.9703022837638855]
[[4, [8, 6, 6, 2, 4, 4, 4, 6, 8, 4, 8, 4, 2, 4, 6, 8, 6, 4, 4, 2, 4, 6, 6, 6, 8, 8, 4, 2, 8, 4, 6, 2, 6, 8, 4, 6, 4, 6, 4, 8, 4, 6, 4, 6, 6, 4, 8, 6, 4, 8, 6, 6]], 0.9117978811264038]
[[4, [4, 4, 6, 2, 4, 2, 8, 2, 8, 4, 8, 4, 6, 4, 6, 6, 6, 8, 2, 2, 4, 6, 6, 6, 2, 8, 8, 2, 8, 6, 2, 6, 8, 8, 2, 6, 4, 6, 4, 6, 8, 6, 8, 6, 6, 2, 8, 6, 4, 2, 2, 4]], 0.9120879173278809]
[[4, [6, 6, 6, 2, 4, 2, 8, 6, 6, 4, 2, 4, 2, 4, 4, 8, 2, 4, 4, 2, 6, 6, 6, 6, 2, 6, 2, 2, 6, 6, 4, 8, 6, 4, 2, 6, 2, 6, 6, 8, 8, 2, 4, 6, 6, 2, 8, 6, 4, 6, 6, 6]], 0.9199162721633911]
[[4, [8, 6, 6, 4, 6, 2, 8, 6, 6, 4, 4, 4, 4, 4, 6, 4, 6, 6, 4, 2, 8, 2, 6, 6, 2, 6, 8, 8, 8, 2, 2, 2, 6, 2, 2, 6, 2, 8, 4, 6, 4, 2, 4, 6, 6, 8, 6, 6, 4, 2, 8, 4]], 0.8352196216583252]
[[4, [6, 4, 8, 2, 4, 2, 2, 6, 8, 4, 2, 4, 4, 4, 8, 4, 6, 8, 2, 8, 4, 2, 6, 6, 2, 6, 8, 6, 8, 8, 2, 2, 6, 2, 2, 4, 8, 6, 4, 4, 6, 2, 6, 6, 6, 8, 6, 6, 8, 6, 6, 6]], 0.8977317214012146]
[[8, [8, 6, 4, 2, 4, 6, 4, 6, 8, 4, 8, 4, 2, 4, 6, 8, 4, 4, 4, 2, 6, 8, 6, 8, 2, 6, 8, 6, 6, 6, 2, 2, 8, 8, 2, 6, 6, 6, 6, 2, 2, 4, 4, 6, 6, 4, 8, 6, 4, 2, 8, 6]], 0.8373285531997681]
[[11, [8, 6, 8, 2, 4, 2, 8, 8, 6, 4, 2, 2, 4, 4, 6, 4, 4, 6, 8, 4, 4, 2, 2, 6, 6, 6, 8, 6, 6, 8, 8, 2, 6, 2, 2, 6, 2, 8, 4, 6, 6, 2, 4, 4, 6, 8, 2, 6, 8, 6, 8, 6]], 0.8867236375808716]
[[4, [8, 6, 4, 2, 4, 6, 6, 6, 6, 4, 4, 4, 6, 4, 6, 4, 4, 6, 4, 4, 2, 2, 6, 6, 4, 4, 8, 6, 8, 8, 2, 2, 6, 2, 2, 6, 2, 8, 2, 6, 6, 2, 8, 8, 6, 8, 6, 6, 4, 6, 4, 6]], 0.922642707824707]
[[4, [8, 6, 4, 6, 4, 2, 8, 6, 4, 4, 2, 6, 4, 4, 6, 4, 4, 6, 4, 6, 4, 2, 8, 4, 2, 6, 8, 2, 8, 8, 2, 2, 6, 2, 2, 8, 2, 8, 2, 8, 6, 2, 2, 6, 6, 2, 6, 2, 6, 8, 8, 6]], 0.8087978363037109]
[[4, [8, 6, 2, 8, 4, 2, 8, 8, 6, 4, 2, 2, 2, 4, 6, 8, 6, 4, 4, 2, 6, 6, 6, 6, 2, 6, 4, 2, 8, 6, 4, 2, 6, 2, 2, 8, 2, 6, 6, 8, 6, 2, 4, 2, 2, 2, 8, 2, 4, 6, 6, 2]], 0.8111989498138428]
[[4, [8, 8, 4, 2, 8, 2, 8, 6, 6, 4, 2, 4, 4, 4, 6, 4, 6, 6, 4, 8, 2, 2, 4, 6, 2, 6, 8, 6, 4, 8, 2, 2, 6, 6, 2, 6, 2, 8, 4, 6, 6, 2, 4, 6, 8, 8, 6, 6, 8, 8, 8, 2]], 0.9105550646781921]
[[11, [8, 2, 4, 2, 4, 8, 8, 2, 6, 4, 2, 4, 4, 4, 6, 6, 6, 2, 2, 8, 4, 2, 6, 6, 2, 4, 8, 2, 8, 8, 8, 2, 6, 2, 2, 6, 2, 8, 4, 6, 4, 2, 4, 6, 6, 8, 6, 2, 4, 6, 8, 2]], 0.8524150252342224]
[[4, [8, 6, 6, 2, 4, 4, 8, 2, 8, 4, 4, 4, 4, 4, 6, 4, 6, 8, 4, 8, 2, 2, 6, 6, 8, 6, 8, 6, 2, 8, 2, 2, 8, 2, 2, 6, 2, 4, 4, 2, 6, 2, 8, 8, 6, 6, 6, 6, 6, 6, 4, 6]], 0.923808753490448]
[[13, [6, 6, 4, 2, 4, 2, 8, 6, 4, 4, 4, 4, 4, 4, 6, 4, 6, 6, 6, 8, 4, 2, 6, 6, 2, 6, 8, 6, 8, 8, 2, 4, 6, 2, 8, 6, 2, 8, 6, 6, 6, 2, 4, 6, 6, 4, 6, 6, 4, 6, 4, 6]], 0.9077250361442566]
[[1, [8, 8, 6, 2, 4, 2, 4, 6, 8, 4, 8, 6, 2, 4, 6, 8, 4, 4, 4, 2, 6, 6, 4, 6, 2, 6, 4, 2, 8, 6, 2, 2, 6, 8, 2, 8, 4, 6, 6, 2, 6, 6, 4, 6, 4, 4, 2, 6, 4, 2, 2, 6]], 0.8238608241081238]
[[2, [8, 6, 2, 2, 4, 6, 4, 8, 8, 4, 8, 4, 2, 4, 4, 8, 6, 4, 4, 2, 6, 6, 8, 6, 2, 8, 4, 4, 8, 6, 2, 2, 2, 6, 2, 6, 4, 6, 2, 6, 6, 6, 8, 6, 8, 8, 4, 6, 4, 2, 4, 6]], 0.8202557563781738]
[[4, [8, 6, 6, 2, 4, 2, 8, 6, 6, 4, 2, 4, 4, 4, 6, 6, 6, 6, 4, 8, 2, 2, 4, 8, 2, 6, 2, 2, 8, 8, 2, 2, 6, 2, 8, 6, 2, 4, 4, 6, 6, 4, 4, 6, 6, 4, 6, 6, 8, 6, 8, 6]], 0.9064563512802124]
[[5, [8, 6, 4, 2, 2, 8, 8, 6, 6, 4, 2, 4, 2, 4, 6, 8, 6, 6, 4, 2, 6, 2, 8, 6, 2, 6, 4, 2, 8, 6, 6, 2, 4, 2, 2, 6, 2, 6, 6, 8, 6, 2, 4, 6, 6, 2, 8, 6, 4, 6, 6, 6]], 0.9242967367172241]
[[1, [8, 6, 6, 2, 4, 2, 4, 4, 8, 4, 4, 4, 2, 4, 6, 6, 6, 4, 8, 2, 6, 6, 6, 6, 2, 6, 4, 2, 8, 6, 8, 8, 6, 8, 2, 6, 4, 6, 4, 6, 6, 6, 4, 6, 6, 4, 6, 2, 6, 2, 6, 6]], 0.822013795375824]
[[4, [6, 6, 4, 2, 4, 2, 8, 6, 4, 2, 2, 4, 4, 4, 6, 4, 8, 6, 8, 8, 6, 2, 2, 6, 6, 6, 8, 6, 4, 8, 2, 6, 2, 2, 2, 6, 2, 8, 4, 4, 6, 2, 6, 2, 6, 8, 2, 6, 4, 6, 8, 6]], 0.8864798545837402]
[[4, [8, 6, 6, 2, 4, 2, 8, 6, 4, 4, 2, 8, 4, 4, 6, 4, 6, 4, 4, 8, 8, 2, 6, 6, 4, 6, 8, 6, 8, 8, 2, 2, 6, 2, 6, 6, 2, 2, 4, 6, 6, 2, 4, 8, 6, 8, 6, 6, 4, 6, 8, 6]], 0.9169176816940308]
[[4, [8, 6, 4, 2, 4, 2, 8, 6, 2, 4, 2, 8, 6, 4, 6, 4, 8, 6, 4, 8, 4, 2, 6, 6, 2, 6, 6, 2, 6, 8, 2, 6, 6, 2, 2, 6, 2, 2, 4, 6, 6, 2, 4, 6, 6, 8, 6, 6, 4, 6, 8, 6]], 0.869223952293396]
[[4, [8, 6, 6, 2, 4, 2, 4, 6, 8, 4, 8, 4, 2, 4, 6, 2, 6, 4, 4, 2, 6, 6, 6, 6, 2, 6, 4, 2, 4, 6, 2, 2, 6, 8, 2, 6, 4, 6, 4, 6, 6, 8, 4, 2, 6, 2, 8, 6, 4, 2, 6, 6]], 0.9201557636260986]
[[4, [8, 6, 2, 2, 4, 2, 8, 6, 6, 2, 2, 4, 4, 4, 2, 4, 8, 6, 4, 8, 8, 2, 6, 6, 4, 6, 8, 6, 8, 8, 2, 2, 6, 2, 2, 6, 2, 2, 4, 6, 6, 6, 4, 6, 6, 8, 6, 2, 4, 6, 8, 6]], 0.9150162935256958]
[[4, [8, 6, 2, 2, 4, 2, 8, 6, 6, 6, 4, 4, 2, 4, 6, 4, 6, 6, 4, 8, 4, 2, 6, 2, 2, 6, 8, 6, 4, 8, 2, 2, 6, 2, 2, 6, 2, 8, 8, 6, 2, 2, 4, 6, 6, 6, 6, 2, 4, 6, 4, 6]], 0.9098014831542969]
[[14, [8, 4, 8, 2, 4, 2, 8, 4, 6, 8, 2, 8, 2, 4, 6, 8, 6, 4, 4, 2, 6, 6, 8, 6, 2, 6, 4, 2, 8, 4, 4, 2, 6, 2, 2, 6, 2, 6, 4, 4, 2, 2, 4, 6, 6, 2, 8, 6, 8, 6, 6, 6]], 0.8968114852905273]
[[4, [8, 6, 6, 6, 4, 2, 8, 6, 8, 4, 2, 4, 4, 4, 6, 4, 6, 8, 4, 8, 4, 2, 6, 6, 2, 6, 2, 6, 8, 8, 2, 2, 6, 6, 2, 6, 2, 8, 4, 2, 6, 2, 4, 6, 6, 8, 6, 6, 4, 6, 4, 6]], 0.8013080358505249]
[[4, [8, 6, 4, 2, 4, 4, 4, 6, 8, 4, 2, 4, 4, 4, 6, 4, 6, 2, 4, 8, 4, 2, 6, 2, 2, 6, 8, 6, 8, 8, 6, 6, 6, 2, 2, 6, 2, 8, 4, 6, 6, 2, 4, 6, 6, 8, 6, 6, 2, 6, 6, 6]], 0.9120466113090515]
[[4, [8, 2, 6, 2, 4, 2, 4, 6, 4, 4, 8, 8, 4, 4, 6, 8, 2, 4, 4, 2, 6, 6, 6, 4, 2, 6, 6, 2, 8, 8, 2, 2, 6, 8, 2, 6, 6, 4, 6, 6, 6, 6, 4, 6, 6, 4, 8, 6, 4, 2, 6, 6]], 0.9159822463989258]
[[4, [8, 6, 4, 2, 8, 2, 6, 4, 6, 4, 8, 6, 4, 4, 8, 4, 6, 6, 4, 8, 6, 2, 6, 6, 8, 6, 4, 6, 8, 8, 2, 2, 6, 2, 6, 8, 2, 4, 4, 6, 6, 2, 4, 6, 6, 8, 6, 6, 4, 6, 8, 6]], 0.9263350963592529]
[[6, [8, 6, 4, 2, 4, 4, 6, 6, 6, 4, 2, 8, 2, 4, 6, 4, 6, 6, 4, 8, 4, 6, 6, 6, 6, 6, 8, 2, 8, 8, 2, 2, 6, 8, 2, 6, 2, 8, 4, 6, 6, 2, 4, 6, 6, 8, 6, 6, 4, 6, 8, 6]], 0.92174232006073]
[[1, [8, 2, 4, 8, 8, 2, 8, 6, 6, 8, 2, 4, 4, 4, 6, 4, 6, 6, 4, 8, 4, 2, 6, 6, 2, 6, 8, 8, 8, 4, 8, 2, 4, 2, 6, 4, 2, 8, 4, 6, 6, 8, 4, 6, 2, 4, 6, 6, 4, 6, 8, 6]], 0.8105229139328003]
[[4, [8, 6, 4, 2, 8, 2, 6, 8, 6, 4, 8, 4, 4, 4, 8, 2, 6, 6, 4, 8, 8, 2, 6, 8, 8, 6, 4, 2, 8, 8, 2, 2, 6, 2, 6, 8, 2, 2, 4, 6, 8, 2, 4, 6, 6, 4, 6, 6, 2, 6, 8, 6]], 0.917613685131073]
[[5, [8, 6, 4, 2, 2, 8, 8, 8, 6, 4, 2, 4, 4, 4, 6, 8, 6, 6, 4, 2, 2, 2, 8, 4, 2, 6, 4, 6, 8, 6, 2, 8, 4, 2, 2, 6, 2, 6, 6, 8, 6, 2, 4, 6, 6, 4, 2, 6, 4, 6, 6, 6]], 0.9238540530204773]
[[4, [8, 6, 4, 2, 8, 6, 8, 6, 8, 4, 2, 6, 8, 4, 6, 8, 6, 4, 4, 8, 6, 2, 6, 2, 2, 6, 8, 2, 8, 6, 4, 4, 6, 2, 2, 8, 4, 6, 2, 8, 6, 2, 4, 2, 6, 6, 8, 4, 6, 6, 6, 6]], 0.928229033946991]
[[4, [8, 6, 4, 6, 8, 4, 8, 6, 4, 4, 2, 6, 8, 4, 6, 8, 8, 2, 4, 4, 6, 2, 6, 2, 2, 6, 4, 2, 8, 8, 2, 4, 6, 2, 2, 8, 4, 6, 2, 8, 6, 2, 4, 2, 6, 6, 8, 4, 6, 6, 6, 6]], 0.8038392066955566]
[[4, [8, 6, 4, 8, 2, 6, 6, 2, 6, 4, 8, 6, 4, 4, 8, 2, 6, 6, 4, 8, 6, 2, 6, 2, 8, 6, 4, 6, 8, 8, 6, 2, 4, 4, 6, 6, 2, 4, 4, 2, 6, 2, 4, 6, 6, 8, 6, 6, 2, 4, 6, 6]], 0.7782564163208008]
[[14, [2, 6, 6, 2, 4, 2, 8, 6, 6, 4, 2, 4, 4, 4, 6, 4, 6, 6, 4, 8, 4, 8, 8, 8, 2, 2, 8, 6, 8, 8, 8, 2, 6, 2, 6, 6, 4, 8, 4, 2, 6, 2, 4, 8, 6, 6, 6, 6, 2, 2, 8, 6]], 0.9199144840240479]
[[4, [8, 6, 4, 2, 8, 6, 8, 6, 8, 4, 2, 6, 8, 4, 6, 2, 6, 2, 4, 2, 6, 2, 6, 8, 2, 6, 8, 2, 8, 6, 6, 4, 6, 2, 2, 8, 8, 6, 2, 8, 8, 2, 4, 2, 6, 8, 8, 4, 4, 2, 6, 6]], 0.9286639094352722]
[[3, [4, 4, 4, 2, 8, 6, 4, 6, 8, 2, 8, 4, 8, 4, 6, 2, 6, 2, 4, 2, 6, 2, 6, 8, 2, 4, 8, 6, 8, 4, 6, 4, 2, 2, 8, 8, 8, 6, 2, 8, 8, 8, 4, 2, 6, 8, 8, 4, 4, 2, 6, 4]], 0.9365757703781128]
[[9, [6, 4, 4, 2, 8, 6, 4, 6, 8, 2, 4, 4, 8, 4, 6, 2, 6, 2, 4, 2, 6, 2, 6, 8, 6, 4, 8, 6, 8, 4, 6, 4, 2, 2, 4, 8, 4, 6, 2, 8, 4, 8, 4, 2, 6, 8, 8, 4, 4, 4, 2, 4]], 0.9019488096237183]
[[3, [2, 2, 4, 2, 8, 6, 4, 4, 8, 2, 8, 4, 8, 4, 6, 2, 6, 4, 4, 2, 6, 4, 6, 8, 2, 4, 8, 6, 8, 2, 6, 4, 2, 2, 8, 8, 8, 8, 2, 8, 8, 8, 6, 2, 6, 8, 8, 4, 4, 6, 6, 2]], 0.8967863917350769]
[[6, [8, 6, 4, 2, 8, 4, 8, 6, 8, 4, 8, 6, 8, 8, 6, 2, 6, 4, 4, 4, 6, 6, 8, 6, 2, 6, 8, 6, 8, 6, 4, 4, 6, 4, 2, 8, 8, 6, 8, 8, 8, 2, 2, 2, 6, 8, 8, 4, 4, 2, 6, 6]], 0.90586918592453]
[[0, [4, 4, 4, 6, 8, 6, 4, 6, 8, 2, 4, 6, 2, 4, 6, 6, 6, 2, 6, 8, 4, 2, 6, 8, 2, 4, 8, 4, 8, 4, 6, 4, 2, 2, 8, 8, 2, 6, 2, 8, 8, 8, 4, 2, 6, 8, 8, 4, 4, 2, 6, 4]], 0.8032073378562927]
[[3, [4, 4, 4, 2, 4, 6, 4, 6, 8, 2, 8, 4, 8, 4, 6, 4, 6, 2, 4, 2, 6, 2, 4, 8, 2, 4, 8, 6, 8, 4, 6, 4, 2, 2, 8, 8, 8, 6, 2, 6, 8, 8, 4, 2, 6, 8, 8, 4, 4, 2, 6, 4]], 0.9171034693717957]
[[14, [4, 4, 6, 2, 8, 6, 4, 6, 8, 4, 8, 4, 6, 4, 6, 8, 6, 6, 4, 2, 6, 2, 6, 8, 2, 4, 6, 6, 8, 4, 6, 2, 2, 2, 8, 8, 8, 6, 2, 8, 8, 2, 8, 6, 6, 2, 2, 4, 4, 8, 6, 4]], 0.9071295261383057]
[[8, [4, 4, 4, 2, 6, 2, 2, 6, 8, 2, 8, 4, 8, 4, 6, 6, 2, 2, 8, 4, 4, 2, 6, 8, 2, 4, 8, 6, 2, 4, 8, 8, 4, 2, 4, 2, 2, 6, 2, 8, 6, 8, 4, 4, 6, 4, 8, 4, 4, 4, 6, 4]], 0.8796079158782959]
[[7, [4, 4, 4, 2, 8, 6, 4, 6, 4, 2, 8, 4, 8, 4, 8, 6, 6, 2, 4, 2, 6, 2, 4, 6, 2, 2, 6, 6, 8, 4, 6, 4, 4, 2, 6, 2, 8, 6, 8, 8, 8, 2, 4, 2, 6, 8, 2, 4, 4, 2, 6, 8]], 0.8453675508499146]
[[8, [6, 8, 4, 4, 4, 2, 6, 6, 4, 4, 8, 2, 4, 2, 6, 6, 6, 6, 4, 4, 6, 2, 6, 6, 8, 6, 2, 6, 8, 2, 2, 2, 6, 2, 2, 6, 6, 2, 4, 6, 8, 2, 4, 4, 6, 8, 6, 6, 4, 4, 8, 6]], 0.9083071947097778]
[[4, [8, 8, 4, 2, 8, 6, 8, 6, 8, 2, 2, 6, 2, 4, 6, 8, 2, 8, 4, 4, 6, 2, 6, 2, 2, 6, 8, 4, 8, 6, 4, 4, 8, 2, 4, 8, 2, 4, 2, 8, 6, 2, 4, 2, 6, 6, 8, 4, 6, 6, 6, 6]], 0.9311456680297852]
[[4, [8, 4, 4, 2, 8, 6, 8, 6, 8, 2, 2, 2, 6, 4, 6, 8, 2, 8, 4, 6, 6, 2, 6, 2, 2, 6, 8, 4, 8, 6, 2, 4, 8, 4, 4, 8, 2, 8, 2, 8, 6, 2, 4, 2, 6, 6, 8, 4, 8, 6, 2, 6]], 0.9340106248855591]
[[3, [4, 8, 4, 2, 8, 6, 4, 6, 8, 2, 6, 4, 8, 4, 6, 2, 6, 2, 4, 2, 6, 2, 6, 8, 8, 4, 8, 6, 8, 8, 6, 4, 2, 2, 8, 8, 8, 6, 2, 8, 8, 8, 4, 2, 6, 4, 8, 4, 4, 4, 6, 4]], 0.9209463000297546]
[[3, [4, 4, 4, 4, 4, 6, 4, 6, 8, 2, 8, 4, 8, 4, 6, 2, 4, 4, 4, 4, 6, 2, 6, 4, 2, 8, 8, 8, 8, 4, 6, 4, 2, 2, 4, 2, 8, 6, 2, 8, 8, 8, 2, 2, 8, 4, 6, 8, 4, 2, 6, 4]], 0.8175499439239502]
[[11, [8, 4, 6, 2, 8, 6, 8, 6, 8, 2, 2, 2, 8, 4, 6, 8, 2, 8, 4, 6, 6, 6, 6, 2, 6, 6, 8, 8, 8, 6, 2, 4, 8, 4, 4, 8, 2, 8, 4, 8, 6, 6, 4, 2, 6, 6, 2, 4, 8, 6, 6, 6]], 0.9095573425292969]
[[13, [4, 4, 4, 8, 8, 6, 4, 6, 8, 2, 8, 6, 8, 4, 6, 2, 6, 2, 6, 2, 6, 2, 6, 6, 2, 4, 8, 2, 8, 4, 2, 4, 2, 2, 6, 8, 6, 6, 2, 4, 8, 8, 4, 2, 6, 2, 8, 6, 4, 2, 6, 4]], 0.9710904359817505]
[[3, [4, 4, 4, 2, 8, 2, 4, 6, 8, 2, 8, 6, 8, 4, 6, 6, 6, 2, 2, 2, 6, 2, 6, 6, 2, 2, 8, 6, 8, 6, 6, 4, 2, 2, 8, 4, 8, 6, 2, 8, 8, 2, 8, 2, 8, 8, 8, 4, 4, 2, 6, 4]], 0.9398512244224548]
[[3, [4, 4, 4, 2, 8, 6, 4, 6, 8, 6, 4, 4, 2, 4, 6, 4, 6, 2, 6, 2, 6, 2, 6, 8, 2, 4, 8, 6, 6, 4, 6, 4, 2, 4, 6, 2, 8, 6, 2, 4, 8, 2, 4, 2, 2, 8, 8, 4, 8, 8, 6, 4]], 0.9078382849693298]
[[4, [8, 4, 2, 2, 8, 6, 8, 6, 8, 2, 8, 2, 6, 4, 6, 8, 2, 8, 6, 4, 6, 2, 6, 2, 2, 6, 2, 4, 2, 6, 2, 4, 8, 6, 4, 8, 2, 8, 2, 4, 2, 8, 4, 2, 6, 2, 2, 4, 8, 6, 6, 6]], 0.9213942289352417]
[[9, [8, 8, 8, 2, 8, 6, 8, 6, 8, 2, 4, 2, 6, 4, 6, 4, 2, 2, 2, 6, 6, 2, 8, 2, 2, 8, 6, 4, 8, 6, 2, 4, 6, 4, 4, 6, 2, 8, 2, 8, 6, 2, 2, 2, 6, 6, 8, 4, 8, 6, 6, 6]], 0.9272208213806152]
[[3, [4, 4, 6, 2, 4, 2, 4, 2, 8, 8, 8, 6, 8, 2, 6, 6, 6, 2, 2, 2, 6, 8, 6, 6, 4, 6, 4, 6, 8, 6, 6, 4, 4, 2, 8, 4, 8, 6, 8, 8, 8, 2, 8, 2, 8, 8, 8, 4, 4, 6, 2, 6]], 0.8905040621757507]
[[8, [8, 4, 4, 2, 8, 6, 8, 6, 8, 2, 2, 2, 6, 4, 6, 4, 2, 8, 4, 2, 6, 2, 2, 2, 2, 6, 8, 8, 6, 6, 2, 4, 8, 4, 4, 6, 2, 8, 2, 8, 6, 4, 2, 6, 6, 6, 8, 4, 6, 6, 6, 6]], 0.8570352792739868]
[[3, [4, 4, 6, 2, 4, 2, 4, 8, 6, 2, 8, 8, 8, 6, 6, 6, 8, 2, 2, 2, 6, 2, 6, 6, 2, 2, 8, 6, 8, 6, 6, 6, 2, 2, 8, 4, 8, 6, 2, 8, 8, 2, 8, 2, 8, 4, 8, 4, 4, 2, 4, 4]], 0.9187757968902588]
[[15, [6, 4, 4, 2, 8, 2, 6, 6, 8, 2, 8, 6, 8, 4, 6, 6, 6, 2, 8, 4, 6, 2, 4, 6, 2, 2, 8, 6, 8, 6, 6, 4, 2, 2, 8, 4, 4, 4, 6, 6, 8, 2, 8, 2, 8, 8, 8, 4, 4, 2, 6, 2]], 0.9411070346832275]
[[12, [4, 4, 8, 2, 2, 2, 4, 6, 2, 2, 8, 6, 8, 4, 6, 6, 6, 2, 2, 6, 6, 6, 6, 6, 4, 2, 6, 6, 8, 8, 6, 4, 2, 2, 8, 4, 8, 6, 2, 8, 8, 2, 6, 8, 8, 8, 8, 8, 8, 4, 6, 4]], 0.9269863963127136]
[[3, [4, 2, 4, 2, 8, 2, 4, 4, 8, 2, 8, 6, 8, 4, 6, 6, 6, 2, 8, 2, 6, 2, 6, 6, 2, 4, 8, 6, 8, 6, 6, 4, 2, 8, 4, 4, 8, 6, 2, 8, 8, 8, 8, 4, 8, 8, 8, 4, 4, 2, 8, 4]], 0.9123464822769165]
[[3, [4, 4, 2, 2, 4, 2, 8, 6, 4, 2, 2, 6, 8, 2, 6, 6, 2, 8, 2, 2, 6, 2, 6, 6, 2, 6, 8, 4, 8, 6, 6, 4, 2, 2, 8, 2, 8, 6, 6, 8, 8, 2, 8, 4, 8, 8, 8, 4, 4, 6, 6, 4]], 0.8184375166893005]
[[3, [4, 4, 8, 2, 8, 2, 6, 6, 8, 2, 8, 6, 8, 4, 6, 6, 8, 4, 8, 2, 6, 2, 2, 6, 2, 2, 8, 6, 8, 6, 6, 4, 2, 2, 8, 4, 6, 6, 2, 6, 8, 2, 8, 2, 4, 8, 8, 4, 4, 2, 6, 4]], 0.9123038053512573]
[[3, [4, 4, 4, 8, 8, 6, 4, 6, 8, 2, 8, 4, 8, 4, 4, 2, 6, 6, 4, 2, 6, 2, 6, 8, 2, 4, 8, 8, 8, 8, 2, 8, 2, 2, 8, 8, 8, 6, 2, 8, 8, 4, 6, 2, 6, 8, 8, 4, 4, 4, 2, 8]], 0.7780746221542358]
[[3, [4, 4, 4, 2, 8, 4, 4, 6, 8, 2, 8, 2, 8, 8, 6, 6, 6, 2, 4, 2, 6, 2, 6, 8, 2, 4, 8, 6, 2, 4, 4, 4, 6, 2, 8, 8, 8, 6, 2, 8, 4, 8, 6, 6, 6, 6, 8, 4, 4, 2, 6, 4]], 0.9134001731872559]
[[6, [8, 4, 4, 2, 8, 8, 4, 6, 8, 2, 8, 6, 8, 4, 4, 6, 6, 2, 2, 2, 6, 2, 6, 6, 2, 2, 8, 6, 8, 2, 6, 4, 2, 2, 8, 4, 8, 6, 6, 8, 8, 2, 2, 2, 2, 6, 8, 4, 4, 6, 6, 4]], 0.9293297529220581]
[[12, [4, 4, 4, 2, 2, 2, 4, 4, 8, 2, 8, 4, 8, 6, 6, 2, 6, 2, 4, 2, 2, 2, 6, 2, 2, 4, 8, 6, 8, 4, 6, 4, 4, 2, 8, 8, 2, 6, 2, 8, 6, 8, 4, 2, 6, 8, 8, 4, 4, 2, 6, 4]], 0.883074164390564]
[[4, [8, 8, 4, 2, 8, 6, 8, 8, 8, 2, 2, 2, 6, 4, 6, 8, 2, 8, 6, 6, 6, 2, 6, 2, 2, 6, 8, 2, 8, 6, 2, 4, 8, 4, 4, 8, 2, 2, 2, 6, 6, 2, 8, 2, 6, 6, 8, 4, 8, 2, 2, 6]], 0.9356457591056824]
[[3, [4, 4, 4, 2, 2, 6, 6, 6, 8, 6, 8, 4, 8, 2, 6, 2, 2, 2, 4, 6, 6, 2, 6, 4, 2, 4, 8, 6, 4, 4, 6, 4, 2, 2, 8, 8, 8, 6, 2, 8, 6, 8, 4, 2, 6, 4, 8, 8, 2, 2, 6, 4]], 0.9127316474914551]
[[3, [4, 4, 4, 2, 8, 2, 8, 6, 6, 2, 8, 6, 8, 4, 6, 6, 6, 2, 2, 2, 6, 2, 8, 6, 4, 2, 8, 6, 8, 6, 6, 4, 2, 4, 8, 4, 8, 6, 2, 8, 8, 6, 8, 2, 8, 8, 8, 4, 4, 6, 8, 4]], 0.9068977236747742]
[[3, [4, 4, 4, 2, 8, 4, 4, 6, 2, 2, 6, 4, 8, 4, 6, 2, 2, 8, 4, 2, 6, 2, 6, 8, 2, 4, 8, 2, 8, 8, 6, 4, 4, 2, 4, 8, 8, 6, 2, 6, 4, 8, 4, 2, 6, 8, 8, 2, 4, 8, 6, 8]], 0.9360977411270142]
[[3, [4, 4, 4, 2, 4, 2, 4, 6, 8, 2, 2, 6, 8, 4, 6, 6, 6, 2, 2, 2, 6, 6, 6, 6, 2, 6, 8, 6, 8, 6, 6, 4, 8, 2, 8, 4, 8, 6, 2, 8, 8, 2, 8, 2, 6, 8, 8, 8, 4, 6, 2, 4]], 0.9024553298950195]
[[11, [4, 4, 8, 2, 8, 8, 4, 6, 8, 2, 4, 6, 6, 4, 6, 8, 6, 2, 2, 2, 2, 2, 6, 6, 2, 4, 8, 6, 8, 4, 6, 4, 2, 2, 8, 8, 8, 6, 2, 8, 8, 4, 2, 2, 2, 8, 8, 4, 4, 8, 6, 4]], 0.8989677429199219]
[[4, [4, 4, 4, 2, 8, 2, 4, 6, 8, 2, 8, 6, 8, 4, 6, 6, 6, 4, 2, 2, 6, 2, 6, 2, 2, 2, 8, 6, 2, 6, 6, 4, 8, 2, 2, 4, 8, 8, 2, 8, 8, 2, 8, 6, 8, 8, 6, 4, 4, 2, 4, 8]], 0.937483012676239]
[[8, [6, 6, 4, 2, 8, 6, 4, 6, 8, 2, 2, 2, 8, 4, 6, 8, 6, 8, 4, 4, 6, 2, 6, 2, 8, 6, 8, 4, 8, 6, 2, 4, 8, 4, 4, 8, 6, 4, 2, 8, 6, 2, 4, 2, 2, 6, 8, 6, 8, 6, 8, 4]], 0.8930913805961609]
[[4, [8, 6, 4, 2, 2, 6, 6, 8, 4, 6, 2, 2, 6, 4, 6, 8, 2, 2, 6, 6, 6, 8, 6, 2, 2, 6, 8, 2, 2, 6, 2, 4, 8, 8, 4, 8, 4, 2, 2, 6, 4, 2, 8, 4, 4, 6, 8, 4, 8, 4, 2, 6]], 0.9273442029953003]
[[4, [4, 4, 4, 2, 6, 6, 6, 6, 8, 2, 8, 2, 4, 4, 6, 2, 6, 6, 4, 2, 6, 2, 6, 8, 2, 4, 8, 6, 8, 4, 6, 2, 2, 4, 8, 8, 8, 6, 2, 8, 8, 6, 4, 2, 6, 8, 8, 4, 4, 2, 6, 4]], 0.9013471007347107]
[[2, [4, 4, 4, 6, 8, 2, 8, 6, 6, 2, 8, 6, 8, 4, 6, 6, 6, 2, 8, 2, 6, 2, 6, 8, 2, 6, 8, 6, 8, 6, 2, 6, 2, 2, 8, 4, 8, 2, 2, 8, 6, 4, 8, 8, 8, 8, 6, 4, 4, 2, 6, 4]], 0.8123316764831543]
[[4, [8, 4, 2, 2, 8, 2, 4, 6, 4, 6, 8, 6, 8, 4, 6, 2, 6, 4, 8, 2, 6, 4, 6, 2, 4, 2, 2, 6, 2, 6, 6, 4, 8, 2, 2, 4, 4, 8, 2, 8, 8, 2, 8, 2, 6, 8, 6, 4, 4, 2, 4, 8]], 0.9010908007621765]
[[3, [8, 2, 4, 4, 8, 2, 4, 6, 8, 2, 8, 6, 8, 4, 6, 6, 6, 2, 2, 2, 6, 2, 6, 6, 2, 6, 8, 6, 8, 4, 6, 4, 2, 2, 8, 4, 8, 6, 2, 8, 8, 6, 6, 2, 8, 8, 8, 4, 4, 8, 6, 4]], 0.8043725490570068]
[[3, [4, 4, 4, 2, 8, 8, 4, 6, 8, 2, 8, 6, 8, 4, 2, 6, 6, 2, 2, 2, 6, 4, 6, 6, 2, 2, 8, 6, 8, 6, 2, 6, 6, 2, 8, 4, 6, 6, 2, 8, 8, 2, 8, 8, 8, 8, 8, 4, 4, 2, 6, 4]], 0.9158083200454712]
[[3, [4, 4, 4, 2, 8, 8, 2, 8, 8, 8, 8, 2, 8, 4, 6, 6, 6, 2, 2, 2, 4, 2, 6, 6, 2, 2, 8, 6, 8, 6, 6, 4, 2, 2, 8, 4, 6, 6, 8, 2, 8, 2, 2, 2, 8, 2, 8, 4, 4, 4, 6, 4]], 0.90753573179245]
[[3, [4, 4, 6, 2, 8, 6, 4, 6, 2, 2, 6, 4, 4, 4, 6, 2, 6, 2, 4, 2, 2, 2, 6, 8, 2, 6, 8, 6, 8, 2, 6, 4, 2, 2, 6, 8, 8, 6, 6, 8, 8, 4, 4, 8, 6, 6, 8, 4, 4, 2, 6, 2]], 0.9326781630516052]
[[2, [4, 2, 4, 4, 8, 2, 4, 6, 8, 2, 8, 2, 8, 4, 2, 6, 6, 4, 8, 2, 6, 2, 6, 6, 8, 2, 8, 4, 8, 6, 6, 2, 2, 4, 8, 4, 8, 6, 2, 8, 8, 2, 8, 6, 8, 8, 8, 4, 4, 6, 6, 2]], 0.8144009113311768]
[[3, [8, 4, 4, 2, 2, 2, 4, 2, 8, 2, 8, 2, 8, 4, 2, 2, 6, 4, 8, 2, 6, 2, 4, 6, 2, 6, 8, 6, 2, 6, 6, 8, 2, 2, 8, 4, 8, 6, 2, 8, 4, 2, 8, 4, 8, 8, 8, 8, 4, 8, 4, 4]], 0.8401068449020386]
[[10, [4, 4, 4, 2, 8, 2, 4, 8, 2, 2, 8, 4, 8, 4, 6, 6, 6, 6, 8, 2, 6, 2, 2, 6, 2, 2, 8, 6, 8, 6, 6, 4, 2, 6, 8, 4, 4, 6, 2, 8, 2, 2, 8, 4, 8, 8, 8, 4, 4, 2, 6, 4]], 0.868752121925354]
[[7, [8, 8, 4, 2, 8, 6, 8, 8, 8, 8, 2, 4, 6, 4, 6, 8, 8, 8, 8, 4, 6, 2, 2, 2, 6, 4, 8, 8, 8, 6, 4, 4, 8, 8, 4, 8, 6, 2, 2, 6, 2, 2, 8, 2, 6, 6, 8, 6, 8, 8, 2, 4]], 0.8320698738098145]
[[4, [8, 8, 4, 2, 8, 4, 8, 6, 6, 2, 2, 6, 2, 2, 4, 8, 2, 8, 4, 6, 6, 2, 4, 2, 2, 6, 8, 4, 8, 6, 4, 4, 8, 2, 4, 8, 2, 4, 2, 4, 6, 2, 2, 2, 6, 6, 8, 4, 6, 6, 6, 6]], 0.8309218287467957]
[[4, [2, 4, 4, 2, 6, 2, 4, 2, 8, 2, 8, 2, 8, 4, 8, 6, 6, 4, 8, 6, 2, 2, 6, 2, 2, 2, 8, 6, 2, 2, 6, 4, 6, 8, 6, 4, 4, 8, 2, 8, 8, 2, 8, 8, 2, 8, 2, 4, 4, 2, 2, 8]], 0.869027316570282]
[[3, [2, 4, 4, 2, 8, 8, 4, 6, 8, 2, 8, 6, 8, 4, 6, 6, 8, 4, 2, 2, 6, 2, 4, 6, 2, 2, 2, 8, 8, 6, 6, 4, 4, 2, 8, 6, 8, 2, 2, 8, 8, 2, 8, 2, 8, 8, 8, 8, 4, 2, 6, 4]], 0.9094878435134888]
[[3, [4, 4, 4, 2, 2, 2, 8, 6, 8, 2, 8, 4, 8, 4, 6, 2, 6, 2, 2, 2, 6, 2, 2, 6, 2, 2, 8, 6, 4, 6, 2, 4, 2, 2, 8, 4, 8, 6, 2, 8, 8, 4, 6, 2, 2, 8, 8, 2, 4, 2, 6, 4]], 0.9377940893173218]
[[2, [4, 4, 4, 2, 8, 2, 8, 6, 8, 8, 8, 6, 8, 8, 6, 2, 6, 2, 2, 2, 6, 2, 2, 8, 2, 2, 8, 6, 8, 6, 6, 4, 2, 6, 6, 4, 8, 6, 2, 8, 8, 2, 8, 4, 2, 8, 6, 4, 4, 8, 8, 4]], 0.8252115249633789]
[[3, [4, 4, 4, 2, 2, 6, 4, 6, 4, 2, 8, 4, 8, 6, 6, 2, 6, 2, 2, 2, 4, 2, 2, 2, 2, 2, 8, 6, 4, 6, 6, 4, 2, 2, 8, 2, 6, 6, 2, 8, 8, 4, 6, 2, 2, 8, 8, 2, 2, 2, 6, 4]], 0.9113487005233765]
[[8, [2, 4, 4, 2, 8, 8, 4, 6, 6, 2, 8, 6, 8, 4, 6, 6, 6, 2, 2, 2, 6, 6, 6, 8, 2, 2, 8, 6, 8, 2, 6, 4, 2, 2, 8, 6, 8, 6, 8, 8, 8, 2, 8, 2, 8, 8, 8, 6, 4, 2, 6, 4]], 0.9168732166290283]
[[3, [4, 4, 4, 2, 2, 2, 8, 6, 6, 2, 8, 6, 8, 4, 8, 2, 4, 8, 2, 2, 2, 2, 6, 6, 2, 2, 8, 4, 2, 6, 2, 4, 2, 6, 8, 4, 6, 6, 2, 8, 6, 8, 6, 4, 2, 8, 4, 8, 8, 2, 8, 4]], 0.938953161239624]
[[14, [4, 2, 4, 2, 8, 8, 4, 6, 8, 2, 8, 6, 8, 4, 6, 6, 6, 2, 8, 2, 6, 6, 6, 6, 2, 2, 8, 6, 4, 2, 6, 4, 2, 2, 8, 4, 8, 6, 2, 4, 8, 2, 6, 2, 6, 8, 8, 4, 4, 2, 2, 2]], 0.9242879152297974]
[[13, [4, 4, 4, 2, 6, 2, 4, 6, 8, 2, 8, 6, 8, 4, 6, 4, 6, 2, 2, 2, 6, 4, 6, 6, 2, 2, 8, 6, 4, 2, 2, 4, 2, 2, 8, 6, 8, 6, 6, 8, 8, 6, 8, 2, 8, 8, 8, 2, 4, 2, 6, 4]], 0.9336523413658142]
[[3, [4, 6, 4, 2, 6, 2, 8, 6, 8, 2, 8, 6, 4, 4, 6, 4, 6, 2, 2, 4, 6, 2, 6, 6, 2, 4, 8, 6, 8, 2, 6, 8, 2, 8, 4, 4, 8, 4, 8, 6, 8, 2, 8, 2, 8, 2, 8, 4, 4, 2, 8, 4]], 0.9267853498458862]
[[5, [2, 4, 6, 2, 8, 2, 6, 6, 6, 2, 2, 6, 4, 4, 6, 8, 6, 2, 2, 2, 6, 2, 6, 6, 2, 6, 8, 6, 8, 6, 8, 4, 2, 2, 8, 4, 8, 6, 2, 8, 8, 2, 8, 2, 4, 8, 8, 4, 4, 2, 6, 4]], 0.8789234161376953]
[[3, [4, 4, 4, 2, 8, 2, 4, 6, 2, 2, 8, 2, 8, 4, 6, 6, 6, 2, 2, 2, 6, 2, 4, 6, 6, 2, 8, 6, 8, 2, 6, 4, 8, 2, 8, 4, 6, 2, 2, 8, 8, 2, 8, 2, 8, 8, 4, 4, 8, 2, 6, 4]], 0.8686951398849487]
[[8, [4, 4, 4, 2, 8, 2, 4, 6, 8, 2, 8, 6, 8, 4, 8, 6, 6, 2, 2, 2, 4, 8, 6, 8, 2, 2, 2, 6, 8, 6, 8, 6, 8, 2, 8, 6, 8, 6, 2, 8, 8, 2, 8, 4, 8, 8, 6, 4, 4, 2, 6, 4]], 0.9691977500915527]
[[6, [4, 8, 4, 4, 8, 2, 8, 6, 8, 6, 8, 6, 8, 6, 6, 6, 6, 4, 8, 2, 8, 2, 8, 2, 2, 2, 8, 6, 2, 6, 4, 4, 8, 2, 2, 4, 8, 8, 2, 8, 8, 2, 8, 6, 8, 8, 6, 4, 4, 2, 2, 8]], 0.8415433764457703]
[[10, [8, 2, 4, 2, 8, 6, 4, 6, 6, 2, 8, 2, 8, 4, 6, 2, 4, 2, 8, 2, 6, 2, 6, 6, 2, 4, 6, 4, 8, 8, 6, 4, 2, 2, 8, 8, 8, 4, 8, 8, 8, 2, 8, 2, 2, 6, 8, 4, 4, 2, 4, 4]], 0.9152072668075562]
[[1, [4, 4, 4, 2, 2, 2, 2, 6, 8, 2, 4, 4, 8, 4, 6, 2, 8, 6, 8, 2, 6, 8, 2, 6, 2, 2, 2, 6, 4, 6, 8, 4, 2, 2, 8, 4, 8, 6, 2, 2, 8, 6, 6, 2, 2, 8, 8, 2, 6, 2, 6, 4]], 0.8322153091430664]
[[3, [6, 2, 4, 2, 2, 2, 8, 6, 6, 2, 4, 6, 8, 4, 8, 2, 4, 8, 2, 4, 6, 2, 6, 6, 2, 6, 8, 4, 2, 6, 2, 4, 2, 6, 8, 4, 6, 6, 2, 8, 6, 2, 8, 4, 6, 8, 4, 4, 2, 2, 8, 2]], 0.8986111879348755]
[[3, [4, 8, 2, 2, 4, 2, 8, 8, 6, 2, 8, 6, 8, 4, 8, 2, 4, 8, 2, 2, 2, 2, 6, 4, 2, 2, 4, 4, 2, 8, 2, 2, 2, 6, 8, 8, 8, 6, 2, 8, 6, 8, 6, 4, 4, 8, 4, 8, 8, 2, 8, 2]], 0.8982644081115723]
[[3, [4, 4, 4, 6, 8, 6, 4, 6, 6, 2, 6, 4, 8, 4, 6, 2, 8, 2, 6, 8, 4, 2, 6, 8, 6, 4, 8, 6, 8, 6, 6, 4, 2, 2, 8, 8, 8, 8, 2, 2, 8, 8, 4, 2, 4, 8, 8, 4, 4, 2, 6, 4]], 0.7729512453079224]
[[3, [6, 4, 4, 2, 8, 8, 4, 6, 8, 2, 8, 6, 8, 2, 6, 6, 6, 2, 2, 2, 6, 2, 6, 6, 2, 2, 8, 6, 8, 6, 6, 2, 2, 4, 6, 4, 8, 6, 2, 8, 8, 2, 8, 6, 8, 8, 2, 4, 4, 2, 6, 4]], 0.9198691844940186]
[[2, [8, 4, 6, 2, 8, 2, 4, 6, 8, 2, 8, 6, 8, 4, 6, 4, 2, 2, 2, 2, 6, 2, 6, 6, 2, 2, 4, 6, 8, 6, 6, 4, 2, 2, 8, 4, 8, 6, 8, 8, 8, 2, 8, 8, 8, 8, 8, 4, 4, 2, 6, 6]], 0.8329960703849792]
[[3, [4, 4, 4, 2, 2, 4, 8, 6, 6, 2, 2, 2, 8, 4, 8, 2, 2, 2, 2, 2, 2, 8, 6, 6, 6, 2, 4, 4, 2, 4, 2, 4, 2, 6, 8, 2, 6, 6, 2, 8, 2, 8, 2, 8, 6, 2, 4, 2, 2, 6, 8, 4]], 0.8982529640197754]
[[0, [4, 6, 4, 2, 8, 2, 4, 6, 6, 2, 8, 6, 8, 4, 6, 4, 6, 2, 2, 2, 6, 2, 4, 6, 2, 4, 8, 6, 8, 6, 8, 4, 2, 8, 8, 4, 8, 6, 6, 8, 8, 2, 8, 6, 8, 8, 8, 4, 4, 2, 6, 2]], 0.8178391456604004]
[[9, [4, 4, 8, 2, 8, 2, 2, 6, 8, 6, 8, 6, 8, 4, 6, 6, 6, 2, 8, 4, 6, 2, 4, 6, 2, 4, 8, 6, 2, 8, 6, 4, 2, 2, 8, 4, 8, 6, 6, 6, 8, 2, 8, 2, 8, 8, 2, 4, 2, 8, 4, 4]], 0.901695728302002]
[[3, [4, 4, 2, 2, 8, 2, 4, 4, 8, 2, 8, 8, 8, 4, 2, 6, 6, 2, 2, 2, 6, 2, 8, 6, 2, 2, 8, 6, 8, 6, 6, 4, 2, 2, 8, 4, 2, 6, 6, 8, 6, 2, 8, 8, 8, 8, 8, 4, 4, 2, 6, 4]], 0.9274174571037292]
[[3, [8, 4, 6, 2, 2, 2, 4, 6, 2, 2, 8, 6, 8, 4, 8, 4, 4, 8, 2, 2, 2, 2, 6, 6, 2, 2, 8, 4, 2, 6, 2, 6, 6, 6, 2, 4, 6, 6, 2, 4, 6, 8, 4, 4, 2, 8, 4, 8, 8, 2, 8, 4]], 0.8997079730033875]
[[0, [4, 4, 4, 6, 8, 2, 4, 6, 8, 2, 8, 6, 8, 4, 6, 2, 6, 2, 2, 2, 6, 2, 6, 6, 2, 2, 8, 8, 8, 4, 6, 4, 2, 2, 8, 6, 8, 2, 8, 2, 2, 2, 8, 2, 4, 2, 8, 8, 4, 2, 6, 8]], 0.8032397627830505]
[[9, [4, 4, 4, 2, 6, 2, 4, 6, 4, 6, 8, 6, 8, 2, 6, 6, 6, 2, 2, 2, 8, 2, 4, 6, 2, 2, 8, 6, 8, 6, 6, 4, 2, 2, 8, 4, 8, 6, 2, 8, 8, 4, 8, 2, 8, 8, 8, 4, 4, 2, 6, 8]], 0.8771607279777527]
[[8, [4, 4, 4, 2, 8, 6, 4, 6, 2, 4, 8, 6, 8, 4, 6, 6, 4, 2, 2, 2, 6, 2, 6, 6, 8, 8, 8, 6, 6, 6, 6, 4, 8, 2, 8, 4, 8, 6, 2, 2, 6, 2, 4, 2, 8, 8, 8, 4, 2, 2, 6, 4]], 0.8924815654754639]
[[3, [4, 4, 4, 2, 2, 2, 8, 6, 6, 2, 8, 6, 8, 4, 4, 2, 4, 8, 2, 2, 2, 2, 6, 6, 2, 8, 8, 4, 2, 6, 2, 4, 2, 6, 8, 4, 6, 6, 2, 2, 2, 8, 6, 4, 4, 8, 6, 8, 8, 2, 8, 4]], 0.9367767572402954]
[[10, [6, 4, 4, 8, 2, 4, 4, 6, 6, 6, 8, 6, 8, 2, 8, 2, 4, 8, 2, 2, 2, 4, 6, 6, 2, 2, 8, 2, 8, 6, 2, 6, 2, 8, 8, 4, 4, 2, 4, 8, 6, 8, 6, 6, 2, 8, 4, 2, 8, 2, 8, 2]], 0.9096063375473022]
[[3, [4, 4, 4, 2, 6, 2, 4, 6, 8, 2, 8, 8, 4, 8, 6, 6, 6, 2, 8, 6, 6, 2, 6, 4, 2, 2, 8, 6, 8, 6, 6, 4, 2, 4, 8, 4, 8, 6, 2, 8, 8, 6, 2, 2, 8, 8, 8, 2, 4, 2, 6, 4]], 0.9316875338554382]
[[7, [4, 6, 4, 4, 2, 2, 8, 8, 6, 2, 4, 6, 2, 8, 8, 2, 8, 8, 2, 2, 2, 2, 6, 8, 2, 2, 8, 4, 2, 6, 2, 2, 2, 6, 8, 4, 6, 6, 2, 8, 6, 8, 6, 4, 2, 8, 4, 8, 8, 2, 2, 4]], 0.8047551512718201]
[[10, [4, 4, 4, 2, 8, 2, 2, 6, 8, 2, 8, 6, 4, 4, 6, 6, 2, 2, 2, 6, 6, 2, 6, 2, 2, 2, 8, 6, 6, 4, 6, 2, 2, 2, 8, 4, 8, 6, 2, 8, 8, 2, 8, 8, 6, 8, 6, 4, 4, 2, 6, 4]], 0.9162961840629578]
[[15, [8, 6, 6, 2, 8, 2, 2, 2, 8, 8, 8, 6, 8, 4, 6, 6, 6, 8, 2, 2, 6, 2, 6, 6, 2, 2, 8, 6, 8, 6, 6, 4, 2, 2, 8, 4, 8, 6, 2, 8, 8, 2, 8, 8, 8, 8, 8, 4, 4, 8, 6, 4]], 0.9374858736991882]
[[10, [4, 4, 6, 2, 2, 2, 4, 6, 8, 2, 8, 6, 4, 4, 2, 6, 6, 2, 2, 2, 4, 2, 6, 6, 8, 8, 8, 6, 6, 6, 6, 4, 2, 6, 8, 4, 8, 6, 8, 8, 8, 2, 2, 2, 8, 8, 6, 4, 6, 2, 6, 4]], 0.8901991844177246]
[[1, [4, 4, 6, 2, 8, 2, 4, 6, 2, 6, 4, 6, 8, 4, 2, 6, 6, 6, 2, 2, 6, 2, 6, 6, 8, 2, 4, 6, 8, 6, 6, 4, 2, 2, 8, 8, 8, 6, 2, 8, 8, 2, 4, 2, 8, 8, 8, 4, 4, 2, 8, 4]], 0.8267990350723267]
[[3, [4, 4, 4, 2, 2, 2, 4, 6, 6, 4, 8, 6, 2, 4, 8, 2, 6, 6, 2, 6, 2, 4, 6, 6, 8, 8, 8, 6, 6, 6, 2, 8, 2, 8, 8, 4, 6, 8, 6, 8, 6, 8, 6, 4, 2, 8, 4, 8, 8, 2, 8, 4]], 0.9276842474937439]
[[2, [4, 6, 4, 2, 2, 2, 8, 6, 6, 2, 8, 6, 8, 4, 2, 2, 4, 8, 2, 8, 2, 2, 6, 8, 2, 4, 8, 4, 2, 6, 2, 4, 2, 6, 8, 4, 2, 6, 4, 8, 6, 8, 6, 4, 2, 8, 8, 8, 8, 2, 4, 6]], 0.8280153274536133]
[[3, [4, 2, 4, 2, 2, 2, 8, 6, 4, 2, 8, 6, 8, 2, 8, 8, 4, 6, 2, 2, 2, 2, 6, 8, 2, 2, 8, 2, 8, 8, 2, 2, 2, 6, 8, 4, 6, 2, 2, 8, 6, 4, 6, 4, 2, 8, 4, 8, 8, 6, 2, 4]], 0.918466329574585]
[[8, [4, 4, 4, 6, 2, 2, 4, 8, 6, 2, 8, 4, 8, 2, 4, 2, 4, 8, 2, 6, 2, 2, 6, 6, 2, 2, 8, 4, 2, 6, 2, 4, 2, 6, 6, 4, 6, 6, 2, 8, 6, 6, 8, 8, 2, 8, 4, 8, 8, 2, 8, 4]], 0.9131417274475098]
[[3, [4, 4, 4, 8, 8, 2, 4, 6, 8, 2, 8, 6, 8, 4, 6, 6, 6, 2, 2, 2, 6, 2, 6, 6, 2, 8, 8, 6, 8, 6, 6, 2, 2, 2, 8, 4, 8, 6, 2, 8, 8, 8, 8, 2, 8, 8, 8, 4, 2, 2, 6, 4]], 0.7737730741500854]
[[3, [4, 4, 8, 2, 8, 2, 4, 6, 8, 4, 8, 4, 8, 4, 6, 6, 6, 2, 2, 2, 6, 2, 6, 2, 2, 2, 8, 6, 8, 6, 2, 4, 2, 2, 8, 4, 4, 4, 4, 8, 8, 2, 8, 2, 8, 8, 8, 4, 4, 2, 6, 4]], 0.920144259929657]
[[15, [4, 8, 4, 2, 8, 2, 6, 6, 8, 2, 8, 6, 8, 4, 4, 8, 6, 2, 2, 2, 6, 2, 6, 6, 8, 2, 8, 6, 8, 6, 2, 4, 2, 2, 8, 8, 8, 6, 8, 8, 8, 2, 8, 2, 8, 8, 8, 8, 4, 2, 6, 4]], 0.9552816152572632]
[[3, [4, 4, 4, 4, 2, 2, 8, 6, 6, 6, 8, 6, 8, 8, 6, 6, 4, 8, 6, 6, 2, 4, 6, 6, 4, 4, 4, 4, 4, 6, 2, 4, 2, 6, 8, 4, 2, 6, 2, 8, 6, 8, 6, 4, 2, 8, 4, 8, 8, 2, 8, 4]], 0.8398697376251221]
[[3, [4, 2, 4, 6, 8, 2, 4, 4, 8, 2, 6, 6, 8, 4, 8, 2, 6, 2, 2, 6, 6, 2, 6, 6, 2, 2, 4, 6, 8, 4, 6, 6, 4, 8, 6, 4, 8, 6, 2, 8, 8, 2, 8, 2, 8, 8, 8, 4, 4, 2, 6, 4]], 0.7957959175109863]
[[3, [2, 4, 4, 2, 8, 2, 4, 6, 8, 2, 2, 6, 8, 4, 6, 8, 6, 2, 2, 6, 6, 2, 4, 6, 2, 4, 8, 6, 8, 6, 4, 4, 2, 2, 8, 4, 8, 4, 2, 8, 8, 2, 4, 2, 2, 8, 4, 8, 4, 2, 8, 2]], 0.8793126940727234]
[[3, [4, 4, 8, 2, 8, 8, 4, 8, 8, 2, 8, 2, 8, 4, 6, 8, 4, 2, 2, 2, 6, 2, 6, 6, 4, 8, 8, 4, 8, 6, 6, 4, 2, 4, 2, 4, 4, 8, 2, 8, 8, 2, 8, 2, 8, 8, 8, 6, 4, 2, 6, 4]], 0.8848223686218262]
[[15, [4, 4, 4, 2, 2, 6, 8, 6, 6, 2, 8, 6, 4, 4, 8, 2, 4, 8, 2, 2, 2, 4, 6, 6, 2, 2, 2, 4, 2, 4, 2, 4, 2, 6, 8, 4, 6, 8, 2, 8, 6, 8, 6, 4, 2, 8, 4, 8, 8, 2, 4, 4]], 0.9585292339324951]
[[13, [8, 4, 4, 2, 2, 2, 8, 6, 8, 2, 8, 4, 8, 4, 6, 2, 6, 6, 8, 2, 6, 8, 2, 8, 6, 2, 8, 6, 4, 6, 2, 4, 6, 2, 8, 4, 8, 6, 2, 8, 8, 4, 6, 6, 2, 8, 8, 2, 4, 2, 6, 6]], 0.9434102773666382]
[[7, [4, 4, 8, 2, 8, 6, 4, 6, 8, 6, 8, 6, 8, 2, 6, 6, 8, 2, 6, 2, 6, 2, 6, 6, 2, 2, 8, 6, 8, 6, 6, 4, 2, 6, 8, 4, 8, 6, 2, 8, 2, 2, 4, 2, 8, 8, 8, 8, 4, 2, 2, 4]], 0.8858053088188171]
[[7, [4, 4, 4, 4, 6, 6, 8, 6, 6, 8, 8, 6, 8, 4, 8, 4, 6, 8, 2, 2, 2, 2, 6, 6, 2, 4, 8, 2, 4, 2, 2, 4, 4, 6, 8, 4, 6, 6, 2, 8, 4, 8, 6, 4, 2, 6, 4, 8, 8, 2, 8, 4]], 0.8306796550750732]
[[3, [4, 4, 4, 2, 4, 8, 4, 8, 6, 2, 8, 6, 8, 4, 6, 6, 8, 2, 2, 2, 6, 2, 6, 6, 2, 2, 8, 6, 8, 6, 6, 4, 6, 2, 8, 4, 2, 6, 2, 8, 8, 2, 8, 2, 2, 8, 8, 4, 4, 2, 8, 2]], 0.9351750612258911]
[[5, [4, 6, 4, 2, 6, 2, 8, 6, 6, 2, 2, 6, 8, 4, 2, 4, 4, 4, 2, 2, 2, 2, 6, 6, 2, 2, 6, 4, 6, 8, 2, 6, 2, 6, 8, 4, 6, 2, 4, 6, 6, 8, 6, 8, 8, 6, 4, 8, 8, 2, 8, 4]], 0.9130033254623413]
[[4, [4, 4, 4, 2, 8, 2, 4, 6, 8, 2, 4, 6, 2, 4, 6, 6, 4, 8, 2, 2, 2, 2, 6, 4, 4, 4, 8, 6, 2, 6, 4, 2, 8, 2, 2, 4, 8, 8, 6, 8, 8, 6, 4, 6, 8, 8, 6, 4, 4, 2, 4, 2]], 0.9015321135520935]
[[3, [2, 4, 4, 6, 2, 4, 4, 8, 2, 2, 2, 6, 2, 4, 6, 6, 8, 2, 2, 2, 6, 2, 6, 6, 2, 8, 8, 6, 8, 2, 6, 4, 4, 8, 8, 4, 4, 6, 2, 8, 8, 2, 8, 2, 8, 4, 8, 4, 4, 2, 6, 4]], 0.7866870760917664]
[[3, [4, 6, 6, 4, 8, 2, 2, 6, 8, 2, 8, 6, 8, 4, 2, 6, 6, 4, 2, 2, 6, 2, 8, 6, 2, 2, 8, 6, 8, 6, 6, 4, 2, 2, 6, 2, 2, 6, 2, 8, 8, 2, 6, 2, 8, 2, 8, 4, 4, 2, 8, 4]], 0.7961483001708984]
[[7, [8, 4, 4, 2, 2, 2, 4, 6, 8, 2, 8, 6, 8, 4, 8, 6, 6, 8, 2, 2, 2, 4, 8, 6, 2, 2, 8, 4, 8, 6, 2, 8, 8, 6, 8, 6, 6, 6, 2, 8, 8, 8, 6, 4, 2, 6, 4, 8, 8, 2, 8, 4]], 0.8314551115036011]
[[9, [4, 4, 6, 2, 2, 2, 8, 6, 6, 2, 8, 4, 8, 4, 6, 2, 4, 8, 2, 2, 2, 6, 6, 6, 2, 8, 8, 4, 4, 2, 4, 4, 6, 4, 2, 4, 6, 6, 6, 6, 2, 8, 6, 4, 4, 8, 6, 8, 8, 2, 4, 4]], 0.8678534030914307]
[[10, [4, 4, 4, 2, 2, 2, 8, 6, 6, 2, 8, 6, 8, 4, 4, 2, 4, 8, 2, 2, 6, 2, 6, 6, 6, 2, 8, 4, 6, 6, 2, 2, 2, 6, 8, 6, 4, 6, 2, 2, 2, 8, 6, 4, 4, 8, 6, 8, 8, 2, 8, 4]], 0.9090304374694824]
[[2, [4, 4, 6, 2, 4, 8, 8, 6, 6, 4, 8, 6, 2, 4, 8, 2, 4, 6, 8, 2, 2, 2, 6, 6, 2, 4, 2, 6, 2, 6, 2, 2, 2, 6, 8, 4, 6, 6, 4, 8, 6, 8, 4, 4, 2, 2, 4, 2, 2, 2, 8, 4]], 0.8306323289871216]
[[3, [4, 4, 4, 2, 8, 6, 4, 6, 8, 2, 8, 6, 8, 6, 6, 6, 6, 2, 6, 2, 6, 4, 8, 6, 4, 4, 8, 6, 8, 6, 6, 4, 2, 2, 8, 4, 8, 6, 2, 8, 8, 2, 8, 2, 2, 8, 8, 4, 8, 2, 2, 4]], 0.9318406581878662]
[[3, [4, 4, 4, 6, 2, 2, 8, 6, 6, 8, 8, 6, 8, 4, 8, 6, 8, 4, 6, 2, 2, 4, 6, 6, 2, 2, 8, 4, 2, 6, 2, 4, 2, 6, 8, 6, 4, 6, 2, 8, 6, 8, 8, 4, 2, 8, 4, 4, 8, 4, 6, 6]], 0.7862294912338257]
[[3, [8, 4, 4, 2, 8, 4, 4, 2, 8, 2, 8, 6, 8, 4, 6, 6, 6, 2, 2, 2, 2, 8, 4, 8, 2, 2, 8, 6, 8, 6, 6, 8, 2, 2, 8, 4, 2, 8, 2, 8, 8, 2, 8, 2, 8, 4, 8, 4, 4, 2, 6, 8]], 0.9387972354888916]
[[0, [4, 4, 4, 2, 2, 2, 8, 6, 6, 4, 8, 6, 8, 4, 8, 2, 4, 8, 2, 2, 2, 2, 6, 6, 2, 2, 8, 4, 2, 6, 2, 4, 2, 6, 6, 4, 2, 2, 2, 8, 6, 8, 6, 8, 2, 8, 4, 8, 8, 2, 8, 8]], 0.8225314021110535]
[[3, [6, 4, 4, 2, 8, 4, 8, 2, 8, 2, 4, 6, 4, 4, 6, 6, 6, 2, 2, 6, 8, 4, 4, 2, 2, 2, 8, 6, 8, 6, 6, 8, 4, 2, 8, 4, 4, 8, 2, 8, 8, 2, 8, 4, 8, 4, 8, 4, 4, 6, 6, 8]], 0.915844202041626]
[[13, [4, 4, 4, 2, 8, 2, 6, 6, 8, 6, 8, 8, 8, 2, 8, 6, 6, 6, 4, 2, 4, 2, 6, 4, 6, 6, 8, 6, 8, 4, 4, 4, 8, 2, 8, 8, 8, 8, 6, 8, 8, 4, 8, 8, 8, 4, 6, 4, 4, 2, 4, 8]], 0.9303470849990845]
[[4, [4, 4, 8, 2, 8, 2, 4, 6, 8, 2, 8, 2, 4, 4, 6, 6, 6, 4, 6, 2, 4, 2, 6, 2, 2, 2, 8, 8, 8, 2, 6, 2, 8, 2, 2, 4, 2, 8, 2, 8, 4, 2, 6, 6, 6, 8, 6, 4, 4, 2, 4, 8]], 0.8839704990386963]
[[3, [8, 4, 4, 2, 2, 4, 4, 2, 8, 2, 8, 2, 8, 4, 2, 6, 6, 4, 2, 2, 2, 8, 4, 8, 2, 2, 8, 6, 6, 6, 6, 8, 2, 2, 8, 4, 8, 8, 6, 4, 8, 2, 2, 2, 8, 8, 8, 6, 4, 2, 8, 8]], 0.8939005732536316]
[[3, [4, 8, 4, 2, 8, 8, 2, 2, 8, 2, 4, 8, 8, 4, 6, 6, 6, 2, 2, 2, 6, 2, 6, 6, 4, 2, 8, 4, 8, 6, 6, 4, 2, 2, 8, 4, 8, 6, 2, 8, 8, 2, 8, 2, 8, 8, 8, 4, 2, 2, 6, 4]], 0.9192778468132019]
[[5, [8, 4, 8, 2, 8, 4, 4, 2, 8, 2, 8, 6, 8, 4, 4, 8, 4, 2, 2, 8, 2, 2, 4, 8, 2, 8, 8, 2, 2, 6, 6, 8, 2, 2, 8, 2, 2, 2, 8, 8, 8, 8, 8, 2, 2, 8, 8, 4, 4, 2, 6, 2]], 0.9454292058944702]
[[3, [4, 4, 4, 2, 2, 2, 8, 8, 6, 2, 8, 6, 6, 4, 8, 2, 8, 8, 2, 2, 2, 2, 6, 6, 6, 2, 8, 4, 2, 6, 8, 2, 2, 6, 8, 6, 6, 6, 2, 8, 4, 8, 6, 6, 2, 2, 4, 8, 8, 2, 8, 8]], 0.9082109928131104]
[[5, [4, 6, 8, 2, 8, 4, 4, 2, 8, 2, 8, 6, 8, 4, 4, 8, 4, 2, 2, 8, 2, 6, 4, 8, 6, 8, 8, 2, 8, 6, 6, 6, 2, 2, 8, 2, 2, 2, 8, 8, 2, 8, 8, 2, 2, 8, 8, 4, 4, 2, 8, 2]], 0.926169753074646]
[[3, [4, 4, 8, 8, 8, 2, 8, 6, 6, 8, 8, 6, 8, 8, 8, 2, 4, 8, 2, 2, 6, 2, 6, 8, 2, 4, 8, 4, 2, 6, 6, 2, 6, 6, 8, 4, 6, 6, 2, 8, 8, 8, 8, 4, 8, 8, 4, 8, 6, 2, 8, 4]], 0.8221823573112488]
[[5, [8, 4, 8, 2, 2, 2, 6, 2, 8, 2, 8, 6, 8, 4, 4, 8, 4, 6, 2, 8, 8, 2, 4, 4, 2, 8, 8, 2, 6, 6, 2, 8, 2, 2, 8, 4, 2, 2, 8, 2, 8, 6, 8, 6, 2, 6, 4, 4, 4, 2, 4, 4]], 0.9236370325088501]
[[8, [4, 8, 2, 2, 2, 2, 8, 6, 8, 6, 8, 4, 8, 6, 6, 2, 6, 6, 2, 4, 6, 8, 2, 6, 6, 2, 8, 6, 4, 6, 2, 4, 8, 2, 4, 2, 8, 4, 2, 8, 8, 4, 4, 2, 2, 8, 8, 2, 4, 2, 6, 4]], 0.8983335494995117]
[[10, [4, 4, 4, 2, 8, 2, 4, 6, 8, 8, 8, 6, 8, 4, 6, 6, 6, 2, 2, 2, 4, 8, 4, 6, 2, 2, 8, 6, 8, 6, 6, 6, 2, 2, 4, 4, 8, 6, 2, 8, 4, 2, 6, 2, 8, 8, 8, 4, 4, 2, 6, 4]], 0.9072924852371216]
[[4, [2, 4, 4, 2, 2, 4, 8, 6, 6, 2, 2, 8, 8, 6, 8, 2, 2, 4, 6, 4, 2, 4, 4, 4, 8, 2, 4, 4, 6, 2, 2, 8, 2, 6, 8, 4, 6, 6, 2, 8, 6, 8, 8, 4, 4, 8, 4, 4, 8, 2, 8, 4]], 0.9120254516601562]
[[5, [8, 4, 8, 2, 8, 4, 4, 2, 8, 2, 8, 6, 8, 4, 4, 8, 2, 2, 2, 8, 2, 2, 4, 8, 4, 8, 6, 2, 2, 6, 8, 6, 2, 2, 8, 2, 8, 2, 8, 8, 8, 8, 8, 4, 6, 8, 8, 4, 4, 2, 6, 2]], 0.9394505023956299]
[[5, [8, 4, 8, 2, 6, 4, 4, 4, 8, 2, 8, 6, 8, 8, 4, 8, 6, 4, 4, 8, 6, 2, 6, 8, 6, 4, 8, 2, 2, 6, 8, 6, 2, 6, 8, 2, 8, 2, 8, 8, 4, 8, 8, 4, 6, 8, 8, 4, 4, 2, 6, 4]], 0.9271928668022156]
[[5, [4, 4, 6, 8, 4, 2, 4, 6, 8, 2, 8, 6, 8, 2, 8, 6, 6, 2, 2, 2, 6, 2, 6, 6, 2, 2, 8, 6, 8, 8, 4, 2, 2, 2, 8, 4, 8, 8, 2, 6, 8, 6, 8, 2, 8, 8, 6, 6, 4, 8, 6, 4]], 0.6880590319633484]
[[3, [4, 2, 4, 4, 2, 2, 8, 6, 6, 2, 8, 6, 8, 8, 8, 2, 4, 8, 2, 2, 2, 2, 6, 6, 2, 2, 8, 4, 2, 6, 2, 4, 6, 6, 8, 4, 6, 4, 2, 8, 6, 8, 8, 4, 2, 4, 4, 8, 8, 2, 8, 4]], 0.8199589252471924]
[[5, [2, 4, 8, 4, 8, 6, 4, 2, 8, 2, 2, 6, 8, 2, 4, 8, 4, 2, 2, 8, 2, 2, 4, 8, 4, 8, 6, 2, 8, 6, 2, 4, 2, 2, 2, 6, 8, 2, 8, 2, 8, 2, 8, 4, 2, 8, 6, 4, 2, 2, 6, 2]], 0.6076727509498596]
[[15, [8, 4, 8, 4, 8, 4, 4, 2, 8, 2, 8, 6, 8, 6, 6, 2, 2, 6, 2, 8, 2, 4, 4, 8, 4, 8, 6, 2, 2, 6, 6, 2, 2, 8, 8, 2, 8, 6, 8, 6, 8, 6, 8, 6, 2, 8, 8, 4, 8, 2, 6, 2]], 0.9500231742858887]
[[2, [8, 4, 8, 2, 8, 4, 4, 2, 6, 2, 8, 4, 8, 4, 6, 8, 4, 2, 2, 6, 2, 2, 4, 8, 2, 8, 8, 2, 2, 6, 6, 8, 2, 2, 8, 2, 2, 2, 2, 8, 8, 8, 8, 6, 2, 6, 8, 6, 4, 2, 6, 2]], 0.828570544719696]
[[5, [8, 2, 8, 2, 8, 6, 4, 4, 6, 6, 8, 6, 8, 8, 4, 8, 4, 2, 2, 8, 2, 2, 4, 8, 2, 8, 8, 2, 2, 6, 6, 8, 2, 4, 8, 2, 2, 6, 8, 4, 2, 8, 8, 2, 2, 4, 8, 4, 6, 8, 4, 2]], 0.9047121405601501]
[[12, [8, 2, 2, 2, 8, 4, 4, 8, 8, 2, 8, 6, 8, 4, 4, 8, 4, 2, 2, 8, 2, 8, 4, 8, 2, 2, 8, 2, 2, 6, 6, 6, 2, 2, 8, 8, 2, 2, 8, 8, 8, 6, 8, 4, 2, 8, 8, 2, 4, 2, 6, 2]], 0.9106606245040894]
[[15, [8, 4, 4, 2, 8, 4, 4, 2, 6, 8, 2, 6, 8, 8, 8, 6, 6, 2, 2, 2, 2, 8, 2, 8, 2, 2, 8, 6, 8, 6, 6, 8, 2, 2, 8, 4, 2, 8, 2, 8, 8, 2, 8, 6, 8, 8, 4, 2, 4, 4, 6, 6]], 0.91031813621521]
[[3, [4, 6, 4, 2, 8, 4, 4, 6, 8, 2, 8, 6, 8, 4, 4, 8, 6, 2, 2, 2, 8, 2, 6, 6, 2, 2, 8, 6, 8, 6, 6, 4, 2, 2, 4, 4, 2, 6, 2, 8, 8, 4, 6, 4, 8, 8, 2, 8, 4, 8, 6, 2]], 0.9210529327392578]
[[6, [8, 4, 4, 2, 6, 4, 4, 4, 4, 2, 4, 6, 8, 4, 4, 8, 2, 2, 2, 6, 2, 2, 4, 6, 4, 6, 4, 2, 2, 6, 8, 6, 8, 6, 8, 2, 8, 2, 8, 8, 8, 6, 8, 4, 6, 8, 8, 6, 4, 2, 6, 2]], 0.9336093664169312]
[[5, [4, 4, 8, 2, 8, 4, 6, 2, 8, 2, 8, 6, 8, 4, 4, 8, 4, 4, 2, 8, 2, 2, 4, 8, 4, 8, 8, 4, 2, 6, 8, 8, 2, 2, 4, 2, 8, 2, 8, 2, 8, 4, 8, 2, 2, 8, 8, 4, 4, 8, 6, 8]], 0.9299644231796265]
[[13, [8, 4, 6, 2, 2, 4, 8, 6, 2, 2, 6, 6, 2, 4, 4, 8, 2, 2, 2, 4, 4, 6, 4, 8, 4, 8, 6, 6, 2, 6, 8, 6, 2, 2, 8, 2, 8, 2, 8, 8, 6, 8, 8, 4, 6, 8, 8, 4, 2, 4, 6, 2]], 0.9104928970336914]
[[15, [8, 2, 8, 2, 8, 4, 4, 2, 8, 2, 8, 6, 8, 4, 2, 6, 4, 2, 2, 4, 4, 8, 4, 8, 6, 6, 8, 2, 2, 6, 6, 8, 4, 4, 8, 2, 2, 6, 8, 8, 8, 8, 8, 4, 2, 8, 8, 4, 4, 6, 6, 2]], 0.953016996383667]
[[6, [8, 4, 8, 2, 8, 6, 4, 2, 8, 2, 4, 6, 8, 2, 4, 8, 4, 2, 4, 8, 2, 2, 8, 8, 2, 8, 8, 2, 2, 8, 6, 8, 2, 2, 8, 2, 2, 2, 8, 8, 8, 4, 8, 2, 2, 2, 8, 2, 4, 2, 6, 2]], 0.9055101275444031]
[[3, [4, 4, 4, 2, 4, 2, 8, 6, 6, 2, 2, 6, 8, 4, 8, 8, 4, 2, 2, 2, 2, 2, 6, 6, 2, 8, 8, 4, 2, 4, 8, 4, 2, 2, 4, 4, 8, 6, 2, 8, 4, 4, 6, 4, 2, 8, 4, 8, 8, 6, 8, 8]], 0.8882245421409607]
[[3, [8, 4, 6, 2, 8, 8, 4, 8, 2, 2, 8, 6, 4, 4, 4, 6, 6, 2, 2, 8, 6, 8, 6, 6, 2, 2, 8, 6, 2, 6, 8, 4, 2, 2, 8, 4, 8, 2, 2, 8, 8, 4, 8, 2, 8, 6, 2, 6, 4, 2, 6, 4]], 0.9362093806266785]
[[10, [6, 2, 2, 2, 8, 4, 2, 4, 8, 2, 8, 8, 8, 4, 4, 6, 4, 2, 2, 8, 2, 2, 4, 8, 2, 8, 8, 2, 2, 8, 6, 2, 2, 2, 8, 6, 4, 2, 6, 8, 8, 8, 8, 2, 2, 8, 4, 4, 4, 2, 6, 2]], 0.885375440120697]
[[0, [8, 4, 8, 2, 4, 2, 6, 2, 2, 2, 8, 6, 8, 4, 4, 8, 4, 2, 2, 6, 4, 2, 4, 8, 2, 8, 6, 2, 2, 6, 6, 8, 2, 2, 8, 2, 2, 2, 8, 8, 8, 8, 6, 6, 2, 6, 6, 4, 4, 2, 6, 2]], 0.8219899535179138]
[[5, [8, 4, 8, 2, 6, 4, 4, 6, 6, 6, 8, 6, 8, 4, 4, 8, 6, 2, 2, 2, 2, 4, 4, 8, 4, 4, 6, 2, 2, 6, 8, 6, 2, 2, 8, 2, 8, 2, 8, 6, 8, 8, 2, 4, 6, 8, 8, 8, 4, 2, 6, 2]], 0.9208072423934937]
[[12, [8, 2, 8, 2, 4, 4, 4, 2, 8, 2, 8, 6, 8, 4, 2, 4, 2, 4, 2, 8, 2, 2, 4, 6, 4, 8, 6, 6, 2, 6, 8, 6, 2, 2, 8, 2, 8, 2, 8, 8, 8, 8, 8, 2, 6, 6, 4, 4, 4, 2, 6, 2]], 0.8939949870109558]
[[5, [8, 4, 8, 8, 8, 4, 4, 2, 8, 6, 2, 6, 8, 4, 4, 8, 4, 2, 2, 4, 6, 4, 4, 8, 2, 8, 8, 2, 2, 6, 6, 8, 2, 2, 8, 2, 4, 2, 8, 8, 8, 8, 8, 6, 2, 8, 2, 4, 4, 6, 6, 2]], 0.8269857168197632]
[[2, [8, 4, 8, 2, 8, 8, 4, 2, 6, 2, 8, 6, 6, 4, 4, 2, 4, 2, 2, 8, 2, 8, 4, 6, 2, 8, 8, 2, 2, 8, 4, 8, 2, 2, 8, 2, 2, 2, 8, 8, 8, 8, 8, 2, 2, 8, 4, 6, 4, 8, 6, 2]], 0.8309532999992371]
[[9, [4, 8, 4, 2, 8, 4, 4, 2, 6, 2, 8, 6, 8, 4, 2, 2, 8, 2, 6, 8, 2, 2, 6, 2, 8, 8, 8, 2, 2, 2, 6, 8, 2, 2, 6, 2, 2, 4, 8, 8, 8, 6, 8, 2, 2, 8, 8, 4, 4, 2, 6, 2]], 0.8918968439102173]
[[3, [8, 4, 8, 2, 6, 8, 8, 2, 8, 2, 2, 6, 8, 4, 4, 8, 4, 2, 2, 8, 2, 2, 4, 6, 2, 4, 2, 8, 6, 8, 6, 8, 4, 2, 8, 6, 2, 4, 8, 8, 6, 8, 8, 6, 8, 8, 8, 4, 4, 2, 6, 2]], 0.8673216104507446]
[[3, [6, 4, 4, 8, 8, 2, 4, 2, 8, 6, 6, 6, 8, 4, 6, 6, 8, 2, 2, 2, 8, 8, 6, 4, 4, 4, 2, 2, 2, 6, 6, 8, 2, 2, 8, 4, 2, 8, 2, 8, 8, 2, 2, 2, 8, 4, 6, 4, 4, 2, 6, 4]], 0.7724554538726807]
[[13, [8, 6, 6, 8, 8, 4, 4, 8, 8, 2, 4, 6, 8, 4, 4, 8, 4, 6, 8, 2, 2, 8, 6, 8, 2, 8, 2, 2, 2, 2, 4, 6, 4, 2, 2, 4, 2, 2, 8, 6, 8, 8, 8, 4, 4, 8, 2, 4, 4, 2, 2, 8]], 0.7964956164360046]
[[5, [6, 8, 8, 8, 8, 4, 2, 6, 8, 2, 8, 6, 8, 4, 4, 8, 4, 6, 2, 8, 2, 2, 4, 8, 6, 8, 8, 2, 2, 6, 6, 8, 8, 2, 8, 2, 2, 6, 8, 8, 8, 8, 8, 2, 2, 4, 8, 4, 4, 2, 6, 2]], 0.8125675916671753]
[[3, [4, 8, 4, 2, 8, 2, 4, 6, 8, 4, 6, 6, 8, 6, 8, 6, 6, 2, 2, 4, 6, 2, 8, 4, 2, 2, 8, 6, 2, 6, 6, 2, 2, 2, 8, 4, 6, 8, 2, 8, 2, 2, 2, 2, 8, 8, 8, 4, 4, 2, 6, 4]], 0.909934401512146]
[[5, [8, 4, 8, 2, 8, 4, 2, 2, 6, 8, 8, 6, 8, 4, 6, 8, 4, 2, 8, 8, 2, 4, 4, 8, 2, 8, 8, 2, 2, 2, 6, 8, 2, 6, 8, 2, 2, 2, 8, 8, 4, 8, 8, 2, 8, 8, 8, 8, 4, 2, 4, 2]], 0.9188734889030457]
[[4, [4, 4, 4, 4, 2, 4, 4, 8, 8, 8, 8, 6, 8, 4, 6, 6, 6, 4, 6, 4, 4, 2, 6, 4, 2, 2, 8, 6, 2, 6, 6, 4, 8, 2, 2, 6, 8, 8, 2, 8, 8, 2, 8, 6, 6, 8, 6, 4, 4, 2, 2, 8]], 0.829825758934021]
[[3, [6, 4, 4, 4, 8, 2, 4, 6, 8, 2, 8, 6, 8, 4, 6, 2, 6, 2, 2, 2, 6, 8, 6, 6, 2, 2, 8, 6, 8, 6, 8, 2, 2, 2, 8, 4, 8, 6, 2, 8, 8, 2, 8, 2, 8, 8, 8, 2, 4, 2, 6, 4]], 0.8035184741020203]
[[14, [8, 4, 8, 2, 2, 4, 4, 6, 8, 2, 8, 6, 6, 4, 4, 8, 4, 6, 2, 6, 2, 2, 6, 8, 2, 8, 8, 2, 4, 8, 6, 6, 2, 2, 8, 2, 2, 2, 8, 8, 8, 6, 8, 8, 2, 8, 8, 2, 8, 2, 2, 2]], 0.9279589653015137]
[[13, [6, 4, 8, 2, 8, 4, 4, 4, 8, 2, 8, 6, 2, 4, 4, 8, 4, 2, 2, 8, 4, 2, 4, 4, 2, 8, 2, 2, 2, 6, 6, 6, 2, 8, 8, 2, 2, 6, 6, 8, 8, 8, 8, 2, 2, 8, 2, 4, 4, 2, 6, 2]], 0.965681254863739]
[[14, [8, 4, 4, 2, 8, 8, 6, 2, 8, 2, 8, 6, 4, 4, 6, 6, 4, 8, 2, 2, 2, 2, 4, 8, 4, 8, 8, 2, 2, 6, 6, 8, 2, 8, 6, 8, 2, 2, 4, 8, 8, 8, 8, 2, 2, 4, 8, 2, 4, 2, 2, 2]], 0.9272522330284119]
[[3, [6, 4, 8, 2, 4, 4, 4, 2, 8, 2, 6, 6, 8, 4, 4, 8, 8, 2, 8, 8, 4, 8, 4, 2, 2, 8, 2, 2, 2, 6, 6, 8, 2, 2, 8, 8, 2, 6, 4, 4, 8, 8, 8, 2, 2, 8, 8, 4, 4, 8, 6, 2]], 0.9300023913383484]
[[14, [4, 4, 8, 2, 8, 6, 4, 2, 8, 2, 6, 4, 8, 4, 6, 8, 4, 2, 2, 2, 4, 2, 4, 8, 2, 8, 8, 2, 2, 6, 6, 6, 2, 8, 8, 2, 2, 8, 8, 6, 8, 8, 4, 2, 2, 2, 2, 4, 4, 2, 6, 8]], 0.9690470695495605]
[[5, [8, 8, 6, 2, 8, 6, 4, 2, 8, 2, 8, 8, 8, 8, 4, 8, 4, 2, 2, 8, 2, 2, 8, 8, 2, 8, 8, 6, 2, 6, 4, 8, 4, 2, 8, 2, 2, 2, 8, 8, 8, 8, 8, 2, 2, 8, 8, 4, 8, 4, 4, 6]], 0.9211153984069824]
[[2, [8, 4, 8, 2, 8, 6, 4, 4, 8, 2, 8, 6, 6, 4, 4, 8, 4, 2, 2, 8, 2, 2, 4, 8, 2, 8, 8, 2, 6, 8, 6, 8, 2, 2, 8, 8, 6, 2, 8, 8, 8, 8, 8, 2, 2, 8, 8, 4, 6, 2, 6, 2]], 0.8295434713363647]
[[8, [4, 4, 4, 2, 8, 2, 4, 2, 6, 2, 4, 6, 2, 2, 4, 6, 8, 2, 2, 2, 6, 2, 6, 6, 4, 2, 8, 6, 8, 6, 6, 4, 2, 8, 4, 4, 8, 6, 2, 8, 8, 2, 8, 8, 8, 8, 8, 4, 4, 2, 6, 4]], 0.8840048313140869]
[[5, [8, 4, 8, 2, 8, 2, 2, 4, 2, 2, 8, 6, 8, 4, 4, 8, 4, 8, 2, 4, 6, 2, 4, 8, 6, 8, 8, 4, 2, 2, 2, 8, 2, 2, 6, 2, 2, 4, 8, 8, 8, 4, 6, 2, 6, 2, 4, 4, 6, 2, 6, 6]], 0.9088575839996338]
[[3, [4, 6, 4, 6, 8, 2, 4, 6, 8, 2, 8, 6, 8, 6, 6, 6, 6, 2, 6, 2, 6, 2, 6, 6, 2, 2, 8, 6, 8, 4, 6, 8, 2, 2, 8, 4, 8, 4, 2, 8, 8, 4, 8, 2, 8, 8, 2, 4, 2, 2, 6, 4]], 0.8058227300643921]
[[9, [8, 4, 8, 4, 8, 4, 4, 2, 8, 6, 6, 6, 8, 4, 4, 8, 4, 2, 8, 8, 2, 2, 4, 2, 8, 8, 8, 2, 2, 6, 6, 8, 4, 2, 8, 2, 6, 6, 6, 8, 2, 8, 8, 2, 6, 8, 8, 4, 2, 2, 6, 4]], 0.8367189764976501]
[[1, [8, 4, 8, 6, 8, 4, 4, 2, 8, 8, 8, 6, 8, 2, 4, 6, 8, 2, 2, 8, 6, 8, 4, 8, 2, 8, 2, 2, 2, 6, 6, 8, 2, 2, 8, 8, 2, 6, 8, 8, 8, 8, 8, 2, 2, 4, 8, 4, 4, 2, 4, 2]], 0.8064207434654236]
[[5, [8, 4, 4, 2, 2, 4, 8, 2, 2, 2, 8, 6, 8, 4, 2, 8, 4, 2, 2, 6, 6, 6, 4, 8, 2, 4, 6, 2, 2, 8, 6, 6, 2, 2, 6, 6, 8, 2, 8, 8, 2, 8, 8, 2, 2, 8, 8, 4, 4, 2, 6, 2]], 0.9154247045516968]
[[10, [4, 4, 4, 4, 2, 2, 6, 6, 6, 2, 2, 2, 8, 4, 8, 8, 8, 2, 2, 2, 6, 2, 8, 8, 2, 2, 8, 4, 8, 2, 2, 4, 8, 6, 2, 6, 6, 6, 2, 8, 6, 8, 6, 4, 2, 8, 4, 8, 8, 2, 2, 4]], 0.8177317976951599]
[[5, [2, 4, 8, 2, 8, 4, 8, 8, 8, 2, 8, 6, 8, 4, 4, 2, 4, 2, 8, 8, 2, 8, 4, 8, 8, 8, 8, 2, 2, 6, 6, 8, 2, 2, 8, 2, 2, 4, 8, 4, 2, 8, 8, 2, 2, 2, 6, 6, 4, 4, 6, 2]], 0.9163678884506226]
[[5, [8, 8, 8, 2, 8, 4, 4, 2, 8, 8, 2, 6, 8, 4, 4, 8, 4, 2, 2, 2, 2, 2, 4, 8, 2, 8, 8, 2, 2, 6, 6, 8, 2, 2, 4, 2, 2, 2, 4, 8, 8, 8, 8, 2, 2, 8, 8, 4, 8, 2, 6, 8]], 0.9141468405723572]
[[14, [4, 4, 4, 2, 8, 8, 6, 6, 6, 2, 8, 6, 8, 4, 4, 6, 6, 2, 4, 2, 6, 6, 4, 6, 2, 8, 8, 6, 8, 8, 6, 4, 6, 2, 8, 4, 8, 6, 4, 8, 8, 6, 8, 2, 8, 8, 6, 2, 4, 2, 6, 4]], 0.9208182096481323]
[[5, [6, 4, 8, 2, 8, 4, 4, 2, 2, 6, 8, 2, 8, 4, 2, 8, 4, 2, 2, 8, 2, 6, 4, 8, 2, 4, 8, 2, 2, 6, 6, 8, 2, 8, 8, 8, 2, 4, 4, 8, 8, 6, 8, 2, 8, 6, 6, 4, 4, 2, 8, 2]], 0.8875624537467957]
[[5, [8, 6, 4, 2, 8, 8, 4, 2, 8, 2, 8, 6, 8, 4, 4, 8, 4, 4, 2, 6, 8, 2, 4, 8, 4, 8, 8, 2, 6, 6, 6, 8, 4, 2, 8, 2, 2, 2, 8, 2, 8, 8, 8, 2, 2, 8, 4, 6, 4, 2, 6, 2]], 0.9364721179008484]
[[11, [4, 4, 4, 2, 8, 2, 4, 6, 2, 2, 8, 2, 8, 4, 4, 6, 6, 2, 8, 2, 6, 2, 4, 6, 2, 2, 8, 6, 8, 6, 6, 4, 2, 2, 6, 4, 8, 6, 2, 8, 8, 2, 2, 6, 8, 4, 8, 6, 4, 2, 6, 4]], 0.9264256954193115]
[[15, [8, 4, 8, 2, 8, 4, 8, 4, 8, 2, 8, 6, 4, 2, 4, 8, 4, 2, 2, 8, 2, 2, 4, 4, 2, 8, 4, 6, 2, 6, 6, 8, 2, 2, 8, 2, 2, 8, 8, 4, 2, 8, 8, 2, 6, 8, 8, 6, 4, 8, 6, 2]], 0.9348050951957703]
[[3, [4, 4, 4, 2, 2, 2, 2, 6, 6, 2, 8, 6, 8, 6, 8, 2, 4, 8, 2, 2, 2, 2, 6, 6, 2, 2, 8, 4, 2, 6, 4, 4, 2, 6, 8, 4, 6, 6, 2, 8, 6, 8, 6, 4, 8, 8, 8, 8, 6, 2, 8, 4]], 0.9171032309532166]
[[8, [6, 4, 4, 2, 2, 2, 4, 6, 8, 2, 8, 6, 8, 4, 6, 6, 6, 2, 2, 4, 6, 2, 6, 6, 2, 4, 8, 6, 8, 4, 6, 4, 2, 4, 8, 4, 8, 2, 2, 6, 8, 2, 8, 6, 8, 8, 4, 6, 4, 2, 6, 4]], 0.8529826998710632]
[[1, [8, 4, 4, 2, 8, 4, 4, 2, 8, 2, 2, 6, 8, 8, 4, 8, 4, 2, 2, 6, 2, 8, 4, 8, 2, 8, 8, 2, 2, 4, 4, 8, 2, 2, 6, 2, 2, 2, 8, 8, 2, 8, 8, 2, 2, 8, 8, 4, 4, 2, 6, 2]], 0.8255324363708496]
[[5, [8, 4, 8, 4, 2, 4, 8, 2, 6, 2, 8, 6, 8, 4, 4, 8, 4, 2, 2, 8, 2, 2, 4, 8, 2, 8, 2, 2, 2, 6, 6, 8, 2, 4, 8, 2, 4, 2, 8, 8, 8, 4, 8, 8, 4, 8, 8, 8, 2, 2, 6, 2]], 0.8136584162712097]
[[6, [6, 4, 8, 2, 8, 6, 4, 2, 8, 2, 8, 6, 8, 6, 4, 8, 4, 6, 2, 8, 2, 2, 4, 8, 2, 8, 8, 2, 2, 6, 6, 4, 2, 2, 8, 8, 2, 6, 6, 4, 8, 8, 8, 2, 2, 2, 8, 4, 4, 2, 6, 2]], 0.9151918888092041]
[[8, [8, 4, 2, 4, 8, 2, 4, 2, 8, 2, 8, 6, 6, 4, 2, 4, 4, 2, 2, 8, 2, 2, 4, 8, 2, 8, 6, 4, 4, 4, 6, 8, 6, 2, 6, 2, 2, 2, 8, 8, 4, 8, 8, 4, 2, 8, 4, 4, 4, 2, 6, 2]], 0.8151885867118835]
[[6, [8, 4, 8, 2, 8, 4, 4, 2, 2, 2, 8, 6, 8, 6, 4, 8, 4, 2, 2, 6, 8, 2, 4, 8, 2, 8, 8, 2, 2, 6, 6, 2, 2, 2, 8, 2, 2, 2, 4, 8, 8, 2, 8, 6, 6, 2, 8, 4, 4, 2, 6, 2]], 0.9176025390625]
[[5, [8, 4, 8, 2, 8, 6, 4, 4, 8, 8, 8, 6, 8, 4, 4, 8, 4, 8, 2, 8, 6, 2, 4, 8, 6, 8, 8, 4, 4, 6, 2, 8, 2, 2, 8, 2, 2, 2, 8, 4, 6, 6, 8, 2, 2, 8, 8, 4, 4, 2, 8, 2]], 0.9133689403533936]
[[12, [4, 4, 8, 2, 4, 6, 4, 2, 8, 4, 8, 6, 8, 4, 4, 8, 4, 2, 2, 8, 2, 2, 4, 8, 2, 8, 8, 6, 2, 6, 6, 8, 8, 2, 8, 2, 2, 2, 8, 8, 4, 8, 4, 4, 2, 8, 8, 2, 4, 2, 6, 2]], 0.900185763835907]
[[7, [8, 4, 8, 2, 8, 4, 4, 2, 8, 2, 8, 2, 8, 4, 4, 8, 2, 2, 4, 8, 2, 2, 4, 8, 4, 8, 6, 8, 8, 2, 8, 6, 2, 4, 4, 2, 8, 4, 8, 2, 8, 8, 8, 4, 4, 8, 8, 4, 4, 2, 2, 2]], 0.8319825530052185]
[[9, [8, 4, 8, 2, 6, 4, 4, 2, 8, 2, 8, 6, 8, 4, 4, 8, 4, 4, 4, 8, 2, 8, 4, 8, 6, 8, 8, 2, 2, 6, 6, 8, 4, 2, 8, 2, 2, 6, 4, 8, 8, 8, 2, 2, 4, 8, 8, 4, 8, 2, 2, 2]], 0.8905121088027954]
[[5, [8, 4, 8, 2, 4, 2, 4, 2, 8, 2, 6, 6, 8, 4, 6, 8, 2, 2, 2, 8, 2, 8, 8, 4, 4, 6, 6, 8, 2, 6, 8, 6, 2, 8, 8, 2, 8, 2, 8, 8, 8, 2, 8, 4, 8, 8, 8, 2, 8, 8, 6, 2]], 0.9311745166778564]
[[1, [2, 4, 4, 2, 8, 2, 4, 6, 4, 2, 8, 6, 8, 4, 6, 6, 6, 2, 4, 2, 6, 2, 6, 6, 2, 4, 8, 6, 4, 6, 6, 4, 2, 2, 8, 4, 8, 6, 2, 8, 8, 8, 8, 2, 8, 8, 8, 4, 4, 2, 6, 2]], 0.8225980997085571]
[[5, [4, 4, 4, 4, 2, 8, 8, 6, 6, 2, 8, 6, 8, 6, 8, 2, 4, 8, 2, 2, 2, 2, 6, 6, 2, 2, 4, 4, 4, 8, 6, 2, 2, 6, 6, 4, 6, 6, 2, 8, 6, 8, 6, 4, 8, 8, 4, 8, 8, 2, 8, 2]], 0.8422116041183472]
[[5, [8, 4, 4, 2, 8, 8, 4, 2, 8, 2, 8, 4, 2, 4, 4, 8, 4, 2, 6, 4, 6, 2, 4, 8, 2, 8, 8, 2, 2, 6, 4, 8, 6, 2, 8, 2, 2, 4, 8, 6, 8, 8, 8, 2, 8, 6, 8, 4, 2, 4, 6, 2]], 0.9203028678894043]
[[8, [4, 4, 8, 4, 8, 2, 4, 6, 2, 2, 8, 6, 8, 4, 6, 6, 6, 2, 2, 8, 6, 4, 6, 6, 2, 2, 8, 8, 8, 6, 8, 4, 2, 2, 6, 4, 6, 6, 2, 6, 8, 2, 8, 2, 8, 8, 8, 4, 4, 4, 6, 8]], 0.8053926229476929]
[[3, [4, 4, 4, 2, 8, 2, 4, 6, 8, 2, 4, 6, 8, 2, 6, 2, 6, 2, 2, 2, 4, 2, 6, 6, 2, 2, 8, 6, 4, 6, 6, 4, 2, 8, 6, 4, 8, 6, 2, 8, 8, 2, 8, 2, 8, 8, 4, 2, 4, 8, 6, 4]], 0.8942947387695312]
[[3, [4, 4, 4, 2, 8, 2, 4, 6, 6, 2, 8, 2, 2, 4, 6, 6, 6, 6, 2, 8, 6, 2, 4, 6, 2, 8, 8, 6, 8, 6, 6, 2, 2, 2, 8, 4, 8, 6, 6, 8, 8, 2, 8, 2, 8, 8, 8, 4, 2, 2, 6, 4]], 0.8948256373405457]
[[3, [4, 6, 4, 2, 2, 2, 4, 2, 8, 2, 2, 6, 6, 4, 2, 6, 6, 2, 8, 2, 2, 2, 6, 6, 2, 2, 8, 6, 8, 6, 8, 4, 2, 2, 8, 4, 2, 6, 2, 2, 8, 2, 4, 2, 8, 6, 8, 4, 8, 4, 2, 4]], 0.8887411952018738]
[[13, [8, 4, 4, 2, 8, 2, 4, 6, 6, 2, 8, 6, 8, 4, 6, 4, 8, 2, 2, 2, 6, 2, 6, 6, 4, 2, 8, 6, 8, 2, 6, 4, 2, 2, 8, 4, 8, 6, 2, 8, 8, 2, 8, 8, 8, 8, 8, 4, 4, 2, 6, 4]], 0.9290064573287964]
[[15, [8, 4, 8, 2, 8, 4, 4, 2, 8, 2, 8, 6, 8, 4, 4, 8, 4, 2, 2, 8, 6, 2, 8, 8, 8, 8, 8, 2, 2, 6, 6, 8, 2, 2, 8, 2, 4, 2, 8, 8, 8, 8, 8, 2, 2, 4, 8, 4, 4, 2, 6, 2]], 0.9282836318016052]
[[11, [8, 4, 8, 2, 8, 4, 4, 2, 8, 2, 8, 8, 8, 4, 2, 8, 6, 8, 4, 2, 2, 2, 4, 8, 2, 8, 8, 8, 2, 6, 6, 8, 2, 6, 2, 2, 2, 2, 8, 8, 8, 8, 8, 2, 2, 8, 8, 4, 4, 2, 6, 2]], 0.8619790077209473]
[[3, [6, 8, 4, 2, 8, 2, 8, 6, 8, 2, 8, 2, 8, 4, 6, 6, 6, 6, 2, 2, 6, 2, 6, 6, 2, 2, 8, 6, 8, 6, 6, 4, 2, 8, 8, 4, 8, 8, 2, 8, 8, 2, 8, 2, 8, 8, 4, 2, 8, 2, 4, 4]], 0.8928556442260742]
[[4, [4, 4, 4, 2, 8, 2, 4, 2, 8, 2, 8, 6, 8, 4, 6, 6, 6, 2, 2, 2, 4, 2, 6, 6, 2, 4, 8, 6, 4, 4, 6, 4, 8, 2, 8, 2, 8, 6, 2, 2, 8, 2, 8, 2, 8, 8, 8, 4, 4, 8, 6, 6]], 0.9297691583633423]
[[2, [4, 4, 6, 2, 8, 2, 4, 6, 8, 2, 8, 6, 8, 4, 6, 6, 8, 2, 2, 2, 6, 2, 6, 6, 2, 2, 4, 2, 8, 2, 6, 4, 2, 2, 8, 4, 8, 4, 4, 6, 8, 2, 8, 2, 8, 4, 8, 4, 4, 6, 6, 4]], 0.8321658968925476]
[[3, [4, 8, 4, 2, 2, 2, 4, 6, 2, 2, 4, 6, 8, 6, 8, 2, 8, 8, 4, 2, 8, 2, 6, 6, 2, 2, 8, 4, 2, 2, 2, 4, 2, 4, 8, 4, 2, 6, 6, 8, 2, 8, 6, 4, 2, 8, 4, 8, 8, 2, 8, 8]], 0.9207987785339355]
[[5, [8, 4, 8, 2, 8, 8, 8, 8, 8, 2, 8, 6, 8, 2, 4, 8, 4, 4, 2, 8, 2, 2, 4, 8, 8, 4, 8, 4, 6, 2, 4, 8, 2, 4, 8, 2, 2, 6, 8, 8, 8, 8, 8, 2, 2, 8, 8, 6, 4, 8, 6, 8]], 0.8956718444824219]
[[15, [2, 4, 8, 2, 2, 2, 8, 6, 8, 2, 6, 4, 8, 6, 6, 2, 6, 8, 2, 2, 6, 2, 6, 6, 2, 2, 4, 6, 4, 6, 6, 2, 4, 4, 8, 4, 8, 2, 2, 6, 8, 4, 6, 2, 6, 8, 8, 2, 4, 2, 6, 4]], 0.9381090402603149]
[[5, [8, 4, 8, 2, 8, 6, 4, 6, 8, 2, 8, 4, 8, 6, 4, 8, 4, 2, 6, 8, 2, 2, 2, 8, 2, 4, 8, 2, 2, 6, 6, 4, 2, 2, 8, 2, 2, 2, 8, 8, 8, 8, 8, 2, 2, 8, 8, 4, 4, 8, 6, 2]], 0.9286138415336609]
[[5, [8, 4, 2, 2, 2, 6, 4, 2, 8, 2, 8, 4, 8, 4, 8, 8, 2, 6, 2, 8, 2, 2, 8, 6, 4, 8, 6, 8, 2, 6, 8, 6, 6, 2, 8, 2, 8, 2, 8, 8, 8, 8, 8, 4, 6, 8, 6, 4, 4, 8, 8, 2]], 0.8937085866928101]
[[9, [4, 4, 6, 2, 6, 4, 4, 8, 8, 4, 8, 6, 6, 6, 2, 8, 4, 4, 2, 8, 2, 2, 4, 8, 2, 8, 8, 2, 4, 6, 6, 8, 2, 2, 8, 2, 2, 2, 8, 8, 6, 8, 8, 2, 4, 4, 8, 4, 4, 2, 6, 2]], 0.899218738079071]
[[15, [8, 4, 8, 2, 8, 4, 4, 2, 8, 2, 2, 6, 8, 4, 4, 8, 4, 2, 2, 8, 6, 2, 4, 8, 4, 8, 8, 2, 2, 6, 6, 2, 2, 6, 8, 2, 2, 2, 8, 2, 2, 8, 8, 2, 2, 8, 8, 4, 4, 8, 6, 8]], 0.8887454271316528]
[[5, [8, 4, 8, 2, 8, 4, 4, 2, 8, 2, 8, 6, 8, 4, 4, 4, 4, 2, 2, 8, 8, 2, 4, 8, 2, 8, 8, 6, 8, 6, 6, 8, 6, 2, 8, 2, 6, 2, 8, 8, 8, 4, 8, 2, 4, 6, 6, 4, 4, 2, 6, 2]], 0.93947833776474]
[[5, [8, 4, 8, 2, 8, 4, 4, 2, 8, 2, 8, 6, 8, 8, 4, 6, 2, 2, 2, 8, 4, 2, 4, 8, 6, 8, 8, 6, 6, 4, 6, 8, 2, 2, 8, 2, 6, 4, 2, 8, 8, 8, 8, 2, 4, 6, 6, 4, 4, 2, 6, 6]], 0.9218896627426147]
[[7, [4, 4, 8, 4, 2, 2, 4, 8, 8, 2, 8, 6, 8, 8, 2, 8, 4, 6, 2, 8, 2, 2, 4, 8, 2, 8, 8, 2, 2, 6, 4, 8, 6, 2, 8, 8, 2, 2, 8, 8, 8, 6, 4, 2, 2, 8, 8, 8, 4, 2, 6, 2]], 0.7947944402694702]
[[12, [8, 8, 8, 8, 6, 4, 2, 2, 8, 2, 8, 6, 8, 4, 6, 4, 4, 2, 2, 8, 2, 2, 4, 8, 2, 8, 8, 6, 8, 6, 4, 4, 6, 2, 8, 4, 8, 6, 8, 8, 8, 4, 8, 2, 4, 6, 6, 4, 4, 2, 2, 2]], 0.8797323107719421]
[[11, [4, 8, 4, 2, 8, 2, 4, 6, 8, 2, 8, 6, 8, 4, 6, 6, 6, 2, 2, 2, 6, 2, 4, 6, 2, 2, 8, 6, 6, 6, 6, 4, 2, 2, 8, 4, 8, 6, 2, 8, 8, 2, 8, 8, 8, 6, 8, 4, 4, 4, 6, 4]], 0.908039927482605]
[[5, [8, 4, 8, 6, 8, 4, 4, 6, 8, 2, 8, 6, 8, 8, 4, 8, 4, 2, 2, 8, 8, 6, 4, 2, 2, 8, 4, 8, 2, 4, 6, 8, 2, 8, 8, 4, 2, 2, 8, 8, 8, 8, 8, 2, 2, 6, 2, 8, 4, 6, 6, 6]], 0.8322027921676636]
[[3, [4, 4, 4, 2, 2, 2, 4, 6, 8, 8, 8, 6, 4, 4, 6, 2, 6, 2, 2, 2, 4, 4, 2, 6, 6, 2, 8, 6, 8, 6, 8, 6, 6, 2, 8, 4, 8, 6, 2, 8, 4, 2, 8, 2, 8, 6, 8, 4, 4, 2, 6, 6]], 0.918998122215271]
[[6, [8, 4, 8, 8, 8, 4, 4, 2, 8, 2, 8, 6, 8, 4, 4, 4, 8, 6, 8, 8, 4, 2, 6, 8, 2, 8, 8, 2, 8, 6, 4, 2, 6, 2, 8, 2, 6, 2, 2, 2, 8, 8, 8, 2, 4, 6, 4, 4, 4, 2, 2, 2]], 0.8175500631332397]
[[5, [8, 4, 8, 8, 4, 8, 4, 4, 8, 2, 8, 6, 8, 4, 2, 8, 4, 2, 2, 8, 2, 2, 6, 8, 2, 8, 8, 2, 8, 2, 6, 2, 6, 6, 2, 2, 2, 2, 8, 2, 8, 8, 8, 4, 2, 8, 8, 4, 4, 2, 6, 2]], 0.7985231876373291]
[[5, [8, 4, 2, 4, 8, 4, 4, 6, 8, 2, 8, 6, 8, 4, 4, 4, 4, 2, 2, 8, 8, 6, 4, 2, 2, 2, 8, 6, 8, 6, 6, 8, 4, 4, 8, 2, 6, 2, 8, 4, 2, 2, 8, 2, 4, 6, 6, 4, 6, 4, 6, 6]], 0.8272067308425903]
[[6, [4, 4, 8, 2, 8, 2, 4, 6, 8, 2, 8, 6, 8, 4, 6, 2, 6, 2, 2, 2, 6, 2, 6, 6, 6, 2, 8, 4, 4, 6, 8, 6, 2, 8, 8, 2, 8, 6, 2, 8, 8, 8, 2, 8, 6, 8, 8, 4, 4, 6, 6, 4]], 0.8984166979789734]
[[8, [4, 4, 4, 2, 4, 2, 4, 6, 8, 2, 8, 6, 8, 2, 8, 6, 4, 2, 2, 2, 6, 6, 6, 6, 4, 4, 8, 6, 2, 8, 6, 4, 6, 2, 6, 2, 8, 6, 8, 8, 8, 2, 8, 2, 6, 8, 8, 4, 4, 6, 6, 4]], 0.9192451238632202]
[[10, [6, 8, 8, 2, 8, 4, 4, 2, 8, 2, 8, 6, 8, 6, 4, 8, 4, 4, 2, 8, 2, 2, 2, 8, 2, 8, 8, 6, 2, 6, 6, 4, 2, 2, 8, 2, 8, 2, 8, 8, 8, 8, 8, 2, 2, 8, 8, 4, 4, 2, 6, 2]], 0.9038810133934021]
[[3, [4, 4, 6, 2, 8, 2, 4, 6, 8, 2, 8, 6, 8, 4, 6, 6, 8, 6, 2, 6, 8, 2, 6, 6, 2, 2, 8, 6, 2, 6, 6, 4, 2, 2, 8, 6, 2, 6, 2, 8, 8, 2, 8, 2, 8, 8, 6, 4, 4, 2, 6, 4]], 0.9250631332397461]
[[5, [8, 8, 6, 2, 8, 8, 4, 4, 8, 2, 8, 2, 6, 4, 4, 8, 4, 2, 2, 8, 2, 2, 6, 2, 2, 8, 4, 2, 8, 6, 6, 4, 2, 2, 8, 2, 2, 8, 8, 8, 8, 6, 8, 2, 2, 4, 8, 8, 4, 2, 6, 2]], 0.9113618731498718]
[[9, [6, 4, 8, 2, 8, 2, 4, 2, 8, 4, 4, 6, 8, 4, 8, 4, 4, 2, 4, 4, 8, 2, 4, 2, 2, 8, 8, 4, 8, 2, 6, 2, 6, 2, 8, 2, 6, 4, 8, 8, 8, 4, 4, 2, 2, 6, 8, 4, 4, 2, 6, 2]], 0.9378724098205566]
[[3, [4, 4, 8, 2, 8, 2, 4, 6, 8, 8, 8, 4, 6, 4, 6, 4, 4, 2, 2, 2, 6, 4, 6, 6, 2, 4, 8, 4, 8, 4, 6, 4, 2, 4, 8, 6, 8, 6, 2, 8, 8, 6, 8, 2, 8, 6, 8, 4, 4, 6, 4, 4]], 0.9259535074234009]
[[15, [8, 4, 8, 6, 8, 4, 4, 6, 8, 2, 8, 6, 8, 8, 4, 8, 4, 2, 2, 6, 2, 2, 4, 8, 2, 8, 8, 2, 2, 6, 6, 8, 2, 4, 8, 2, 2, 2, 6, 8, 2, 8, 8, 2, 2, 6, 6, 4, 4, 2, 6, 2]], 0.871576189994812]
[[9, [4, 4, 4, 2, 8, 6, 2, 6, 8, 2, 4, 6, 8, 4, 8, 6, 6, 2, 2, 2, 8, 2, 6, 4, 2, 6, 8, 6, 8, 2, 6, 4, 2, 2, 8, 4, 8, 6, 2, 8, 8, 6, 8, 6, 8, 8, 8, 4, 4, 2, 6, 4]], 0.9105498194694519]
[[5, [8, 4, 8, 2, 8, 4, 4, 2, 8, 6, 8, 6, 4, 4, 4, 8, 4, 2, 8, 8, 2, 8, 4, 8, 2, 4, 8, 2, 2, 6, 6, 8, 2, 2, 8, 2, 2, 2, 2, 8, 8, 8, 8, 4, 2, 2, 6, 4, 4, 4, 6, 2]], 0.9343088865280151]
[[5, [8, 4, 8, 2, 8, 6, 8, 2, 8, 6, 8, 6, 8, 2, 6, 8, 4, 2, 8, 2, 6, 8, 4, 8, 2, 4, 8, 6, 2, 6, 6, 2, 2, 2, 8, 2, 2, 2, 8, 8, 4, 4, 8, 8, 8, 6, 8, 4, 4, 2, 6, 2]], 0.8942875862121582]
[[3, [4, 4, 4, 2, 2, 2, 2, 4, 8, 2, 8, 6, 8, 6, 4, 6, 2, 2, 8, 2, 4, 2, 6, 2, 2, 2, 6, 6, 8, 6, 6, 4, 2, 4, 8, 4, 8, 2, 2, 8, 8, 2, 8, 2, 8, 8, 8, 4, 4, 2, 6, 4]], 0.9229986071586609]
[[13, [4, 2, 8, 2, 4, 4, 8, 2, 8, 2, 8, 6, 8, 4, 4, 4, 2, 2, 2, 8, 8, 2, 8, 8, 2, 4, 8, 2, 8, 6, 6, 8, 6, 2, 8, 2, 6, 2, 2, 8, 4, 4, 2, 2, 4, 4, 4, 6, 4, 8, 2, 2]], 0.9359487295150757]
[[15, [8, 4, 8, 2, 8, 4, 2, 2, 4, 2, 8, 6, 8, 4, 6, 4, 4, 2, 6, 8, 2, 2, 4, 8, 2, 4, 6, 2, 2, 6, 6, 8, 2, 2, 8, 2, 2, 2, 2, 4, 8, 8, 8, 2, 2, 8, 8, 4, 8, 2, 6, 2]], 0.9016551375389099]
[[14, [4, 4, 4, 2, 8, 2, 8, 6, 8, 2, 8, 6, 8, 8, 6, 6, 6, 6, 2, 2, 6, 2, 6, 6, 2, 2, 8, 6, 8, 6, 4, 4, 2, 2, 8, 4, 8, 8, 2, 8, 8, 2, 4, 2, 8, 8, 8, 4, 6, 8, 6, 4]], 0.9156503081321716]
[[5, [6, 2, 8, 2, 8, 4, 4, 8, 8, 8, 4, 6, 8, 4, 2, 4, 4, 2, 2, 2, 6, 2, 4, 2, 2, 8, 8, 6, 8, 6, 6, 6, 6, 2, 2, 2, 6, 2, 4, 8, 4, 4, 2, 2, 4, 8, 6, 4, 4, 2, 6, 2]], 0.9048081636428833]
[[5, [8, 2, 6, 2, 8, 4, 4, 2, 4, 2, 8, 8, 8, 4, 4, 2, 2, 2, 2, 8, 4, 2, 4, 8, 4, 8, 8, 2, 6, 6, 8, 6, 2, 6, 8, 2, 8, 2, 8, 8, 6, 8, 4, 4, 8, 6, 4, 4, 4, 2, 6, 2]], 0.8975590467453003]
[[5, [8, 4, 8, 2, 8, 2, 4, 4, 2, 2, 8, 2, 6, 4, 4, 8, 4, 2, 2, 4, 2, 2, 2, 8, 2, 8, 8, 2, 6, 6, 6, 8, 2, 2, 8, 2, 2, 4, 8, 8, 2, 8, 8, 2, 2, 2, 8, 4, 6, 2, 6, 2]], 0.8607885241508484]
[[10, [2, 4, 4, 2, 8, 2, 4, 2, 8, 4, 4, 8, 8, 4, 6, 6, 6, 2, 4, 2, 6, 2, 6, 6, 2, 2, 8, 6, 8, 6, 6, 4, 2, 2, 4, 4, 6, 6, 2, 6, 8, 2, 8, 2, 8, 8, 8, 4, 4, 2, 6, 8]], 0.9141197204589844]
[[5, [8, 6, 8, 2, 4, 4, 4, 4, 8, 2, 2, 6, 8, 4, 4, 4, 8, 2, 2, 4, 8, 2, 2, 8, 2, 8, 8, 2, 8, 6, 6, 8, 6, 2, 8, 2, 6, 2, 8, 8, 8, 6, 8, 2, 4, 6, 6, 4, 6, 2, 6, 6]], 0.9036509394645691]
[[5, [8, 4, 8, 2, 8, 4, 4, 2, 8, 2, 8, 6, 8, 4, 6, 4, 4, 2, 2, 8, 8, 2, 4, 8, 2, 8, 8, 4, 6, 8, 4, 8, 6, 6, 8, 2, 6, 2, 8, 8, 8, 4, 6, 2, 4, 6, 6, 4, 4, 2, 6, 2]], 0.918347954750061]
[[10, [6, 6, 8, 2, 4, 8, 8, 2, 8, 2, 8, 6, 2, 6, 4, 8, 2, 2, 8, 4, 2, 2, 4, 8, 8, 8, 6, 2, 2, 6, 8, 2, 2, 2, 8, 2, 8, 2, 8, 8, 8, 8, 8, 4, 2, 6, 6, 2, 4, 2, 6, 2]], 0.8978931903839111]
[[11, [8, 6, 8, 2, 8, 4, 4, 2, 8, 2, 8, 8, 8, 4, 6, 8, 4, 2, 2, 8, 2, 2, 4, 8, 2, 8, 4, 6, 2, 2, 6, 2, 2, 2, 4, 6, 2, 6, 8, 8, 8, 6, 2, 4, 2, 8, 2, 2, 6, 2, 8, 8]], 0.8914966583251953]
[[3, [8, 4, 8, 2, 8, 4, 4, 2, 8, 2, 8, 2, 8, 4, 4, 8, 6, 2, 2, 6, 2, 2, 4, 8, 2, 8, 8, 2, 2, 6, 6, 8, 8, 2, 6, 2, 2, 2, 6, 8, 4, 8, 8, 2, 2, 8, 8, 4, 4, 2, 4, 2]], 0.8628818392753601]
[[5, [8, 4, 4, 4, 8, 4, 6, 2, 6, 2, 2, 6, 8, 2, 4, 8, 4, 2, 2, 8, 2, 2, 4, 8, 8, 8, 8, 2, 2, 6, 6, 8, 8, 2, 8, 2, 2, 2, 8, 8, 6, 6, 8, 2, 2, 4, 8, 4, 4, 2, 6, 2]], 0.6196838021278381]
[[14, [8, 4, 8, 4, 8, 4, 4, 4, 8, 8, 8, 6, 6, 8, 4, 8, 2, 2, 2, 8, 2, 2, 6, 8, 4, 6, 6, 2, 2, 6, 8, 6, 2, 4, 8, 2, 8, 4, 8, 8, 8, 8, 8, 4, 2, 8, 8, 4, 4, 4, 6, 2]], 0.9389347434043884]
[[3, [2, 4, 4, 2, 6, 2, 4, 6, 2, 6, 8, 6, 8, 4, 6, 6, 6, 2, 2, 2, 2, 2, 8, 6, 2, 2, 6, 6, 8, 8, 6, 4, 6, 2, 8, 4, 4, 6, 2, 8, 8, 2, 6, 4, 2, 8, 8, 4, 4, 2, 6, 2]], 0.9200876951217651]
[[5, [8, 4, 8, 2, 2, 4, 8, 2, 4, 2, 8, 6, 8, 6, 8, 2, 4, 6, 2, 8, 2, 2, 2, 8, 2, 8, 8, 2, 2, 6, 6, 8, 2, 2, 8, 8, 2, 4, 8, 2, 8, 8, 6, 2, 2, 8, 8, 4, 4, 2, 8, 2]], 0.9369637966156006]
[[9, [8, 4, 8, 2, 8, 4, 6, 2, 8, 2, 8, 6, 6, 4, 8, 8, 4, 2, 2, 4, 2, 2, 4, 4, 2, 2, 8, 2, 2, 6, 6, 8, 2, 2, 8, 2, 2, 2, 2, 8, 8, 8, 8, 2, 4, 2, 8, 4, 4, 2, 6, 2]], 0.9232457876205444]
[[5, [8, 4, 8, 2, 8, 4, 4, 2, 4, 6, 8, 6, 8, 4, 4, 8, 4, 2, 6, 8, 2, 4, 8, 8, 2, 8, 8, 2, 2, 6, 6, 8, 2, 2, 4, 4, 6, 2, 8, 8, 8, 8, 8, 4, 8, 8, 8, 4, 6, 2, 6, 2]], 0.9423679113388062]
[[5, [8, 4, 8, 2, 8, 4, 4, 8, 8, 6, 8, 4, 6, 4, 4, 8, 4, 2, 6, 8, 6, 4, 8, 8, 2, 8, 8, 2, 2, 8, 6, 6, 2, 2, 4, 2, 6, 2, 6, 8, 8, 4, 8, 4, 8, 8, 8, 2, 6, 2, 6, 2]], 0.9121240377426147]
[[5, [8, 4, 8, 2, 8, 4, 4, 4, 8, 2, 8, 6, 8, 4, 6, 8, 6, 2, 2, 8, 2, 4, 2, 8, 2, 8, 8, 2, 4, 6, 2, 8, 2, 2, 8, 2, 2, 2, 8, 6, 8, 8, 8, 2, 2, 8, 8, 4, 8, 2, 6, 2]], 0.9131876230239868]
[[5, [8, 4, 8, 2, 8, 4, 2, 2, 4, 6, 8, 8, 8, 4, 4, 2, 4, 2, 8, 8, 6, 6, 8, 4, 2, 8, 8, 2, 2, 6, 8, 4, 2, 2, 4, 4, 6, 2, 8, 8, 8, 4, 8, 4, 6, 8, 8, 4, 6, 2, 6, 8]], 0.9128650426864624]
[[9, [8, 4, 8, 2, 2, 4, 4, 8, 6, 6, 8, 6, 8, 4, 4, 8, 4, 2, 6, 8, 2, 2, 8, 2, 4, 2, 4, 2, 2, 2, 6, 8, 2, 8, 4, 4, 6, 2, 8, 8, 2, 8, 8, 4, 6, 8, 8, 4, 6, 2, 6, 6]], 0.9069070816040039]
[[13, [8, 4, 8, 2, 8, 4, 4, 2, 2, 2, 6, 6, 4, 4, 8, 8, 2, 2, 8, 8, 2, 2, 4, 8, 2, 2, 8, 6, 2, 8, 6, 8, 2, 2, 8, 2, 2, 2, 8, 8, 8, 8, 8, 2, 2, 8, 8, 6, 4, 8, 6, 2]], 0.9532723426818848]
[[1, [2, 4, 8, 2, 8, 4, 4, 2, 4, 2, 8, 6, 8, 8, 4, 8, 4, 2, 4, 8, 2, 4, 4, 2, 2, 8, 8, 2, 2, 6, 6, 4, 2, 2, 8, 2, 2, 2, 8, 8, 8, 8, 8, 2, 6, 2, 8, 4, 6, 2, 6, 2]], 0.8244192004203796]
[[15, [8, 4, 8, 2, 8, 4, 4, 8, 8, 2, 8, 6, 8, 4, 4, 8, 8, 2, 2, 6, 2, 2, 4, 8, 2, 4, 6, 2, 2, 4, 6, 8, 2, 4, 8, 2, 2, 2, 8, 8, 8, 8, 8, 2, 8, 8, 8, 4, 4, 2, 6, 2]], 0.9130686521530151]
[[13, [8, 4, 8, 8, 8, 4, 4, 6, 8, 2, 8, 6, 2, 4, 4, 8, 4, 2, 2, 8, 8, 8, 4, 8, 2, 8, 6, 8, 2, 6, 4, 2, 2, 2, 8, 2, 8, 2, 8, 8, 4, 8, 2, 6, 2, 8, 8, 4, 4, 2, 6, 2]], 0.8564603328704834]
[[5, [8, 4, 8, 6, 8, 6, 4, 8, 4, 4, 8, 8, 8, 4, 4, 8, 4, 6, 2, 4, 4, 6, 4, 8, 2, 8, 8, 4, 2, 6, 2, 8, 8, 2, 8, 4, 2, 4, 8, 8, 8, 4, 8, 8, 2, 8, 8, 4, 4, 2, 6, 2]], 0.8232059478759766]
[[3, [4, 6, 4, 8, 8, 2, 4, 6, 8, 2, 8, 6, 8, 4, 6, 6, 6, 2, 6, 2, 6, 6, 6, 6, 2, 2, 8, 6, 8, 6, 6, 4, 2, 8, 8, 4, 8, 6, 2, 8, 8, 2, 6, 2, 2, 8, 8, 4, 4, 2, 6, 4]], 0.7592244148254395]
[[5, [8, 4, 8, 2, 2, 4, 2, 2, 8, 2, 6, 6, 8, 2, 4, 8, 4, 2, 2, 8, 2, 2, 4, 4, 2, 8, 8, 2, 2, 6, 4, 8, 2, 8, 6, 8, 2, 2, 8, 8, 8, 8, 8, 2, 2, 8, 8, 2, 4, 8, 6, 4]], 0.9126793742179871]
[[6, [8, 4, 8, 2, 6, 8, 2, 8, 8, 2, 8, 6, 8, 4, 4, 4, 4, 2, 2, 8, 8, 2, 4, 8, 6, 8, 8, 6, 8, 6, 8, 8, 6, 4, 8, 2, 6, 2, 8, 8, 8, 4, 8, 2, 4, 6, 6, 4, 4, 4, 6, 2]], 0.9204408526420593]
[[5, [8, 4, 8, 4, 8, 2, 4, 2, 8, 6, 8, 6, 8, 4, 2, 8, 2, 2, 8, 8, 6, 6, 8, 8, 2, 8, 8, 2, 2, 6, 6, 8, 2, 2, 2, 4, 6, 6, 4, 8, 2, 8, 8, 2, 2, 8, 8, 8, 4, 2, 8, 2]], 0.8277503848075867]
[[15, [8, 4, 8, 2, 8, 6, 4, 2, 8, 8, 4, 6, 8, 4, 4, 8, 4, 2, 8, 8, 2, 2, 4, 8, 2, 4, 8, 6, 2, 6, 6, 8, 2, 2, 6, 2, 2, 6, 8, 8, 6, 8, 8, 2, 2, 8, 4, 4, 4, 2, 6, 6]], 0.9044407606124878]
[[10, [6, 4, 4, 2, 8, 4, 8, 2, 8, 2, 4, 6, 8, 4, 4, 4, 4, 2, 2, 8, 8, 2, 4, 8, 2, 8, 2, 4, 4, 6, 6, 4, 6, 2, 4, 2, 6, 2, 8, 8, 8, 6, 8, 8, 4, 8, 6, 4, 4, 2, 6, 4]], 0.89549720287323]
[[5, [8, 4, 8, 2, 8, 6, 4, 6, 4, 2, 2, 6, 8, 4, 2, 8, 4, 2, 8, 8, 8, 2, 8, 8, 6, 8, 8, 2, 2, 6, 6, 8, 2, 2, 6, 2, 2, 2, 8, 8, 8, 8, 4, 2, 6, 8, 2, 4, 4, 2, 6, 2]], 0.9054466485977173]
[[9, [4, 8, 4, 2, 8, 2, 4, 6, 6, 2, 8, 6, 8, 2, 6, 6, 6, 2, 2, 2, 6, 2, 8, 2, 2, 2, 8, 8, 8, 6, 6, 4, 2, 2, 8, 4, 8, 6, 2, 8, 8, 2, 8, 2, 8, 4, 8, 4, 4, 8, 6, 4]], 0.9143165349960327]
[[5, [2, 4, 4, 8, 4, 4, 4, 2, 8, 2, 8, 6, 8, 2, 6, 8, 2, 2, 6, 8, 2, 2, 4, 8, 8, 8, 8, 2, 2, 6, 6, 4, 2, 2, 8, 2, 2, 2, 8, 8, 8, 8, 8, 2, 2, 6, 2, 4, 6, 2, 6, 2]], 0.6337487697601318]
[[0, [8, 4, 8, 2, 8, 8, 4, 2, 8, 2, 8, 6, 8, 6, 4, 8, 4, 2, 2, 8, 2, 2, 4, 8, 2, 8, 2, 2, 2, 6, 6, 2, 2, 2, 8, 2, 2, 2, 8, 4, 8, 8, 8, 2, 8, 2, 8, 4, 4, 2, 6, 2]], 0.8207380175590515]
[[5, [8, 4, 8, 4, 4, 4, 2, 2, 4, 8, 8, 6, 8, 4, 4, 8, 4, 2, 8, 8, 2, 4, 8, 8, 8, 8, 2, 2, 2, 6, 6, 8, 2, 2, 4, 4, 6, 2, 8, 8, 8, 8, 8, 4, 8, 8, 8, 8, 4, 8, 4, 2]], 0.8137149810791016]
[[14, [8, 6, 8, 2, 8, 4, 4, 2, 8, 2, 8, 6, 8, 2, 4, 8, 4, 2, 2, 8, 2, 2, 4, 8, 2, 8, 2, 2, 2, 2, 6, 8, 4, 2, 2, 8, 2, 2, 8, 8, 2, 8, 2, 2, 4, 8, 8, 4, 4, 2, 6, 2]], 0.9703201651573181]
[[2, [8, 4, 8, 2, 8, 6, 4, 6, 2, 8, 8, 6, 8, 4, 4, 8, 4, 2, 4, 8, 2, 2, 4, 8, 2, 4, 8, 2, 4, 6, 4, 8, 2, 2, 4, 2, 2, 4, 8, 8, 8, 8, 8, 2, 6, 8, 8, 4, 2, 4, 4, 2]], 0.8293163180351257]
[[2, [8, 8, 8, 2, 8, 4, 4, 4, 8, 2, 4, 6, 4, 4, 4, 4, 4, 2, 4, 8, 2, 2, 4, 8, 2, 8, 4, 2, 2, 6, 6, 8, 8, 2, 8, 2, 2, 2, 8, 8, 6, 4, 6, 2, 2, 6, 4, 4, 6, 2, 6, 2]], 0.8307796716690063]
[[3, [8, 4, 8, 2, 8, 4, 4, 2, 4, 6, 6, 6, 2, 6, 4, 8, 8, 4, 6, 8, 8, 8, 2, 8, 2, 8, 8, 2, 2, 6, 6, 8, 2, 2, 4, 4, 6, 2, 8, 8, 8, 8, 8, 4, 8, 6, 8, 6, 6, 6, 2, 2]], 0.908307671546936]
[[11, [8, 4, 8, 2, 8, 4, 4, 2, 8, 8, 8, 6, 8, 4, 4, 8, 4, 4, 2, 4, 2, 4, 4, 4, 2, 8, 8, 8, 2, 6, 2, 8, 2, 2, 8, 6, 2, 2, 6, 8, 4, 8, 8, 4, 8, 8, 6, 8, 4, 2, 6, 2]], 0.8783890604972839]
[[5, [8, 4, 8, 2, 8, 4, 4, 8, 8, 8, 4, 6, 8, 4, 4, 2, 4, 2, 2, 8, 4, 2, 4, 8, 2, 8, 6, 4, 8, 6, 6, 4, 6, 2, 8, 2, 6, 2, 8, 4, 2, 4, 8, 2, 4, 8, 4, 4, 6, 2, 8, 8]], 0.9152407050132751]
[[0, [8, 4, 8, 2, 4, 4, 4, 2, 4, 2, 8, 6, 8, 4, 4, 8, 4, 4, 2, 8, 2, 2, 8, 8, 6, 4, 8, 2, 6, 6, 6, 2, 2, 2, 8, 2, 8, 2, 8, 6, 8, 4, 8, 2, 2, 8, 8, 8, 4, 2, 6, 6]], 0.8195770978927612]
[[9, [8, 2, 6, 4, 8, 4, 2, 2, 4, 2, 8, 6, 8, 4, 4, 8, 4, 2, 4, 8, 4, 2, 2, 2, 2, 8, 8, 2, 8, 6, 6, 8, 4, 2, 8, 2, 2, 2, 6, 8, 8, 8, 8, 2, 2, 8, 8, 2, 4, 4, 2, 2]], 0.8119935989379883]
[[5, [8, 4, 8, 8, 2, 4, 4, 6, 8, 2, 8, 6, 8, 4, 4, 8, 4, 2, 2, 4, 2, 2, 4, 8, 2, 8, 8, 2, 2, 6, 8, 8, 2, 2, 4, 2, 2, 6, 8, 8, 8, 8, 6, 2, 2, 4, 6, 4, 6, 4, 6, 2]], 0.8121246099472046]
[[12, [8, 4, 8, 8, 8, 4, 4, 2, 4, 6, 8, 6, 8, 4, 4, 4, 4, 2, 6, 8, 2, 4, 8, 8, 2, 8, 8, 2, 2, 6, 4, 8, 2, 2, 6, 4, 6, 6, 8, 2, 8, 8, 2, 8, 8, 8, 8, 4, 6, 2, 6, 8]], 0.8601669073104858]
[[9, [4, 4, 8, 2, 8, 4, 4, 2, 8, 2, 8, 2, 8, 4, 4, 8, 4, 2, 4, 8, 2, 2, 4, 8, 2, 4, 8, 2, 2, 6, 6, 8, 6, 2, 8, 2, 8, 2, 8, 4, 8, 8, 8, 2, 2, 4, 8, 4, 4, 2, 6, 2]], 0.9131829142570496]
[[3, [4, 4, 4, 2, 8, 2, 4, 2, 4, 2, 2, 6, 8, 4, 6, 6, 8, 2, 2, 6, 6, 8, 6, 8, 2, 4, 8, 6, 8, 6, 4, 4, 2, 4, 8, 4, 8, 6, 2, 8, 8, 2, 8, 2, 8, 8, 6, 4, 2, 2, 6, 4]], 0.8524789810180664]
[[3, [4, 8, 4, 8, 8, 2, 4, 6, 8, 2, 8, 6, 8, 4, 6, 8, 6, 6, 2, 2, 6, 2, 6, 6, 4, 2, 8, 6, 8, 6, 2, 4, 2, 6, 8, 4, 4, 6, 2, 8, 8, 2, 2, 2, 8, 8, 8, 8, 4, 2, 6, 4]], 0.7640085220336914]
[[15, [8, 8, 6, 2, 8, 4, 2, 6, 4, 6, 8, 6, 8, 4, 4, 8, 4, 2, 6, 8, 6, 2, 8, 8, 8, 8, 8, 2, 2, 6, 6, 4, 8, 4, 4, 4, 6, 2, 8, 8, 8, 6, 8, 4, 8, 4, 8, 4, 6, 8, 2, 6]], 0.975460410118103]
[[13, [8, 4, 8, 2, 8, 4, 4, 8, 8, 2, 8, 6, 8, 2, 4, 8, 4, 2, 2, 8, 2, 6, 4, 2, 2, 8, 8, 2, 2, 6, 6, 8, 2, 2, 4, 2, 2, 2, 8, 8, 8, 6, 8, 6, 2, 8, 8, 6, 4, 2, 4, 2]], 0.9354996681213379]
[[2, [8, 4, 8, 2, 6, 6, 4, 2, 6, 6, 8, 6, 8, 4, 2, 8, 4, 2, 6, 4, 6, 6, 8, 8, 2, 2, 6, 2, 8, 4, 6, 8, 2, 8, 8, 4, 6, 2, 8, 6, 8, 8, 8, 8, 8, 6, 8, 4, 6, 2, 6, 4]], 0.828322172164917]
[[12, [8, 2, 8, 8, 8, 4, 4, 2, 8, 6, 8, 6, 8, 4, 4, 8, 4, 2, 2, 8, 2, 2, 4, 8, 2, 8, 8, 6, 2, 6, 6, 4, 2, 2, 6, 4, 2, 2, 4, 8, 8, 8, 2, 2, 6, 8, 8, 4, 4, 4, 6, 2]], 0.8192143440246582]
[[11, [8, 4, 4, 2, 8, 4, 2, 2, 8, 8, 8, 6, 8, 4, 4, 8, 2, 2, 2, 6, 2, 2, 4, 6, 4, 8, 8, 2, 2, 6, 6, 8, 2, 6, 8, 2, 4, 2, 2, 6, 8, 8, 8, 2, 6, 8, 8, 4, 4, 2, 6, 4]], 0.9218711853027344]
[[5, [8, 4, 8, 6, 8, 4, 4, 2, 4, 6, 8, 6, 8, 4, 4, 8, 4, 2, 6, 8, 2, 4, 8, 8, 2, 8, 8, 4, 2, 4, 6, 8, 2, 2, 2, 4, 6, 2, 8, 8, 8, 8, 8, 4, 8, 8, 8, 8, 6, 2, 6, 2]], 0.8156927824020386]
[[3, [4, 4, 4, 2, 8, 2, 4, 6, 8, 2, 6, 8, 8, 4, 2, 2, 4, 6, 2, 2, 6, 2, 6, 6, 2, 2, 8, 6, 8, 6, 6, 4, 2, 2, 8, 4, 8, 4, 4, 8, 8, 2, 8, 2, 8, 8, 8, 4, 4, 2, 6, 2]], 0.9366828799247742]
[[9, [8, 4, 8, 2, 8, 4, 8, 6, 4, 8, 8, 6, 6, 4, 4, 8, 6, 2, 6, 2, 8, 4, 8, 2, 8, 2, 8, 2, 2, 6, 6, 8, 2, 2, 4, 4, 6, 2, 8, 2, 8, 8, 8, 4, 8, 8, 8, 4, 6, 2, 8, 2]], 0.8946844935417175]
[[5, [8, 2, 4, 2, 2, 4, 4, 2, 8, 2, 8, 6, 2, 4, 4, 8, 4, 2, 8, 6, 2, 2, 4, 8, 2, 8, 8, 2, 4, 6, 6, 8, 2, 2, 8, 2, 8, 2, 8, 8, 8, 8, 8, 2, 8, 8, 8, 4, 4, 2, 6, 6]], 0.8702659010887146]
[[3, [4, 4, 4, 2, 8, 8, 4, 8, 8, 2, 4, 6, 8, 4, 6, 6, 6, 2, 4, 4, 6, 2, 8, 4, 6, 2, 8, 6, 8, 6, 2, 4, 6, 2, 8, 4, 4, 6, 2, 8, 8, 2, 8, 2, 8, 2, 8, 4, 4, 8, 8, 4]], 0.9171416163444519]
[[13, [8, 4, 8, 2, 8, 8, 4, 2, 8, 2, 6, 6, 8, 4, 4, 4, 2, 2, 2, 2, 2, 2, 4, 6, 2, 6, 8, 8, 2, 6, 6, 2, 2, 2, 6, 2, 2, 2, 4, 8, 8, 8, 6, 6, 2, 8, 8, 4, 4, 2, 6, 2]], 0.9213848114013672]
[[5, [8, 4, 8, 2, 8, 4, 2, 2, 8, 6, 8, 6, 6, 4, 4, 8, 4, 2, 2, 8, 2, 2, 4, 8, 2, 8, 8, 2, 4, 6, 6, 8, 2, 2, 8, 6, 2, 2, 8, 8, 8, 6, 8, 2, 2, 2, 8, 4, 4, 2, 6, 2]], 0.9201605319976807]
[[12, [4, 4, 4, 2, 8, 2, 6, 8, 8, 2, 8, 6, 8, 4, 6, 6, 6, 2, 2, 2, 6, 2, 2, 6, 2, 2, 8, 6, 8, 6, 6, 4, 6, 2, 6, 4, 8, 6, 2, 4, 8, 2, 8, 8, 8, 8, 8, 4, 6, 2, 6, 4]], 0.9026323556900024]
[[5, [6, 4, 8, 2, 8, 4, 4, 2, 8, 2, 8, 4, 8, 4, 4, 8, 4, 2, 2, 8, 2, 2, 4, 8, 2, 8, 8, 2, 2, 6, 4, 8, 6, 2, 8, 2, 2, 2, 8, 8, 8, 4, 8, 2, 2, 8, 4, 4, 8, 2, 2, 2]], 0.9414405226707458]
[[5, [8, 4, 6, 4, 4, 2, 6, 2, 6, 2, 8, 6, 6, 4, 2, 8, 2, 6, 2, 8, 2, 2, 4, 2, 2, 8, 2, 2, 2, 6, 6, 6, 2, 2, 8, 2, 2, 2, 8, 6, 8, 8, 8, 4, 6, 2, 8, 2, 4, 2, 6, 2]], 0.7893769145011902]
[[10, [6, 4, 6, 2, 8, 4, 4, 4, 8, 2, 8, 4, 8, 4, 4, 2, 4, 2, 2, 6, 6, 2, 4, 8, 2, 8, 8, 4, 2, 6, 4, 8, 6, 2, 8, 2, 2, 2, 8, 2, 8, 4, 8, 2, 2, 8, 6, 4, 4, 2, 2, 2]], 0.9007424116134644]
[[11, [2, 4, 8, 2, 8, 8, 4, 2, 8, 6, 8, 4, 8, 4, 4, 2, 4, 2, 2, 8, 2, 2, 4, 4, 2, 8, 8, 2, 2, 6, 4, 8, 6, 4, 8, 2, 4, 2, 6, 8, 8, 6, 8, 2, 2, 8, 4, 4, 8, 2, 4, 2]], 0.8573704957962036]
[[5, [2, 4, 2, 4, 8, 4, 6, 2, 8, 2, 8, 6, 8, 4, 4, 8, 4, 2, 2, 8, 2, 6, 4, 8, 2, 8, 8, 2, 6, 8, 6, 8, 4, 2, 8, 2, 2, 2, 8, 8, 8, 2, 8, 2, 4, 8, 8, 4, 6, 2, 6, 2]], 0.8258974552154541]
[[5, [8, 4, 8, 2, 8, 4, 4, 2, 2, 2, 8, 6, 8, 4, 4, 2, 6, 8, 2, 8, 2, 2, 4, 8, 2, 4, 8, 2, 2, 6, 6, 8, 2, 2, 8, 6, 2, 2, 6, 8, 4, 8, 8, 2, 2, 2, 8, 4, 4, 2, 2, 2]], 0.9188008308410645]
[[5, [8, 4, 8, 2, 8, 4, 4, 2, 8, 2, 6, 6, 8, 4, 8, 8, 4, 2, 2, 8, 2, 2, 4, 8, 2, 8, 6, 8, 2, 6, 6, 8, 2, 2, 8, 2, 2, 2, 8, 4, 8, 8, 8, 2, 2, 8, 2, 2, 4, 2, 6, 2]], 0.9375802874565125]
[[5, [8, 4, 4, 2, 8, 4, 2, 2, 8, 2, 6, 6, 8, 4, 4, 4, 4, 2, 2, 8, 2, 8, 4, 4, 2, 8, 8, 2, 8, 6, 6, 2, 2, 2, 8, 2, 8, 2, 8, 8, 4, 8, 8, 2, 2, 8, 8, 4, 4, 2, 6, 2]], 0.9373016357421875]
[[3, [8, 4, 6, 2, 8, 6, 4, 2, 6, 2, 8, 6, 8, 2, 2, 6, 4, 2, 2, 8, 8, 2, 4, 8, 2, 8, 8, 8, 2, 6, 4, 8, 2, 4, 8, 2, 4, 2, 8, 8, 6, 6, 8, 8, 2, 2, 8, 4, 4, 2, 2, 2]], 0.9160134792327881]
[[5, [8, 8, 8, 6, 4, 4, 6, 2, 4, 2, 8, 6, 8, 6, 4, 8, 4, 8, 2, 8, 2, 8, 4, 8, 2, 8, 8, 2, 2, 6, 6, 8, 2, 2, 8, 2, 8, 2, 8, 2, 6, 8, 8, 2, 2, 8, 8, 4, 4, 2, 6, 4]], 0.8284631967544556]
[[2, [8, 4, 2, 2, 8, 2, 4, 4, 8, 2, 8, 6, 8, 6, 2, 6, 6, 4, 2, 2, 6, 6, 6, 4, 2, 2, 8, 8, 2, 6, 6, 4, 2, 2, 8, 4, 8, 6, 2, 8, 8, 2, 8, 2, 8, 4, 8, 4, 4, 2, 6, 4]], 0.8225370645523071]
[[5, [8, 4, 8, 2, 8, 4, 8, 2, 2, 6, 4, 4, 8, 6, 6, 8, 4, 4, 6, 8, 2, 4, 4, 8, 6, 8, 8, 2, 2, 2, 6, 4, 2, 2, 4, 4, 6, 6, 8, 8, 8, 8, 8, 4, 2, 8, 8, 4, 2, 2, 6, 2]], 0.9292027950286865]
[[5, [4, 4, 4, 2, 8, 4, 8, 8, 8, 4, 4, 6, 8, 2, 4, 8, 6, 2, 2, 8, 2, 2, 4, 2, 2, 8, 2, 2, 2, 2, 8, 8, 2, 2, 6, 2, 2, 2, 8, 6, 6, 6, 8, 2, 2, 8, 8, 4, 4, 2, 6, 2]], 0.9142605662345886]
[[5, [2, 4, 8, 2, 8, 4, 4, 2, 8, 2, 8, 6, 8, 8, 4, 8, 4, 2, 2, 8, 4, 2, 4, 8, 2, 8, 8, 2, 2, 6, 6, 8, 2, 2, 8, 2, 8, 6, 8, 8, 8, 8, 8, 2, 2, 8, 6, 4, 4, 2, 6, 2]], 0.9212136268615723]
[[5, [6, 4, 8, 2, 8, 4, 4, 2, 8, 8, 8, 6, 8, 8, 4, 8, 4, 2, 2, 8, 2, 2, 4, 4, 2, 8, 4, 4, 6, 8, 6, 8, 6, 4, 8, 2, 2, 2, 4, 8, 2, 8, 8, 2, 4, 8, 8, 4, 4, 2, 6, 2]], 0.9344042539596558]
[[5, [8, 4, 8, 2, 8, 4, 4, 2, 8, 4, 4, 6, 8, 4, 4, 8, 4, 2, 2, 6, 2, 4, 8, 8, 6, 6, 8, 2, 4, 6, 6, 8, 2, 2, 4, 2, 2, 6, 8, 8, 8, 8, 8, 8, 8, 2, 8, 4, 4, 2, 6, 4]], 0.9431204199790955]
[[15, [8, 4, 6, 2, 8, 4, 4, 6, 8, 2, 6, 2, 8, 4, 4, 8, 8, 2, 2, 8, 2, 2, 4, 4, 6, 6, 8, 8, 2, 6, 2, 8, 2, 6, 2, 2, 2, 6, 8, 8, 8, 8, 4, 2, 2, 8, 8, 4, 2, 2, 6, 2]], 0.9295134544372559]
[[10, [8, 4, 8, 6, 8, 4, 4, 6, 4, 2, 8, 2, 8, 2, 4, 8, 4, 2, 8, 8, 2, 2, 4, 8, 2, 8, 8, 2, 2, 6, 6, 8, 8, 2, 2, 2, 2, 2, 2, 8, 8, 8, 8, 6, 6, 6, 4, 4, 4, 2, 6, 4]], 0.906491756439209]
[[5, [6, 4, 8, 2, 8, 8, 4, 2, 8, 2, 8, 4, 8, 4, 4, 8, 4, 2, 2, 8, 2, 8, 4, 8, 2, 8, 8, 2, 2, 6, 6, 8, 6, 2, 8, 4, 2, 2, 8, 8, 8, 4, 8, 2, 2, 8, 4, 4, 4, 6, 2, 2]], 0.9172135591506958]
[[12, [8, 4, 8, 2, 8, 4, 2, 2, 8, 4, 4, 6, 8, 4, 4, 8, 4, 2, 2, 6, 8, 2, 8, 8, 6, 6, 8, 2, 4, 6, 6, 8, 6, 2, 4, 6, 2, 6, 4, 8, 8, 2, 4, 8, 8, 2, 2, 4, 4, 2, 6, 4]], 0.9225484132766724]
[[5, [6, 4, 8, 2, 2, 6, 4, 4, 8, 4, 8, 2, 8, 4, 8, 8, 4, 2, 2, 6, 2, 2, 2, 8, 2, 8, 8, 2, 2, 6, 6, 8, 2, 2, 6, 8, 2, 2, 8, 8, 8, 8, 8, 2, 2, 8, 8, 4, 4, 2, 6, 2]], 0.9243860244750977]
[[12, [8, 4, 2, 2, 4, 4, 4, 6, 6, 4, 8, 6, 8, 4, 4, 8, 4, 2, 6, 8, 2, 4, 8, 8, 4, 8, 8, 2, 2, 4, 6, 8, 6, 2, 8, 4, 6, 2, 8, 8, 4, 8, 8, 4, 8, 8, 8, 8, 4, 2, 2, 2]], 0.9087867140769958]
[[5, [8, 4, 8, 2, 8, 4, 4, 2, 8, 2, 8, 6, 8, 6, 8, 8, 4, 2, 2, 8, 2, 2, 4, 8, 2, 8, 8, 4, 2, 4, 6, 6, 2, 2, 8, 2, 2, 2, 8, 8, 8, 8, 6, 2, 2, 8, 8, 4, 4, 2, 6, 2]], 0.9399787187576294]
[[8, [6, 4, 2, 2, 8, 8, 4, 2, 8, 2, 2, 4, 8, 4, 4, 8, 4, 2, 8, 8, 8, 8, 2, 4, 2, 4, 4, 2, 2, 6, 4, 8, 6, 6, 4, 2, 4, 2, 8, 8, 8, 2, 8, 2, 8, 8, 4, 4, 8, 2, 2, 2]], 0.8752374649047852]
[[3, [8, 4, 8, 2, 4, 4, 6, 2, 8, 2, 8, 6, 8, 4, 4, 6, 4, 2, 6, 8, 2, 2, 4, 8, 2, 4, 8, 2, 2, 6, 6, 8, 2, 2, 6, 6, 2, 8, 8, 4, 8, 8, 8, 2, 2, 8, 8, 4, 4, 8, 6, 2]], 0.9109477996826172]
[[5, [6, 2, 8, 2, 8, 4, 4, 2, 4, 6, 4, 6, 4, 4, 8, 4, 4, 8, 6, 6, 8, 4, 8, 8, 2, 8, 8, 2, 2, 6, 6, 2, 2, 2, 4, 8, 6, 2, 8, 8, 2, 8, 8, 4, 8, 2, 8, 4, 6, 8, 6, 8]], 0.9170721769332886]
[[12, [6, 4, 8, 2, 8, 4, 4, 2, 8, 2, 8, 4, 8, 4, 4, 6, 4, 2, 2, 8, 2, 2, 4, 8, 2, 8, 8, 2, 8, 6, 4, 8, 6, 2, 8, 2, 4, 2, 4, 2, 6, 4, 4, 2, 2, 8, 4, 4, 8, 6, 2, 2]], 0.9213917255401611]
[[13, [8, 4, 8, 2, 8, 2, 8, 2, 8, 2, 8, 6, 8, 4, 4, 8, 4, 2, 6, 8, 2, 2, 4, 8, 2, 6, 8, 2, 2, 2, 6, 2, 8, 2, 2, 2, 2, 2, 8, 8, 8, 8, 8, 2, 6, 8, 8, 4, 4, 4, 6, 4]], 0.9238786101341248]
[[5, [4, 4, 8, 2, 8, 4, 2, 2, 8, 2, 4, 4, 8, 4, 4, 4, 4, 2, 2, 6, 2, 4, 8, 8, 6, 6, 8, 4, 4, 6, 6, 8, 6, 2, 4, 2, 6, 4, 8, 2, 8, 8, 8, 6, 6, 2, 8, 4, 4, 2, 6, 4]], 0.9223363399505615]
[[7, [6, 8, 8, 2, 8, 8, 4, 2, 8, 2, 8, 6, 8, 6, 4, 6, 4, 2, 2, 8, 2, 6, 8, 8, 2, 8, 8, 8, 2, 4, 4, 8, 8, 2, 8, 2, 2, 4, 6, 8, 8, 8, 8, 2, 2, 8, 6, 4, 4, 2, 6, 2]], 0.8569161295890808]
[[11, [8, 4, 8, 2, 8, 4, 6, 8, 8, 4, 4, 6, 8, 4, 4, 8, 4, 2, 8, 6, 2, 4, 8, 6, 6, 6, 8, 2, 4, 2, 6, 2, 2, 2, 4, 2, 2, 4, 4, 8, 8, 8, 8, 8, 8, 2, 8, 6, 2, 2, 8, 6]], 0.9000565409660339]
[[5, [6, 4, 8, 4, 8, 4, 4, 2, 8, 4, 4, 6, 2, 4, 4, 8, 4, 2, 2, 6, 2, 4, 6, 6, 4, 4, 8, 2, 4, 8, 6, 8, 2, 2, 4, 4, 2, 6, 8, 8, 8, 8, 8, 8, 8, 2, 8, 4, 4, 2, 6, 8]], 0.827767550945282]
[[9, [8, 4, 6, 2, 8, 4, 8, 2, 8, 4, 8, 6, 8, 8, 4, 8, 4, 2, 2, 8, 2, 8, 4, 8, 8, 8, 4, 2, 8, 6, 2, 4, 2, 2, 8, 2, 2, 2, 8, 8, 8, 8, 8, 4, 2, 8, 8, 4, 4, 2, 6, 4]], 0.8821226954460144]
[[5, [8, 2, 8, 2, 6, 4, 4, 4, 8, 2, 8, 6, 8, 4, 4, 8, 4, 2, 2, 8, 2, 8, 4, 8, 2, 8, 8, 2, 2, 6, 6, 8, 2, 2, 8, 2, 2, 8, 8, 8, 2, 8, 8, 2, 2, 8, 8, 4, 4, 2, 6, 2]], 0.8940693736076355]
[[5, [8, 4, 4, 2, 8, 4, 4, 4, 8, 4, 8, 6, 8, 4, 8, 8, 4, 2, 2, 6, 2, 4, 8, 4, 6, 6, 8, 2, 2, 8, 6, 2, 4, 2, 8, 2, 8, 6, 8, 6, 8, 2, 8, 8, 8, 8, 8, 4, 4, 4, 6, 2]], 0.9145010709762573]
[[5, [8, 8, 8, 4, 8, 8, 4, 8, 8, 2, 8, 6, 8, 4, 4, 8, 4, 2, 8, 8, 2, 4, 4, 2, 8, 8, 8, 2, 2, 6, 6, 8, 2, 2, 8, 2, 2, 2, 8, 8, 8, 8, 4, 2, 2, 8, 4, 8, 4, 2, 6, 2]], 0.8241461515426636]
[[7, [8, 4, 8, 2, 4, 4, 4, 2, 4, 2, 8, 4, 4, 4, 8, 8, 4, 2, 6, 8, 2, 4, 8, 8, 2, 8, 8, 2, 2, 6, 2, 8, 2, 2, 4, 4, 6, 2, 8, 4, 6, 8, 8, 4, 8, 8, 2, 4, 6, 2, 6, 8]], 0.8518487811088562]
[[5, [6, 4, 4, 2, 4, 2, 4, 2, 8, 2, 8, 6, 8, 4, 4, 8, 2, 2, 2, 8, 2, 2, 2, 2, 2, 8, 8, 2, 2, 6, 4, 4, 6, 2, 2, 2, 6, 2, 8, 6, 6, 8, 8, 2, 2, 6, 8, 4, 4, 2, 6, 6]], 0.9279818534851074]
[[2, [6, 4, 8, 2, 8, 8, 4, 2, 6, 4, 8, 6, 8, 4, 4, 8, 4, 2, 2, 6, 2, 4, 8, 8, 6, 8, 8, 2, 6, 2, 6, 8, 8, 6, 4, 2, 2, 6, 8, 8, 8, 8, 8, 8, 8, 2, 8, 8, 4, 2, 2, 4]], 0.8307781219482422]
[[5, [8, 6, 8, 2, 8, 2, 4, 2, 8, 2, 8, 4, 8, 4, 4, 8, 4, 2, 2, 6, 2, 2, 4, 8, 2, 2, 8, 4, 4, 6, 8, 8, 2, 2, 4, 2, 2, 2, 6, 2, 8, 8, 8, 2, 4, 8, 8, 4, 4, 2, 4, 2]], 0.9370633959770203]
[[1, [2, 4, 6, 2, 8, 4, 6, 2, 8, 2, 4, 6, 8, 2, 4, 4, 4, 2, 8, 8, 4, 2, 4, 8, 2, 2, 8, 2, 2, 6, 6, 8, 2, 2, 2, 2, 2, 2, 8, 8, 8, 8, 8, 6, 2, 4, 8, 4, 4, 2, 6, 2]], 0.82475346326828]
[[2, [8, 4, 6, 2, 8, 6, 4, 2, 4, 2, 8, 6, 8, 4, 8, 8, 4, 2, 2, 8, 2, 2, 4, 8, 2, 8, 8, 2, 6, 6, 6, 8, 2, 4, 8, 2, 2, 2, 4, 8, 8, 8, 6, 2, 2, 8, 8, 4, 6, 2, 6, 4]], 0.8304192423820496]
[[5, [8, 4, 4, 2, 8, 4, 4, 4, 6, 6, 8, 6, 8, 4, 8, 8, 6, 2, 6, 8, 2, 4, 8, 8, 8, 8, 8, 2, 2, 4, 6, 8, 4, 2, 6, 4, 6, 2, 8, 8, 8, 8, 8, 4, 8, 8, 8, 2, 6, 2, 8, 2]], 0.9163641929626465]
[[5, [8, 4, 4, 2, 8, 8, 2, 2, 2, 2, 8, 6, 2, 4, 6, 8, 4, 2, 6, 8, 2, 2, 4, 8, 2, 8, 8, 2, 2, 6, 6, 2, 2, 6, 6, 2, 2, 2, 6, 2, 8, 8, 6, 2, 2, 2, 8, 2, 4, 2, 6, 2]], 0.8683902025222778]
[[1, [2, 4, 8, 2, 8, 4, 4, 6, 8, 4, 6, 6, 8, 4, 4, 6, 4, 2, 2, 4, 2, 4, 2, 8, 8, 6, 8, 2, 4, 8, 6, 8, 2, 2, 4, 2, 2, 6, 6, 8, 8, 8, 8, 8, 4, 2, 8, 2, 4, 2, 2, 4]], 0.8244180083274841]
[[14, [2, 4, 8, 2, 8, 2, 2, 2, 4, 6, 8, 6, 8, 4, 2, 8, 4, 8, 6, 8, 2, 4, 8, 8, 2, 8, 8, 2, 2, 6, 6, 8, 2, 2, 4, 4, 6, 8, 8, 8, 8, 8, 8, 6, 4, 8, 8, 4, 6, 2, 8, 2]], 0.8868407011032104]
[[15, [8, 4, 4, 2, 8, 4, 4, 6, 8, 4, 4, 6, 6, 4, 4, 8, 4, 2, 2, 6, 2, 4, 4, 8, 6, 6, 6, 2, 4, 6, 6, 8, 6, 2, 4, 2, 2, 6, 6, 8, 8, 8, 8, 8, 8, 2, 8, 4, 4, 2, 6, 4]], 0.9722098112106323]
[[5, [4, 2, 8, 2, 4, 8, 4, 8, 8, 2, 6, 6, 8, 4, 2, 8, 4, 8, 2, 8, 2, 8, 4, 8, 2, 8, 4, 2, 4, 6, 6, 8, 2, 2, 8, 2, 2, 2, 8, 8, 8, 8, 4, 2, 2, 8, 8, 4, 2, 8, 6, 2]], 0.856306254863739]
[[10, [6, 4, 8, 2, 8, 4, 8, 2, 8, 2, 8, 4, 8, 4, 4, 8, 4, 2, 2, 2, 4, 2, 8, 8, 8, 8, 6, 2, 2, 6, 4, 8, 6, 6, 6, 2, 2, 2, 8, 8, 8, 2, 8, 2, 2, 4, 4, 8, 8, 2, 6, 2]], 0.8832974433898926]
[[5, [8, 4, 8, 2, 2, 4, 2, 2, 8, 4, 4, 6, 8, 4, 4, 4, 4, 2, 2, 6, 2, 4, 8, 8, 8, 6, 8, 8, 4, 6, 8, 8, 4, 2, 6, 2, 2, 6, 8, 6, 8, 8, 8, 8, 8, 2, 6, 4, 2, 4, 6, 4]], 0.9364900588989258]
[[5, [8, 4, 8, 2, 6, 4, 4, 2, 8, 8, 8, 6, 2, 4, 4, 8, 6, 2, 2, 8, 6, 2, 4, 8, 6, 8, 8, 2, 6, 6, 6, 2, 2, 2, 8, 2, 2, 2, 8, 4, 8, 8, 2, 2, 2, 8, 2, 4, 4, 2, 6, 2]], 0.8974575996398926]
[[5, [8, 4, 8, 4, 4, 4, 4, 8, 4, 6, 4, 8, 8, 2, 4, 8, 4, 2, 2, 8, 2, 4, 8, 8, 2, 8, 6, 2, 2, 6, 6, 8, 2, 2, 2, 2, 6, 2, 8, 8, 8, 8, 8, 8, 8, 8, 2, 4, 6, 2, 8, 2]], 0.8692754507064819]
[[5, [8, 4, 8, 2, 8, 4, 4, 4, 8, 6, 8, 6, 8, 4, 4, 8, 4, 2, 8, 8, 2, 4, 6, 8, 2, 2, 4, 2, 2, 6, 6, 8, 6, 6, 4, 4, 6, 2, 8, 8, 4, 8, 6, 8, 8, 8, 4, 4, 6, 2, 6, 2]], 0.916161060333252]
[[0, [8, 2, 6, 4, 8, 6, 6, 2, 2, 2, 8, 6, 8, 6, 4, 8, 4, 6, 2, 8, 4, 6, 4, 8, 2, 2, 2, 2, 2, 8, 6, 8, 2, 2, 8, 4, 8, 8, 8, 8, 8, 8, 4, 2, 2, 6, 8, 4, 4, 2, 8, 2]], 0.8019856214523315]
[[7, [8, 4, 8, 2, 8, 4, 4, 2, 8, 2, 4, 8, 8, 4, 4, 8, 4, 2, 2, 8, 2, 6, 4, 8, 2, 2, 8, 2, 4, 6, 6, 8, 6, 2, 8, 2, 2, 2, 8, 8, 8, 8, 8, 2, 2, 2, 8, 2, 4, 2, 6, 2]], 0.8199633359909058]
[[5, [2, 4, 8, 2, 8, 4, 4, 2, 8, 6, 8, 6, 4, 4, 4, 6, 4, 2, 2, 8, 8, 6, 8, 8, 2, 8, 8, 2, 2, 2, 6, 8, 2, 6, 4, 4, 6, 2, 8, 8, 8, 2, 8, 4, 8, 4, 8, 4, 8, 2, 6, 2]], 0.9174870252609253]
[[3, [8, 4, 8, 6, 8, 4, 4, 2, 8, 4, 8, 6, 8, 4, 4, 8, 4, 8, 2, 8, 2, 2, 4, 8, 4, 8, 8, 2, 2, 6, 6, 8, 2, 2, 4, 2, 6, 2, 8, 8, 8, 6, 8, 2, 2, 8, 8, 4, 4, 2, 6, 2]], 0.7569464445114136]
[[4, [6, 4, 8, 4, 8, 2, 4, 2, 8, 2, 8, 6, 6, 4, 2, 8, 4, 2, 2, 8, 2, 2, 8, 4, 8, 8, 2, 2, 2, 6, 6, 8, 6, 2, 8, 4, 4, 2, 8, 8, 8, 8, 8, 2, 8, 8, 8, 4, 4, 2, 6, 4]], 0.7928533554077148]
[[10, [8, 4, 8, 2, 8, 8, 8, 2, 4, 6, 8, 6, 8, 4, 4, 8, 4, 8, 6, 6, 4, 8, 8, 6, 2, 8, 8, 2, 2, 6, 6, 8, 2, 2, 4, 2, 6, 2, 6, 2, 8, 8, 8, 4, 4, 8, 8, 4, 6, 6, 6, 2]], 0.9055777788162231]
[[5, [8, 4, 8, 2, 4, 4, 6, 8, 8, 4, 4, 6, 8, 4, 4, 8, 6, 2, 2, 6, 6, 6, 8, 8, 6, 6, 2, 8, 4, 6, 2, 8, 6, 2, 2, 2, 2, 6, 8, 8, 2, 8, 8, 8, 8, 8, 4, 4, 4, 8, 6, 4]], 0.9212655425071716]
[[6, [8, 8, 8, 2, 4, 2, 4, 2, 8, 2, 8, 6, 8, 4, 4, 8, 4, 2, 2, 8, 2, 2, 4, 8, 2, 8, 8, 2, 2, 6, 4, 8, 2, 6, 8, 2, 6, 4, 8, 2, 8, 8, 8, 2, 2, 8, 8, 4, 4, 2, 6, 2]], 0.9117858409881592]
[[5, [8, 4, 8, 2, 8, 2, 4, 4, 8, 8, 6, 6, 8, 6, 4, 8, 6, 2, 2, 6, 2, 4, 4, 8, 8, 6, 8, 2, 6, 6, 6, 8, 6, 2, 4, 8, 2, 6, 6, 8, 2, 2, 8, 8, 8, 6, 8, 8, 4, 2, 6, 6]], 0.9233531355857849]
[[5, [8, 4, 8, 2, 6, 4, 4, 2, 8, 4, 4, 6, 8, 4, 4, 2, 4, 2, 2, 2, 2, 4, 8, 8, 6, 6, 8, 2, 4, 2, 6, 8, 8, 6, 4, 2, 2, 6, 8, 8, 8, 4, 4, 8, 8, 2, 8, 4, 4, 2, 6, 4]], 0.9296025633811951]
[[3, [8, 4, 8, 2, 4, 4, 6, 4, 4, 6, 8, 6, 4, 6, 8, 8, 8, 2, 4, 8, 2, 4, 8, 8, 4, 8, 8, 2, 2, 6, 6, 8, 2, 2, 6, 4, 6, 2, 8, 6, 8, 8, 2, 4, 4, 8, 8, 4, 4, 2, 6, 2]], 0.9145712852478027]
[[5, [8, 4, 6, 2, 4, 4, 4, 2, 8, 2, 8, 8, 8, 4, 4, 6, 4, 2, 2, 8, 2, 2, 4, 8, 2, 8, 8, 4, 2, 6, 4, 8, 2, 2, 8, 2, 2, 2, 8, 8, 6, 2, 8, 2, 2, 8, 8, 4, 4, 2, 6, 2]], 0.9364746809005737]
[[1, [8, 4, 8, 4, 8, 6, 4, 2, 8, 2, 8, 6, 8, 6, 4, 8, 6, 2, 2, 8, 2, 2, 4, 8, 6, 8, 8, 6, 2, 6, 8, 8, 2, 2, 8, 2, 2, 2, 8, 6, 8, 8, 8, 2, 2, 8, 2, 8, 4, 2, 6, 4]], 0.807593584060669]
[[5, [8, 6, 8, 2, 8, 4, 8, 8, 4, 2, 8, 6, 6, 4, 4, 8, 8, 2, 6, 8, 2, 4, 8, 8, 6, 8, 8, 2, 2, 6, 6, 8, 6, 2, 4, 4, 6, 8, 8, 8, 6, 4, 8, 4, 4, 8, 8, 4, 6, 2, 6, 2]], 0.9164553880691528]
[[6, [2, 4, 8, 2, 8, 8, 4, 2, 8, 6, 8, 6, 8, 4, 4, 8, 8, 2, 4, 8, 8, 2, 4, 4, 2, 8, 8, 2, 2, 6, 6, 8, 2, 2, 8, 8, 2, 2, 8, 8, 8, 8, 8, 2, 2, 8, 4, 6, 4, 2, 6, 2]], 0.904306173324585]
[[5, [4, 4, 8, 8, 8, 4, 4, 2, 4, 6, 8, 6, 2, 4, 8, 8, 4, 2, 6, 8, 2, 4, 8, 8, 2, 8, 8, 2, 2, 2, 6, 8, 8, 2, 4, 4, 6, 2, 8, 8, 8, 8, 4, 4, 8, 8, 8, 4, 6, 6, 6, 4]], 0.8238792419433594]
[[15, [8, 4, 8, 2, 8, 4, 4, 2, 4, 6, 8, 6, 8, 4, 4, 8, 4, 2, 2, 8, 2, 4, 6, 6, 2, 8, 6, 8, 2, 6, 6, 8, 2, 2, 4, 4, 6, 6, 8, 8, 8, 2, 8, 4, 8, 8, 8, 6, 6, 6, 6, 2]], 0.9206408262252808]
[[3, [8, 4, 8, 8, 6, 6, 4, 2, 8, 4, 4, 6, 8, 2, 4, 4, 4, 2, 2, 6, 2, 4, 8, 8, 6, 6, 8, 2, 8, 2, 8, 8, 2, 2, 4, 2, 2, 6, 8, 2, 8, 8, 6, 8, 8, 2, 8, 4, 4, 4, 6, 4]], 0.6654225587844849]
[[13, [4, 2, 8, 2, 8, 4, 2, 2, 8, 4, 4, 6, 8, 8, 6, 8, 4, 2, 2, 6, 2, 4, 8, 8, 2, 8, 8, 2, 4, 4, 6, 8, 2, 2, 4, 2, 2, 4, 4, 8, 8, 8, 8, 8, 8, 6, 2, 4, 4, 2, 6, 4]], 0.9131269454956055]
[[8, [8, 6, 6, 2, 8, 4, 4, 4, 8, 2, 2, 6, 8, 4, 8, 8, 4, 2, 2, 4, 8, 4, 4, 6, 2, 6, 4, 2, 2, 6, 6, 4, 2, 2, 8, 2, 2, 8, 8, 6, 8, 6, 8, 6, 2, 8, 4, 4, 4, 2, 6, 2]], 0.8584977984428406]
[[10, [8, 4, 8, 2, 2, 4, 4, 2, 2, 6, 4, 4, 6, 4, 4, 4, 4, 2, 2, 4, 6, 4, 8, 2, 6, 4, 8, 2, 4, 6, 6, 8, 2, 2, 4, 6, 2, 6, 8, 8, 4, 6, 8, 8, 8, 2, 8, 4, 4, 4, 6, 8]], 0.9177751541137695]
[[1, [8, 4, 8, 2, 8, 4, 8, 2, 8, 2, 8, 6, 4, 2, 4, 6, 4, 2, 2, 8, 8, 2, 4, 8, 6, 8, 2, 2, 2, 6, 4, 8, 2, 2, 8, 2, 2, 2, 4, 8, 8, 8, 8, 2, 2, 8, 8, 4, 6, 2, 6, 2]], 0.8259350061416626]
[[13, [8, 2, 4, 2, 8, 4, 4, 2, 8, 2, 2, 2, 4, 4, 4, 2, 4, 2, 2, 8, 8, 2, 4, 2, 4, 8, 8, 2, 2, 6, 6, 8, 2, 2, 8, 2, 2, 2, 8, 8, 8, 8, 8, 6, 2, 8, 8, 4, 2, 8, 4, 2]], 0.9040915369987488]
[[7, [8, 6, 6, 2, 2, 4, 4, 2, 8, 2, 8, 6, 8, 4, 4, 8, 4, 2, 2, 8, 6, 4, 4, 8, 2, 8, 8, 6, 4, 2, 6, 8, 2, 2, 8, 2, 2, 2, 8, 8, 8, 6, 8, 2, 2, 4, 8, 4, 4, 2, 8, 2]], 0.8239819407463074]
[[5, [8, 4, 8, 8, 4, 4, 4, 2, 8, 6, 6, 6, 8, 4, 2, 8, 2, 8, 2, 6, 2, 4, 8, 8, 2, 4, 8, 2, 6, 6, 4, 8, 2, 2, 4, 8, 6, 2, 8, 4, 8, 8, 8, 4, 6, 2, 8, 2, 4, 2, 6, 4]], 0.7889265418052673]
[[5, [4, 2, 8, 2, 8, 4, 2, 8, 8, 4, 4, 6, 8, 4, 4, 4, 8, 2, 2, 6, 2, 4, 8, 8, 6, 6, 8, 2, 4, 6, 6, 8, 2, 2, 4, 2, 2, 8, 6, 4, 8, 8, 8, 8, 4, 2, 8, 4, 4, 2, 6, 4]], 0.9017528891563416]
[[5, [8, 4, 8, 2, 8, 4, 2, 2, 8, 2, 8, 8, 8, 4, 8, 8, 4, 4, 2, 8, 4, 2, 8, 8, 2, 8, 8, 2, 2, 6, 6, 8, 2, 2, 8, 2, 4, 8, 8, 2, 8, 8, 6, 8, 2, 8, 8, 4, 4, 2, 6, 8]], 0.9187077283859253]
[[5, [8, 4, 8, 8, 8, 4, 4, 2, 8, 4, 4, 6, 8, 4, 4, 8, 4, 2, 4, 6, 2, 4, 8, 8, 6, 6, 8, 2, 4, 6, 6, 8, 2, 2, 2, 2, 6, 6, 8, 8, 8, 8, 8, 8, 8, 2, 8, 2, 4, 2, 6, 4]], 0.8140120506286621]
[[11, [8, 8, 8, 2, 8, 4, 6, 2, 8, 4, 4, 8, 8, 4, 4, 8, 6, 2, 4, 6, 6, 4, 8, 8, 6, 6, 6, 2, 4, 6, 6, 8, 2, 2, 4, 8, 2, 6, 6, 8, 8, 8, 8, 8, 8, 2, 4, 4, 6, 2, 6, 4]], 0.9102061986923218]
[[5, [6, 6, 4, 2, 8, 2, 4, 8, 8, 2, 8, 6, 8, 4, 4, 8, 4, 2, 2, 8, 2, 6, 4, 8, 2, 2, 8, 8, 2, 6, 4, 8, 2, 2, 8, 2, 8, 6, 6, 8, 8, 8, 8, 2, 2, 8, 8, 4, 4, 2, 6, 2]], 0.927257239818573]
[[3, [6, 4, 6, 2, 8, 4, 6, 6, 2, 4, 4, 6, 8, 4, 4, 8, 4, 2, 2, 6, 2, 4, 4, 8, 2, 6, 6, 2, 2, 6, 6, 8, 8, 2, 4, 2, 2, 6, 8, 2, 8, 8, 8, 8, 8, 2, 8, 4, 4, 2, 8, 4]], 0.9176254272460938]
[[5, [8, 4, 2, 2, 4, 4, 4, 2, 4, 4, 4, 6, 8, 8, 6, 8, 4, 2, 4, 2, 2, 4, 8, 8, 6, 6, 6, 2, 4, 6, 2, 8, 2, 2, 4, 2, 2, 6, 4, 8, 2, 8, 8, 6, 6, 8, 6, 2, 4, 2, 6, 2]], 0.9122792482376099]
[[0, [8, 4, 8, 2, 8, 4, 4, 2, 8, 2, 8, 6, 8, 8, 4, 8, 4, 2, 2, 8, 4, 2, 4, 8, 2, 8, 8, 6, 2, 6, 6, 8, 2, 2, 8, 4, 2, 2, 8, 8, 8, 8, 8, 2, 6, 8, 8, 4, 4, 2, 6, 2]], 0.8219536542892456]
[[5, [6, 2, 8, 8, 8, 8, 8, 4, 8, 2, 8, 4, 8, 4, 4, 8, 4, 8, 2, 8, 8, 2, 4, 8, 2, 8, 8, 2, 2, 6, 6, 8, 6, 2, 6, 2, 6, 2, 8, 8, 8, 4, 4, 8, 2, 6, 4, 6, 8, 2, 2, 2]], 0.8066908121109009]
[[5, [8, 2, 8, 4, 8, 4, 4, 2, 8, 2, 8, 4, 4, 4, 2, 8, 4, 2, 2, 8, 2, 2, 4, 8, 2, 8, 8, 2, 8, 6, 4, 8, 6, 2, 8, 2, 6, 8, 8, 8, 8, 4, 6, 2, 2, 8, 4, 4, 8, 2, 2, 2]], 0.8203821182250977]
[[5, [8, 8, 8, 2, 8, 6, 4, 2, 8, 2, 8, 6, 8, 2, 6, 8, 4, 2, 6, 8, 6, 2, 4, 8, 2, 6, 4, 2, 2, 6, 6, 8, 2, 2, 8, 2, 2, 2, 8, 6, 8, 8, 4, 2, 8, 8, 4, 4, 4, 6, 6, 2]], 0.9296809434890747]
[[12, [6, 4, 8, 2, 8, 4, 4, 6, 8, 2, 8, 4, 8, 4, 4, 8, 4, 8, 2, 4, 4, 8, 4, 2, 2, 8, 8, 6, 2, 6, 4, 8, 6, 2, 8, 4, 2, 2, 8, 8, 8, 4, 8, 2, 2, 8, 4, 4, 8, 2, 2, 2]], 0.8963496088981628]
[[9, [8, 4, 8, 2, 8, 4, 4, 8, 4, 4, 8, 6, 8, 4, 4, 8, 4, 2, 6, 8, 2, 4, 8, 4, 6, 8, 8, 2, 2, 6, 6, 8, 2, 4, 4, 2, 6, 8, 8, 8, 4, 8, 6, 8, 8, 8, 8, 4, 6, 2, 6, 8]], 0.845599889755249]
[[2, [8, 4, 8, 2, 8, 4, 4, 2, 8, 8, 4, 6, 2, 4, 4, 8, 4, 4, 2, 8, 2, 4, 8, 8, 2, 6, 8, 6, 2, 6, 6, 8, 4, 8, 4, 2, 8, 6, 8, 6, 8, 8, 8, 8, 8, 2, 8, 8, 4, 2, 6, 8]], 0.8326139450073242]
[[13, [8, 4, 8, 2, 8, 8, 4, 2, 6, 2, 8, 6, 2, 4, 4, 8, 4, 6, 2, 8, 2, 2, 6, 4, 8, 8, 8, 2, 8, 6, 6, 8, 2, 2, 8, 2, 2, 2, 8, 8, 8, 6, 8, 2, 4, 6, 8, 2, 2, 2, 6, 8]], 0.9270097017288208]
[[5, [8, 6, 8, 4, 8, 4, 4, 2, 8, 2, 8, 6, 8, 4, 6, 8, 8, 2, 8, 6, 8, 2, 4, 8, 2, 8, 8, 2, 2, 2, 6, 8, 2, 8, 8, 2, 2, 2, 8, 8, 8, 8, 6, 2, 6, 8, 8, 8, 2, 2, 6, 8]], 0.8236435651779175]
[[5, [8, 2, 8, 6, 8, 4, 4, 4, 8, 4, 8, 6, 8, 4, 4, 8, 4, 4, 2, 8, 4, 8, 4, 8, 2, 8, 8, 2, 6, 6, 6, 4, 2, 2, 8, 6, 8, 2, 8, 8, 4, 6, 8, 2, 2, 2, 8, 4, 4, 4, 6, 2]], 0.8064178228378296]
[[10, [8, 4, 8, 2, 4, 2, 4, 2, 2, 2, 8, 6, 4, 4, 4, 8, 2, 4, 2, 8, 2, 8, 8, 8, 2, 4, 6, 2, 2, 6, 6, 8, 2, 8, 8, 2, 2, 2, 8, 8, 2, 8, 8, 2, 8, 2, 8, 4, 4, 2, 6, 2]], 0.9035758376121521]
[[5, [8, 8, 8, 4, 8, 4, 4, 2, 8, 4, 4, 6, 4, 4, 6, 8, 4, 2, 2, 6, 6, 4, 8, 8, 6, 6, 6, 2, 4, 6, 6, 8, 2, 2, 4, 2, 2, 6, 8, 8, 8, 8, 8, 8, 8, 2, 8, 4, 4, 2, 6, 4]], 0.8293452262878418]
[[5, [8, 4, 8, 2, 8, 4, 2, 2, 6, 6, 8, 6, 8, 4, 4, 8, 4, 2, 6, 8, 2, 6, 8, 8, 2, 8, 8, 2, 2, 6, 6, 8, 2, 2, 4, 2, 6, 2, 6, 8, 8, 8, 8, 4, 8, 8, 8, 4, 6, 2, 6, 6]], 0.9003273844718933]
[[5, [6, 4, 8, 2, 8, 4, 4, 4, 6, 2, 8, 4, 8, 4, 4, 8, 4, 8, 2, 8, 4, 2, 4, 8, 2, 8, 8, 2, 2, 2, 4, 8, 6, 2, 8, 2, 2, 2, 2, 8, 2, 4, 8, 2, 2, 8, 4, 4, 8, 8, 2, 2]], 0.9402942657470703]
[[5, [8, 4, 8, 2, 8, 4, 4, 8, 4, 2, 4, 6, 8, 6, 8, 8, 4, 2, 2, 8, 6, 2, 4, 8, 2, 2, 8, 2, 6, 4, 6, 8, 2, 2, 8, 2, 2, 2, 8, 8, 8, 8, 8, 2, 2, 8, 8, 4, 4, 2, 6, 2]], 0.9351887702941895]
[[4, [4, 4, 8, 2, 8, 4, 6, 2, 6, 2, 8, 8, 8, 4, 4, 4, 4, 2, 6, 8, 2, 2, 2, 8, 2, 6, 2, 2, 2, 4, 4, 8, 6, 2, 8, 2, 2, 2, 4, 2, 8, 4, 4, 2, 2, 6, 4, 4, 8, 2, 2, 2]], 0.9349374771118164]
[[5, [8, 4, 8, 6, 8, 4, 4, 2, 4, 6, 8, 6, 8, 4, 8, 8, 4, 2, 6, 8, 6, 6, 4, 8, 2, 8, 6, 2, 2, 6, 6, 8, 2, 2, 4, 4, 6, 8, 8, 8, 8, 6, 8, 4, 8, 8, 8, 2, 6, 4, 6, 2]], 0.8139296770095825]
[[6, [6, 6, 8, 4, 8, 4, 4, 4, 6, 2, 4, 2, 8, 4, 4, 8, 4, 6, 2, 4, 4, 2, 2, 8, 2, 8, 8, 2, 2, 2, 4, 6, 6, 6, 8, 2, 6, 2, 2, 8, 2, 4, 8, 2, 2, 8, 4, 6, 8, 6, 2, 2]], 0.8405134081840515]
[[5, [8, 4, 8, 2, 8, 8, 6, 4, 8, 2, 8, 6, 2, 4, 4, 4, 4, 2, 8, 8, 8, 8, 4, 8, 2, 8, 8, 2, 2, 6, 6, 8, 2, 2, 8, 2, 6, 2, 8, 8, 8, 2, 6, 2, 2, 4, 8, 4, 4, 8, 6, 2]], 0.9069094061851501]
[[3, [8, 4, 8, 2, 8, 4, 4, 2, 2, 8, 4, 6, 2, 8, 4, 8, 4, 4, 2, 6, 2, 4, 8, 8, 2, 6, 8, 2, 4, 6, 6, 8, 6, 8, 4, 2, 2, 4, 8, 8, 8, 4, 8, 6, 8, 2, 8, 4, 2, 2, 6, 8]], 0.925075888633728]
