[[0, [2, 4, 2, 2, 8, 2, 8, 2, 4, 6, 2, 2, 2, 6, 2, 8, 4, 8, 6]], 0.7256999611854553]
[[6, [6, 4, 8, 6, 6, 8, 4, 4, 8, 6, 6, 8, 6, 4, 2, 8, 2, 4, 4]], 0.12600000202655792]
[[6, [2, 4, 8, 8, 2, 8, 8, 2, 2, 8, 2, 4, 8, 6, 2, 4, 6, 8, 6]], 0.021900000050663948]
[[6, [6, 8, 2, 4, 8, 8, 2, 6, 6, 8, 2, 8, 4, 2, 4, 6, 8, 6, 2]], 0.10099999606609344]
[[6, [4, 2, 8, 8, 4, 8, 4, 4, 4, 2, 4, 2, 2, 4, 6, 2, 6, 6, 6]], 0.013700000010430813]
[[4, [8, 2, 2, 8, 6, 4, 8, 8, 4, 6, 8, 6, 6, 2, 2, 6, 8, 2, 6]], 0.668999969959259]
[[0, [6, 8, 4, 6, 8, 4, 8, 8, 4, 2, 4, 8, 8, 8, 8, 8, 8, 4, 4]], 0.7669999599456787]
[[6, [8, 2, 6, 4, 2, 2, 2, 8, 4, 2, 2, 4, 6, 6, 8, 8, 8, 6, 2]], 0.028999999165534973]
[[6, [8, 6, 6, 4, 8, 6, 4, 4, 4, 4, 8, 4, 2, 4, 4, 8, 2, 6, 4]], 0.6974999904632568]
[[2, [4, 2, 4, 6, 4, 2, 4, 2, 8, 2, 8, 6, 4, 2, 4, 8, 6, 2, 6]], 0.05989999696612358]
[[6, [8, 2, 2, 6, 8, 2, 2, 8, 6, 6, 6, 4, 6, 4, 8, 2, 8, 6, 6]], 0.0429999977350235]
[[3, [6, 2, 2, 2, 8, 8, 4, 6, 2, 4, 4, 6, 2, 8, 6, 2, 4, 4, 6]], 0.03150000050663948]
[[3, [4, 2, 8, 6, 4, 2, 6, 2, 4, 6, 6, 6, 6, 8, 2, 6, 6, 2, 4]], 0.09719999879598618]
[[7, [4, 4, 4, 8, 6, 6, 6, 8, 4, 2, 2, 8, 8, 2, 2, 6, 4, 6, 2]], 0.010099999606609344]
[[5, [2, 2, 8, 8, 8, 2, 2, 4, 8, 8, 4, 6, 2, 2, 2, 6, 2, 8, 4]], 0.030700000002980232]
[[1, [2, 4, 8, 4, 6, 6, 8, 4, 2, 8, 4, 2, 4, 2, 2, 4, 4, 8, 6]], 0.724299967288971]
[[7, [2, 8, 6, 4, 8, 4, 4, 4, 8, 2, 2, 8, 6, 6, 8, 6, 2, 2, 8]], 0.020899999886751175]
[[3, [2, 2, 8, 4, 2, 4, 8, 6, 6, 2, 8, 6, 4, 8, 6, 4, 4, 8, 4]], 0.18949998915195465]
[[3, [2, 2, 6, 8, 8, 4, 2, 2, 6, 4, 8, 8, 6, 8, 4, 8, 4, 4, 4]], 0.6421999931335449]
[[5, [2, 6, 8, 8, 6, 4, 6, 6, 2, 6, 2, 8, 2, 6, 2, 2, 6, 2, 4]], 0.10130000114440918]
[[4, [2, 2, 6, 8, 6, 4, 6, 8, 4, 6, 8, 6, 6, 2, 2, 4, 8, 2, 6]], 0.710599958896637]
[[1, [2, 4, 8, 4, 8, 6, 8, 4, 2, 8, 6, 4, 4, 4, 2, 4, 4, 8, 6]], 0.722000002861023]
[[5, [2, 6, 2, 8, 6, 4, 6, 8, 6, 6, 8, 2, 6, 2, 2, 6, 8, 8, 6]], 0.6714999675750732]
[[4, [4, 2, 2, 8, 6, 4, 8, 8, 6, 6, 4, 2, 6, 2, 2, 2, 8, 2, 6]], 0.6754999756813049]
[[4, [8, 6, 6, 8, 6, 8, 6, 8, 8, 6, 6, 6, 4, 2, 2, 4, 8, 2, 6]], 0.7670999765396118]
[[2, [2, 2, 6, 8, 8, 8, 2, 2, 6, 2, 8, 8, 4, 8, 4, 8, 6, 4, 4]], 0.7008999586105347]
[[3, [2, 2, 6, 8, 6, 4, 6, 8, 4, 6, 8, 6, 6, 2, 4, 4, 8, 4, 6]], 0.708899974822998]
[[2, [2, 6, 2, 8, 6, 4, 6, 8, 6, 6, 8, 8, 2, 2, 2, 8, 8, 4, 6]], 0.7080999612808228]
[[7, [4, 6, 2, 8, 6, 4, 8, 8, 6, 6, 4, 4, 6, 2, 2, 2, 8, 2, 6]], 0.11889999359846115]
[[5, [4, 6, 2, 8, 6, 4, 6, 8, 4, 6, 8, 2, 6, 2, 4, 2, 8, 8, 6]], 0.7087999582290649]
[[1, [2, 6, 2, 4, 4, 4, 8, 8, 6, 6, 8, 2, 6, 2, 2, 8, 8, 2, 8]], 0.7071999907493591]
[[5, [4, 6, 8, 8, 6, 4, 2, 8, 4, 6, 8, 4, 6, 4, 4, 2, 8, 2, 4]], 0.7462999820709229]
[[7, [2, 6, 2, 8, 6, 4, 6, 8, 4, 6, 8, 2, 6, 2, 6, 2, 8, 2, 6]], 0.07719999551773071]
[[1, [8, 6, 6, 8, 6, 4, 2, 6, 4, 6, 8, 4, 4, 4, 4, 2, 8, 2, 2]], 0.7681999802589417]
[[6, [2, 2, 6, 8, 6, 8, 6, 8, 4, 6, 8, 4, 8, 2, 2, 8, 8, 2, 4]], 0.4657999873161316]
[[5, [4, 6, 8, 8, 8, 8, 2, 2, 8, 4, 8, 6, 6, 4, 2, 2, 8, 8, 4]], 0.7239999771118164]
[[5, [2, 6, 2, 6, 4, 4, 6, 8, 6, 6, 4, 2, 6, 2, 2, 6, 8, 6, 2]], 0.6682999730110168]
[[5, [4, 2, 2, 8, 6, 8, 2, 8, 4, 6, 8, 2, 6, 2, 2, 2, 8, 8, 6]], 0.029899999499320984]
[[5, [8, 8, 6, 8, 8, 6, 6, 8, 6, 6, 4, 2, 6, 2, 2, 6, 8, 6, 2]], 0.7174999713897705]
[[5, [2, 2, 2, 8, 4, 4, 4, 8, 4, 6, 8, 2, 6, 4, 4, 2, 8, 4, 6]], 0.18940000236034393]
[[1, [4, 2, 8, 8, 6, 4, 2, 6, 4, 6, 8, 6, 6, 4, 6, 2, 6, 2, 4]], 0.7119999527931213]
[[5, [4, 6, 8, 6, 6, 4, 2, 8, 8, 6, 8, 4, 6, 8, 8, 2, 8, 2, 4]], 0.7494999766349792]
[[5, [4, 6, 8, 2, 8, 4, 2, 8, 2, 6, 8, 4, 6, 4, 4, 2, 2, 2, 6]], 0.708899974822998]
[[4, [8, 4, 6, 8, 8, 6, 2, 8, 6, 6, 4, 2, 8, 2, 2, 6, 8, 8, 2]], 0.7411999702453613]
[[6, [2, 2, 8, 4, 6, 4, 2, 2, 4, 6, 8, 4, 6, 4, 8, 2, 8, 2, 4]], 0.037299998104572296]
[[5, [4, 2, 8, 8, 6, 4, 2, 4, 6, 6, 8, 4, 2, 4, 6, 6, 8, 2, 4]], 0.6645999550819397]
[[4, [4, 6, 8, 8, 6, 4, 4, 8, 4, 6, 8, 4, 8, 2, 4, 2, 8, 2, 4]], 0.7559999823570251]
[[5, [8, 6, 8, 4, 6, 4, 2, 8, 6, 4, 8, 4, 6, 4, 4, 8, 4, 6, 4]], 0.7479999661445618]
[[2, [8, 4, 6, 8, 8, 8, 2, 8, 6, 6, 4, 2, 8, 6, 2, 6, 8, 8, 2]], 0.7488999962806702]
[[2, [8, 6, 6, 4, 6, 4, 2, 8, 6, 4, 8, 4, 4, 4, 4, 8, 4, 6, 4]], 0.750499963760376]
[[7, [6, 6, 8, 4, 8, 8, 2, 8, 6, 4, 8, 8, 6, 4, 4, 6, 4, 6, 8]], 0.7493999600410461]
[[1, [8, 4, 6, 8, 8, 6, 2, 8, 2, 6, 4, 2, 2, 2, 6, 6, 8, 8, 6]], 0.7605999708175659]
[[0, [8, 6, 4, 4, 8, 4, 2, 8, 6, 4, 8, 2, 6, 2, 8, 8, 4, 8, 4]], 0.7682999968528748]
[[5, [8, 6, 8, 8, 6, 4, 2, 8, 4, 8, 8, 4, 6, 2, 2, 8, 8, 2, 2]], 0.713699996471405]
[[5, [8, 8, 8, 8, 8, 6, 6, 8, 6, 6, 4, 2, 6, 2, 2, 4, 8, 6, 2]], 0.7167999744415283]
[[5, [4, 6, 6, 8, 6, 8, 2, 8, 4, 2, 8, 4, 6, 8, 4, 2, 8, 2, 4]], 0.07239999622106552]
[[3, [8, 6, 8, 4, 6, 4, 2, 4, 6, 4, 8, 8, 6, 4, 4, 8, 4, 8, 2]], 0.7506999969482422]
[[5, [8, 6, 2, 6, 6, 4, 6, 8, 4, 4, 8, 4, 6, 4, 4, 8, 4, 6, 4]], 0.7448999881744385]
[[2, [4, 8, 8, 2, 6, 2, 2, 6, 6, 6, 8, 4, 6, 4, 4, 6, 4, 6, 4]], 0.026899999007582664]
[[0, [8, 6, 8, 8, 6, 4, 2, 8, 6, 6, 8, 4, 6, 4, 4, 8, 4, 6, 2]], 0.7685999870300293]
[[4, [8, 4, 6, 8, 8, 2, 6, 8, 6, 6, 4, 4, 8, 2, 2, 6, 8, 8, 2]], 0.6902999877929688]
[[5, [8, 6, 8, 4, 4, 4, 4, 8, 6, 4, 8, 4, 6, 4, 4, 8, 4, 6, 4]], 0.7572999596595764]
[[5, [8, 2, 6, 4, 6, 4, 2, 8, 8, 4, 8, 4, 6, 4, 4, 8, 4, 6, 8]], 0.6979999542236328]
[[0, [2, 6, 8, 4, 6, 4, 2, 2, 6, 4, 8, 6, 6, 4, 4, 8, 4, 6, 4]], 0.7271999716758728]
[[2, [2, 6, 2, 4, 6, 8, 6, 8, 8, 4, 6, 4, 6, 2, 6, 8, 4, 6, 4]], 0.7069000005722046]
[[2, [8, 8, 6, 8, 6, 6, 6, 8, 6, 6, 4, 2, 6, 2, 2, 6, 8, 6, 2]], 0.7687000036239624]
[[5, [8, 6, 4, 4, 4, 4, 6, 6, 8, 4, 4, 4, 6, 4, 4, 8, 4, 6, 4]], 0.7555999755859375]
[[0, [8, 2, 6, 4, 6, 4, 2, 8, 8, 6, 6, 8, 6, 4, 4, 8, 4, 6, 8]], 0.7114999890327454]
[[7, [8, 4, 6, 8, 6, 4, 2, 8, 6, 6, 4, 2, 8, 8, 2, 6, 4, 8, 2]], 0.027799999341368675]
[[4, [8, 6, 6, 8, 8, 6, 2, 8, 6, 6, 4, 2, 8, 2, 2, 6, 8, 6, 2]], 0.7482999563217163]
[[1, [4, 6, 2, 2, 6, 4, 2, 8, 4, 6, 8, 4, 6, 8, 4, 2, 2, 2, 4]], 0.7439999580383301]
[[4, [8, 6, 6, 2, 8, 6, 2, 8, 2, 6, 4, 2, 8, 2, 2, 6, 8, 6, 2]], 0.7132999897003174]
[[3, [8, 6, 8, 4, 4, 4, 2, 8, 6, 4, 8, 4, 2, 6, 4, 8, 4, 2, 4]], 0.7497999668121338]
[[5, [8, 6, 8, 6, 6, 4, 2, 8, 6, 4, 8, 4, 6, 4, 4, 8, 8, 6, 4]], 0.7483999729156494]
[[5, [8, 6, 8, 8, 6, 4, 2, 6, 6, 4, 8, 4, 6, 4, 4, 4, 4, 6, 4]], 0.7473999857902527]
[[5, [4, 6, 8, 8, 6, 4, 2, 8, 2, 6, 8, 8, 4, 4, 6, 2, 8, 2, 4]], 0.7232999801635742]
[[5, [6, 6, 6, 8, 6, 4, 2, 6, 6, 4, 8, 4, 4, 6, 6, 4, 8, 6, 4]], 0.7464999556541443]
[[5, [6, 4, 2, 2, 6, 4, 2, 6, 6, 4, 4, 8, 4, 6, 6, 8, 8, 6, 2]], 0.7283999919891357]
[[2, [8, 4, 8, 8, 6, 4, 2, 6, 6, 4, 8, 4, 6, 4, 4, 4, 4, 6, 4]], 0.748199999332428]
[[5, [8, 6, 4, 4, 2, 4, 8, 8, 6, 4, 8, 4, 2, 4, 4, 8, 4, 4, 4]], 0.6277999877929688]
[[5, [8, 6, 8, 8, 6, 4, 2, 8, 2, 6, 8, 4, 6, 2, 8, 2, 8, 2, 4]], 0.6766999959945679]
[[5, [2, 6, 8, 8, 6, 4, 2, 6, 6, 8, 2, 4, 6, 8, 8, 4, 8, 6, 4]], 0.026999998837709427]
[[0, [8, 6, 8, 8, 4, 4, 2, 6, 6, 6, 8, 4, 6, 8, 4, 4, 4, 6, 4]], 0.7688999772071838]
[[5, [6, 8, 8, 4, 6, 4, 2, 8, 4, 2, 6, 4, 8, 4, 4, 8, 6, 6, 4]], 0.0828000009059906]
[[5, [8, 2, 8, 8, 6, 4, 4, 6, 8, 4, 8, 6, 6, 4, 4, 4, 4, 6, 4]], 0.7064999938011169]
[[5, [8, 6, 4, 8, 6, 4, 2, 6, 4, 6, 8, 8, 6, 6, 2, 2, 8, 2, 8]], 0.7472999691963196]
[[0, [4, 8, 8, 8, 6, 4, 2, 8, 4, 6, 8, 4, 6, 6, 4, 6, 8, 2, 4]], 0.760699987411499]
[[4, [8, 6, 8, 8, 6, 4, 2, 6, 6, 2, 8, 4, 4, 4, 2, 4, 4, 4, 4]], 0.08429999649524689]
[[6, [6, 6, 4, 8, 8, 4, 2, 6, 4, 6, 8, 8, 6, 6, 2, 2, 4, 8, 8]], 0.5608999729156494]
[[7, [8, 6, 8, 4, 6, 4, 2, 8, 6, 4, 4, 4, 6, 4, 4, 6, 4, 2, 4]], 0.4585999846458435]
[[3, [8, 4, 8, 4, 6, 4, 4, 8, 6, 4, 8, 4, 6, 4, 4, 8, 4, 6, 4]], 0.7554999589920044]
[[5, [6, 6, 8, 2, 2, 4, 4, 6, 4, 6, 8, 8, 6, 4, 8, 2, 8, 2, 8]], 0.6324999928474426]
[[5, [8, 6, 4, 8, 6, 4, 2, 6, 4, 6, 6, 6, 6, 6, 4, 2, 8, 2, 2]], 0.7483999729156494]
[[4, [8, 6, 4, 8, 8, 8, 2, 6, 6, 6, 4, 8, 6, 8, 2, 2, 8, 2, 8]], 0.7495999932289124]
[[5, [2, 6, 2, 6, 6, 4, 2, 2, 4, 2, 8, 8, 6, 6, 2, 2, 8, 2, 8]], 0.019500000402331352]
[[0, [8, 4, 4, 8, 4, 4, 2, 6, 6, 6, 6, 8, 4, 8, 4, 2, 8, 4, 2]], 0.7601000070571899]
[[5, [2, 2, 4, 8, 6, 4, 2, 6, 8, 6, 6, 8, 2, 6, 4, 8, 8, 2, 2]], 0.6545999646186829]
[[7, [8, 2, 4, 8, 6, 2, 2, 4, 4, 6, 6, 6, 6, 6, 4, 2, 8, 8, 2]], 0.01599999889731407]
[[5, [8, 6, 4, 8, 6, 4, 2, 6, 4, 2, 2, 6, 8, 6, 4, 4, 2, 2, 2]], 0.05329999700188637]
[[5, [6, 6, 2, 2, 4, 2, 2, 6, 8, 4, 8, 8, 2, 6, 6, 4, 8, 6, 4]], 0.04519999772310257]
[[5, [8, 8, 4, 8, 6, 2, 2, 6, 4, 8, 6, 4, 6, 6, 4, 2, 8, 2, 6]], 0.031300000846385956]
[[5, [8, 6, 8, 2, 6, 4, 2, 2, 4, 2, 8, 4, 8, 4, 4, 4, 6, 2, 4]], 0.021800000220537186]
[[5, [6, 6, 8, 8, 6, 4, 2, 6, 6, 4, 4, 2, 6, 4, 6, 4, 4, 2, 4]], 0.743399977684021]
[[6, [6, 6, 8, 8, 6, 2, 2, 6, 4, 6, 4, 6, 6, 4, 6, 4, 4, 2, 4]], 0.028599999845027924]
[[5, [6, 4, 6, 8, 6, 4, 8, 6, 2, 4, 4, 4, 8, 4, 6, 4, 4, 2, 6]], 0.7318999767303467]
[[5, [6, 6, 4, 8, 4, 4, 2, 2, 4, 6, 8, 8, 6, 6, 2, 2, 8, 2, 8]], 0.729200005531311]
[[3, [8, 6, 4, 8, 6, 4, 2, 6, 4, 6, 6, 6, 2, 6, 4, 2, 8, 2, 4]], 0.7475000023841858]
[[5, [6, 6, 4, 8, 6, 4, 6, 6, 4, 4, 8, 8, 6, 2, 2, 4, 8, 2, 2]], 0.7152000069618225]
[[0, [4, 6, 8, 6, 6, 4, 2, 4, 6, 4, 4, 2, 6, 8, 6, 4, 4, 2, 2]], 0.7609999775886536]
[[7, [2, 6, 4, 8, 6, 4, 2, 6, 2, 6, 8, 8, 2, 8, 2, 2, 8, 2, 8]], 0.06529999524354935]
[[5, [8, 6, 6, 8, 6, 4, 2, 6, 2, 6, 4, 8, 4, 8, 2, 4, 8, 2, 8]], 0.7250999808311462]
[[5, [8, 6, 4, 8, 6, 4, 2, 6, 4, 6, 8, 6, 6, 6, 2, 2, 2, 2, 6]], 0.7468000054359436]
[[4, [6, 2, 8, 4, 6, 4, 2, 6, 4, 8, 6, 2, 6, 6, 6, 8, 4, 2, 4]], 0.6984999775886536]
[[5, [6, 6, 6, 8, 6, 4, 2, 6, 8, 4, 4, 2, 6, 8, 6, 4, 4, 2, 4]], 0.7457000017166138]
[[1, [6, 6, 6, 8, 6, 2, 2, 6, 8, 4, 4, 2, 6, 8, 6, 4, 4, 2, 2]], 0.7674999833106995]
[[5, [6, 2, 8, 8, 6, 4, 2, 8, 6, 4, 4, 2, 4, 4, 6, 8, 6, 2, 4]], 0.6936999559402466]
[[2, [6, 6, 8, 8, 6, 4, 2, 6, 6, 4, 4, 2, 6, 4, 6, 2, 4, 2, 4]], 0.7488999962806702]
[[3, [6, 6, 6, 6, 6, 8, 2, 6, 2, 4, 8, 2, 6, 8, 4, 4, 2, 2, 4]], 0.7242000102996826]
[[5, [8, 6, 4, 8, 6, 4, 2, 6, 4, 6, 6, 6, 4, 2, 2, 2, 8, 2, 2]], 0.7134999632835388]
[[5, [6, 6, 6, 8, 6, 4, 4, 6, 6, 4, 8, 4, 6, 4, 2, 4, 2, 2, 4]], 0.7584999799728394]
[[4, [4, 6, 2, 8, 6, 4, 2, 2, 8, 4, 6, 2, 6, 8, 6, 6, 6, 2, 4]], 0.7067999839782715]
[[5, [8, 6, 6, 2, 6, 4, 2, 6, 4, 4, 6, 6, 6, 4, 4, 8, 6, 8, 4]], 0.7372999787330627]
[[4, [8, 4, 6, 8, 8, 4, 8, 2, 6, 6, 8, 8, 6, 6, 2, 6, 8, 2, 8]], 0.7275999784469604]
[[1, [6, 6, 6, 2, 6, 4, 2, 4, 8, 8, 4, 2, 4, 8, 4, 6, 4, 6, 4]], 0.7505999803543091]
[[5, [8, 2, 2, 6, 6, 4, 2, 6, 4, 4, 4, 8, 6, 4, 8, 8, 8, 2, 8]], 0.6078000068664551]
[[5, [8, 6, 6, 8, 6, 4, 2, 6, 4, 6, 6, 4, 6, 6, 2, 6, 2, 2, 6]], 0.7489999532699585]
[[5, [8, 6, 4, 8, 6, 6, 2, 6, 4, 6, 6, 2, 6, 6, 4, 2, 8, 2, 4]], 0.7466999888420105]
[[5, [6, 6, 6, 8, 2, 4, 2, 6, 8, 4, 4, 2, 4, 8, 2, 4, 4, 4, 4]], 0.065700002014637]
[[5, [8, 6, 2, 4, 6, 4, 2, 2, 4, 6, 8, 8, 6, 8, 6, 2, 8, 8, 8]], 0.7142999768257141]
[[5, [2, 6, 6, 8, 6, 6, 2, 6, 8, 4, 4, 4, 6, 8, 6, 4, 4, 2, 4]], 0.7123000025749207]
[[5, [8, 4, 4, 8, 6, 2, 2, 4, 4, 6, 6, 2, 6, 6, 2, 2, 8, 2, 4]], 0.06319999694824219]
[[0, [6, 6, 6, 8, 6, 4, 2, 2, 8, 2, 4, 2, 6, 8, 2, 4, 6, 4, 4]], 0.7680999636650085]
[[5, [8, 6, 4, 8, 8, 6, 2, 6, 4, 6, 6, 2, 6, 6, 2, 6, 8, 2, 4]], 0.7464999556541443]
[[5, [6, 6, 6, 4, 6, 8, 2, 4, 8, 4, 4, 8, 6, 2, 8, 4, 4, 8, 4]], 0.7087999582290649]
[[5, [6, 6, 6, 8, 6, 4, 2, 6, 8, 4, 6, 2, 6, 8, 6, 4, 4, 2, 4]], 0.7461000084877014]
[[5, [6, 6, 6, 8, 6, 4, 8, 6, 2, 4, 4, 2, 2, 8, 6, 4, 4, 4, 4]], 0.6832999587059021]
[[3, [6, 6, 6, 8, 6, 4, 2, 6, 8, 6, 4, 4, 6, 8, 6, 4, 4, 6, 6]], 0.7491999864578247]
[[5, [6, 6, 2, 8, 6, 4, 2, 8, 8, 4, 8, 2, 6, 8, 6, 6, 4, 2, 4]], 0.736299991607666]
[[1, [6, 6, 6, 8, 6, 4, 2, 6, 8, 4, 4, 8, 8, 8, 6, 4, 8, 2, 4]], 0.7669999599456787]
[[5, [4, 6, 6, 8, 6, 4, 2, 6, 8, 2, 2, 2, 6, 2, 6, 4, 4, 2, 4]], 0.022099999710917473]
[[5, [8, 4, 4, 8, 4, 6, 2, 8, 4, 6, 4, 2, 6, 6, 2, 2, 2, 2, 2]], 0.7457000017166138]
[[7, [6, 6, 6, 8, 6, 4, 2, 6, 8, 4, 4, 2, 6, 8, 8, 4, 6, 2, 4]], 0.4553000032901764]
[[5, [8, 6, 4, 8, 6, 6, 2, 8, 4, 8, 4, 2, 6, 6, 2, 2, 2, 2, 2]], 0.7455999851226807]
[[3, [8, 4, 4, 8, 8, 4, 8, 8, 4, 6, 4, 6, 6, 6, 2, 2, 2, 2, 2]], 0.7577999830245972]
[[2, [8, 6, 2, 8, 2, 6, 2, 4, 4, 8, 8, 2, 8, 6, 2, 2, 2, 2, 4]], 0.04739999771118164]
[[0, [6, 6, 6, 8, 8, 4, 2, 2, 8, 4, 4, 4, 6, 8, 6, 4, 4, 2, 4]], 0.7678999900817871]
[[5, [6, 6, 6, 8, 6, 4, 8, 6, 8, 4, 4, 2, 6, 8, 6, 4, 2, 2, 4]], 0.7556999921798706]
[[5, [4, 6, 6, 8, 6, 2, 2, 8, 4, 8, 4, 2, 6, 6, 2, 2, 2, 2, 2]], 0.057999998331069946]
[[1, [4, 4, 2, 8, 4, 6, 2, 4, 4, 6, 4, 2, 6, 6, 2, 2, 2, 2, 8]], 0.7398999929428101]
[[6, [8, 6, 4, 8, 6, 6, 2, 8, 4, 8, 8, 2, 6, 6, 2, 2, 2, 8, 2]], 0.06889999657869339]
[[5, [8, 8, 8, 8, 8, 6, 2, 8, 4, 6, 4, 6, 6, 4, 2, 2, 8, 4, 2]], 0.7487999796867371]
[[5, [8, 6, 4, 4, 6, 6, 4, 6, 4, 6, 2, 2, 6, 6, 2, 2, 2, 2, 2]], 0.023000000044703484]
[[0, [8, 6, 6, 8, 6, 6, 2, 8, 4, 8, 4, 2, 6, 6, 8, 2, 2, 2, 2]], 0.7688999772071838]
[[7, [6, 6, 6, 8, 4, 4, 6, 6, 8, 4, 4, 2, 6, 2, 6, 6, 4, 2, 8]], 0.4180999994277954]
[[5, [8, 6, 6, 8, 6, 6, 2, 8, 4, 8, 4, 2, 6, 2, 2, 2, 2, 2, 8]], 0.7105000019073486]
[[5, [8, 6, 4, 2, 6, 6, 2, 8, 4, 8, 4, 4, 6, 8, 2, 2, 2, 2, 6]], 0.7382999658584595]
[[5, [6, 6, 4, 6, 6, 6, 2, 8, 4, 8, 2, 2, 6, 6, 2, 2, 4, 2, 2]], 0.013599999248981476]
[[5, [8, 6, 8, 6, 6, 6, 2, 8, 2, 8, 6, 2, 6, 2, 8, 2, 2, 2, 2]], 0.677299976348877]
[[5, [8, 4, 8, 2, 6, 6, 8, 8, 6, 8, 4, 2, 6, 6, 2, 6, 6, 2, 2]], 0.7408999800682068]
[[7, [4, 6, 4, 8, 6, 6, 2, 6, 8, 6, 8, 2, 4, 6, 4, 2, 8, 2, 4]], 0.08760000020265579]
[[5, [6, 8, 4, 8, 4, 4, 6, 8, 4, 8, 4, 8, 6, 6, 2, 6, 2, 2, 2]], 0.7599999904632568]
[[5, [6, 6, 4, 8, 6, 6, 2, 8, 4, 6, 4, 2, 8, 6, 8, 2, 2, 2, 2]], 0.7464999556541443]
[[5, [8, 2, 4, 8, 2, 6, 2, 8, 4, 6, 4, 2, 6, 6, 2, 2, 2, 2, 4]], 0.04769999906420708]
[[5, [4, 4, 4, 8, 6, 6, 6, 8, 6, 6, 4, 8, 6, 4, 8, 2, 2, 8, 6]], 0.7544999718666077]
[[0, [4, 6, 4, 8, 6, 8, 2, 8, 2, 4, 4, 6, 8, 6, 8, 2, 2, 2, 2]], 0.7604999542236328]
[[5, [4, 6, 6, 8, 2, 4, 2, 6, 8, 2, 6, 6, 6, 8, 2, 4, 4, 2, 4]], 0.014499999582767487]
[[3, [6, 6, 6, 8, 6, 8, 2, 6, 4, 4, 4, 4, 6, 4, 6, 4, 4, 6, 4]], 0.7495999932289124]
[[5, [6, 8, 4, 6, 6, 6, 2, 4, 4, 6, 4, 2, 8, 6, 8, 2, 2, 2, 2]], 0.7461000084877014]
[[5, [8, 6, 4, 8, 8, 8, 2, 8, 4, 8, 4, 2, 6, 6, 2, 8, 6, 2, 2]], 0.7461000084877014]
[[7, [6, 6, 4, 8, 6, 6, 2, 8, 4, 6, 6, 2, 8, 6, 8, 8, 2, 2, 2]], 0.07189999520778656]
[[5, [6, 8, 8, 4, 6, 6, 8, 8, 4, 6, 4, 2, 8, 6, 8, 2, 2, 2, 2]], 0.755899965763092]
[[5, [6, 6, 4, 8, 2, 6, 6, 8, 4, 6, 4, 2, 2, 6, 8, 4, 2, 2, 4]], 0.6270999908447266]
[[6, [8, 4, 4, 8, 4, 6, 2, 8, 4, 6, 4, 2, 6, 6, 2, 2, 8, 2, 2]], 0.551800012588501]
[[5, [6, 6, 4, 8, 6, 6, 2, 8, 4, 8, 8, 2, 6, 6, 2, 4, 2, 2, 2]], 0.7446999549865723]
[[5, [6, 6, 4, 8, 6, 4, 2, 6, 4, 4, 4, 4, 6, 6, 6, 4, 4, 4, 4]], 0.7466999888420105]
[[5, [8, 6, 4, 8, 6, 6, 2, 8, 2, 8, 4, 2, 4, 6, 8, 2, 2, 2, 2]], 0.7217999696731567]
[[3, [8, 6, 8, 8, 6, 6, 2, 8, 8, 8, 4, 4, 6, 6, 2, 2, 2, 2, 2]], 0.7501999735832214]
[[0, [6, 2, 4, 8, 6, 6, 2, 8, 4, 2, 4, 2, 8, 8, 8, 8, 2, 8, 2]], 0.7131999731063843]
[[7, [6, 6, 4, 8, 8, 6, 2, 4, 4, 4, 4, 2, 8, 6, 8, 2, 4, 2, 2]], 0.016999999061226845]
[[5, [6, 6, 8, 8, 6, 6, 2, 2, 4, 6, 4, 2, 6, 8, 6, 6, 2, 2, 2]], 0.7224999666213989]
[[5, [6, 6, 4, 8, 6, 6, 4, 8, 4, 6, 6, 2, 8, 6, 8, 2, 4, 2, 8]], 0.7576000094413757]
[[5, [8, 6, 4, 8, 6, 6, 2, 6, 4, 6, 6, 2, 6, 6, 4, 2, 6, 2, 4]], 0.7464999556541443]
[[5, [8, 6, 2, 8, 6, 6, 2, 8, 4, 8, 4, 8, 6, 6, 2, 2, 2, 2, 4]], 0.7386999726295471]
[[5, [6, 4, 4, 8, 6, 6, 2, 6, 4, 6, 4, 2, 4, 6, 8, 2, 2, 2, 2]], 0.7434999942779541]
[[5, [8, 4, 2, 8, 6, 2, 2, 8, 2, 6, 4, 2, 4, 6, 8, 2, 2, 2, 2]], 0.032600000500679016]
[[2, [4, 6, 4, 8, 4, 2, 2, 6, 4, 6, 6, 2, 6, 6, 6, 2, 2, 2, 2]], 0.02979999966919422]
[[5, [6, 2, 4, 8, 6, 6, 8, 6, 4, 6, 2, 2, 4, 6, 8, 2, 2, 2, 2]], 0.01209999993443489]
[[5, [8, 6, 4, 8, 8, 6, 2, 8, 4, 8, 4, 2, 6, 6, 2, 2, 2, 2, 8]], 0.7475000023841858]
[[1, [6, 6, 4, 6, 4, 6, 4, 8, 4, 6, 4, 2, 2, 6, 8, 6, 2, 2, 2]], 0.7657999992370605]
[[5, [6, 4, 4, 4, 6, 6, 2, 8, 4, 6, 4, 2, 4, 6, 8, 8, 2, 8, 2]], 0.7437999844551086]
[[3, [6, 4, 4, 4, 6, 4, 2, 2, 4, 6, 4, 2, 4, 6, 8, 8, 2, 8, 6]], 0.7264999747276306]
[[5, [6, 4, 4, 4, 6, 2, 8, 8, 4, 6, 4, 2, 2, 6, 8, 4, 2, 6, 2]], 0.6079999804496765]
[[7, [8, 4, 4, 4, 6, 6, 2, 8, 4, 2, 4, 2, 4, 6, 8, 8, 4, 8, 2]], 0.011500000022351742]
[[5, [6, 4, 4, 4, 6, 6, 2, 4, 4, 6, 4, 2, 4, 8, 8, 8, 2, 8, 2]], 0.7404999732971191]
[[5, [6, 2, 2, 4, 6, 6, 2, 8, 6, 6, 4, 2, 4, 6, 8, 4, 2, 8, 2]], 0.555400013923645]
[[7, [6, 4, 2, 4, 6, 6, 6, 8, 4, 8, 4, 2, 6, 6, 4, 8, 2, 8, 4]], 0.7231000065803528]
[[7, [6, 4, 4, 8, 6, 6, 6, 6, 4, 6, 4, 2, 4, 6, 8, 2, 2, 2, 2]], 0.009999999776482582]
[[5, [6, 4, 4, 8, 6, 8, 2, 8, 4, 6, 2, 2, 4, 6, 8, 8, 2, 8, 2]], 0.01599999889731407]
[[5, [6, 4, 2, 4, 2, 6, 2, 2, 2, 2, 4, 2, 4, 6, 4, 8, 4, 8, 2]], 0.014599999412894249]
[[5, [8, 6, 4, 8, 8, 4, 2, 8, 4, 8, 4, 2, 6, 6, 2, 2, 2, 2, 6]], 0.7448999881744385]
[[3, [6, 4, 4, 8, 6, 8, 2, 6, 4, 4, 4, 4, 4, 6, 8, 2, 2, 2, 2]], 0.7472999691963196]
[[5, [8, 6, 2, 8, 8, 4, 2, 6, 2, 6, 4, 8, 4, 6, 8, 8, 2, 2, 2]], 0.7132999897003174]
[[0, [6, 6, 4, 4, 6, 6, 4, 8, 4, 6, 4, 2, 8, 6, 8, 8, 2, 8, 2]], 0.7678999900817871]
[[5, [6, 4, 4, 8, 6, 6, 6, 2, 2, 6, 2, 8, 4, 6, 8, 4, 2, 2, 6]], 0.0811999961733818]
[[1, [8, 6, 4, 6, 8, 6, 2, 8, 4, 8, 4, 2, 2, 6, 2, 2, 4, 2, 8]], 0.7673999667167664]
[[5, [8, 6, 4, 8, 8, 2, 8, 8, 4, 8, 4, 2, 6, 6, 2, 2, 2, 2, 8]], 0.6938999891281128]
[[5, [6, 4, 8, 4, 6, 6, 2, 8, 4, 6, 4, 2, 4, 6, 8, 4, 2, 8, 2]], 0.7450999617576599]
[[3, [8, 6, 8, 4, 4, 6, 2, 8, 4, 6, 4, 2, 4, 8, 8, 4, 2, 8, 2]], 0.7475999593734741]
[[5, [6, 4, 6, 2, 6, 6, 2, 8, 4, 4, 8, 2, 2, 8, 6, 6, 2, 8, 2]], 0.7008000016212463]
[[5, [2, 4, 4, 8, 6, 6, 2, 6, 2, 6, 4, 4, 4, 6, 2, 2, 2, 2, 6]], 0.5806999802589417]
[[5, [6, 2, 4, 6, 6, 6, 2, 8, 4, 6, 8, 2, 4, 8, 6, 8, 2, 8, 2]], 0.6973999738693237]
[[6, [2, 4, 8, 4, 6, 6, 4, 8, 8, 6, 4, 4, 4, 6, 8, 4, 2, 8, 2]], 0.6985999941825867]
[[5, [6, 4, 4, 2, 6, 6, 2, 6, 4, 6, 4, 2, 4, 6, 2, 2, 2, 2, 2]], 0.7324999570846558]
[[2, [8, 6, 4, 8, 6, 6, 2, 8, 4, 8, 4, 2, 6, 6, 6, 2, 2, 2, 2]], 0.7489999532699585]
[[5, [6, 6, 4, 6, 4, 6, 2, 8, 2, 6, 6, 2, 8, 6, 8, 2, 2, 6, 2]], 0.7228999733924866]
[[5, [6, 4, 4, 6, 6, 6, 2, 6, 2, 6, 4, 2, 4, 6, 8, 2, 2, 2, 2]], 0.7193999886512756]
[[4, [6, 6, 2, 4, 6, 6, 2, 6, 4, 4, 2, 2, 2, 8, 6, 2, 2, 2, 2]], 0.00989999994635582]
[[5, [6, 4, 4, 4, 6, 6, 6, 8, 4, 8, 4, 2, 8, 6, 8, 4, 4, 8, 2]], 0.7507999539375305]
[[5, [6, 4, 4, 6, 6, 8, 2, 4, 4, 6, 4, 2, 8, 6, 8, 8, 2, 8, 2]], 0.7444999814033508]
[[5, [2, 6, 8, 4, 8, 6, 2, 8, 4, 8, 8, 6, 4, 6, 4, 4, 2, 8, 2]], 0.7121999859809875]
[[6, [6, 2, 6, 4, 6, 6, 2, 4, 4, 6, 4, 8, 4, 8, 2, 4, 2, 8, 2]], 0.02290000021457672]
[[5, [2, 4, 8, 4, 4, 6, 2, 8, 4, 6, 4, 2, 4, 6, 8, 4, 6, 8, 2]], 0.7066999673843384]
[[5, [6, 4, 8, 4, 6, 6, 4, 8, 4, 6, 4, 2, 4, 6, 4, 4, 2, 8, 2]], 0.7519999742507935]
[[5, [6, 4, 2, 6, 2, 6, 2, 8, 4, 6, 2, 2, 8, 6, 8, 4, 2, 8, 2]], 0.009999999776482582]
[[5, [6, 4, 4, 8, 6, 6, 2, 6, 4, 8, 4, 2, 4, 6, 2, 8, 2, 2, 2]], 0.7387999892234802]
[[5, [6, 4, 8, 4, 6, 6, 2, 8, 2, 6, 4, 2, 6, 6, 8, 4, 2, 8, 2]], 0.7206000089645386]
[[3, [6, 4, 4, 8, 6, 6, 2, 8, 4, 6, 4, 8, 4, 6, 8, 8, 2, 8, 8]], 0.7464999556541443]
[[5, [6, 4, 4, 8, 6, 6, 2, 6, 4, 6, 4, 2, 4, 6, 6, 2, 2, 2, 2]], 0.7437999844551086]
[[6, [6, 8, 8, 2, 6, 6, 8, 6, 2, 6, 4, 2, 4, 6, 8, 4, 2, 8, 2]], 0.696399986743927]
[[2, [6, 4, 2, 4, 4, 6, 2, 8, 4, 6, 4, 2, 4, 8, 6, 4, 2, 8, 2]], 0.7379999756813049]
[[0, [6, 2, 8, 8, 6, 6, 2, 2, 4, 2, 4, 6, 4, 6, 8, 4, 2, 8, 6]], 0.7131999731063843]
[[5, [2, 4, 4, 4, 6, 6, 2, 6, 4, 4, 4, 2, 4, 6, 8, 2, 2, 2, 2]], 0.7111999988555908]
[[1, [4, 8, 8, 4, 4, 6, 2, 6, 4, 6, 4, 2, 6, 6, 8, 2, 2, 6, 2]], 0.7628999948501587]
[[5, [6, 8, 4, 8, 2, 6, 2, 6, 4, 6, 4, 2, 4, 6, 2, 2, 2, 2, 2]], 0.06790000200271606]
[[5, [6, 4, 6, 4, 6, 6, 2, 8, 4, 6, 4, 6, 6, 6, 8, 4, 2, 8, 2]], 0.7414999604225159]
[[5, [6, 4, 8, 8, 6, 6, 2, 8, 4, 6, 4, 2, 4, 6, 8, 4, 2, 8, 2]], 0.7379999756813049]
[[0, [6, 6, 8, 4, 6, 6, 2, 8, 4, 8, 6, 2, 6, 6, 8, 6, 2, 6, 8]], 0.7680999636650085]
[[5, [6, 4, 8, 4, 6, 6, 2, 8, 6, 6, 4, 2, 4, 6, 2, 2, 2, 6, 2]], 0.7475000023841858]
[[5, [4, 4, 8, 4, 6, 6, 2, 8, 6, 6, 4, 2, 4, 6, 2, 2, 2, 6, 2]], 0.7450000047683716]
[[6, [6, 4, 8, 4, 6, 8, 2, 8, 6, 8, 2, 2, 8, 6, 2, 2, 4, 6, 2]], 0.019700000062584877]
[[7, [4, 4, 8, 4, 6, 6, 2, 8, 6, 8, 6, 2, 4, 6, 2, 2, 2, 6, 2]], 0.009999999776482582]
[[5, [6, 4, 8, 4, 8, 6, 2, 8, 2, 6, 4, 2, 4, 6, 2, 2, 2, 6, 2]], 0.7174999713897705]
[[5, [4, 2, 8, 4, 6, 6, 2, 8, 6, 6, 4, 2, 4, 6, 4, 2, 8, 2, 2]], 0.6958000063896179]
[[5, [6, 4, 8, 4, 6, 6, 2, 8, 4, 6, 4, 6, 8, 6, 8, 6, 2, 8, 2]], 0.7475000023841858]
[[6, [6, 6, 2, 4, 6, 6, 2, 8, 6, 2, 4, 2, 4, 6, 2, 2, 2, 6, 2]], 0.009999999776482582]
[[5, [6, 4, 2, 4, 6, 6, 4, 8, 4, 8, 6, 2, 4, 8, 6, 2, 2, 6, 8]], 0.7416999936103821]
[[3, [6, 4, 8, 4, 6, 6, 2, 8, 6, 6, 4, 2, 4, 6, 2, 2, 6, 6, 4]], 0.7494999766349792]
[[2, [4, 4, 8, 4, 6, 6, 2, 8, 6, 6, 6, 2, 4, 6, 6, 2, 2, 2, 2]], 0.7459999918937683]
[[2, [4, 4, 8, 4, 6, 6, 2, 8, 6, 6, 4, 2, 8, 6, 2, 4, 2, 6, 6]], 0.7448999881744385]
[[5, [6, 4, 8, 4, 4, 6, 2, 8, 4, 8, 4, 2, 4, 4, 8, 8, 2, 6, 2]], 0.7447999715805054]
[[5, [4, 6, 8, 4, 6, 2, 2, 8, 8, 6, 4, 2, 4, 8, 2, 2, 2, 6, 2]], 0.045499999076128006]
[[2, [6, 4, 6, 2, 6, 2, 2, 8, 4, 6, 4, 2, 6, 6, 2, 2, 2, 6, 2]], 0.032899998128414154]
[[5, [4, 4, 8, 2, 4, 2, 2, 8, 6, 6, 4, 8, 4, 6, 2, 2, 8, 6, 2]], 0.03269999846816063]
[[5, [6, 4, 2, 4, 8, 6, 6, 8, 6, 6, 4, 6, 8, 6, 8, 2, 2, 8, 2]], 0.7461999654769897]
[[7, [6, 4, 8, 4, 6, 6, 4, 2, 6, 6, 4, 2, 4, 6, 2, 2, 2, 4, 2]], 0.010400000028312206]
[[1, [8, 4, 8, 4, 2, 2, 2, 6, 4, 6, 4, 2, 4, 4, 8, 4, 2, 8, 2]], 0.7601999640464783]
[[5, [4, 4, 8, 4, 6, 6, 2, 8, 6, 6, 4, 2, 4, 6, 2, 4, 2, 6, 2]], 0.7432999610900879]
[[2, [4, 4, 8, 4, 6, 6, 2, 8, 6, 6, 4, 6, 4, 6, 2, 2, 2, 6, 2]], 0.7446999549865723]
[[5, [6, 4, 8, 4, 4, 6, 2, 4, 8, 6, 4, 2, 4, 6, 8, 4, 4, 8, 2]], 0.7470999956130981]
[[7, [6, 6, 8, 2, 6, 6, 2, 8, 8, 8, 4, 2, 8, 6, 2, 2, 2, 6, 8]], 0.07270000129938126]
[[4, [6, 4, 6, 4, 2, 6, 8, 8, 6, 6, 2, 8, 4, 6, 2, 4, 2, 6, 4]], 0.028099998831748962]
[[7, [6, 4, 4, 4, 2, 6, 6, 4, 4, 6, 4, 2, 4, 6, 2, 6, 2, 6, 6]], 0.030700000002980232]
[[3, [6, 4, 8, 4, 6, 6, 2, 8, 6, 6, 4, 2, 4, 6, 2, 4, 2, 8, 2]], 0.7491999864578247]
[[5, [6, 4, 8, 4, 6, 4, 2, 8, 6, 6, 4, 2, 4, 6, 2, 2, 2, 6, 2]], 0.7446999549865723]
[[5, [4, 4, 8, 4, 8, 6, 2, 8, 6, 6, 2, 2, 8, 6, 8, 6, 2, 6, 2]], 0.014399999752640724]
[[5, [6, 2, 8, 4, 6, 8, 2, 8, 6, 2, 2, 2, 2, 6, 2, 2, 2, 6, 2]], 0.023099999874830246]
[[5, [4, 8, 8, 4, 6, 8, 2, 8, 6, 6, 4, 2, 8, 2, 4, 2, 8, 6, 2]], 0.7109000086784363]
[[5, [4, 4, 8, 6, 6, 8, 2, 6, 6, 6, 4, 2, 4, 6, 2, 2, 6, 6, 2]], 0.7443000078201294]
[[4, [4, 4, 4, 8, 6, 4, 6, 8, 6, 6, 4, 2, 4, 2, 8, 8, 2, 8, 2]], 0.7523999810218811]
[[2, [6, 2, 8, 4, 6, 6, 2, 8, 2, 6, 4, 2, 8, 6, 6, 2, 2, 6, 2]], 0.7021999955177307]
[[4, [4, 4, 8, 4, 6, 2, 6, 8, 6, 6, 4, 2, 4, 6, 2, 4, 4, 6, 2]], 0.6897000074386597]
[[3, [6, 2, 4, 4, 6, 6, 8, 8, 6, 8, 4, 2, 4, 2, 2, 2, 2, 6, 6]], 0.710599958896637]
[[5, [6, 8, 8, 2, 6, 6, 4, 8, 6, 6, 4, 2, 8, 6, 8, 8, 6, 6, 8]], 0.7446999549865723]
[[5, [4, 8, 8, 4, 4, 4, 2, 8, 6, 6, 4, 2, 4, 2, 2, 2, 2, 6, 2]], 0.7111999988555908]
[[5, [6, 4, 8, 4, 6, 6, 6, 8, 6, 6, 4, 2, 4, 6, 2, 2, 8, 6, 2]], 0.7534999847412109]
[[5, [2, 4, 8, 2, 6, 6, 2, 8, 8, 6, 8, 2, 4, 6, 6, 2, 2, 6, 2]], 0.6908999681472778]
[[2, [4, 2, 8, 4, 6, 6, 8, 8, 6, 6, 4, 2, 4, 6, 2, 2, 2, 6, 2]], 0.711899995803833]
[[0, [6, 6, 8, 6, 6, 2, 2, 8, 6, 2, 4, 2, 4, 6, 2, 2, 4, 2, 2]], 0.7680000066757202]
[[7, [6, 4, 8, 4, 6, 6, 2, 8, 4, 6, 8, 2, 2, 6, 8, 4, 2, 6, 2]], 0.16529999673366547]
[[3, [6, 6, 8, 6, 8, 6, 4, 8, 6, 6, 4, 8, 4, 6, 4, 4, 2, 8, 2]], 0.7634999752044678]
[[0, [6, 4, 4, 4, 6, 6, 2, 8, 6, 2, 6, 2, 2, 6, 4, 4, 2, 4, 2]], 0.7595999836921692]
[[0, [6, 4, 8, 4, 6, 6, 2, 8, 6, 6, 2, 2, 6, 6, 2, 2, 2, 6, 2]], 0.7597000002861023]
[[5, [6, 4, 8, 4, 8, 6, 2, 8, 2, 6, 4, 2, 8, 6, 2, 2, 2, 6, 2]], 0.7213000059127808]
[[5, [6, 4, 8, 4, 6, 6, 2, 8, 8, 6, 2, 8, 4, 6, 2, 2, 2, 6, 2]], 0.06549999862909317]
[[5, [8, 4, 4, 8, 6, 6, 2, 6, 6, 8, 4, 6, 4, 6, 8, 2, 2, 2, 2]], 0.7457000017166138]
[[3, [6, 4, 8, 4, 6, 4, 8, 8, 4, 4, 6, 2, 4, 6, 8, 4, 2, 6, 8]], 0.7584999799728394]
[[5, [4, 2, 8, 6, 6, 6, 8, 6, 6, 6, 6, 2, 2, 8, 2, 2, 2, 6, 2]], 0.6780999898910522]
[[5, [6, 4, 2, 8, 6, 6, 2, 2, 6, 6, 2, 6, 2, 6, 2, 2, 2, 6, 2]], 0.09559999406337738]
[[5, [6, 4, 4, 4, 6, 6, 2, 8, 6, 6, 6, 2, 2, 8, 2, 6, 6, 6, 2]], 0.7106999754905701]
[[3, [4, 4, 8, 2, 8, 4, 8, 8, 2, 6, 4, 6, 2, 6, 2, 2, 2, 6, 2]], 0.7167999744415283]
[[6, [6, 2, 8, 4, 6, 6, 2, 6, 6, 6, 4, 6, 4, 6, 2, 2, 2, 8, 4]], 0.04230000078678131]
[[5, [4, 8, 8, 6, 6, 6, 2, 8, 4, 2, 4, 2, 4, 6, 4, 4, 2, 8, 8]], 0.01640000008046627]
[[7, [4, 2, 8, 4, 6, 6, 2, 8, 6, 2, 4, 2, 4, 6, 2, 2, 2, 6, 2]], 0.009999999776482582]
[[7, [4, 4, 8, 4, 6, 6, 2, 8, 6, 6, 4, 2, 4, 4, 2, 2, 2, 6, 2]], 0.009999999776482582]
[[5, [6, 4, 4, 4, 2, 6, 2, 8, 4, 6, 4, 2, 4, 6, 8, 8, 2, 8, 4]], 0.06839999556541443]
[[5, [6, 4, 8, 4, 6, 6, 4, 4, 6, 6, 4, 2, 4, 6, 2, 2, 6, 6, 2]], 0.7500999569892883]
[[5, [6, 4, 8, 6, 6, 6, 8, 2, 6, 6, 4, 4, 4, 6, 2, 2, 2, 6, 6]], 0.7290999889373779]
[[5, [4, 2, 8, 6, 6, 6, 2, 8, 6, 6, 4, 2, 2, 6, 2, 2, 2, 6, 4]], 0.6645999550819397]
[[5, [6, 4, 8, 4, 6, 2, 2, 8, 4, 6, 4, 2, 6, 6, 2, 6, 8, 4, 2]], 0.06239999830722809]
[[5, [6, 4, 8, 8, 2, 6, 6, 8, 4, 6, 4, 2, 4, 6, 4, 4, 2, 8, 8]], 0.6746999621391296]
[[5, [6, 6, 4, 4, 6, 4, 2, 8, 6, 6, 4, 2, 4, 6, 2, 2, 8, 6, 6]], 0.7445999979972839]
[[5, [6, 4, 8, 4, 6, 6, 2, 8, 6, 4, 4, 2, 4, 6, 2, 2, 2, 6, 2]], 0.7450000047683716]
[[5, [4, 6, 8, 4, 6, 6, 2, 8, 6, 8, 2, 2, 4, 6, 2, 2, 4, 6, 8]], 0.014999999664723873]
[[5, [2, 4, 6, 4, 6, 8, 2, 8, 6, 8, 4, 2, 4, 6, 2, 2, 2, 6, 2]], 0.7081999778747559]
[[5, [6, 4, 8, 4, 6, 8, 8, 8, 6, 6, 4, 2, 4, 6, 2, 2, 2, 6, 2]], 0.7524999976158142]
[[7, [6, 4, 8, 4, 6, 8, 2, 8, 6, 4, 4, 2, 4, 6, 2, 2, 2, 6, 2]], 0.009999999776482582]
[[6, [6, 4, 8, 4, 8, 6, 2, 8, 4, 6, 4, 2, 4, 6, 2, 4, 2, 8, 2]], 0.0559999980032444]
[[5, [6, 4, 6, 4, 6, 6, 8, 8, 8, 8, 4, 2, 4, 6, 8, 4, 6, 8, 2]], 0.7519999742507935]
[[5, [6, 4, 8, 4, 6, 6, 2, 8, 6, 4, 4, 2, 4, 6, 2, 2, 2, 6, 8]], 0.7443000078201294]
[[0, [6, 4, 8, 2, 6, 6, 2, 8, 8, 6, 4, 2, 4, 8, 6, 2, 2, 6, 2]], 0.7597000002861023]
[[6, [6, 8, 4, 4, 6, 6, 2, 8, 2, 6, 6, 2, 2, 6, 2, 2, 2, 2, 8]], 0.051899999380111694]
[[5, [2, 4, 8, 4, 6, 8, 2, 8, 6, 4, 2, 2, 4, 6, 2, 2, 2, 2, 2]], 0.009800000116229057]
[[5, [6, 4, 8, 4, 2, 6, 2, 8, 2, 8, 4, 2, 4, 4, 2, 2, 2, 6, 8]], 0.04769999906420708]
[[5, [4, 4, 4, 4, 8, 6, 2, 8, 4, 6, 4, 2, 4, 8, 8, 6, 2, 8, 2]], 0.7436000108718872]
[[5, [6, 4, 8, 2, 6, 6, 2, 8, 6, 6, 4, 2, 6, 2, 4, 2, 2, 6, 2]], 0.7038999795913696]
[[0, [4, 4, 8, 4, 6, 6, 2, 8, 6, 6, 4, 2, 4, 2, 2, 2, 2, 8, 2]], 0.7584999799728394]
[[0, [6, 4, 8, 4, 6, 4, 2, 8, 6, 4, 6, 2, 4, 6, 8, 2, 2, 8, 8]], 0.7594000101089478]
[[5, [6, 4, 4, 4, 6, 6, 4, 8, 6, 4, 4, 2, 4, 8, 2, 2, 6, 6, 8]], 0.7494999766349792]
[[5, [6, 4, 8, 4, 6, 6, 2, 6, 6, 6, 6, 2, 4, 6, 2, 2, 2, 6, 2]], 0.7471999526023865]
[[5, [6, 4, 8, 2, 6, 6, 2, 8, 6, 6, 4, 2, 4, 6, 2, 2, 2, 6, 2]], 0.7335000038146973]
[[1, [8, 4, 8, 4, 8, 6, 2, 8, 6, 4, 2, 8, 4, 6, 2, 2, 2, 6, 2]], 0.7597999572753906]
[[4, [6, 4, 2, 6, 6, 6, 2, 8, 6, 6, 8, 2, 4, 6, 2, 2, 2, 6, 2]], 0.7353000044822693]
[[7, [2, 4, 8, 6, 6, 2, 2, 2, 6, 6, 8, 2, 2, 6, 2, 2, 8, 6, 2]], 0.023599999025464058]
[[7, [4, 4, 8, 4, 6, 4, 2, 8, 6, 8, 4, 2, 4, 6, 2, 2, 2, 6, 2]], 0.009999999776482582]
[[6, [6, 4, 8, 4, 6, 6, 2, 8, 6, 6, 2, 2, 4, 6, 8, 2, 2, 6, 2]], 0.012299999594688416]
[[3, [6, 4, 6, 4, 4, 6, 2, 8, 6, 6, 4, 2, 4, 6, 4, 2, 2, 2, 2]], 0.7458999752998352]
[[0, [6, 4, 8, 2, 6, 2, 8, 8, 6, 6, 4, 2, 4, 8, 2, 2, 2, 6, 4]], 0.7597999572753906]
[[0, [6, 4, 8, 4, 4, 2, 8, 8, 6, 4, 4, 2, 4, 6, 2, 2, 2, 6, 8]], 0.7594000101089478]
[[0, [6, 4, 8, 4, 6, 6, 2, 8, 6, 6, 4, 2, 2, 4, 2, 2, 2, 4, 8]], 0.7592999935150146]
[[5, [6, 4, 8, 6, 6, 6, 2, 4, 6, 4, 6, 2, 4, 6, 2, 2, 2, 2, 2]], 0.7459999918937683]
[[2, [4, 4, 4, 4, 6, 6, 2, 8, 4, 8, 4, 2, 4, 6, 2, 4, 2, 6, 2]], 0.7461000084877014]
[[7, [6, 4, 4, 4, 6, 6, 2, 8, 6, 2, 4, 2, 4, 6, 2, 2, 2, 6, 2]], 0.009999999776482582]
[[1, [6, 4, 8, 4, 6, 6, 2, 6, 8, 4, 4, 2, 4, 2, 2, 2, 2, 6, 6]], 0.7578999996185303]
[[5, [6, 4, 8, 6, 6, 8, 2, 8, 8, 4, 4, 8, 4, 4, 6, 4, 2, 6, 2]], 0.7454999685287476]
[[5, [2, 4, 8, 2, 6, 6, 2, 8, 6, 4, 4, 2, 4, 6, 2, 2, 2, 2, 8]], 0.6868999600410461]
[[5, [6, 4, 8, 4, 6, 6, 6, 8, 4, 4, 4, 2, 4, 6, 2, 2, 2, 6, 8]], 0.7527999877929688]
[[7, [6, 4, 8, 4, 2, 2, 2, 8, 6, 2, 4, 2, 8, 6, 2, 2, 2, 6, 2]], 0.009999999776482582]
[[5, [6, 4, 8, 8, 2, 6, 2, 2, 6, 6, 4, 2, 4, 6, 2, 2, 2, 6, 2]], 0.023899998515844345]
[[7, [6, 4, 4, 4, 6, 6, 6, 6, 8, 6, 6, 8, 4, 6, 2, 8, 2, 2, 8]], 0.031599998474121094]
[[7, [6, 4, 8, 6, 6, 2, 2, 8, 6, 6, 8, 2, 4, 6, 2, 2, 2, 6, 2]], 0.009999999776482582]
[[5, [6, 4, 6, 4, 6, 6, 4, 6, 6, 6, 4, 2, 4, 6, 6, 2, 6, 6, 2]], 0.7525999546051025]
[[5, [6, 4, 8, 4, 4, 6, 2, 8, 6, 6, 4, 2, 4, 6, 2, 2, 2, 6, 2]], 0.7450000047683716]
[[5, [6, 8, 8, 4, 6, 6, 2, 2, 6, 6, 6, 2, 4, 6, 2, 2, 2, 6, 2]], 0.7242000102996826]
[[3, [6, 4, 8, 4, 6, 6, 2, 8, 2, 2, 6, 2, 4, 6, 8, 2, 2, 6, 2]], 0.7239999771118164]
[[5, [6, 6, 8, 2, 2, 4, 2, 8, 6, 6, 4, 2, 8, 6, 6, 2, 2, 6, 2]], 0.04969999939203262]
[[5, [6, 4, 8, 6, 8, 6, 2, 8, 6, 6, 8, 2, 4, 6, 2, 2, 2, 6, 4]], 0.7427999973297119]
[[6, [8, 8, 8, 4, 6, 6, 2, 8, 4, 6, 4, 2, 6, 6, 2, 2, 2, 6, 2]], 0.0738999992609024]
[[5, [6, 4, 8, 4, 6, 6, 2, 8, 6, 6, 8, 6, 4, 6, 2, 4, 2, 6, 2]], 0.7479000091552734]
[[0, [8, 4, 8, 4, 6, 6, 2, 8, 6, 2, 4, 2, 2, 4, 2, 2, 6, 4, 2]], 0.7602999806404114]
[[0, [6, 2, 8, 4, 8, 6, 2, 8, 6, 6, 4, 2, 6, 6, 2, 2, 2, 2, 2]], 0.7124999761581421]
[[5, [6, 4, 8, 6, 8, 6, 2, 6, 6, 6, 6, 2, 4, 4, 2, 2, 2, 6, 4]], 0.7462999820709229]
[[4, [6, 4, 4, 6, 4, 6, 2, 6, 6, 6, 2, 2, 4, 2, 2, 4, 2, 6, 4]], 0.01759999990463257]
[[1, [6, 2, 2, 6, 4, 6, 2, 8, 4, 6, 8, 2, 4, 6, 2, 2, 2, 2, 2]], 0.6650999784469604]
[[2, [6, 4, 4, 4, 6, 4, 2, 2, 6, 6, 6, 2, 4, 4, 2, 2, 2, 2, 2]], 0.7488999962806702]
[[0, [6, 4, 8, 6, 8, 4, 2, 6, 6, 6, 8, 2, 4, 4, 4, 2, 8, 6, 4]], 0.7599999904632568]
[[5, [4, 4, 8, 4, 2, 6, 2, 8, 6, 6, 2, 2, 4, 6, 2, 2, 2, 6, 2]], 0.01209999993443489]
[[5, [6, 4, 8, 6, 2, 6, 2, 8, 8, 6, 6, 2, 4, 4, 2, 2, 2, 8, 4]], 0.04919999837875366]
[[5, [6, 4, 8, 4, 6, 4, 8, 8, 6, 6, 8, 2, 4, 8, 2, 8, 2, 6, 4]], 0.7536999583244324]
[[5, [6, 4, 8, 6, 8, 6, 2, 6, 6, 6, 6, 2, 4, 4, 2, 8, 2, 4, 4]], 0.7427999973297119]
[[5, [6, 4, 8, 4, 4, 6, 4, 8, 6, 6, 4, 4, 4, 6, 2, 2, 2, 8, 2]], 0.7542999982833862]
[[5, [4, 4, 8, 4, 6, 6, 2, 8, 6, 4, 4, 2, 4, 6, 2, 2, 2, 6, 2]], 0.7358999848365784]
[[5, [6, 4, 8, 6, 8, 2, 2, 6, 6, 8, 6, 2, 2, 4, 6, 2, 2, 6, 4]], 0.018199998885393143]
[[5, [6, 2, 8, 6, 8, 6, 2, 6, 6, 6, 6, 2, 8, 4, 2, 2, 2, 6, 8]], 0.698199987411499]
[[6, [4, 8, 8, 4, 8, 6, 2, 8, 6, 4, 4, 2, 4, 6, 2, 2, 2, 8, 8]], 0.07069999724626541]
[[5, [6, 4, 8, 4, 6, 6, 2, 8, 6, 6, 4, 2, 4, 8, 2, 4, 2, 6, 4]], 0.7462999820709229]
[[5, [6, 4, 8, 8, 6, 8, 2, 8, 6, 4, 4, 6, 4, 8, 2, 2, 2, 6, 2]], 0.7458999752998352]
[[5, [6, 4, 8, 4, 2, 6, 2, 8, 6, 6, 6, 2, 4, 4, 6, 4, 8, 6, 4]], 0.049799997359514236]
[[5, [6, 4, 8, 6, 8, 6, 2, 6, 6, 6, 6, 2, 6, 2, 2, 2, 2, 6, 8]], 0.7119999527931213]
[[4, [6, 4, 8, 6, 8, 6, 2, 6, 6, 2, 6, 2, 8, 4, 2, 2, 2, 2, 4]], 0.01589999906718731]
[[5, [6, 4, 8, 4, 6, 6, 2, 8, 6, 6, 2, 2, 4, 8, 2, 6, 2, 6, 4]], 0.016899999231100082]
[[5, [6, 2, 8, 2, 8, 6, 2, 6, 6, 6, 6, 2, 4, 4, 2, 2, 2, 6, 6]], 0.14980000257492065]
[[5, [6, 4, 8, 4, 2, 6, 6, 8, 6, 6, 8, 2, 4, 8, 2, 4, 2, 6, 4]], 0.6786999702453613]
[[5, [6, 4, 8, 4, 6, 6, 2, 8, 6, 2, 4, 2, 4, 8, 2, 4, 2, 6, 4]], 0.020499998703598976]
[[5, [6, 4, 8, 2, 6, 6, 2, 8, 6, 6, 4, 4, 2, 8, 2, 4, 2, 6, 2]], 0.7005999684333801]
[[1, [8, 8, 4, 6, 4, 6, 2, 6, 6, 8, 4, 6, 4, 4, 2, 2, 2, 6, 4]], 0.7670999765396118]
[[5, [6, 4, 8, 4, 6, 8, 2, 8, 6, 6, 6, 8, 4, 8, 8, 6, 2, 6, 4]], 0.746399998664856]
[[5, [6, 2, 8, 4, 6, 6, 2, 8, 6, 6, 4, 8, 4, 6, 2, 8, 2, 6, 2]], 0.7019999623298645]
[[7, [6, 4, 8, 4, 6, 6, 2, 8, 6, 4, 4, 2, 4, 8, 2, 4, 2, 6, 4]], 0.05889999866485596]
[[1, [6, 8, 8, 4, 8, 6, 2, 8, 8, 6, 4, 2, 4, 2, 2, 4, 2, 6, 4]], 0.7680000066757202]
[[1, [4, 4, 4, 2, 6, 6, 4, 8, 6, 4, 4, 2, 6, 6, 2, 2, 2, 6, 2]], 0.7428999543190002]
[[1, [2, 6, 8, 8, 8, 2, 2, 8, 2, 6, 4, 8, 4, 2, 2, 4, 2, 6, 4]], 0.7275999784469604]
[[0, [6, 8, 8, 6, 8, 6, 2, 6, 6, 6, 2, 2, 4, 4, 2, 2, 2, 6, 4]], 0.7667999863624573]
[[5, [6, 4, 8, 4, 6, 6, 2, 8, 6, 4, 4, 6, 4, 8, 2, 4, 2, 6, 4]], 0.748199999332428]
[[5, [2, 4, 2, 6, 8, 2, 2, 6, 4, 4, 6, 2, 4, 8, 2, 2, 2, 6, 4]], 0.03709999844431877]
[[5, [6, 4, 8, 4, 6, 6, 2, 8, 8, 6, 4, 2, 4, 6, 2, 4, 2, 6, 4]], 0.7471999526023865]
[[5, [6, 4, 8, 4, 6, 6, 6, 6, 6, 6, 4, 2, 4, 8, 2, 4, 2, 6, 4]], 0.7536999583244324]
[[5, [8, 2, 8, 6, 6, 6, 6, 8, 6, 2, 4, 2, 4, 6, 6, 4, 2, 8, 4]], 0.018400000408291817]
[[5, [6, 4, 8, 4, 2, 6, 2, 2, 8, 6, 4, 2, 2, 6, 2, 4, 2, 6, 4]], 0.02879999950528145]
[[1, [6, 4, 6, 4, 6, 6, 2, 8, 6, 4, 4, 4, 4, 6, 2, 4, 8, 2, 6]], 0.7585999965667725]
[[6, [6, 4, 8, 6, 6, 6, 2, 2, 6, 6, 2, 2, 4, 4, 2, 2, 2, 6, 2]], 0.022599998861551285]
[[5, [6, 4, 4, 4, 6, 6, 2, 8, 2, 6, 4, 2, 4, 4, 2, 4, 4, 6, 4]], 0.7178999781608582]
[[4, [6, 4, 8, 4, 8, 8, 2, 6, 4, 6, 6, 4, 6, 4, 2, 2, 2, 2, 4]], 0.7479000091552734]
[[2, [6, 4, 6, 4, 6, 6, 2, 8, 6, 4, 4, 2, 6, 6, 2, 2, 2, 6, 4]], 0.7493999600410461]
[[2, [6, 4, 8, 4, 6, 4, 2, 4, 6, 4, 4, 2, 4, 8, 2, 2, 2, 6, 4]], 0.7490999698638916]
[[5, [6, 6, 8, 4, 6, 6, 2, 8, 2, 6, 4, 2, 4, 8, 2, 4, 2, 6, 4]], 0.7246999740600586]
[[5, [6, 4, 8, 2, 8, 4, 2, 4, 6, 6, 6, 2, 4, 2, 2, 2, 2, 6, 4]], 0.7049999833106995]
[[6, [6, 4, 8, 4, 4, 6, 6, 8, 6, 6, 4, 2, 4, 8, 2, 4, 2, 8, 4]], 0.10260000079870224]
[[5, [8, 4, 4, 4, 6, 6, 2, 8, 6, 6, 6, 2, 4, 6, 2, 6, 2, 6, 2]], 0.748199999332428]
[[5, [8, 6, 8, 8, 2, 6, 2, 6, 6, 6, 8, 6, 4, 8, 4, 4, 2, 6, 2]], 0.04829999804496765]
[[5, [6, 2, 8, 4, 6, 6, 4, 8, 6, 8, 6, 6, 4, 6, 2, 2, 2, 6, 2]], 0.7105000019073486]
[[1, [6, 4, 8, 4, 6, 6, 2, 8, 6, 2, 6, 2, 4, 8, 2, 4, 2, 6, 4]], 0.7583999633789062]
[[2, [6, 4, 8, 4, 6, 6, 4, 4, 6, 6, 4, 2, 4, 8, 8, 4, 2, 6, 4]], 0.7587999701499939]
[[5, [6, 4, 8, 4, 8, 6, 2, 6, 6, 4, 6, 2, 4, 4, 2, 2, 8, 6, 4]], 0.7450000047683716]
[[0, [6, 4, 8, 6, 8, 8, 4, 6, 6, 6, 6, 6, 8, 4, 8, 2, 2, 6, 6]], 0.7595999836921692]
[[0, [6, 4, 8, 4, 6, 6, 6, 8, 6, 6, 4, 6, 6, 8, 2, 8, 8, 6, 8]], 0.7585999965667725]
[[0, [6, 4, 8, 6, 8, 4, 2, 2, 6, 6, 6, 8, 4, 4, 2, 2, 2, 6, 4]], 0.7597000002861023]
[[5, [6, 6, 8, 4, 6, 6, 2, 4, 2, 6, 4, 6, 4, 6, 2, 4, 2, 6, 4]], 0.7233999967575073]
[[2, [6, 8, 8, 4, 6, 6, 2, 8, 8, 6, 4, 8, 4, 6, 2, 2, 2, 2, 2]], 0.7498999834060669]
[[7, [6, 4, 2, 6, 8, 6, 2, 6, 6, 6, 6, 2, 4, 4, 6, 4, 2, 6, 2]], 0.16539999842643738]
[[5, [6, 4, 8, 6, 8, 6, 2, 6, 6, 6, 8, 2, 8, 4, 2, 2, 2, 6, 6]], 0.7471999526023865]
[[3, [6, 4, 8, 4, 4, 6, 2, 8, 8, 6, 4, 2, 4, 6, 2, 4, 2, 6, 4]], 0.7461000084877014]
[[4, [6, 4, 6, 4, 6, 6, 2, 4, 6, 8, 4, 2, 4, 8, 2, 8, 2, 6, 6]], 0.7466999888420105]
[[7, [6, 4, 8, 6, 4, 6, 2, 2, 6, 6, 6, 2, 4, 4, 8, 2, 2, 6, 4]], 0.013700000010430813]
[[5, [6, 4, 8, 2, 6, 6, 2, 6, 2, 6, 6, 8, 4, 4, 4, 8, 2, 6, 4]], 0.7148999571800232]
[[1, [2, 4, 8, 8, 8, 6, 6, 6, 6, 6, 8, 2, 4, 4, 6, 2, 8, 6, 4]], 0.7265999913215637]
[[5, [6, 4, 8, 6, 6, 8, 2, 4, 2, 6, 6, 2, 6, 4, 2, 2, 2, 4, 2]], 0.7229999899864197]
[[2, [6, 4, 8, 4, 6, 8, 2, 8, 6, 6, 4, 8, 4, 6, 2, 4, 2, 6, 4]], 0.7490999698638916]
[[5, [6, 4, 4, 4, 4, 6, 2, 8, 6, 8, 4, 2, 2, 8, 2, 4, 4, 6, 4]], 0.7111999988555908]
[[5, [6, 4, 8, 4, 6, 6, 2, 2, 4, 6, 8, 2, 2, 4, 2, 4, 2, 6, 4]], 0.5138999819755554]
[[3, [6, 4, 2, 4, 6, 8, 2, 8, 6, 6, 6, 8, 4, 4, 2, 2, 2, 6, 2]], 0.738599956035614]
[[0, [6, 4, 6, 4, 6, 6, 2, 8, 6, 6, 4, 6, 6, 6, 2, 2, 2, 6, 6]], 0.7598999738693237]
[[5, [2, 4, 4, 6, 6, 6, 6, 8, 8, 6, 4, 2, 4, 6, 6, 6, 2, 6, 4]], 0.722599983215332]
[[5, [4, 4, 8, 4, 6, 4, 2, 8, 6, 4, 6, 2, 2, 8, 2, 6, 2, 6, 4]], 0.7096999883651733]
[[5, [4, 4, 8, 2, 6, 6, 2, 8, 6, 6, 6, 2, 4, 8, 2, 4, 2, 6, 8]], 0.7342000007629395]
[[7, [6, 6, 8, 2, 6, 8, 2, 8, 8, 6, 4, 2, 4, 6, 2, 4, 2, 6, 8]], 0.041600000113248825]
[[6, [6, 4, 2, 4, 6, 6, 2, 8, 6, 4, 4, 2, 8, 6, 2, 2, 2, 6, 8]], 0.056699998676776886]
[[5, [6, 4, 8, 4, 6, 2, 6, 8, 2, 4, 4, 2, 4, 8, 4, 6, 2, 8, 4]], 0.0965999960899353]
[[5, [6, 4, 8, 4, 6, 6, 2, 8, 6, 2, 4, 2, 4, 2, 2, 4, 6, 6, 4]], 0.01850000023841858]
[[5, [6, 4, 6, 4, 6, 6, 2, 8, 8, 6, 4, 2, 4, 4, 2, 4, 2, 4, 4]], 0.7453999519348145]
[[5, [6, 4, 8, 4, 8, 6, 2, 8, 6, 6, 6, 2, 4, 2, 2, 4, 2, 6, 4]], 0.7114999890327454]
[[5, [8, 4, 6, 6, 8, 6, 2, 6, 6, 6, 6, 4, 8, 4, 2, 2, 6, 6, 4]], 0.7501999735832214]
[[7, [2, 8, 4, 8, 6, 6, 2, 4, 8, 6, 4, 2, 4, 6, 2, 4, 2, 2, 4]], 0.01209999993443489]
[[5, [6, 4, 8, 4, 6, 6, 2, 8, 2, 6, 4, 2, 4, 8, 2, 4, 2, 6, 4]], 0.7217999696731567]
[[1, [6, 4, 2, 4, 6, 2, 2, 8, 6, 6, 4, 2, 4, 6, 2, 8, 2, 6, 2]], 0.7455999851226807]
[[0, [6, 8, 8, 4, 4, 6, 2, 8, 6, 6, 4, 2, 4, 8, 2, 4, 2, 6, 4]], 0.7667999863624573]
[[3, [6, 2, 8, 4, 4, 6, 2, 8, 6, 6, 4, 6, 4, 4, 2, 4, 2, 6, 6]], 0.702299952507019]
[[2, [6, 4, 8, 6, 8, 6, 2, 2, 6, 6, 6, 4, 6, 4, 4, 2, 2, 6, 4]], 0.7489999532699585]
[[5, [6, 4, 8, 4, 2, 6, 4, 8, 6, 8, 4, 2, 4, 8, 2, 4, 2, 6, 4]], 0.6704999804496765]
[[5, [6, 4, 8, 6, 6, 8, 2, 6, 6, 6, 8, 2, 8, 6, 2, 4, 2, 6, 4]], 0.7477999925613403]
[[5, [6, 2, 8, 8, 6, 4, 2, 8, 6, 6, 4, 2, 4, 2, 2, 4, 2, 6, 4]], 0.6667999625205994]
[[5, [6, 4, 6, 4, 6, 6, 4, 8, 6, 6, 4, 2, 8, 8, 2, 4, 2, 8, 4]], 0.7527999877929688]
[[5, [2, 4, 8, 6, 6, 6, 2, 8, 2, 6, 4, 2, 4, 8, 2, 4, 8, 6, 4]], 0.6086999773979187]
[[3, [6, 4, 8, 4, 6, 6, 6, 8, 6, 6, 4, 2, 6, 8, 2, 4, 2, 6, 4]], 0.7591999769210815]
[[4, [6, 4, 8, 6, 8, 6, 2, 2, 6, 8, 6, 2, 2, 4, 2, 2, 2, 6, 4]], 0.7267999649047852]
[[7, [6, 4, 8, 4, 8, 6, 2, 6, 6, 2, 2, 2, 4, 8, 2, 6, 2, 4, 6]], 0.010300000198185444]
[[3, [6, 4, 8, 4, 6, 6, 6, 6, 2, 6, 4, 2, 4, 4, 2, 4, 2, 6, 4]], 0.7317999601364136]
[[5, [6, 4, 6, 4, 6, 8, 6, 8, 6, 6, 4, 4, 4, 8, 8, 4, 4, 2, 4]], 0.7566999793052673]
[[5, [6, 4, 2, 4, 6, 6, 2, 8, 2, 4, 2, 2, 4, 8, 2, 4, 2, 6, 4]], 0.011399999260902405]
[[5, [6, 4, 4, 4, 6, 6, 2, 8, 8, 6, 4, 2, 4, 8, 2, 4, 2, 6, 4]], 0.7445999979972839]
[[2, [6, 2, 8, 8, 6, 6, 6, 4, 6, 6, 4, 2, 4, 8, 2, 4, 8, 6, 2]], 0.7131999731063843]
[[5, [6, 4, 8, 6, 6, 6, 2, 8, 6, 6, 8, 2, 4, 8, 2, 6, 2, 6, 2]], 0.7414000034332275]
[[5, [6, 6, 8, 4, 8, 6, 2, 2, 6, 6, 4, 2, 4, 8, 2, 4, 2, 6, 4]], 0.7238999605178833]
[[5, [4, 4, 8, 4, 6, 6, 2, 8, 2, 6, 4, 2, 4, 8, 2, 4, 8, 4, 4]], 0.7146999835968018]
[[5, [6, 6, 6, 4, 2, 6, 2, 6, 6, 6, 8, 8, 4, 4, 2, 2, 6, 4, 2]], 0.04569999873638153]
[[5, [6, 4, 4, 4, 6, 6, 2, 8, 6, 6, 2, 8, 6, 8, 2, 8, 2, 6, 4]], 0.07069999724626541]
[[5, [6, 4, 8, 6, 8, 6, 8, 6, 6, 4, 6, 6, 4, 4, 2, 2, 2, 6, 6]], 0.7586999535560608]
[[3, [6, 4, 8, 4, 6, 8, 2, 8, 4, 4, 4, 2, 4, 6, 2, 2, 2, 6, 2]], 0.748199999332428]
[[0, [6, 4, 8, 6, 8, 6, 2, 6, 6, 6, 6, 2, 4, 6, 2, 2, 2, 6, 4]], 0.7595999836921692]
[[5, [6, 4, 2, 4, 6, 6, 2, 8, 6, 6, 4, 2, 4, 8, 2, 4, 2, 8, 6]], 0.7346000075340271]
[[1, [6, 4, 8, 4, 6, 6, 4, 8, 8, 6, 4, 2, 8, 6, 2, 4, 2, 2, 4]], 0.7585999965667725]
[[5, [6, 4, 6, 4, 8, 6, 2, 8, 6, 2, 2, 8, 4, 8, 2, 4, 2, 4, 4]], 0.044599998742341995]
[[6, [6, 4, 8, 8, 8, 6, 2, 6, 6, 6, 6, 2, 4, 4, 8, 2, 8, 6, 4]], 0.5575999617576599]
[[2, [6, 4, 8, 4, 6, 6, 2, 2, 8, 6, 4, 2, 6, 4, 2, 4, 2, 6, 4]], 0.7484999895095825]
[[5, [6, 4, 6, 6, 8, 6, 2, 6, 6, 6, 6, 2, 4, 8, 2, 2, 2, 6, 4]], 0.7470999956130981]
[[5, [8, 4, 8, 6, 8, 6, 8, 6, 4, 6, 4, 2, 4, 8, 2, 8, 2, 6, 4]], 0.7512999773025513]
[[3, [6, 4, 8, 4, 4, 2, 2, 8, 4, 8, 4, 6, 4, 8, 2, 4, 4, 4, 4]], 0.03949999809265137]
[[2, [8, 4, 8, 6, 8, 6, 2, 6, 6, 6, 2, 2, 4, 4, 2, 2, 2, 8, 4]], 0.7488999962806702]
[[5, [4, 4, 8, 4, 6, 6, 2, 8, 6, 6, 4, 2, 6, 8, 2, 4, 2, 6, 4]], 0.7465999722480774]
[[5, [6, 4, 8, 4, 6, 6, 2, 8, 8, 6, 4, 2, 4, 4, 2, 4, 2, 6, 4]], 0.7455999851226807]
[[5, [6, 4, 8, 8, 4, 6, 8, 4, 6, 6, 2, 2, 4, 8, 2, 4, 2, 6, 4]], 0.01730000041425228]
[[6, [4, 2, 8, 4, 4, 8, 2, 4, 6, 6, 4, 2, 6, 2, 2, 4, 2, 6, 4]], 0.023499999195337296]
[[5, [6, 4, 6, 4, 6, 6, 2, 8, 8, 6, 4, 2, 8, 8, 2, 2, 2, 4, 4]], 0.7461999654769897]
[[5, [6, 4, 4, 4, 6, 6, 2, 8, 6, 6, 6, 6, 6, 8, 6, 4, 6, 6, 8]], 0.7507999539375305]
[[5, [6, 4, 2, 4, 6, 6, 8, 8, 2, 6, 4, 2, 4, 8, 2, 4, 2, 6, 8]], 0.7132999897003174]
[[2, [6, 4, 8, 4, 4, 6, 8, 8, 6, 8, 4, 2, 4, 8, 2, 4, 8, 4, 4]], 0.7591999769210815]
[[7, [4, 4, 8, 4, 6, 6, 2, 8, 6, 6, 4, 2, 6, 8, 2, 4, 2, 8, 4]], 0.049799997359514236]
[[5, [8, 6, 6, 4, 6, 4, 2, 8, 4, 6, 4, 2, 2, 8, 2, 4, 2, 6, 4]], 0.7134000062942505]
[[2, [4, 8, 8, 8, 6, 6, 2, 8, 6, 6, 4, 2, 6, 2, 2, 4, 2, 6, 6]], 0.7495999932289124]
[[5, [4, 4, 8, 4, 6, 2, 2, 8, 6, 6, 6, 2, 6, 8, 2, 4, 2, 6, 4]], 0.045399997383356094]
[[5, [4, 4, 8, 4, 8, 6, 6, 8, 6, 6, 4, 2, 6, 6, 2, 4, 2, 6, 4]], 0.75409996509552]
[[5, [4, 4, 8, 4, 6, 6, 2, 2, 6, 6, 8, 2, 6, 6, 2, 8, 2, 6, 4]], 0.7199999690055847]
[[5, [6, 2, 8, 4, 6, 6, 2, 8, 8, 6, 4, 4, 2, 2, 4, 6, 2, 4, 4]], 0.6599000096321106]
[[5, [6, 4, 6, 4, 6, 6, 2, 8, 8, 6, 2, 2, 8, 8, 2, 4, 2, 6, 4]], 0.01769999973475933]
[[7, [2, 4, 8, 4, 2, 6, 2, 8, 6, 6, 8, 2, 6, 8, 2, 6, 4, 4, 4]], 0.03099999949336052]
[[5, [4, 6, 8, 4, 2, 6, 8, 6, 6, 6, 4, 2, 2, 6, 2, 8, 8, 6, 4]], 0.6171000003814697]
[[5, [4, 8, 8, 8, 8, 6, 2, 8, 6, 6, 4, 2, 6, 8, 2, 4, 8, 6, 8]], 0.7468999624252319]
[[5, [6, 4, 8, 4, 8, 6, 2, 4, 6, 6, 2, 2, 6, 8, 2, 4, 2, 2, 4]], 0.015599999576807022]
[[3, [6, 4, 8, 4, 6, 6, 4, 8, 6, 6, 4, 2, 8, 8, 2, 4, 2, 6, 4]], 0.7567999958992004]
[[1, [4, 4, 8, 4, 6, 6, 4, 2, 6, 6, 4, 4, 6, 8, 2, 4, 2, 6, 4]], 0.7601999640464783]
[[5, [6, 4, 6, 4, 6, 6, 2, 8, 6, 6, 4, 2, 4, 8, 2, 4, 2, 6, 4]], 0.7455999851226807]
[[7, [6, 4, 6, 2, 6, 6, 2, 4, 2, 6, 4, 6, 8, 8, 2, 4, 2, 6, 4]], 0.025599999353289604]
[[5, [6, 4, 8, 4, 6, 6, 2, 8, 4, 6, 4, 8, 6, 8, 2, 4, 2, 2, 2]], 0.7483999729156494]
[[3, [8, 4, 8, 6, 6, 4, 2, 8, 6, 6, 4, 2, 4, 6, 2, 4, 2, 6, 2]], 0.7483999729156494]
[[5, [6, 8, 8, 6, 8, 6, 2, 6, 6, 6, 4, 2, 4, 4, 2, 2, 2, 6, 4]], 0.7452999949455261]
[[2, [6, 4, 8, 6, 8, 2, 2, 8, 6, 2, 6, 2, 4, 4, 2, 4, 2, 6, 4]], 0.03150000050663948]
[[5, [6, 4, 8, 4, 6, 6, 2, 2, 6, 6, 2, 2, 4, 6, 2, 4, 2, 8, 6]], 0.02029999904334545]
[[5, [4, 6, 8, 2, 6, 6, 2, 8, 6, 6, 8, 2, 6, 2, 2, 2, 2, 6, 6]], 0.707099974155426]
[[3, [4, 4, 8, 4, 4, 8, 2, 8, 8, 6, 4, 2, 6, 8, 2, 4, 2, 6, 4]], 0.7455999851226807]
[[5, [4, 4, 8, 4, 6, 6, 2, 8, 8, 6, 4, 2, 4, 2, 2, 8, 2, 6, 4]], 0.7040999531745911]
[[5, [4, 8, 2, 2, 6, 4, 2, 8, 8, 2, 2, 4, 6, 8, 2, 4, 2, 6, 4]], 0.03009999915957451]
[[1, [6, 2, 8, 4, 6, 6, 8, 8, 4, 2, 4, 6, 4, 4, 8, 4, 2, 6, 4]], 0.7112999558448792]
[[4, [4, 4, 6, 8, 6, 6, 2, 8, 6, 6, 4, 4, 6, 8, 2, 4, 2, 6, 4]], 0.7470999956130981]
[[5, [6, 4, 4, 4, 6, 4, 2, 8, 4, 6, 2, 2, 4, 6, 8, 8, 2, 6, 6]], 0.01640000008046627]
[[5, [6, 4, 2, 4, 6, 6, 2, 8, 4, 8, 4, 2, 4, 8, 2, 2, 2, 2, 2]], 0.7360000014305115]
[[5, [4, 4, 8, 4, 6, 6, 2, 2, 6, 6, 2, 6, 6, 8, 2, 4, 2, 8, 4]], 0.05089999735355377]
[[5, [6, 4, 8, 4, 6, 6, 2, 6, 2, 4, 4, 2, 4, 8, 2, 4, 2, 6, 6]], 0.718999981880188]
[[0, [4, 4, 8, 4, 6, 2, 2, 8, 6, 6, 4, 6, 6, 8, 2, 2, 2, 6, 4]], 0.758899986743927]
[[5, [6, 4, 8, 4, 6, 8, 2, 8, 6, 6, 4, 8, 4, 8, 6, 4, 2, 6, 4]], 0.7468000054359436]
[[3, [2, 2, 8, 4, 6, 6, 2, 2, 2, 6, 2, 2, 4, 8, 8, 6, 2, 6, 8]], 0.6484000086784363]
[[5, [6, 4, 8, 2, 6, 6, 2, 2, 6, 8, 4, 2, 2, 8, 8, 4, 2, 6, 8]], 0.11869999766349792]
[[7, [4, 4, 8, 4, 8, 6, 2, 8, 6, 8, 4, 6, 6, 8, 2, 4, 2, 4, 4]], 0.05889999866485596]
[[7, [4, 8, 8, 6, 6, 6, 8, 6, 2, 6, 4, 2, 6, 8, 8, 4, 2, 6, 4]], 0.7037999629974365]
[[0, [4, 4, 8, 4, 8, 6, 2, 8, 6, 6, 8, 8, 2, 8, 2, 4, 2, 6, 4]], 0.7592999935150146]
[[5, [6, 8, 6, 6, 4, 6, 2, 6, 6, 6, 2, 2, 4, 4, 2, 2, 2, 2, 2]], 0.016200000420212746]
[[1, [4, 4, 2, 8, 4, 8, 4, 8, 6, 6, 4, 2, 6, 8, 8, 4, 2, 8, 6]], 0.7401999831199646]
[[5, [4, 4, 8, 4, 6, 6, 2, 4, 6, 6, 4, 2, 6, 8, 2, 2, 8, 2, 8]], 0.7407999634742737]
[[5, [6, 6, 2, 4, 8, 6, 2, 8, 4, 6, 4, 2, 4, 4, 2, 4, 2, 6, 4]], 0.7353999614715576]
[[5, [6, 4, 2, 8, 2, 6, 2, 2, 2, 6, 6, 2, 4, 4, 8, 2, 2, 8, 4]], 0.04910000041127205]
[[5, [4, 6, 8, 4, 8, 6, 2, 8, 2, 6, 4, 8, 6, 8, 2, 4, 2, 6, 4]], 0.7245000004768372]
[[5, [6, 4, 8, 4, 6, 6, 2, 8, 8, 6, 4, 2, 4, 8, 2, 4, 2, 6, 4]], 0.7407000064849854]
[[1, [4, 8, 8, 6, 6, 6, 2, 8, 6, 6, 4, 2, 6, 8, 2, 4, 2, 6, 4]], 0.7604999542236328]
[[5, [2, 4, 8, 8, 6, 6, 2, 8, 2, 2, 4, 2, 4, 4, 2, 2, 4, 6, 4]], 0.014800000004470348]
[[5, [6, 4, 6, 4, 6, 6, 2, 8, 6, 6, 2, 2, 2, 8, 2, 4, 2, 6, 2]], 0.04779999703168869]
[[5, [4, 4, 8, 4, 6, 6, 2, 8, 6, 6, 4, 2, 4, 8, 2, 4, 2, 4, 4]], 0.7390999794006348]
[[4, [6, 4, 8, 4, 6, 6, 2, 8, 8, 6, 8, 2, 2, 2, 2, 4, 2, 6, 4]], 0.7473999857902527]
[[2, [6, 8, 8, 4, 2, 6, 2, 8, 8, 6, 4, 2, 4, 8, 2, 4, 2, 6, 6]], 0.04039999842643738]
[[1, [6, 4, 8, 4, 6, 6, 8, 6, 8, 6, 4, 4, 4, 6, 6, 4, 2, 6, 4]], 0.7586999535560608]
[[5, [4, 4, 8, 4, 6, 2, 2, 8, 8, 6, 2, 2, 6, 8, 2, 8, 2, 6, 8]], 0.010099999606609344]
[[5, [6, 4, 8, 2, 2, 2, 8, 8, 6, 2, 4, 2, 4, 4, 2, 2, 2, 8, 4]], 0.017099998891353607]
[[5, [4, 4, 8, 4, 6, 6, 2, 2, 6, 6, 4, 2, 8, 8, 4, 4, 2, 6, 4]], 0.7198999524116516]
[[5, [6, 4, 4, 4, 2, 6, 2, 8, 6, 6, 4, 2, 4, 8, 6, 4, 6, 6, 6]], 0.06669999659061432]
[[5, [6, 4, 8, 4, 6, 6, 2, 8, 8, 6, 4, 2, 4, 4, 2, 4, 2, 8, 4]], 0.746399998664856]
[[2, [6, 2, 4, 4, 2, 2, 2, 8, 4, 6, 4, 6, 8, 4, 2, 4, 8, 8, 4]], 0.02929999865591526]
[[1, [6, 4, 2, 4, 6, 6, 6, 8, 6, 4, 4, 2, 4, 8, 2, 4, 2, 6, 8]], 0.7454999685287476]
[[3, [4, 4, 8, 8, 6, 6, 2, 4, 8, 6, 4, 2, 6, 8, 2, 4, 2, 6, 4]], 0.7468999624252319]
[[5, [6, 4, 8, 4, 6, 6, 2, 8, 6, 4, 4, 4, 4, 8, 2, 4, 8, 6, 4]], 0.7457000017166138]
[[5, [6, 8, 8, 4, 6, 6, 2, 8, 8, 4, 6, 2, 4, 6, 2, 2, 2, 8, 4]], 0.7461999654769897]
[[7, [6, 4, 8, 4, 6, 6, 4, 8, 8, 6, 8, 2, 4, 4, 2, 4, 2, 8, 4]], 0.09549999982118607]
[[5, [8, 4, 8, 8, 6, 6, 2, 8, 6, 6, 4, 2, 4, 8, 2, 4, 6, 6, 4]], 0.7461999654769897]
[[5, [6, 4, 8, 4, 6, 6, 2, 8, 4, 6, 2, 2, 4, 8, 2, 8, 2, 6, 4]], 0.014999999664723873]
[[5, [6, 4, 2, 4, 2, 6, 2, 2, 6, 2, 6, 2, 4, 8, 8, 4, 2, 6, 4]], 0.015599999576807022]
[[5, [4, 4, 8, 4, 6, 6, 6, 8, 8, 6, 2, 2, 4, 4, 2, 4, 2, 8, 4]], 0.016099998727440834]
[[5, [6, 4, 8, 4, 6, 6, 2, 8, 8, 6, 4, 2, 2, 4, 8, 4, 2, 8, 4]], 0.7116999626159668]
[[5, [6, 8, 2, 4, 6, 6, 8, 8, 8, 6, 6, 2, 4, 6, 6, 4, 2, 6, 8]], 0.7461999654769897]
[[5, [4, 6, 8, 4, 6, 6, 4, 8, 2, 6, 4, 2, 6, 8, 2, 4, 6, 2, 4]], 0.7251999974250793]
[[5, [6, 4, 8, 4, 8, 6, 2, 8, 6, 6, 6, 6, 4, 4, 2, 4, 2, 6, 2]], 0.746399998664856]
[[6, [6, 4, 8, 4, 6, 8, 2, 8, 6, 6, 4, 8, 4, 8, 8, 4, 2, 8, 4]], 0.7250999808311462]
[[5, [6, 4, 8, 6, 6, 6, 2, 8, 8, 4, 4, 6, 4, 4, 2, 4, 2, 6, 4]], 0.7447999715805054]
[[5, [6, 4, 8, 4, 6, 6, 2, 8, 8, 4, 8, 2, 4, 4, 8, 8, 2, 8, 4]], 0.7394999861717224]
[[5, [6, 4, 6, 4, 6, 8, 2, 8, 8, 6, 4, 8, 4, 2, 2, 4, 2, 2, 4]], 0.7135999798774719]
[[0, [6, 4, 2, 4, 2, 4, 2, 8, 8, 6, 4, 2, 4, 4, 2, 4, 2, 8, 4]], 0.7597000002861023]
[[1, [6, 4, 8, 4, 6, 6, 2, 8, 2, 6, 4, 2, 4, 8, 2, 4, 2, 2, 4]], 0.7581999897956848]
[[5, [6, 4, 8, 4, 6, 6, 2, 8, 6, 4, 4, 2, 4, 8, 2, 4, 2, 6, 4]], 0.7440999746322632]
[[5, [6, 6, 8, 4, 6, 6, 2, 8, 6, 6, 4, 2, 4, 8, 2, 4, 2, 8, 8]], 0.7471999526023865]
[[5, [6, 8, 8, 6, 8, 6, 2, 6, 6, 6, 6, 2, 8, 4, 4, 8, 2, 6, 4]], 0.7471999526023865]
[[7, [6, 4, 8, 2, 6, 6, 2, 8, 6, 6, 8, 2, 6, 6, 2, 4, 6, 2, 4]], 0.08060000091791153]
[[5, [6, 4, 8, 4, 6, 6, 6, 8, 8, 2, 4, 2, 4, 4, 8, 4, 2, 8, 4]], 0.02019999921321869]
[[5, [8, 4, 8, 8, 6, 6, 6, 8, 6, 6, 4, 8, 4, 8, 2, 4, 6, 6, 4]], 0.7592999935150146]
[[7, [6, 4, 8, 4, 2, 2, 2, 8, 8, 6, 2, 2, 4, 6, 4, 4, 4, 8, 4]], 0.01269999984651804]
[[1, [2, 4, 8, 4, 6, 6, 2, 4, 6, 6, 4, 2, 4, 8, 4, 4, 4, 6, 4]], 0.7277999520301819]
[[5, [6, 4, 8, 4, 6, 6, 2, 8, 6, 6, 4, 4, 2, 8, 2, 4, 2, 4, 4]], 0.7089999914169312]
[[6, [6, 4, 8, 4, 6, 6, 2, 8, 6, 6, 8, 2, 4, 8, 2, 4, 2, 4, 4]], 0.056599996984004974]
[[5, [4, 4, 8, 4, 6, 6, 2, 4, 8, 6, 4, 2, 4, 4, 6, 4, 2, 8, 2]], 0.7436999678611755]
[[5, [6, 4, 8, 4, 4, 6, 2, 8, 6, 6, 4, 2, 4, 6, 8, 4, 2, 8, 4]], 0.7457000017166138]
[[5, [6, 8, 8, 4, 2, 6, 2, 4, 6, 6, 4, 2, 4, 4, 2, 4, 8, 8, 4]], 0.06929999589920044]
[[5, [6, 4, 4, 4, 6, 8, 2, 2, 8, 6, 6, 6, 4, 6, 4, 8, 2, 8, 4]], 0.7272999882698059]
[[5, [4, 2, 8, 6, 6, 6, 4, 2, 6, 6, 4, 2, 6, 8, 6, 4, 2, 6, 6]], 0.6764000058174133]
[[5, [6, 4, 8, 6, 6, 4, 4, 6, 6, 6, 4, 2, 6, 2, 2, 4, 2, 6, 4]], 0.7119999527931213]
[[5, [6, 8, 8, 4, 2, 6, 8, 8, 8, 6, 4, 2, 4, 4, 2, 4, 2, 8, 2]], 0.6780999898910522]
[[5, [6, 6, 8, 2, 6, 6, 2, 8, 8, 6, 4, 2, 4, 8, 2, 4, 2, 6, 4]], 0.7382000088691711]
[[5, [6, 4, 8, 4, 6, 6, 2, 8, 8, 6, 4, 2, 8, 4, 2, 4, 2, 8, 4]], 0.7421999573707581]
[[1, [4, 4, 8, 2, 6, 8, 8, 8, 8, 6, 4, 2, 2, 8, 2, 2, 6, 8, 4]], 0.7418000102043152]
[[1, [6, 4, 8, 4, 6, 6, 2, 8, 6, 6, 4, 4, 4, 8, 2, 4, 2, 6, 8]], 0.7583000063896179]
[[5, [4, 4, 8, 4, 4, 6, 2, 8, 8, 4, 6, 2, 4, 4, 2, 8, 2, 8, 4]], 0.7446999549865723]
[[5, [6, 4, 8, 4, 6, 6, 2, 8, 6, 6, 4, 8, 4, 4, 2, 4, 2, 6, 4]], 0.7453999519348145]
[[5, [6, 2, 8, 4, 6, 4, 2, 8, 6, 6, 6, 2, 4, 8, 2, 4, 6, 6, 4]], 0.6987000107765198]
[[5, [6, 4, 8, 4, 6, 6, 2, 4, 6, 6, 4, 6, 4, 2, 2, 6, 6, 2, 8]], 0.714199960231781]
[[3, [6, 4, 8, 6, 4, 6, 2, 8, 8, 6, 4, 8, 4, 4, 6, 4, 2, 6, 6]], 0.7468000054359436]
[[0, [6, 4, 8, 8, 6, 6, 2, 8, 6, 4, 6, 2, 6, 8, 2, 4, 2, 4, 4]], 0.7594000101089478]
[[0, [6, 4, 4, 4, 8, 6, 2, 8, 8, 6, 4, 2, 4, 6, 2, 4, 2, 4, 4]], 0.7594999670982361]
[[6, [6, 4, 8, 2, 6, 6, 2, 6, 6, 6, 4, 4, 4, 8, 2, 2, 2, 6, 4]], 0.07519999891519547]
[[5, [8, 4, 8, 6, 6, 2, 2, 4, 2, 6, 4, 2, 2, 4, 4, 4, 2, 8, 4]], 0.027699999511241913]
[[5, [6, 4, 8, 4, 8, 6, 2, 8, 6, 6, 4, 2, 4, 8, 8, 4, 2, 6, 4]], 0.7384999990463257]
[[4, [6, 4, 8, 4, 4, 6, 2, 8, 6, 4, 4, 2, 8, 8, 2, 4, 2, 6, 6]], 0.7466999888420105]
[[1, [6, 8, 2, 4, 6, 6, 2, 8, 6, 6, 4, 6, 4, 8, 2, 4, 2, 6, 2]], 0.7479000091552734]
[[2, [4, 4, 8, 6, 6, 6, 2, 4, 6, 6, 4, 2, 6, 8, 2, 4, 4, 6, 4]], 0.7440999746322632]
[[5, [4, 4, 8, 4, 6, 8, 2, 8, 6, 6, 4, 2, 6, 8, 2, 4, 4, 6, 4]], 0.746399998664856]
[[3, [6, 4, 8, 4, 6, 6, 2, 8, 6, 6, 4, 2, 4, 8, 2, 4, 2, 6, 4]], 0.7491999864578247]
[[5, [6, 2, 8, 4, 6, 6, 2, 2, 6, 6, 4, 2, 4, 8, 2, 8, 2, 6, 8]], 0.6326000094413757]
[[7, [4, 2, 8, 6, 6, 6, 2, 8, 6, 4, 2, 2, 6, 8, 2, 4, 2, 2, 4]], 0.009999999776482582]
[[3, [2, 4, 2, 2, 2, 6, 2, 2, 6, 6, 2, 6, 4, 8, 6, 4, 2, 6, 4]], 0.030499998480081558]
[[1, [6, 4, 8, 4, 2, 6, 2, 8, 8, 6, 4, 2, 4, 4, 2, 4, 8, 8, 4]], 0.7581999897956848]
[[2, [6, 4, 4, 2, 6, 6, 2, 2, 6, 6, 4, 6, 2, 8, 2, 4, 2, 6, 4]], 0.7356999516487122]
[[5, [6, 4, 2, 4, 6, 6, 8, 8, 6, 6, 6, 2, 8, 8, 2, 4, 6, 4, 4]], 0.7432999610900879]
[[5, [6, 4, 8, 2, 6, 8, 8, 8, 2, 6, 4, 2, 4, 8, 4, 4, 4, 2, 4]], 0.713699996471405]
[[2, [6, 6, 8, 4, 6, 6, 2, 8, 8, 6, 6, 2, 4, 4, 2, 4, 2, 8, 4]], 0.7505999803543091]
[[1, [6, 4, 8, 4, 6, 6, 2, 8, 6, 6, 4, 8, 4, 8, 2, 4, 2, 6, 8]], 0.7585999965667725]
[[5, [4, 4, 8, 4, 6, 6, 2, 8, 8, 6, 4, 2, 4, 4, 2, 4, 2, 8, 4]], 0.7393999695777893]
[[6, [6, 4, 8, 4, 4, 6, 2, 2, 4, 6, 4, 2, 4, 4, 6, 4, 2, 8, 4]], 0.6913999915122986]
[[6, [6, 4, 8, 4, 4, 6, 2, 2, 2, 6, 6, 2, 4, 2, 6, 4, 6, 2, 4]], 0.6653000116348267]
[[6, [8, 6, 4, 4, 4, 6, 6, 4, 2, 6, 6, 2, 4, 2, 4, 4, 6, 2, 4]], 0.6766999959945679]
[[6, [6, 4, 8, 4, 4, 4, 2, 2, 8, 6, 4, 2, 8, 4, 6, 4, 2, 8, 4]], 0.6902999877929688]
[[6, [6, 8, 8, 4, 4, 6, 2, 2, 4, 6, 4, 2, 4, 4, 4, 4, 2, 8, 4]], 0.691100001335144]
[[1, [6, 4, 8, 4, 4, 4, 2, 6, 4, 6, 4, 2, 4, 4, 6, 8, 2, 8, 4]], 0.7585999965667725]
[[6, [6, 4, 6, 4, 8, 6, 2, 4, 2, 6, 2, 2, 4, 6, 6, 4, 6, 2, 6]], 0.010900000110268593]
[[5, [4, 4, 2, 4, 4, 6, 2, 2, 8, 2, 4, 2, 4, 4, 6, 4, 6, 8, 4]], 0.019899999722838402]
[[6, [6, 8, 8, 4, 4, 4, 2, 2, 4, 6, 4, 4, 2, 6, 4, 4, 2, 8, 4]], 0.6283999681472778]
[[4, [6, 4, 8, 4, 4, 6, 2, 2, 4, 6, 2, 6, 4, 4, 6, 4, 6, 8, 4]], 0.06350000202655792]
[[6, [4, 4, 8, 4, 4, 6, 2, 4, 4, 6, 4, 2, 4, 4, 6, 4, 2, 4, 4]], 0.7149999737739563]
[[3, [4, 4, 8, 4, 4, 6, 2, 4, 4, 2, 2, 6, 4, 4, 8, 4, 2, 4, 4]], 0.7446999549865723]
[[6, [4, 4, 2, 8, 4, 6, 2, 4, 4, 6, 4, 2, 4, 4, 6, 8, 2, 4, 4]], 0.713699996471405]
[[6, [4, 8, 8, 4, 4, 6, 4, 4, 4, 6, 4, 2, 4, 4, 6, 4, 2, 4, 8]], 0.7250999808311462]
[[6, [6, 4, 8, 4, 4, 2, 4, 2, 2, 6, 6, 6, 4, 2, 6, 4, 6, 2, 4]], 0.06859999895095825]
[[6, [2, 2, 8, 4, 4, 6, 2, 8, 4, 6, 4, 2, 8, 4, 6, 4, 2, 4, 4]], 0.6703000068664551]
[[6, [6, 4, 8, 4, 4, 6, 2, 2, 4, 6, 4, 2, 8, 4, 6, 4, 2, 4, 8]], 0.693399965763092]
[[6, [6, 4, 8, 4, 4, 6, 2, 2, 4, 6, 8, 6, 4, 4, 6, 4, 2, 8, 4]], 0.6995999813079834]
[[6, [4, 8, 8, 4, 4, 4, 2, 4, 4, 8, 4, 2, 8, 4, 6, 4, 2, 8, 8]], 0.717199981212616]
[[6, [6, 2, 8, 4, 4, 6, 2, 2, 4, 6, 4, 2, 4, 4, 6, 4, 2, 8, 4]], 0.5704999566078186]
[[0, [6, 8, 8, 4, 4, 4, 2, 2, 4, 6, 4, 4, 2, 6, 4, 4, 4, 8, 4]], 0.7671999931335449]
[[6, [6, 4, 8, 4, 4, 2, 4, 2, 4, 6, 4, 4, 4, 8, 6, 4, 2, 6, 4]], 0.4845999777317047]
[[3, [6, 4, 8, 2, 4, 6, 2, 2, 8, 6, 4, 2, 6, 2, 6, 4, 2, 8, 8]], 0.7141000032424927]
[[7, [4, 4, 2, 4, 4, 6, 2, 4, 4, 4, 4, 2, 4, 4, 6, 4, 8, 8, 2]], 0.21139998733997345]
[[6, [6, 4, 8, 2, 4, 8, 2, 2, 4, 6, 6, 2, 4, 4, 6, 6, 6, 2, 4]], 0.7103999853134155]
[[7, [4, 4, 8, 4, 4, 6, 2, 4, 4, 4, 4, 4, 8, 4, 6, 6, 2, 4, 6]], 0.7235999703407288]
[[6, [4, 2, 8, 4, 4, 6, 2, 8, 2, 6, 4, 2, 2, 4, 6, 8, 2, 8, 8]], 0.10809999704360962]
[[6, [6, 4, 2, 4, 4, 6, 6, 2, 4, 6, 6, 2, 4, 4, 8, 6, 6, 6, 4]], 0.7150999903678894]
[[4, [6, 4, 8, 4, 4, 6, 2, 2, 4, 6, 4, 2, 4, 4, 6, 4, 2, 2, 4]], 0.7217999696731567]
[[0, [6, 4, 2, 4, 4, 6, 2, 2, 8, 6, 4, 2, 4, 4, 6, 4, 2, 8, 4]], 0.7599999904632568]
[[7, [6, 8, 8, 8, 4, 4, 2, 8, 4, 4, 4, 4, 4, 8, 4, 4, 8, 8, 4]], 0.7401999831199646]
[[6, [4, 8, 8, 8, 4, 8, 8, 2, 4, 2, 4, 2, 4, 4, 4, 4, 4, 8, 4]], 0.01860000006854534]
[[6, [4, 4, 4, 8, 4, 6, 2, 4, 8, 6, 8, 2, 4, 8, 6, 4, 2, 6, 8]], 0.72079998254776]
[[6, [4, 4, 8, 6, 4, 6, 4, 4, 6, 6, 4, 4, 4, 8, 6, 8, 6, 4, 4]], 0.7493000030517578]
[[6, [8, 8, 8, 6, 4, 4, 4, 2, 4, 6, 4, 4, 2, 6, 4, 4, 2, 8, 4]], 0.6477000117301941]
[[6, [6, 4, 8, 4, 4, 2, 2, 2, 4, 6, 4, 2, 4, 4, 6, 4, 4, 8, 4]], 0.05329999700188637]
[[1, [2, 8, 8, 2, 4, 6, 2, 2, 4, 6, 4, 8, 6, 4, 4, 4, 4, 8, 4]], 0.70660001039505]
[[0, [6, 2, 8, 4, 4, 8, 2, 2, 2, 6, 4, 4, 2, 6, 4, 6, 2, 8, 4]], 0.7127999663352966]
[[4, [6, 8, 8, 4, 4, 6, 2, 2, 4, 6, 4, 6, 6, 4, 2, 4, 2, 8, 4]], 0.7292999625205994]
[[6, [4, 2, 8, 2, 6, 6, 2, 6, 2, 6, 4, 2, 4, 4, 6, 4, 2, 4, 2]], 0.056199997663497925]
[[3, [4, 2, 8, 4, 2, 6, 2, 4, 4, 6, 4, 2, 4, 2, 6, 2, 8, 4, 8]], 0.04179999977350235]
[[6, [4, 8, 2, 6, 4, 6, 2, 4, 4, 6, 2, 2, 4, 4, 8, 8, 2, 4, 4]], 0.013199999928474426]
[[4, [8, 4, 2, 4, 4, 6, 2, 4, 4, 6, 4, 2, 8, 4, 6, 8, 2, 8, 4]], 0.7343999743461609]
[[6, [4, 6, 8, 4, 4, 2, 2, 4, 4, 6, 4, 2, 4, 4, 6, 4, 2, 4, 4]], 0.03229999914765358]
[[6, [6, 4, 6, 4, 8, 6, 2, 2, 8, 2, 8, 2, 4, 4, 6, 4, 2, 8, 4]], 0.010099999606609344]
[[6, [6, 4, 8, 4, 4, 6, 2, 2, 4, 6, 4, 2, 4, 4, 6, 4, 2, 8, 8]], 0.6924999952316284]
[[6, [6, 8, 8, 4, 4, 6, 2, 2, 4, 6, 6, 2, 4, 4, 4, 4, 8, 8, 4]], 0.7173999547958374]
[[0, [4, 4, 8, 4, 8, 8, 2, 4, 4, 6, 8, 2, 4, 4, 6, 4, 6, 4, 2]], 0.7590000033378601]
[[6, [6, 4, 6, 4, 4, 6, 2, 2, 4, 6, 4, 2, 4, 4, 6, 4, 2, 6, 8]], 0.6930999755859375]
[[6, [4, 4, 8, 4, 6, 6, 2, 4, 4, 6, 4, 2, 4, 4, 4, 4, 2, 4, 4]], 0.7168999910354614]
[[6, [2, 4, 4, 4, 6, 6, 2, 4, 4, 8, 4, 2, 4, 6, 4, 4, 4, 4, 4]], 0.701200008392334]
[[6, [6, 4, 4, 4, 4, 6, 2, 2, 4, 6, 4, 2, 2, 6, 6, 4, 2, 2, 4]], 0.6150999665260315]
[[4, [8, 8, 6, 4, 4, 6, 2, 4, 4, 4, 4, 2, 2, 4, 6, 4, 2, 6, 2]], 0.7428999543190002]
[[6, [8, 4, 6, 4, 4, 2, 2, 2, 6, 6, 4, 2, 6, 4, 6, 4, 2, 8, 8]], 0.03909999877214432]
[[5, [6, 6, 6, 4, 4, 6, 6, 2, 4, 4, 4, 2, 4, 4, 2, 4, 2, 6, 8]], 0.725600004196167]
[[7, [4, 2, 8, 8, 6, 4, 2, 4, 4, 6, 4, 2, 4, 4, 4, 4, 2, 4, 6]], 0.6680999994277954]
[[0, [4, 4, 8, 4, 6, 6, 8, 4, 4, 6, 4, 2, 2, 4, 4, 4, 2, 4, 4]], 0.7590999603271484]
[[6, [6, 4, 6, 4, 4, 8, 4, 2, 4, 6, 4, 2, 4, 8, 6, 4, 8, 6, 8]], 0.7188000082969666]
[[7, [6, 4, 8, 4, 8, 6, 2, 2, 2, 6, 4, 2, 4, 8, 6, 4, 8, 8, 8]], 0.7121999859809875]
[[7, [6, 4, 2, 4, 6, 6, 2, 4, 4, 6, 4, 2, 4, 4, 6, 4, 2, 2, 4]], 0.3667999804019928]
[[7, [4, 2, 8, 4, 4, 6, 2, 8, 2, 6, 4, 2, 4, 4, 6, 4, 2, 8, 8]], 0.6071999669075012]
[[0, [4, 4, 8, 4, 2, 6, 6, 2, 4, 6, 6, 2, 4, 6, 6, 4, 2, 4, 4]], 0.758899986743927]
[[6, [6, 2, 8, 4, 4, 4, 8, 8, 4, 6, 4, 2, 2, 4, 2, 4, 2, 8, 8]], 0.02669999934732914]
[[6, [4, 4, 8, 4, 8, 6, 2, 8, 4, 4, 4, 2, 8, 4, 4, 4, 2, 4, 4]], 0.7184999585151672]
[[6, [4, 4, 8, 4, 6, 6, 2, 4, 4, 6, 4, 2, 4, 4, 6, 4, 2, 4, 4]], 0.7196999788284302]
[[6, [2, 4, 2, 4, 4, 6, 2, 2, 4, 6, 2, 2, 4, 4, 2, 4, 8, 6, 8]], 0.0142000000923872]
[[6, [6, 4, 8, 6, 4, 6, 2, 8, 4, 6, 4, 2, 4, 2, 6, 4, 2, 6, 8]], 0.6905999779701233]
[[6, [6, 4, 8, 4, 6, 6, 2, 4, 2, 6, 6, 6, 4, 4, 6, 4, 2, 4, 4]], 0.7015999555587769]
[[6, [6, 4, 8, 6, 6, 4, 2, 4, 4, 6, 4, 2, 4, 4, 4, 2, 2, 2, 4]], 0.07069999724626541]
[[4, [4, 8, 8, 2, 6, 6, 2, 4, 4, 6, 8, 2, 8, 4, 2, 4, 2, 4, 4]], 0.7360000014305115]
[[6, [6, 4, 2, 4, 4, 6, 2, 2, 4, 6, 4, 8, 4, 4, 4, 4, 2, 6, 8]], 0.6785999536514282]
[[5, [4, 4, 8, 4, 6, 6, 2, 8, 6, 6, 4, 2, 4, 4, 4, 4, 2, 2, 4]], 0.7450000047683716]
[[6, [6, 4, 8, 4, 6, 6, 2, 8, 4, 6, 4, 2, 4, 6, 6, 4, 2, 4, 4]], 0.7209999561309814]
[[6, [8, 4, 6, 4, 4, 6, 2, 2, 4, 6, 4, 2, 4, 4, 6, 4, 2, 6, 8]], 0.6969000101089478]
[[6, [6, 4, 2, 4, 4, 6, 4, 8, 4, 6, 4, 8, 4, 4, 4, 4, 6, 8, 8]], 0.7324999570846558]
[[6, [6, 8, 2, 4, 4, 6, 2, 2, 4, 8, 4, 2, 4, 4, 6, 8, 2, 8, 6]], 0.6942999958992004]
[[6, [4, 4, 8, 4, 4, 6, 2, 4, 4, 6, 4, 2, 4, 4, 2, 4, 2, 4, 2]], 0.056699998676776886]
[[3, [4, 4, 8, 4, 6, 6, 8, 4, 4, 6, 6, 2, 4, 4, 4, 6, 2, 4, 4]], 0.7558000087738037]
[[6, [8, 4, 8, 4, 4, 6, 2, 4, 4, 6, 6, 6, 4, 2, 8, 4, 2, 4, 4]], 0.6930999755859375]
[[6, [2, 4, 8, 4, 6, 6, 2, 4, 4, 6, 2, 6, 4, 4, 4, 4, 2, 8, 4]], 0.031700000166893005]
[[6, [4, 6, 4, 4, 6, 8, 2, 4, 4, 2, 2, 2, 2, 4, 8, 4, 2, 4, 4]], 0.01719999872148037]
[[1, [4, 4, 2, 8, 4, 6, 8, 2, 4, 6, 4, 8, 4, 4, 4, 4, 2, 8, 8]], 0.7396999597549438]
[[6, [8, 4, 8, 4, 6, 6, 2, 2, 2, 8, 4, 2, 4, 4, 4, 4, 8, 4, 4]], 0.7091999650001526]
[[2, [6, 8, 4, 4, 8, 6, 2, 6, 4, 6, 4, 2, 4, 4, 4, 4, 4, 4, 4]], 0.7497999668121338]
[[2, [4, 4, 8, 4, 6, 8, 2, 8, 4, 6, 4, 8, 4, 4, 4, 2, 8, 4, 2]], 0.7458999752998352]
[[6, [4, 4, 4, 4, 6, 4, 2, 4, 4, 6, 2, 2, 4, 4, 4, 8, 2, 4, 4]], 0.014999999664723873]
[[6, [4, 2, 2, 4, 4, 6, 2, 4, 4, 6, 4, 2, 6, 4, 6, 4, 4, 4, 4]], 0.4519999921321869]
[[6, [4, 2, 8, 4, 4, 6, 2, 4, 8, 6, 6, 2, 4, 4, 6, 4, 2, 4, 4]], 0.6746999621391296]
[[4, [4, 4, 8, 6, 6, 6, 2, 4, 4, 6, 4, 2, 4, 4, 4, 4, 2, 4, 2]], 0.7401999831199646]
[[4, [8, 2, 8, 6, 6, 6, 2, 4, 4, 6, 4, 6, 4, 4, 2, 4, 2, 8, 4]], 0.7008000016212463]
[[6, [4, 4, 8, 4, 4, 6, 2, 4, 6, 4, 6, 6, 4, 4, 6, 4, 6, 4, 4]], 0.7429999709129333]
[[3, [4, 4, 8, 4, 6, 2, 8, 8, 4, 6, 4, 8, 4, 4, 6, 4, 2, 8, 4]], 0.6909999847412109]
[[2, [4, 2, 8, 4, 4, 2, 4, 4, 4, 6, 4, 2, 4, 4, 6, 4, 2, 4, 4]], 0.06019999831914902]
[[4, [2, 4, 2, 4, 6, 6, 2, 4, 4, 8, 4, 8, 4, 4, 4, 8, 4, 4, 4]], 0.6855999827384949]
[[6, [4, 4, 8, 4, 6, 6, 6, 4, 4, 8, 6, 2, 4, 4, 4, 4, 8, 4, 4]], 0.7476999759674072]
[[6, [8, 6, 6, 6, 4, 8, 2, 2, 4, 6, 4, 2, 4, 4, 6, 4, 8, 6, 8]], 0.7146999835968018]
[[6, [6, 6, 2, 4, 8, 6, 2, 4, 4, 6, 2, 2, 4, 4, 6, 4, 8, 6, 8]], 0.010900000110268593]
[[6, [4, 4, 8, 4, 4, 6, 2, 2, 4, 4, 4, 8, 4, 4, 6, 2, 8, 4, 4]], 0.3312000036239624]
[[0, [4, 2, 8, 4, 6, 2, 2, 4, 4, 6, 2, 2, 4, 4, 4, 4, 6, 6, 4]], 0.7120999693870544]
[[2, [4, 4, 8, 4, 4, 6, 2, 4, 4, 6, 4, 2, 6, 4, 6, 2, 2, 4, 4]], 0.7457000017166138]
[[6, [4, 4, 8, 4, 4, 6, 2, 8, 4, 6, 4, 2, 4, 4, 6, 4, 2, 6, 4]], 0.7173999547958374]
[[4, [4, 4, 8, 4, 4, 6, 2, 4, 4, 4, 4, 6, 8, 4, 6, 4, 2, 4, 4]], 0.7436999678611755]
[[5, [6, 4, 6, 4, 4, 6, 8, 2, 4, 6, 4, 2, 4, 4, 4, 8, 2, 6, 8]], 0.7250999808311462]
[[2, [8, 4, 8, 4, 6, 2, 8, 4, 4, 6, 4, 8, 4, 4, 4, 4, 2, 4, 4]], 0.69159996509552]
[[6, [4, 4, 2, 2, 6, 2, 2, 4, 4, 6, 4, 8, 4, 4, 4, 4, 2, 4, 8]], 0.031599998474121094]
[[4, [4, 4, 4, 4, 4, 8, 2, 4, 4, 6, 4, 2, 4, 4, 4, 4, 8, 4, 4]], 0.7429999709129333]
[[3, [4, 4, 8, 4, 6, 6, 2, 4, 4, 6, 4, 2, 4, 4, 4, 8, 4, 4, 4]], 0.7454999685287476]
[[6, [4, 4, 8, 8, 6, 6, 2, 2, 6, 6, 4, 6, 4, 4, 4, 4, 6, 8, 4]], 0.7166999578475952]
[[6, [4, 4, 6, 4, 2, 6, 2, 4, 8, 6, 6, 8, 8, 4, 2, 4, 2, 4, 4]], 0.016999999061226845]
[[2, [6, 4, 2, 4, 4, 6, 2, 2, 4, 6, 4, 2, 2, 4, 6, 4, 2, 6, 8]], 0.7347999811172485]
[[6, [8, 8, 8, 4, 2, 6, 2, 4, 4, 6, 4, 2, 4, 6, 4, 4, 2, 4, 4]], 0.06279999762773514]
[[6, [4, 4, 8, 4, 4, 6, 2, 4, 4, 6, 4, 2, 4, 4, 4, 4, 8, 4, 4]], 0.7350999712944031]
[[4, [4, 6, 8, 4, 6, 8, 4, 2, 4, 4, 4, 2, 2, 4, 4, 4, 2, 8, 6]], 0.7232999801635742]
[[0, [2, 2, 6, 4, 6, 6, 2, 4, 4, 6, 4, 2, 4, 4, 4, 4, 2, 4, 4]], 0.7103999853134155]
[[6, [2, 4, 8, 4, 8, 6, 2, 4, 4, 6, 4, 2, 4, 4, 4, 4, 2, 4, 4]], 0.6852999925613403]
[[5, [4, 4, 8, 4, 4, 6, 2, 4, 2, 6, 4, 2, 4, 4, 6, 2, 2, 4, 4]], 0.7145000100135803]
[[1, [6, 6, 8, 2, 8, 6, 2, 2, 4, 6, 4, 2, 6, 4, 6, 4, 4, 6, 2]], 0.7495999932289124]
[[3, [4, 2, 8, 4, 6, 6, 2, 4, 4, 6, 4, 2, 4, 4, 4, 4, 2, 2, 8]], 0.7031999826431274]
[[6, [6, 4, 8, 4, 4, 6, 2, 4, 6, 6, 4, 2, 8, 4, 2, 4, 2, 6, 4]], 0.06039999797940254]
[[6, [4, 4, 8, 4, 4, 4, 2, 4, 4, 6, 8, 2, 8, 8, 6, 4, 8, 8, 4]], 0.7396999597549438]
[[0, [6, 6, 4, 8, 4, 6, 8, 2, 4, 4, 6, 2, 4, 6, 6, 4, 2, 8, 6]], 0.7678999900817871]
[[6, [6, 4, 6, 4, 4, 6, 8, 2, 4, 6, 4, 8, 2, 2, 6, 8, 2, 6, 8]], 0.6545999646186829]
[[6, [6, 4, 8, 4, 6, 6, 2, 2, 4, 6, 4, 2, 2, 4, 4, 4, 6, 6, 4]], 0.5593999624252319]
[[6, [2, 6, 8, 4, 6, 6, 2, 4, 4, 2, 4, 2, 6, 4, 4, 4, 2, 4, 6]], 0.015099999494850636]
[[7, [4, 4, 8, 4, 6, 6, 2, 4, 4, 6, 4, 2, 4, 8, 4, 4, 2, 8, 4]], 0.7141000032424927]
[[6, [4, 4, 8, 4, 4, 6, 2, 4, 6, 6, 2, 2, 4, 4, 4, 4, 2, 4, 2]], 0.020600000396370888]
[[6, [4, 2, 8, 4, 4, 2, 2, 8, 4, 6, 4, 2, 6, 4, 6, 2, 8, 4, 8]], 0.03739999979734421]
[[6, [4, 4, 8, 4, 4, 6, 2, 8, 4, 6, 4, 6, 8, 4, 6, 4, 2, 4, 4]], 0.7206999659538269]
[[4, [2, 4, 4, 4, 4, 6, 2, 2, 4, 6, 4, 2, 8, 4, 8, 4, 2, 6, 4]], 0.6121000051498413]
[[6, [4, 2, 2, 4, 8, 6, 2, 4, 8, 2, 4, 2, 4, 4, 8, 6, 2, 4, 6]], 0.017799999564886093]
[[7, [6, 2, 4, 4, 4, 6, 2, 2, 4, 6, 8, 2, 2, 2, 6, 4, 2, 6, 8]], 0.056699998676776886]
[[6, [4, 6, 8, 2, 6, 4, 2, 8, 4, 6, 4, 2, 4, 2, 4, 6, 4, 8, 4]], 0.7017999887466431]
[[2, [8, 4, 8, 4, 4, 4, 2, 2, 8, 4, 4, 2, 8, 4, 6, 8, 2, 8, 8]], 0.7455999851226807]
[[7, [4, 4, 8, 4, 6, 6, 2, 4, 6, 6, 4, 6, 4, 8, 4, 4, 2, 4, 6]], 0.7184000015258789]
[[4, [4, 6, 8, 4, 4, 6, 2, 4, 4, 2, 4, 2, 4, 6, 6, 6, 4, 6, 4]], 0.01549999974668026]
[[1, [4, 2, 8, 4, 4, 6, 2, 4, 4, 6, 4, 2, 4, 4, 2, 4, 2, 4, 4]], 0.7127999663352966]
[[6, [2, 4, 8, 4, 4, 6, 2, 4, 4, 6, 4, 2, 4, 4, 6, 4, 2, 8, 4]], 0.6884999871253967]
[[6, [4, 4, 8, 8, 6, 4, 2, 8, 6, 6, 4, 2, 8, 6, 2, 4, 8, 4, 4]], 0.6000999808311462]
[[7, [6, 4, 6, 4, 4, 6, 2, 6, 4, 6, 8, 2, 4, 4, 6, 4, 8, 6, 8]], 0.7443000078201294]
[[6, [2, 4, 8, 4, 4, 2, 8, 4, 4, 8, 4, 2, 4, 2, 4, 8, 2, 4, 4]], 0.1727999895811081]
[[2, [2, 4, 8, 4, 6, 6, 2, 4, 4, 8, 6, 4, 4, 8, 4, 4, 2, 4, 4]], 0.7117999792098999]
[[6, [4, 4, 8, 4, 6, 6, 2, 4, 4, 6, 4, 2, 4, 6, 4, 4, 8, 6, 4]], 0.7416999936103821]
[[4, [4, 4, 8, 4, 2, 6, 2, 4, 4, 6, 4, 2, 4, 4, 6, 4, 2, 4, 2]], 0.0648999959230423]
[[6, [2, 8, 8, 6, 6, 6, 2, 4, 6, 6, 4, 8, 4, 4, 4, 4, 2, 8, 4]], 0.6873999834060669]
[[6, [6, 4, 6, 4, 4, 6, 2, 2, 2, 8, 4, 2, 4, 4, 4, 6, 2, 8, 8]], 0.6998999714851379]
[[7, [6, 4, 2, 4, 4, 8, 2, 2, 4, 8, 6, 2, 4, 4, 8, 6, 2, 8, 8]], 0.6875999569892883]
[[6, [4, 4, 6, 4, 6, 6, 2, 4, 4, 6, 4, 8, 4, 4, 4, 4, 6, 2, 6]], 0.7389999628067017]
[[2, [6, 4, 6, 4, 4, 6, 2, 2, 2, 8, 8, 2, 4, 4, 2, 6, 2, 4, 8]], 0.7472999691963196]
[[6, [2, 8, 6, 8, 2, 6, 2, 2, 2, 8, 4, 2, 4, 4, 4, 6, 6, 8, 8]], 0.04129999876022339]
[[2, [6, 4, 6, 4, 4, 6, 2, 8, 2, 8, 2, 2, 4, 8, 4, 6, 2, 4, 8]], 0.7476999759674072]
[[6, [8, 4, 8, 4, 6, 4, 2, 2, 4, 6, 4, 6, 8, 8, 6, 4, 2, 6, 8]], 0.7013999819755554]
[[2, [6, 4, 6, 4, 4, 6, 2, 2, 2, 8, 4, 2, 4, 4, 4, 6, 6, 8, 8]], 0.7468000054359436]
[[6, [6, 4, 6, 4, 6, 6, 2, 2, 2, 8, 8, 8, 4, 6, 4, 6, 2, 8, 8]], 0.7064999938011169]
[[1, [4, 4, 8, 4, 6, 2, 2, 8, 2, 8, 4, 2, 4, 4, 4, 4, 2, 6, 8]], 0.7586999535560608]
[[2, [4, 2, 4, 8, 6, 6, 2, 4, 4, 6, 4, 2, 4, 4, 4, 4, 2, 4, 4]], 0.6992999911308289]
[[6, [4, 4, 4, 4, 4, 6, 2, 2, 2, 8, 4, 2, 4, 4, 4, 8, 2, 4, 8]], 0.6942999958992004]
[[6, [4, 6, 8, 4, 6, 6, 2, 8, 4, 6, 4, 8, 4, 4, 4, 4, 2, 4, 4]], 0.7185999751091003]
[[6, [6, 4, 6, 4, 8, 6, 2, 2, 2, 8, 8, 2, 4, 4, 4, 6, 2, 8, 2]], 0.7035999894142151]
[[5, [4, 4, 4, 4, 4, 6, 8, 2, 2, 8, 4, 2, 2, 8, 4, 8, 8, 6, 8]], 0.674299955368042]
[[6, [4, 4, 8, 8, 6, 6, 2, 4, 4, 6, 4, 8, 4, 4, 4, 4, 4, 4, 4]], 0.7382999658584595]
[[6, [6, 2, 6, 4, 4, 6, 2, 2, 2, 8, 8, 2, 4, 4, 4, 6, 8, 8, 8]], 0.6444999575614929]
[[6, [6, 4, 6, 4, 4, 6, 2, 2, 4, 8, 4, 6, 4, 2, 4, 6, 2, 8, 8]], 0.6527000069618225]
[[3, [4, 4, 4, 2, 4, 6, 8, 2, 2, 8, 4, 2, 4, 4, 4, 8, 2, 4, 8]], 0.7142999768257141]
[[6, [4, 4, 4, 6, 4, 6, 2, 2, 2, 8, 4, 2, 6, 2, 8, 8, 2, 4, 8]], 0.6420999765396118]
[[6, [4, 8, 4, 4, 4, 6, 2, 2, 4, 8, 4, 2, 4, 4, 4, 6, 2, 4, 8]], 0.7006999850273132]
[[6, [4, 4, 4, 2, 4, 4, 2, 2, 2, 6, 6, 2, 6, 4, 6, 8, 2, 4, 8]], 0.687999963760376]
[[6, [4, 4, 8, 2, 6, 8, 2, 6, 4, 2, 4, 2, 2, 4, 4, 2, 2, 4, 4]], 0.015799999237060547]
[[2, [4, 4, 2, 6, 6, 6, 2, 4, 4, 2, 4, 2, 4, 4, 6, 4, 2, 4, 4]], 0.7342000007629395]
[[6, [6, 4, 6, 4, 6, 6, 2, 6, 4, 8, 4, 2, 4, 4, 4, 6, 2, 2, 8]], 0.7267999649047852]
[[6, [2, 8, 6, 4, 4, 6, 4, 2, 2, 8, 4, 6, 4, 4, 8, 6, 4, 8, 8]], 0.6814999580383301]
[[1, [4, 4, 4, 4, 4, 6, 2, 2, 2, 8, 4, 2, 4, 4, 4, 8, 2, 4, 8]], 0.758899986743927]
[[7, [6, 4, 4, 4, 4, 8, 2, 2, 4, 8, 4, 2, 4, 4, 4, 8, 2, 4, 8]], 0.6967999935150146]
[[2, [6, 6, 6, 4, 4, 6, 2, 2, 2, 8, 4, 2, 2, 4, 4, 6, 2, 8, 4]], 0.7501999735832214]
[[7, [6, 4, 8, 4, 4, 6, 2, 8, 4, 8, 4, 2, 4, 4, 4, 4, 4, 8, 6]], 0.7412999868392944]
[[7, [4, 8, 4, 4, 4, 6, 2, 6, 2, 8, 4, 2, 4, 4, 4, 2, 2, 4, 8]], 0.05209999904036522]
[[6, [4, 8, 6, 4, 4, 6, 8, 2, 2, 8, 4, 6, 8, 4, 4, 4, 2, 4, 4]], 0.7039999961853027]
[[5, [4, 2, 4, 4, 4, 8, 2, 2, 4, 8, 4, 2, 4, 4, 4, 8, 2, 4, 8]], 0.6503999829292297]
[[6, [4, 4, 4, 4, 4, 4, 4, 8, 2, 8, 2, 2, 4, 4, 2, 6, 2, 4, 8]], 0.016999999061226845]
[[1, [4, 8, 4, 4, 4, 8, 8, 4, 4, 8, 4, 2, 4, 4, 4, 4, 2, 8, 8]], 0.7602999806404114]
[[6, [6, 6, 6, 4, 4, 6, 2, 2, 6, 8, 4, 2, 4, 4, 4, 6, 2, 8, 8]], 0.7039999961853027]
[[6, [4, 4, 8, 4, 4, 6, 6, 4, 8, 8, 4, 2, 2, 4, 6, 4, 2, 8, 4]], 0.6868000030517578]
[[2, [4, 4, 4, 4, 4, 6, 2, 2, 2, 8, 4, 4, 4, 4, 4, 6, 2, 4, 8]], 0.7457999587059021]
[[6, [6, 4, 8, 4, 8, 4, 8, 2, 4, 6, 4, 8, 8, 4, 2, 8, 8, 4, 4]], 0.5800999999046326]
[[6, [4, 2, 2, 4, 4, 6, 2, 2, 2, 8, 4, 2, 4, 4, 4, 2, 2, 4, 4]], 0.031300000846385956]
[[1, [4, 8, 4, 4, 8, 6, 2, 2, 2, 8, 4, 2, 4, 4, 2, 8, 2, 4, 8]], 0.7598999738693237]
[[2, [4, 8, 8, 4, 4, 6, 2, 2, 8, 6, 4, 8, 6, 4, 4, 8, 2, 4, 6]], 0.746999979019165]
[[6, [4, 4, 2, 4, 4, 8, 2, 2, 2, 8, 8, 2, 4, 4, 4, 8, 2, 6, 8]], 0.670199990272522]
[[6, [4, 4, 8, 4, 8, 6, 2, 4, 4, 6, 8, 2, 4, 4, 4, 4, 2, 4, 4]], 0.7167999744415283]
[[6, [4, 4, 6, 4, 6, 6, 8, 4, 4, 6, 4, 2, 4, 4, 4, 4, 2, 4, 8]], 0.7238999605178833]
[[5, [6, 4, 6, 4, 2, 6, 2, 4, 6, 6, 4, 2, 4, 4, 4, 6, 2, 6, 8]], 0.07239999622106552]
[[6, [6, 4, 6, 2, 6, 6, 4, 2, 2, 8, 4, 2, 8, 4, 2, 6, 2, 8, 8]], 0.05260000005364418]
[[6, [4, 4, 2, 2, 4, 6, 8, 2, 4, 8, 4, 2, 4, 4, 4, 8, 2, 4, 8]], 0.676099956035614]
[[4, [6, 4, 6, 4, 4, 6, 2, 2, 4, 8, 8, 2, 4, 4, 8, 6, 8, 8, 8]], 0.722000002861023]
[[0, [4, 4, 4, 2, 4, 6, 2, 2, 6, 4, 4, 4, 8, 6, 2, 8, 2, 4, 6]], 0.7587999701499939]
[[3, [4, 4, 2, 4, 4, 6, 6, 8, 2, 2, 4, 2, 4, 4, 4, 2, 4, 4, 8]], 0.7119999527931213]
[[6, [6, 4, 4, 6, 4, 6, 8, 2, 8, 8, 4, 2, 4, 4, 4, 8, 2, 2, 8]], 0.7050999999046326]
[[6, [4, 4, 6, 4, 4, 4, 4, 2, 2, 8, 4, 2, 4, 4, 4, 8, 2, 4, 8]], 0.7005999684333801]
[[6, [6, 4, 6, 4, 4, 6, 2, 8, 2, 8, 8, 2, 2, 4, 2, 6, 2, 6, 2]], 0.044499997049570084]
[[1, [4, 6, 4, 8, 4, 4, 8, 2, 2, 8, 4, 6, 4, 4, 8, 8, 2, 4, 4]], 0.7578999996185303]
[[7, [2, 4, 6, 4, 4, 6, 4, 2, 4, 8, 4, 2, 6, 4, 4, 4, 8, 6, 8]], 0.6717000007629395]
[[5, [4, 2, 4, 4, 4, 8, 2, 2, 2, 8, 4, 2, 4, 4, 2, 8, 2, 4, 6]], 0.6222000122070312]
[[5, [6, 2, 4, 2, 4, 6, 2, 2, 2, 6, 4, 8, 4, 8, 8, 8, 2, 4, 8]], 0.09649999439716339]
[[6, [4, 4, 4, 4, 4, 6, 2, 8, 2, 8, 2, 2, 4, 4, 8, 8, 2, 6, 8]], 0.01599999889731407]
[[6, [2, 4, 8, 2, 6, 6, 2, 4, 4, 6, 4, 8, 4, 4, 2, 4, 8, 4, 4]], 0.45350000262260437]
[[6, [4, 4, 4, 4, 4, 6, 6, 8, 6, 4, 8, 2, 4, 4, 4, 2, 2, 6, 8]], 0.085999995470047]
[[6, [4, 4, 4, 4, 4, 6, 2, 2, 8, 8, 4, 2, 4, 4, 4, 8, 2, 6, 8]], 0.6973999738693237]
[[7, [4, 2, 4, 4, 4, 4, 2, 2, 2, 8, 4, 2, 4, 2, 4, 8, 2, 4, 8]], 0.44669997692108154]
[[1, [4, 4, 4, 4, 4, 8, 2, 2, 6, 4, 8, 2, 8, 4, 4, 8, 8, 2, 8]], 0.7579999566078186]
[[6, [4, 4, 8, 4, 4, 6, 2, 2, 2, 8, 6, 2, 4, 4, 4, 8, 2, 4, 8]], 0.6991999745368958]
[[0, [4, 4, 4, 4, 4, 6, 2, 2, 2, 8, 4, 6, 6, 4, 4, 8, 2, 2, 8]], 0.758899986743927]
[[6, [2, 4, 4, 8, 4, 6, 2, 2, 8, 8, 8, 2, 4, 4, 8, 8, 8, 4, 6]], 0.1362999975681305]
[[6, [2, 4, 4, 6, 8, 2, 2, 4, 2, 2, 6, 2, 4, 2, 4, 8, 2, 4, 8]], 0.011599999852478504]
[[6, [6, 4, 8, 4, 6, 4, 4, 4, 4, 6, 4, 8, 4, 4, 4, 2, 4, 4, 4]], 0.5803999900817871]
[[1, [4, 6, 4, 4, 4, 2, 2, 8, 2, 8, 4, 6, 4, 8, 4, 6, 2, 2, 8]], 0.7594000101089478]
[[6, [6, 4, 6, 4, 4, 4, 2, 6, 2, 8, 4, 2, 4, 6, 2, 6, 2, 8, 8]], 0.032499998807907104]
[[4, [8, 8, 2, 4, 2, 6, 2, 2, 4, 6, 6, 2, 4, 2, 6, 4, 4, 8, 2]], 0.025100000202655792]
[[6, [4, 4, 4, 4, 6, 8, 8, 2, 2, 8, 4, 2, 4, 4, 4, 8, 2, 4, 6]], 0.7031999826431274]
[[4, [4, 2, 8, 2, 6, 4, 8, 2, 2, 8, 4, 4, 4, 8, 6, 8, 4, 4, 8]], 0.07809999585151672]
[[0, [6, 4, 6, 4, 4, 6, 2, 4, 2, 8, 4, 2, 4, 8, 4, 6, 4, 8, 6]], 0.7594999670982361]
[[6, [4, 4, 2, 6, 8, 6, 2, 2, 8, 6, 4, 2, 4, 2, 4, 8, 2, 4, 8]], 0.6171000003814697]
[[6, [2, 4, 6, 8, 4, 6, 2, 6, 2, 8, 6, 2, 4, 4, 4, 6, 2, 8, 8]], 0.6413999795913696]
[[6, [6, 4, 6, 4, 4, 6, 4, 8, 2, 8, 2, 2, 4, 4, 4, 6, 2, 8, 8]], 0.024899998679757118]
[[6, [2, 8, 6, 2, 4, 6, 2, 2, 2, 8, 4, 2, 4, 4, 2, 2, 2, 8, 8]], 0.043699998408555984]
[[3, [4, 4, 6, 4, 4, 8, 2, 2, 2, 8, 4, 2, 4, 4, 4, 8, 2, 8, 8]], 0.7163000106811523]
[[6, [4, 4, 4, 8, 4, 6, 2, 2, 2, 2, 4, 2, 4, 2, 8, 4, 8, 4, 6]], 0.018799999728798866]
[[1, [8, 4, 4, 4, 2, 6, 2, 2, 2, 4, 4, 2, 4, 2, 6, 6, 2, 8, 8]], 0.7601000070571899]
[[2, [4, 4, 4, 2, 4, 8, 2, 2, 2, 8, 4, 2, 4, 4, 4, 2, 2, 4, 8]], 0.7335000038146973]
[[1, [4, 4, 8, 4, 6, 6, 2, 4, 8, 4, 6, 2, 2, 4, 4, 4, 2, 4, 4]], 0.7601000070571899]
[[3, [4, 4, 8, 4, 2, 6, 2, 2, 2, 8, 4, 2, 4, 4, 4, 8, 2, 4, 8]], 0.03439999744296074]
[[7, [4, 2, 2, 4, 4, 6, 8, 8, 2, 6, 8, 8, 4, 4, 8, 8, 2, 4, 8]], 0.0405999980866909]
[[6, [8, 4, 4, 4, 4, 8, 8, 8, 2, 8, 6, 2, 4, 4, 6, 2, 2, 4, 2]], 0.0778999999165535]
[[6, [6, 4, 8, 2, 4, 6, 2, 2, 8, 8, 4, 6, 4, 4, 4, 6, 6, 8, 8]], 0.7067999839782715]
[[4, [4, 4, 4, 4, 4, 6, 2, 2, 2, 4, 4, 2, 4, 8, 4, 8, 2, 6, 8]], 0.715399980545044]
[[2, [8, 4, 6, 4, 6, 8, 2, 4, 4, 6, 4, 2, 4, 4, 4, 6, 2, 4, 4]], 0.7494999766349792]
[[0, [8, 4, 4, 4, 4, 6, 6, 2, 2, 8, 4, 2, 4, 4, 4, 8, 2, 4, 4]], 0.7604999542236328]
[[4, [6, 4, 8, 8, 4, 6, 2, 4, 4, 6, 4, 2, 4, 2, 8, 6, 2, 4, 4]], 0.7410999536514282]
[[7, [2, 4, 6, 4, 8, 6, 2, 2, 4, 6, 4, 2, 4, 6, 6, 4, 2, 2, 8]], 0.10179999470710754]
[[6, [4, 4, 4, 4, 4, 6, 2, 2, 2, 8, 4, 2, 4, 4, 4, 2, 4, 4, 4]], 0.4553000032901764]
[[0, [6, 2, 6, 4, 4, 6, 2, 2, 2, 6, 4, 2, 4, 4, 4, 6, 2, 8, 4]], 0.7125999927520752]
[[6, [4, 4, 6, 4, 4, 6, 2, 2, 2, 8, 4, 2, 4, 4, 4, 6, 2, 4, 4]], 0.6969999670982361]
[[2, [4, 6, 8, 4, 6, 6, 2, 4, 4, 6, 8, 8, 2, 4, 6, 6, 2, 4, 4]], 0.7505999803543091]
[[6, [4, 4, 6, 2, 8, 6, 2, 2, 2, 8, 4, 2, 4, 4, 4, 6, 2, 8, 4]], 0.6884999871253967]
[[6, [6, 4, 4, 4, 6, 8, 2, 4, 2, 8, 6, 2, 4, 4, 8, 2, 2, 4, 6]], 0.06109999865293503]
[[3, [4, 4, 6, 2, 4, 6, 2, 2, 2, 8, 2, 2, 4, 4, 4, 8, 4, 2, 8]], 0.6983999609947205]
[[6, [4, 4, 6, 4, 4, 6, 2, 2, 2, 8, 4, 2, 4, 4, 4, 2, 2, 4, 4]], 0.05649999901652336]
[[0, [4, 2, 6, 4, 2, 6, 2, 2, 2, 2, 2, 2, 4, 6, 4, 4, 2, 2, 2]], 0.7148999571800232]
[[6, [4, 4, 4, 8, 8, 6, 2, 2, 2, 8, 4, 4, 4, 4, 8, 8, 2, 2, 8]], 0.6987000107765198]
[[6, [4, 4, 4, 8, 6, 6, 2, 2, 4, 4, 4, 2, 4, 2, 4, 8, 2, 4, 6]], 0.6434999704360962]
[[2, [4, 4, 2, 4, 6, 6, 2, 4, 4, 6, 4, 2, 4, 4, 4, 4, 2, 4, 8]], 0.7335000038146973]
[[6, [4, 4, 4, 6, 4, 6, 2, 2, 2, 8, 8, 2, 4, 4, 4, 6, 2, 4, 8]], 0.6905999779701233]
[[7, [6, 4, 6, 4, 4, 6, 2, 2, 6, 4, 6, 2, 2, 4, 8, 6, 2, 8, 4]], 0.6416000127792358]
[[6, [6, 6, 8, 4, 4, 8, 2, 4, 4, 6, 4, 2, 2, 4, 4, 2, 4, 4, 6]], 0.45069998502731323]
[[6, [4, 4, 6, 8, 4, 6, 2, 2, 2, 8, 4, 2, 4, 4, 6, 4, 2, 4, 8]], 0.6851999759674072]
[[6, [6, 8, 6, 4, 4, 6, 2, 2, 2, 8, 4, 2, 6, 2, 4, 6, 2, 8, 8]], 0.6467999815940857]
[[6, [8, 4, 8, 4, 2, 6, 2, 2, 4, 8, 4, 2, 2, 4, 8, 4, 2, 4, 4]], 0.029099998995661736]
[[6, [4, 4, 4, 4, 4, 6, 2, 2, 2, 8, 4, 6, 8, 4, 4, 8, 2, 4, 8]], 0.6990999579429626]
[[2, [4, 4, 4, 4, 4, 6, 2, 6, 2, 8, 4, 2, 4, 4, 6, 8, 2, 4, 8]], 0.7453999519348145]
[[6, [4, 6, 6, 4, 4, 6, 2, 2, 2, 8, 4, 2, 4, 4, 4, 8, 2, 4, 8]], 0.6938999891281128]
[[7, [4, 4, 6, 4, 2, 6, 2, 6, 2, 2, 4, 2, 4, 4, 4, 2, 2, 4, 6]], 0.008599999360740185]
[[4, [6, 4, 4, 4, 8, 6, 2, 2, 8, 8, 8, 6, 6, 4, 2, 8, 2, 8, 8]], 0.7274999618530273]
[[2, [6, 8, 2, 2, 4, 6, 2, 2, 2, 8, 8, 2, 6, 4, 8, 6, 2, 8, 8]], 0.7328000068664551]
[[2, [6, 8, 6, 4, 4, 2, 2, 2, 2, 8, 2, 2, 4, 4, 8, 6, 2, 8, 8]], 0.03059999831020832]
[[0, [6, 4, 4, 2, 4, 6, 2, 2, 2, 8, 4, 2, 4, 4, 4, 8, 2, 8, 8]], 0.7595999836921692]
[[7, [2, 2, 4, 4, 8, 6, 2, 2, 2, 6, 4, 2, 4, 4, 4, 8, 2, 6, 8]], 0.5900999903678894]
[[4, [6, 4, 6, 4, 4, 6, 2, 2, 2, 8, 8, 2, 4, 8, 4, 6, 2, 4, 4]], 0.7195000052452087]
[[6, [6, 4, 6, 4, 4, 4, 2, 2, 2, 8, 4, 2, 4, 4, 4, 6, 8, 8, 4]], 0.7156999707221985]
[[6, [6, 4, 6, 4, 4, 6, 2, 2, 6, 6, 4, 2, 2, 4, 4, 6, 2, 8, 8]], 0.6413999795913696]
[[3, [4, 6, 4, 8, 4, 6, 2, 2, 4, 8, 4, 2, 4, 6, 4, 8, 4, 4, 8]], 0.7217999696731567]
[[1, [4, 4, 4, 4, 4, 2, 4, 2, 2, 8, 4, 2, 4, 4, 4, 8, 2, 4, 8]], 0.7579999566078186]
[[6, [8, 2, 4, 4, 4, 6, 2, 2, 2, 6, 4, 2, 4, 4, 4, 8, 8, 8, 4]], 0.6385999917984009]
[[4, [6, 4, 6, 4, 4, 6, 2, 2, 2, 8, 4, 2, 4, 4, 4, 4, 6, 8, 8]], 0.7195999622344971]
[[3, [6, 4, 6, 4, 8, 6, 2, 6, 6, 4, 2, 2, 4, 2, 2, 6, 2, 2, 8]], 0.748199999332428]
[[5, [4, 4, 4, 4, 4, 6, 2, 4, 4, 6, 4, 4, 4, 4, 4, 8, 8, 2, 8]], 0.7432999610900879]
[[5, [8, 4, 4, 2, 4, 6, 8, 2, 4, 8, 4, 6, 4, 4, 4, 8, 2, 4, 8]], 0.7208999991416931]
[[1, [6, 6, 4, 4, 4, 6, 2, 2, 2, 8, 4, 8, 4, 4, 4, 6, 2, 8, 8]], 0.7667999863624573]
[[6, [4, 4, 4, 4, 4, 6, 2, 2, 2, 4, 4, 8, 6, 2, 4, 8, 2, 8, 8]], 0.6435999870300293]
[[7, [4, 4, 4, 2, 6, 6, 2, 6, 2, 8, 6, 2, 4, 4, 4, 8, 2, 4, 2]], 0.07889999449253082]
[[5, [8, 4, 4, 4, 4, 4, 2, 2, 2, 4, 4, 2, 4, 4, 4, 2, 2, 8, 8]], 0.7157999873161316]
[[1, [2, 4, 8, 4, 4, 8, 8, 2, 8, 8, 4, 2, 4, 4, 4, 8, 2, 4, 6]], 0.726099967956543]
[[6, [4, 4, 8, 8, 4, 8, 2, 2, 2, 8, 2, 2, 4, 4, 4, 8, 8, 2, 2]], 0.018199998885393143]
[[7, [4, 4, 4, 4, 4, 8, 2, 6, 2, 8, 4, 2, 4, 6, 4, 8, 2, 6, 8]], 0.696399986743927]
[[1, [4, 4, 6, 4, 4, 6, 8, 2, 2, 8, 6, 2, 2, 4, 4, 6, 2, 4, 4]], 0.7601000070571899]
[[6, [4, 4, 4, 4, 4, 6, 2, 2, 2, 2, 4, 2, 4, 8, 4, 8, 2, 4, 8]], 0.011399999260902405]
[[6, [4, 4, 6, 4, 4, 6, 2, 2, 2, 8, 4, 6, 4, 4, 2, 4, 6, 6, 8]], 0.5465999841690063]
[[6, [4, 4, 6, 4, 4, 2, 6, 2, 2, 8, 4, 2, 6, 4, 6, 8, 2, 2, 4]], 0.25619998574256897]
[[3, [8, 4, 6, 4, 2, 6, 2, 2, 6, 8, 4, 4, 4, 4, 4, 6, 4, 8, 8]], 0.029099998995661736]
[[6, [8, 4, 4, 4, 4, 6, 2, 4, 8, 8, 8, 6, 4, 4, 4, 8, 2, 4, 8]], 0.7281999588012695]
[[7, [4, 4, 6, 4, 4, 6, 2, 2, 2, 8, 4, 6, 4, 4, 4, 4, 2, 6, 4]], 0.6836000084877014]
[[6, [4, 4, 4, 4, 8, 6, 2, 4, 2, 2, 4, 8, 4, 2, 4, 6, 6, 4, 4]], 0.042899999767541885]
[[1, [4, 4, 4, 4, 4, 6, 2, 2, 8, 8, 4, 2, 4, 4, 4, 8, 6, 4, 8]], 0.7586999535560608]
[[6, [6, 6, 6, 4, 6, 6, 2, 2, 2, 8, 4, 2, 4, 4, 4, 6, 2, 8, 8]], 0.6985999941825867]
[[6, [8, 4, 6, 2, 4, 6, 2, 2, 2, 4, 2, 2, 4, 4, 4, 6, 2, 8, 8]], 0.021299999207258224]
[[6, [6, 4, 2, 4, 4, 6, 2, 2, 2, 8, 4, 6, 4, 4, 4, 8, 2, 8, 8]], 0.6873999834060669]
[[6, [6, 4, 8, 4, 2, 6, 2, 4, 8, 6, 2, 2, 4, 2, 4, 4, 2, 4, 8]], 0.016899999231100082]
[[6, [6, 4, 6, 4, 4, 6, 2, 2, 2, 8, 8, 6, 4, 4, 4, 6, 8, 8, 8]], 0.7203999757766724]
[[6, [4, 4, 8, 4, 6, 6, 2, 4, 4, 6, 8, 2, 4, 4, 4, 6, 2, 4, 2]], 0.7231000065803528]
[[5, [8, 4, 8, 4, 4, 6, 2, 6, 2, 6, 4, 2, 4, 4, 4, 8, 2, 4, 8]], 0.7160999774932861]
[[6, [4, 4, 8, 4, 6, 4, 2, 8, 8, 6, 4, 2, 4, 4, 4, 6, 2, 6, 4]], 0.7231999635696411]
[[2, [4, 4, 8, 2, 6, 6, 2, 4, 8, 6, 4, 2, 4, 4, 4, 4, 2, 8, 8]], 0.7374999523162842]
[[5, [4, 4, 8, 4, 6, 6, 2, 2, 4, 4, 4, 2, 4, 8, 4, 4, 2, 4, 4]], 0.7164999842643738]
[[2, [6, 4, 6, 4, 4, 2, 6, 2, 2, 4, 4, 2, 2, 4, 4, 2, 2, 8, 8]], 0.6915000081062317]
[[6, [4, 4, 4, 2, 4, 2, 4, 2, 4, 8, 4, 2, 4, 4, 8, 8, 2, 4, 8]], 0.3163999915122986]
[[6, [4, 4, 4, 8, 4, 6, 2, 6, 2, 8, 4, 2, 4, 4, 4, 8, 2, 4, 6]], 0.6934999823570251]
[[6, [4, 4, 6, 4, 4, 6, 2, 2, 8, 8, 4, 2, 4, 4, 4, 6, 2, 2, 8]], 0.6978999972343445]
[[6, [6, 8, 6, 4, 4, 6, 4, 4, 2, 8, 4, 2, 8, 6, 4, 6, 2, 8, 8]], 0.7087999582290649]
[[6, [6, 4, 4, 6, 6, 6, 2, 2, 8, 8, 4, 8, 4, 4, 4, 6, 2, 8, 8]], 0.7049999833106995]
[[6, [2, 4, 4, 4, 4, 4, 2, 2, 2, 8, 4, 8, 8, 4, 2, 8, 2, 4, 8]], 0.02459999918937683]
[[3, [6, 4, 4, 4, 4, 8, 2, 2, 2, 8, 4, 2, 4, 8, 4, 8, 2, 4, 8]], 0.715499997138977]
[[0, [4, 4, 4, 4, 4, 6, 6, 2, 2, 2, 8, 8, 4, 4, 4, 8, 8, 4, 8]], 0.7598999738693237]
[[0, [6, 8, 2, 4, 4, 6, 2, 2, 6, 8, 6, 6, 6, 4, 8, 8, 2, 8, 8]], 0.7662999629974365]
[[5, [6, 4, 6, 4, 4, 6, 2, 6, 2, 8, 4, 4, 4, 4, 2, 6, 2, 8, 8]], 0.7138999700546265]
[[1, [4, 4, 8, 6, 4, 6, 2, 4, 2, 6, 4, 2, 4, 4, 6, 4, 2, 4, 4]], 0.7590000033378601]
[[1, [4, 4, 4, 4, 4, 6, 2, 2, 2, 6, 4, 2, 4, 4, 4, 8, 2, 4, 4]], 0.758899986743927]
[[6, [4, 4, 8, 4, 6, 6, 2, 4, 4, 6, 4, 2, 4, 4, 4, 4, 6, 6, 4]], 0.7391999959945679]
[[4, [4, 4, 8, 6, 4, 6, 2, 4, 4, 2, 4, 2, 4, 4, 4, 4, 8, 2, 4]], 0.020600000396370888]
[[6, [8, 6, 6, 4, 4, 6, 2, 2, 2, 8, 4, 2, 4, 8, 4, 6, 6, 8, 8]], 0.717199981212616]
[[4, [2, 6, 6, 4, 8, 6, 2, 2, 6, 8, 4, 2, 4, 6, 4, 6, 2, 4, 4]], 0.6836000084877014]
[[6, [6, 4, 6, 2, 4, 4, 6, 2, 2, 8, 2, 2, 4, 4, 4, 8, 2, 4, 2]], 0.028199998661875725]
[[6, [4, 4, 4, 4, 4, 2, 2, 8, 2, 6, 4, 8, 4, 4, 4, 8, 2, 4, 8]], 0.02579999901354313]
[[6, [6, 4, 6, 4, 4, 6, 2, 2, 8, 2, 8, 2, 4, 4, 4, 6, 2, 8, 8]], 0.02019999921321869]
[[1, [4, 4, 4, 4, 4, 6, 2, 2, 8, 8, 4, 2, 4, 4, 6, 4, 2, 2, 6]], 0.7585999965667725]
[[6, [4, 8, 8, 4, 6, 6, 2, 4, 4, 6, 4, 4, 4, 4, 4, 4, 2, 4, 4]], 0.7203999757766724]
[[6, [4, 4, 8, 4, 6, 6, 2, 8, 4, 6, 4, 6, 6, 6, 8, 6, 8, 4, 4]], 0.7436000108718872]
[[6, [6, 4, 6, 4, 4, 6, 2, 4, 2, 8, 4, 2, 4, 4, 4, 4, 4, 4, 8]], 0.7125999927520752]
[[6, [4, 4, 6, 2, 4, 6, 2, 4, 2, 8, 4, 2, 4, 4, 4, 6, 8, 4, 4]], 0.6995999813079834]
[[6, [6, 8, 6, 4, 6, 6, 2, 4, 2, 8, 4, 2, 4, 6, 4, 6, 2, 4, 8]], 0.7002999782562256]
[[7, [4, 4, 4, 4, 4, 6, 2, 2, 8, 8, 4, 2, 4, 4, 4, 8, 2, 4, 8]], 0.6940999627113342]
[[1, [6, 4, 2, 4, 4, 6, 2, 2, 2, 8, 4, 2, 4, 4, 4, 6, 2, 8, 8]], 0.7446999549865723]
[[7, [4, 4, 4, 4, 4, 6, 2, 4, 8, 4, 4, 2, 4, 2, 4, 4, 2, 4, 8]], 0.6814000010490417]
[[6, [4, 2, 4, 2, 4, 6, 8, 2, 2, 2, 4, 2, 4, 4, 6, 8, 2, 4, 8]], 0.012299999594688416]
[[3, [8, 4, 6, 4, 4, 6, 2, 2, 6, 8, 4, 2, 4, 2, 4, 6, 2, 4, 4]], 0.7240999937057495]
[[1, [4, 4, 4, 4, 4, 4, 2, 8, 2, 8, 6, 2, 4, 4, 4, 8, 2, 4, 8]], 0.7585999965667725]
[[6, [6, 4, 6, 4, 4, 6, 2, 2, 2, 6, 4, 2, 4, 4, 4, 8, 2, 8, 8]], 0.6980999708175659]
[[6, [6, 4, 4, 4, 4, 6, 6, 2, 6, 6, 4, 2, 4, 4, 6, 4, 2, 6, 8]], 0.6997999548912048]
[[4, [4, 4, 4, 4, 4, 6, 2, 2, 2, 8, 4, 8, 4, 6, 4, 8, 8, 4, 8]], 0.718999981880188]
[[6, [4, 4, 4, 8, 2, 6, 2, 2, 2, 8, 4, 4, 6, 4, 4, 8, 2, 6, 4]], 0.04479999840259552]
[[6, [4, 4, 4, 4, 4, 6, 2, 2, 2, 8, 4, 2, 4, 4, 6, 8, 2, 4, 8]], 0.691100001335144]
[[7, [6, 4, 6, 4, 4, 6, 2, 2, 2, 8, 4, 2, 4, 4, 4, 6, 2, 8, 8]], 0.6983999609947205]
[[5, [4, 4, 4, 6, 4, 2, 8, 2, 2, 8, 4, 2, 6, 4, 4, 8, 2, 4, 8]], 0.16030000150203705]
[[6, [4, 2, 4, 4, 4, 6, 2, 2, 2, 8, 4, 2, 4, 4, 4, 8, 2, 4, 8]], 0.6011999845504761]
[[2, [6, 2, 4, 4, 2, 6, 2, 2, 4, 8, 4, 6, 4, 4, 4, 6, 2, 4, 8]], 0.0405999980866909]
[[1, [4, 4, 4, 4, 4, 6, 2, 2, 2, 8, 4, 2, 4, 4, 4, 2, 2, 4, 8]], 0.7590000033378601]
[[6, [6, 4, 6, 6, 4, 6, 2, 2, 2, 6, 4, 2, 4, 4, 4, 6, 2, 8, 8]], 0.6994999647140503]
[[6, [2, 4, 8, 6, 8, 6, 2, 8, 2, 8, 6, 2, 4, 4, 4, 6, 2, 8, 8]], 0.6193999648094177]
[[6, [6, 4, 2, 6, 4, 6, 2, 2, 2, 6, 4, 2, 4, 4, 4, 6, 2, 8, 8]], 0.666700005531311]
[[0, [4, 4, 2, 4, 4, 6, 2, 2, 2, 8, 4, 8, 4, 4, 4, 6, 2, 4, 8]], 0.758899986743927]
[[6, [2, 4, 2, 4, 4, 6, 2, 2, 2, 6, 4, 2, 4, 4, 4, 6, 4, 8, 8]], 0.6015999913215637]
[[6, [6, 4, 6, 6, 6, 2, 4, 2, 2, 6, 6, 2, 4, 6, 8, 6, 2, 8, 8]], 0.27889999747276306]
[[6, [6, 4, 6, 6, 4, 6, 2, 6, 2, 6, 4, 2, 4, 2, 6, 6, 2, 8, 8]], 0.6539999842643738]
[[6, [4, 4, 4, 4, 2, 6, 2, 2, 2, 8, 4, 2, 4, 4, 4, 8, 2, 4, 8]], 0.04619999974966049]
[[6, [6, 4, 6, 6, 4, 6, 6, 6, 2, 6, 4, 2, 2, 4, 4, 6, 2, 8, 2]], 0.6599999666213989]
[[0, [2, 4, 6, 4, 8, 6, 2, 2, 2, 8, 4, 2, 4, 6, 4, 6, 2, 8, 8]], 0.7238999605178833]
[[6, [6, 4, 4, 6, 4, 6, 2, 2, 6, 6, 4, 2, 8, 4, 4, 6, 2, 8, 8]], 0.7044000029563904]
[[2, [8, 4, 6, 6, 8, 6, 2, 2, 6, 2, 4, 4, 4, 4, 8, 6, 2, 4, 8]], 0.7488999962806702]
[[6, [2, 4, 8, 4, 6, 6, 2, 4, 2, 6, 4, 2, 4, 4, 4, 6, 2, 8, 8]], 0.5806999802589417]
[[6, [6, 4, 6, 6, 4, 2, 4, 2, 2, 6, 4, 4, 4, 2, 8, 6, 2, 8, 8]], 0.1241999939084053]
[[6, [2, 4, 2, 6, 4, 6, 2, 2, 2, 6, 4, 2, 4, 2, 4, 6, 2, 8, 8]], 0.04189999774098396]
[[5, [6, 4, 2, 6, 4, 6, 2, 2, 2, 6, 4, 2, 4, 4, 4, 6, 2, 8, 8]], 0.7001999616622925]
[[6, [4, 4, 4, 4, 4, 2, 2, 2, 2, 6, 4, 2, 4, 4, 8, 8, 2, 4, 8]], 0.04600000008940697]
[[1, [6, 4, 6, 6, 2, 6, 2, 2, 2, 6, 4, 6, 4, 4, 4, 6, 2, 8, 6]], 0.7590999603271484]
[[3, [6, 8, 6, 4, 4, 6, 8, 2, 2, 6, 4, 2, 4, 4, 4, 4, 2, 8, 8]], 0.7337999939918518]
[[1, [6, 4, 6, 6, 4, 2, 2, 4, 2, 4, 4, 2, 4, 6, 4, 6, 2, 8, 8]], 0.7594999670982361]
[[6, [2, 4, 6, 6, 4, 6, 2, 2, 2, 6, 2, 8, 2, 2, 4, 8, 2, 2, 8]], 0.06430000066757202]
[[6, [4, 8, 2, 4, 4, 6, 2, 2, 2, 8, 4, 2, 4, 6, 4, 8, 2, 4, 8]], 0.680899977684021]
[[6, [6, 4, 6, 4, 2, 6, 2, 4, 2, 2, 4, 2, 8, 4, 4, 6, 2, 8, 8]], 0.014499999582767487]
[[6, [6, 4, 6, 4, 4, 6, 2, 2, 2, 6, 4, 8, 4, 6, 8, 6, 4, 8, 6]], 0.7202999591827393]
[[2, [6, 2, 6, 4, 4, 4, 2, 6, 2, 4, 4, 2, 4, 4, 4, 6, 2, 8, 2]], 0.7013999819755554]
[[0, [6, 4, 6, 6, 6, 6, 2, 2, 2, 6, 4, 4, 4, 4, 4, 6, 6, 8, 8]], 0.7599999904632568]
[[2, [4, 4, 4, 4, 4, 6, 2, 2, 2, 2, 4, 2, 4, 8, 4, 8, 2, 4, 8]], 0.7457000017166138]
[[6, [4, 4, 4, 4, 8, 6, 6, 2, 2, 8, 4, 2, 4, 4, 4, 8, 2, 4, 8]], 0.703000009059906]
[[6, [8, 4, 4, 4, 4, 6, 2, 2, 2, 8, 4, 2, 4, 4, 8, 4, 4, 4, 8]], 0.7095999717712402]
[[6, [2, 6, 6, 6, 8, 6, 6, 8, 2, 6, 4, 8, 4, 4, 4, 6, 2, 4, 8]], 0.670199990272522]
[[5, [6, 4, 8, 6, 4, 6, 2, 2, 2, 6, 4, 6, 4, 4, 4, 2, 2, 2, 8]], 0.7213000059127808]
[[6, [6, 4, 4, 8, 4, 6, 2, 6, 2, 6, 4, 4, 4, 4, 4, 6, 2, 8, 8]], 0.7026999592781067]
[[6, [6, 4, 2, 6, 4, 2, 2, 2, 2, 6, 6, 2, 8, 4, 4, 8, 8, 2, 8]], 0.0575999990105629]
[[6, [4, 4, 4, 4, 4, 6, 2, 2, 2, 2, 6, 8, 4, 8, 4, 8, 2, 2, 8]], 0.050999999046325684]
[[6, [6, 4, 6, 8, 2, 6, 6, 4, 6, 6, 4, 8, 4, 4, 4, 6, 2, 8, 8]], 0.6647999882698059]
[[1, [6, 4, 6, 6, 8, 6, 2, 2, 8, 4, 4, 6, 4, 6, 4, 6, 8, 8, 8]], 0.7594999670982361]
[[6, [6, 4, 8, 6, 8, 6, 6, 2, 2, 6, 4, 2, 2, 4, 2, 6, 2, 8, 4]], 0.06679999828338623]
[[1, [6, 4, 2, 6, 4, 6, 6, 8, 2, 2, 2, 2, 4, 4, 2, 6, 2, 8, 2]], 0.745199978351593]
[[7, [8, 4, 4, 4, 4, 6, 2, 2, 4, 8, 4, 2, 4, 4, 4, 6, 2, 2, 8]], 0.30399999022483826]
[[7, [2, 6, 4, 4, 4, 6, 2, 2, 2, 8, 8, 2, 8, 4, 8, 8, 2, 4, 8]], 0.6505999565124512]
[[6, [6, 4, 8, 6, 4, 6, 2, 2, 2, 6, 4, 2, 4, 2, 8, 8, 2, 6, 6]], 0.6453999876976013]
[[4, [6, 6, 4, 6, 4, 6, 2, 2, 6, 6, 4, 2, 4, 4, 4, 6, 6, 8, 4]], 0.7214999794960022]
[[6, [6, 4, 6, 6, 4, 6, 2, 2, 2, 6, 4, 2, 8, 4, 4, 6, 2, 6, 8]], 0.6965000033378601]
[[7, [4, 6, 6, 6, 4, 6, 2, 2, 4, 6, 4, 2, 2, 4, 4, 6, 2, 8, 2]], 0.07559999823570251]
[[6, [8, 4, 6, 6, 4, 2, 2, 2, 2, 6, 4, 2, 4, 4, 4, 6, 2, 8, 8]], 0.05379999801516533]
[[4, [4, 6, 2, 4, 6, 6, 2, 2, 2, 8, 4, 2, 4, 4, 4, 8, 2, 4, 8]], 0.7041999697685242]
[[5, [4, 2, 6, 4, 4, 6, 2, 2, 4, 6, 4, 2, 4, 8, 4, 8, 2, 4, 8]], 0.6462999582290649]
[[6, [6, 8, 6, 6, 6, 6, 2, 2, 2, 6, 4, 4, 2, 4, 4, 6, 6, 8, 8]], 0.6741999983787537]
[[6, [8, 4, 6, 6, 6, 6, 2, 2, 2, 2, 4, 2, 2, 4, 4, 6, 2, 8, 4]], 0.025599999353289604]
[[3, [6, 4, 6, 6, 4, 6, 2, 8, 4, 2, 4, 2, 2, 8, 4, 6, 6, 8, 8]], 0.7437999844551086]
[[2, [2, 6, 6, 6, 4, 6, 6, 2, 2, 6, 4, 2, 4, 4, 4, 6, 4, 8, 6]], 0.7269999980926514]
[[5, [6, 4, 6, 4, 4, 2, 2, 2, 2, 2, 4, 2, 4, 4, 6, 8, 2, 8, 6]], 0.019500000402331352]
[[5, [6, 4, 6, 6, 4, 6, 2, 2, 8, 6, 4, 2, 4, 4, 8, 6, 8, 2, 8]], 0.72079998254776]
[[0, [4, 4, 4, 4, 4, 6, 2, 2, 6, 8, 2, 2, 2, 4, 4, 8, 2, 4, 8]], 0.7592999935150146]
[[6, [4, 8, 8, 4, 4, 6, 2, 2, 8, 8, 4, 2, 2, 4, 4, 8, 4, 4, 8]], 0.45739999413490295]
[[3, [6, 4, 6, 6, 8, 6, 4, 8, 2, 6, 4, 2, 4, 4, 2, 6, 2, 6, 8]], 0.7315999865531921]
[[6, [4, 4, 4, 4, 4, 2, 4, 2, 2, 8, 8, 2, 4, 4, 4, 2, 2, 4, 8]], 0.05009999871253967]
[[6, [6, 4, 2, 6, 4, 4, 2, 2, 2, 6, 4, 2, 4, 4, 6, 6, 2, 6, 2]], 0.6538000106811523]
[[4, [6, 2, 6, 4, 4, 6, 2, 6, 2, 8, 2, 2, 4, 4, 8, 6, 2, 8, 8]], 0.012299999594688416]
[[6, [8, 4, 4, 6, 4, 6, 6, 6, 2, 6, 2, 2, 4, 4, 4, 6, 2, 8, 2]], 0.023899998515844345]
[[6, [2, 4, 6, 6, 4, 6, 4, 8, 2, 6, 4, 8, 4, 4, 4, 6, 2, 8, 2]], 0.6649999618530273]
[[7, [6, 6, 6, 6, 4, 8, 2, 2, 2, 6, 4, 2, 2, 4, 4, 6, 8, 8, 4]], 0.6722999811172485]
[[6, [6, 4, 8, 4, 4, 6, 4, 2, 8, 8, 4, 2, 4, 2, 4, 8, 2, 4, 8]], 0.6534000039100647]
[[6, [6, 6, 6, 6, 4, 6, 2, 2, 4, 6, 4, 2, 4, 4, 4, 8, 8, 8, 8]], 0.7213999629020691]
[[6, [6, 4, 6, 4, 4, 6, 6, 2, 2, 8, 4, 2, 4, 8, 8, 6, 2, 8, 8]], 0.7051999568939209]
[[6, [4, 4, 4, 4, 4, 6, 2, 2, 2, 4, 4, 6, 8, 4, 6, 8, 4, 4, 2]], 0.7139999866485596]
[[5, [6, 4, 8, 4, 2, 6, 2, 2, 4, 8, 6, 2, 4, 4, 4, 6, 4, 6, 6]], 0.02199999988079071]
[[6, [4, 4, 4, 4, 4, 6, 2, 2, 2, 8, 4, 2, 4, 4, 2, 8, 2, 2, 8]], 0.039400000125169754]
[[1, [6, 4, 6, 6, 4, 6, 2, 4, 2, 6, 4, 2, 2, 4, 4, 4, 2, 4, 8]], 0.7584999799728394]
[[6, [6, 8, 2, 6, 4, 6, 2, 2, 2, 6, 4, 2, 4, 4, 2, 6, 2, 8, 8]], 0.016599999740719795]
[[2, [6, 4, 2, 6, 4, 6, 2, 2, 2, 6, 8, 4, 4, 4, 4, 6, 4, 8, 4]], 0.7372999787330627]
[[0, [6, 6, 6, 4, 4, 6, 2, 8, 2, 8, 4, 8, 4, 4, 4, 6, 2, 8, 6]], 0.767799973487854]
[[6, [6, 4, 6, 6, 4, 6, 2, 2, 4, 4, 4, 2, 6, 2, 6, 6, 2, 4, 8]], 0.6421999931335449]
[[6, [6, 4, 6, 6, 4, 8, 2, 2, 2, 6, 4, 2, 4, 4, 4, 6, 2, 8, 2]], 0.699999988079071]
[[6, [4, 4, 4, 4, 4, 6, 2, 2, 2, 6, 4, 2, 4, 4, 4, 8, 2, 6, 6]], 0.6941999793052673]
[[6, [6, 4, 6, 6, 4, 6, 2, 2, 2, 6, 2, 2, 4, 4, 4, 6, 2, 8, 8]], 0.018299998715519905]
[[6, [4, 4, 8, 4, 8, 2, 4, 2, 4, 2, 4, 2, 4, 4, 6, 8, 2, 8, 6]], 0.018400000408291817]
[[7, [4, 4, 4, 4, 4, 6, 2, 2, 2, 6, 8, 2, 4, 4, 4, 8, 6, 6, 4]], 0.711899995803833]
[[6, [8, 8, 6, 6, 4, 6, 6, 6, 2, 2, 8, 2, 4, 4, 2, 8, 2, 6, 8]], 0.010099999606609344]
[[3, [2, 4, 6, 6, 4, 6, 2, 2, 2, 6, 4, 4, 8, 4, 4, 8, 4, 6, 6]], 0.6638999581336975]
