[[0, [2, 4, 2, 2, 8, 2, 8, 2, 4, 6, 2, 2, 2, 6, 2, 8, 4, 8, 6]], 0.03707351040000001]
[[6, [6, 4, 8, 6, 6, 8, 4, 4, 8, 6, 6, 8, 6, 4, 2, 8, 2, 4, 4]], 0.43349667840000006]
[[6, [2, 4, 8, 8, 2, 8, 8, 2, 2, 8, 2, 4, 8, 6, 2, 4, 6, 8, 6]], 0.3534665728]
[[6, [6, 8, 2, 4, 8, 8, 2, 6, 6, 8, 2, 8, 4, 2, 4, 6, 8, 6, 2]], 0.379255808]
[[6, [4, 2, 8, 8, 4, 8, 4, 4, 4, 2, 4, 2, 2, 4, 6, 2, 6, 6, 6]], 0.32516812800000006]
[[4, [8, 2, 2, 8, 6, 4, 8, 8, 4, 6, 8, 6, 6, 2, 2, 6, 8, 2, 6]], 0.26004418560000003]
[[0, [6, 8, 4, 6, 8, 4, 8, 8, 4, 2, 4, 8, 8, 8, 8, 8, 8, 4, 4]], 0.06837678080000001]
[[6, [8, 2, 6, 4, 2, 2, 2, 8, 4, 2, 2, 4, 6, 6, 8, 8, 8, 6, 2]], 0.393657344]
[[6, [8, 6, 6, 4, 8, 6, 4, 4, 4, 4, 8, 4, 2, 4, 4, 8, 2, 6, 4]], 0.40573399039999997]
[[2, [4, 2, 4, 6, 4, 2, 4, 2, 8, 2, 8, 6, 4, 2, 4, 8, 6, 2, 6]], 0.10809569280000002]
[[6, [8, 2, 2, 6, 8, 2, 2, 8, 6, 6, 6, 4, 6, 4, 8, 2, 8, 6, 6]], 0.37058785280000006]
[[3, [6, 2, 2, 2, 8, 8, 4, 6, 2, 4, 4, 6, 2, 8, 6, 2, 4, 4, 6]], 0.1662048256]
[[3, [4, 2, 8, 6, 4, 2, 6, 2, 4, 6, 6, 6, 6, 8, 2, 6, 6, 2, 4]], 0.1567168512]
[[7, [4, 4, 4, 8, 6, 6, 6, 8, 4, 2, 2, 8, 8, 2, 2, 6, 4, 6, 2]], 0.4452718592]
[[5, [2, 2, 8, 8, 8, 2, 2, 4, 8, 8, 4, 6, 2, 2, 2, 6, 2, 8, 4]], 0.26670264320000003]
[[1, [2, 4, 8, 4, 6, 6, 8, 4, 2, 8, 4, 2, 4, 2, 2, 4, 4, 8, 6]], 0.0915781632]
[[7, [2, 8, 6, 4, 8, 4, 4, 4, 8, 2, 2, 8, 6, 6, 8, 6, 2, 2, 8]], 0.49789890559999994]
[[3, [2, 2, 8, 4, 2, 4, 8, 6, 6, 2, 8, 6, 4, 8, 6, 4, 4, 8, 4]], 0.1703467008]
[[3, [2, 2, 6, 8, 8, 4, 2, 2, 6, 4, 8, 8, 6, 8, 4, 8, 4, 4, 4]], 0.17247744]
[[5, [2, 6, 8, 8, 6, 4, 6, 6, 2, 6, 2, 8, 2, 6, 2, 2, 6, 2, 4]], 0.27711959039999995]
[[4, [2, 2, 6, 8, 6, 4, 6, 8, 4, 6, 8, 6, 6, 2, 2, 4, 8, 2, 6]], 0.2514434048]
[[1, [2, 4, 8, 4, 8, 6, 8, 4, 2, 8, 6, 4, 4, 4, 2, 4, 4, 8, 6]], 0.0915781632]
[[5, [2, 6, 2, 8, 6, 4, 6, 8, 6, 6, 8, 2, 6, 2, 2, 6, 8, 8, 6]], 0.3071195136]
[[4, [4, 2, 2, 8, 6, 4, 8, 8, 6, 6, 4, 2, 6, 2, 2, 2, 8, 2, 6]], 0.23044976640000006]
[[4, [8, 6, 6, 8, 6, 8, 6, 8, 8, 6, 6, 6, 4, 2, 2, 4, 8, 2, 6]], 0.3130873856000001]
[[2, [2, 2, 6, 8, 8, 8, 2, 2, 6, 2, 8, 8, 4, 8, 4, 8, 6, 4, 4]], 0.1484978176]
[[3, [2, 2, 6, 8, 6, 4, 6, 8, 4, 6, 8, 6, 6, 2, 4, 4, 8, 4, 6]], 0.18610401280000002]
[[2, [2, 6, 2, 8, 6, 4, 6, 8, 6, 6, 8, 8, 2, 2, 2, 8, 8, 4, 6]], 0.12926464]
[[7, [4, 6, 2, 8, 6, 4, 8, 8, 6, 6, 4, 4, 6, 2, 2, 2, 8, 2, 6]], 0.4191541248000001]
[[5, [4, 6, 2, 8, 6, 4, 6, 8, 4, 6, 8, 2, 6, 2, 4, 2, 8, 8, 6]], 0.30673039360000004]
[[1, [2, 6, 2, 4, 4, 4, 8, 8, 6, 6, 8, 2, 6, 2, 2, 8, 8, 2, 8]], 0.075926528]
[[5, [4, 6, 8, 8, 6, 4, 2, 8, 4, 6, 8, 4, 6, 4, 4, 2, 8, 2, 4]], 0.33973678080000014]
[[7, [2, 6, 2, 8, 6, 4, 6, 8, 4, 6, 8, 2, 6, 2, 6, 2, 8, 2, 6]], 0.441568256]
[[1, [8, 6, 6, 8, 6, 4, 2, 6, 4, 6, 8, 4, 4, 4, 4, 2, 8, 2, 2]], 0.1307072512]
[[6, [2, 2, 6, 8, 6, 8, 6, 8, 4, 6, 8, 4, 8, 2, 2, 8, 8, 2, 4]], 0.4231018496000001]
[[5, [4, 6, 8, 8, 8, 8, 2, 2, 8, 4, 8, 6, 6, 4, 2, 2, 8, 8, 4]], 0.3477436416000001]
[[5, [2, 6, 2, 6, 4, 4, 6, 8, 6, 6, 4, 2, 6, 2, 2, 6, 8, 6, 2]], 0.27425075200000004]
[[5, [4, 2, 2, 8, 6, 8, 2, 8, 4, 6, 8, 2, 6, 2, 2, 2, 8, 8, 6]], 0.30595870720000007]
[[5, [8, 8, 6, 8, 8, 6, 6, 8, 6, 6, 4, 2, 6, 2, 2, 6, 8, 6, 2]], 0.34595287040000006]
[[5, [2, 2, 2, 8, 4, 4, 4, 8, 4, 6, 8, 2, 6, 4, 4, 2, 8, 4, 6]], 0.2884696064]
[[1, [4, 2, 8, 8, 6, 4, 2, 6, 4, 6, 8, 6, 6, 4, 6, 2, 6, 2, 4]], 0.1072297984]
[[5, [4, 6, 8, 6, 6, 4, 2, 8, 8, 6, 8, 4, 6, 8, 8, 2, 8, 2, 4]], 0.36903055360000003]
[[5, [4, 6, 8, 2, 8, 4, 2, 8, 2, 6, 8, 4, 6, 4, 4, 2, 2, 2, 6]], 0.31239761920000003]
[[4, [8, 4, 6, 8, 8, 6, 2, 8, 6, 6, 4, 2, 8, 2, 2, 6, 8, 8, 2]], 0.27982213120000005]
[[6, [2, 2, 8, 4, 6, 4, 2, 2, 4, 6, 8, 4, 6, 4, 8, 2, 8, 2, 4]], 0.34410885120000007]
[[5, [4, 2, 8, 8, 6, 4, 2, 4, 6, 6, 8, 4, 2, 4, 6, 6, 8, 2, 4]], 0.2951804928000001]
[[4, [4, 6, 8, 8, 6, 4, 4, 8, 4, 6, 8, 4, 8, 2, 4, 2, 8, 2, 4]], 0.2812377088000001]
[[5, [8, 6, 8, 4, 6, 4, 2, 8, 6, 4, 8, 4, 6, 4, 4, 8, 4, 6, 4]], 0.3426564096000001]
[[2, [8, 4, 6, 8, 8, 8, 2, 8, 6, 6, 4, 2, 8, 6, 2, 6, 8, 8, 2]], 0.17980108800000003]
[[2, [8, 6, 6, 4, 6, 4, 2, 8, 6, 4, 8, 4, 4, 4, 4, 8, 4, 6, 4]], 0.1511921664]
[[7, [6, 6, 8, 4, 8, 8, 2, 8, 6, 4, 8, 8, 6, 4, 4, 6, 4, 6, 8]], 0.5835773952000001]
[[1, [8, 4, 6, 8, 8, 6, 2, 8, 2, 6, 4, 2, 2, 2, 6, 6, 8, 8, 6]], 0.1228814336]
[[0, [8, 6, 4, 4, 8, 4, 2, 8, 6, 4, 8, 2, 6, 2, 8, 8, 4, 8, 4]], 0.0683767808]
[[5, [8, 6, 8, 8, 6, 4, 2, 8, 4, 8, 8, 4, 6, 2, 2, 8, 8, 2, 2]], 0.3503388672]
[[5, [8, 8, 8, 8, 8, 6, 6, 8, 6, 6, 4, 2, 6, 2, 2, 4, 8, 6, 2]], 0.35377868800000006]
[[5, [4, 6, 6, 8, 6, 8, 2, 8, 4, 2, 8, 4, 6, 8, 4, 2, 8, 2, 4]], 0.358439936]
[[3, [8, 6, 8, 4, 6, 4, 2, 4, 6, 4, 8, 8, 6, 4, 4, 8, 4, 8, 2]], 0.2076424192]
[[5, [8, 6, 2, 6, 6, 4, 6, 8, 4, 4, 8, 4, 6, 4, 4, 8, 4, 6, 4]], 0.32033976320000007]
[[2, [4, 8, 8, 2, 6, 2, 2, 6, 6, 6, 8, 4, 6, 4, 4, 6, 4, 6, 4]], 0.13515141120000002]
[[0, [8, 6, 8, 8, 6, 4, 2, 8, 6, 6, 8, 4, 6, 4, 4, 8, 4, 6, 2]], 0.0683767808]
[[4, [8, 4, 6, 8, 8, 2, 6, 8, 6, 6, 4, 4, 8, 2, 2, 6, 8, 8, 2]], 0.26567618560000006]
[[5, [8, 6, 8, 4, 4, 4, 4, 8, 6, 4, 8, 4, 6, 4, 4, 8, 4, 6, 4]], 0.3390781440000001]
[[5, [8, 2, 6, 4, 6, 4, 2, 8, 8, 4, 8, 4, 6, 4, 4, 8, 4, 6, 8]], 0.32739389440000005]
[[0, [2, 6, 8, 4, 6, 4, 2, 2, 6, 4, 8, 6, 6, 4, 4, 8, 4, 6, 4]], 0.044899328]
[[2, [2, 6, 2, 4, 6, 8, 6, 8, 8, 4, 6, 4, 6, 2, 6, 8, 4, 6, 4]], 0.13004288]
[[2, [8, 8, 6, 8, 6, 6, 6, 8, 6, 6, 4, 2, 6, 2, 2, 6, 8, 6, 2]], 0.18443448320000003]
[[5, [8, 6, 4, 4, 4, 4, 6, 6, 8, 4, 4, 4, 6, 4, 4, 8, 4, 6, 4]], 0.30351175680000003]
[[0, [8, 2, 6, 4, 6, 4, 2, 8, 8, 6, 6, 8, 6, 4, 4, 8, 4, 6, 8]], 0.0527251456]
[[7, [8, 4, 6, 8, 6, 4, 2, 8, 6, 6, 4, 2, 8, 8, 2, 6, 4, 8, 2]], 0.5361186816000001]
[[4, [8, 6, 6, 8, 8, 6, 2, 8, 6, 6, 4, 2, 8, 2, 2, 6, 8, 6, 2]], 0.2876479488]
[[1, [4, 6, 2, 2, 6, 4, 2, 8, 4, 6, 8, 4, 6, 8, 4, 2, 2, 2, 4]], 0.07592652800000002]
[[4, [8, 6, 6, 2, 8, 6, 2, 8, 2, 6, 4, 2, 8, 2, 2, 6, 8, 6, 2]], 0.24774062080000003]
[[3, [8, 6, 8, 4, 4, 4, 2, 8, 6, 4, 8, 4, 2, 6, 4, 8, 4, 2, 4]], 0.2197190656]
[[5, [8, 6, 8, 6, 6, 4, 2, 8, 6, 4, 8, 4, 6, 4, 4, 8, 8, 6, 4]], 0.3504822272000001]
[[5, [8, 6, 8, 8, 6, 4, 2, 6, 6, 4, 8, 4, 6, 4, 4, 4, 4, 6, 4]], 0.3500931072000001]
[[5, [4, 6, 8, 8, 6, 4, 2, 8, 2, 6, 8, 8, 4, 4, 6, 2, 8, 2, 4]], 0.3226449920000001]
[[5, [6, 6, 6, 8, 6, 4, 2, 6, 6, 4, 8, 4, 4, 6, 6, 4, 8, 6, 4]], 0.33444147200000013]
[[5, [6, 4, 2, 2, 6, 4, 2, 6, 6, 4, 4, 8, 4, 6, 6, 8, 8, 6, 2]], 0.2682648576000001]
[[2, [8, 4, 8, 8, 6, 4, 2, 6, 6, 4, 8, 4, 6, 4, 4, 4, 4, 6, 4]], 0.16684380160000004]
[[5, [8, 6, 4, 4, 2, 4, 8, 8, 6, 4, 8, 4, 2, 4, 4, 8, 4, 4, 4]], 0.2999334912]
[[5, [8, 6, 8, 8, 6, 4, 2, 8, 2, 6, 8, 4, 6, 2, 8, 2, 8, 2, 4]], 0.33682862080000003]
[[5, [2, 6, 8, 8, 6, 4, 2, 6, 6, 8, 2, 4, 6, 8, 8, 4, 8, 6, 4]], 0.3268614144]
[[0, [8, 6, 8, 8, 4, 4, 2, 6, 6, 6, 8, 4, 6, 8, 4, 4, 4, 6, 4]], 0.0683767808]
[[5, [6, 8, 8, 4, 6, 4, 2, 8, 4, 2, 6, 4, 8, 4, 4, 8, 6, 6, 4]], 0.32914616320000006]
[[5, [8, 2, 8, 8, 6, 4, 4, 6, 8, 4, 8, 6, 6, 4, 4, 4, 4, 6, 4]], 0.3441653760000001]
[[5, [8, 6, 4, 8, 6, 4, 2, 6, 4, 6, 8, 8, 6, 6, 2, 2, 8, 2, 8]], 0.34333470720000003]
[[0, [4, 8, 8, 8, 6, 4, 2, 8, 4, 6, 8, 4, 6, 6, 4, 6, 8, 2, 4]], 0.0605509632]
[[4, [8, 6, 8, 8, 6, 4, 2, 6, 6, 2, 8, 4, 4, 4, 2, 4, 4, 4, 4]], 0.28552376320000006]
[[6, [6, 6, 4, 8, 8, 4, 2, 6, 4, 6, 8, 8, 6, 6, 2, 2, 4, 8, 8]], 0.3768096768]
[[7, [8, 6, 8, 4, 6, 4, 2, 8, 6, 4, 4, 4, 6, 4, 4, 6, 4, 2, 4]], 0.47185735680000007]
[[3, [8, 4, 8, 4, 6, 4, 4, 8, 6, 4, 8, 4, 6, 4, 4, 8, 4, 6, 4]], 0.21702144]
[[5, [6, 6, 8, 2, 2, 4, 4, 6, 4, 6, 8, 8, 6, 4, 8, 2, 8, 2, 8]], 0.3094067200000001]
[[5, [8, 6, 4, 8, 6, 4, 2, 6, 4, 6, 6, 6, 6, 6, 4, 2, 8, 2, 2]], 0.3322558464000001]
[[4, [8, 6, 4, 8, 8, 8, 2, 6, 6, 6, 4, 8, 6, 8, 2, 2, 8, 2, 8]], 0.2820241408]
[[5, [2, 6, 2, 6, 6, 4, 2, 2, 4, 2, 8, 8, 6, 6, 2, 2, 8, 2, 8]], 0.27718512640000004]
[[0, [8, 4, 4, 8, 4, 4, 2, 6, 6, 6, 6, 8, 4, 8, 4, 2, 8, 4, 2]], 0.0605509632]
[[5, [2, 2, 4, 8, 6, 4, 2, 6, 8, 6, 6, 8, 2, 6, 4, 8, 8, 2, 2]], 0.2896009216]
[[7, [8, 2, 4, 8, 6, 2, 2, 4, 4, 6, 6, 6, 6, 6, 4, 2, 8, 8, 2]], 0.45235220480000005]
[[5, [8, 6, 4, 8, 6, 4, 2, 6, 4, 2, 2, 6, 8, 6, 4, 4, 2, 2, 2]], 0.31132037120000006]
[[5, [6, 6, 2, 2, 4, 2, 2, 6, 8, 4, 8, 8, 2, 6, 6, 4, 8, 6, 4]], 0.282082304]
[[5, [8, 8, 4, 8, 6, 2, 2, 6, 4, 8, 6, 4, 6, 6, 4, 2, 8, 2, 6]], 0.336428032]
[[5, [8, 6, 8, 2, 6, 4, 2, 2, 4, 2, 8, 4, 8, 4, 4, 4, 6, 2, 4]], 0.3070203904]
[[5, [6, 6, 8, 8, 6, 4, 2, 6, 6, 4, 4, 2, 6, 4, 6, 4, 4, 2, 4]], 0.3208435712000001]
[[6, [6, 6, 8, 8, 6, 2, 2, 6, 4, 6, 4, 6, 6, 4, 6, 4, 4, 2, 4]], 0.38654996480000015]
[[5, [6, 4, 6, 8, 6, 4, 8, 6, 2, 4, 4, 4, 8, 4, 6, 4, 4, 2, 6]], 0.3021658112]
[[5, [6, 6, 4, 8, 4, 4, 2, 2, 4, 6, 8, 8, 6, 6, 2, 2, 8, 2, 8]], 0.31472578560000003]
[[3, [8, 6, 4, 8, 6, 4, 2, 6, 4, 6, 6, 6, 2, 6, 4, 2, 8, 2, 4]], 0.2076424192]
[[5, [6, 6, 4, 8, 6, 4, 6, 6, 4, 4, 8, 8, 6, 2, 2, 4, 8, 2, 2]], 0.31107379200000007]
[[0, [4, 6, 8, 6, 6, 4, 2, 4, 6, 4, 4, 2, 6, 8, 6, 4, 4, 2, 2]], 0.05272514560000001]
[[7, [2, 6, 4, 8, 6, 4, 2, 6, 2, 6, 8, 8, 2, 8, 2, 2, 8, 2, 8]], 0.4438382592]
[[5, [8, 6, 6, 8, 6, 4, 2, 6, 2, 6, 4, 8, 4, 8, 2, 4, 8, 2, 8]], 0.32225587200000005]
[[5, [8, 6, 4, 8, 6, 4, 2, 6, 4, 6, 8, 6, 6, 6, 2, 2, 2, 2, 6]], 0.342600704]
[[4, [6, 2, 8, 4, 6, 4, 2, 6, 4, 8, 6, 2, 6, 6, 6, 8, 4, 2, 4]], 0.24298680320000005]
[[5, [6, 6, 6, 8, 6, 4, 2, 6, 8, 4, 4, 2, 6, 8, 6, 4, 4, 2, 4]], 0.3419224064000001]
[[1, [6, 6, 6, 8, 6, 2, 2, 6, 8, 4, 4, 2, 6, 8, 6, 4, 4, 2, 2]], 0.1228814336]
[[5, [6, 2, 8, 8, 6, 4, 2, 8, 6, 4, 4, 2, 4, 4, 6, 8, 6, 2, 4]], 0.30306201600000005]
[[2, [6, 6, 8, 8, 6, 4, 2, 6, 6, 4, 4, 2, 6, 4, 6, 2, 4, 2, 4]], 0.16684380160000004]
[[3, [6, 6, 6, 6, 6, 8, 2, 6, 2, 4, 8, 2, 6, 8, 4, 4, 2, 2, 4]], 0.2080315392]
[[5, [8, 6, 4, 8, 6, 4, 2, 6, 4, 6, 6, 6, 4, 2, 2, 2, 8, 2, 2]], 0.3012212736]
[[5, [6, 6, 6, 8, 6, 4, 4, 6, 6, 4, 8, 4, 6, 4, 2, 4, 2, 2, 4]], 0.3352164352000001]
[[4, [4, 6, 2, 8, 6, 4, 2, 2, 8, 4, 6, 2, 6, 8, 6, 6, 6, 2, 4]], 0.23239618560000003]
[[5, [8, 6, 6, 2, 6, 4, 2, 6, 4, 4, 6, 6, 6, 4, 4, 8, 6, 8, 4]], 0.30096404480000005]
[[4, [8, 4, 6, 8, 8, 4, 8, 2, 6, 6, 8, 8, 6, 6, 2, 6, 8, 2, 8]], 0.27217899520000005]
[[1, [6, 6, 6, 2, 6, 4, 2, 4, 8, 8, 4, 2, 4, 8, 4, 6, 4, 6, 4]], 0.09940398080000001]
[[5, [8, 2, 2, 6, 6, 4, 2, 6, 4, 4, 4, 8, 6, 4, 8, 8, 8, 2, 8]], 0.27570155520000006]
[[5, [8, 6, 6, 8, 6, 4, 2, 6, 4, 6, 6, 4, 6, 6, 2, 6, 2, 2, 6]], 0.33934766080000006]
[[5, [8, 6, 4, 8, 6, 6, 2, 6, 4, 6, 6, 2, 6, 6, 4, 2, 8, 2, 4]], 0.3390027775999999]
[[5, [6, 6, 6, 8, 2, 4, 2, 6, 8, 4, 4, 2, 4, 8, 2, 4, 4, 4, 4]], 0.32287109120000007]
[[5, [8, 6, 2, 4, 6, 4, 2, 2, 4, 6, 8, 8, 6, 8, 6, 2, 8, 8, 8]], 0.31377223680000005]
[[5, [2, 6, 6, 8, 6, 6, 2, 6, 8, 4, 4, 4, 6, 8, 6, 4, 4, 2, 4]], 0.335219712]
[[5, [8, 4, 4, 8, 6, 2, 2, 4, 4, 6, 6, 2, 6, 6, 2, 2, 8, 2, 4]], 0.30653214720000005]
[[0, [6, 6, 6, 8, 6, 4, 2, 2, 8, 2, 4, 2, 6, 8, 2, 4, 6, 4, 4]], 0.0605509632]
[[5, [8, 6, 4, 8, 8, 6, 2, 6, 4, 6, 6, 2, 6, 6, 2, 6, 8, 2, 4]], 0.34335600639999997]
[[5, [6, 6, 6, 4, 6, 8, 2, 4, 8, 4, 4, 8, 6, 2, 8, 4, 4, 8, 4]], 0.30565314560000006]
[[5, [6, 6, 6, 8, 6, 4, 2, 6, 8, 4, 6, 2, 6, 8, 6, 4, 4, 2, 4]], 0.352267264]
[[5, [6, 6, 6, 8, 6, 4, 8, 6, 2, 4, 4, 2, 2, 8, 6, 4, 4, 4, 4]], 0.298912768]
[[3, [6, 6, 6, 8, 6, 4, 2, 6, 8, 6, 4, 4, 6, 8, 6, 4, 4, 6, 6]], 0.22407229440000004]
[[5, [6, 6, 2, 8, 6, 4, 2, 8, 8, 4, 8, 2, 6, 8, 6, 6, 4, 2, 4]], 0.355175424]
[[1, [6, 6, 6, 8, 6, 4, 2, 6, 8, 4, 4, 8, 8, 8, 6, 4, 8, 2, 4]], 0.1228814336]
[[5, [4, 6, 6, 8, 6, 4, 2, 6, 8, 2, 2, 2, 6, 2, 6, 4, 4, 2, 4]], 0.2874218496]
[[5, [8, 4, 4, 8, 4, 6, 2, 8, 4, 6, 4, 2, 6, 6, 2, 2, 2, 2, 2]], 0.32469381120000007]
[[7, [6, 6, 6, 8, 6, 4, 2, 6, 8, 4, 4, 2, 6, 8, 8, 4, 6, 2, 4]], 0.49307955200000014]
[[5, [8, 6, 4, 8, 6, 6, 2, 8, 4, 8, 4, 2, 6, 6, 2, 2, 2, 2, 2]], 0.3421681664]
[[3, [8, 4, 4, 8, 8, 4, 8, 8, 4, 6, 4, 6, 6, 6, 2, 2, 2, 2, 2]], 0.21470965760000002]
[[2, [8, 6, 2, 8, 2, 6, 2, 4, 4, 8, 8, 2, 8, 6, 2, 2, 2, 2, 4]], 0.1507006464]
[[0, [6, 6, 6, 8, 8, 4, 2, 2, 8, 4, 4, 4, 6, 8, 6, 4, 4, 2, 4]], 0.0605509632]
[[5, [6, 6, 6, 8, 6, 4, 8, 6, 8, 4, 4, 2, 6, 8, 6, 4, 2, 2, 4]], 0.34424729600000004]
[[5, [4, 6, 6, 8, 6, 2, 2, 8, 4, 8, 4, 2, 6, 6, 2, 2, 2, 2, 2]], 0.3179124736]
[[1, [4, 4, 2, 8, 4, 6, 2, 4, 4, 6, 4, 2, 6, 6, 2, 2, 2, 2, 8]], 0.0915781632]
[[6, [8, 6, 4, 8, 6, 6, 2, 8, 4, 8, 8, 2, 6, 6, 2, 2, 2, 8, 2]], 0.3986618367999999]
[[5, [8, 8, 8, 8, 8, 6, 2, 8, 4, 6, 4, 6, 6, 4, 2, 2, 8, 4, 2]], 0.35582668800000006]
[[5, [8, 6, 4, 4, 6, 6, 4, 6, 4, 6, 2, 2, 6, 6, 2, 2, 2, 2, 2]], 0.3034363904]
[[0, [8, 6, 6, 8, 6, 6, 2, 8, 4, 8, 4, 2, 6, 6, 8, 2, 2, 2, 2]], 0.0683767808]
[[7, [6, 6, 6, 8, 4, 4, 6, 6, 8, 4, 4, 2, 6, 2, 6, 6, 4, 2, 8]], 0.5059147776]
[[5, [8, 6, 6, 8, 6, 6, 2, 8, 4, 8, 4, 2, 6, 2, 2, 2, 2, 2, 8]], 0.3293042688]
[[5, [8, 6, 4, 2, 6, 6, 2, 8, 4, 8, 4, 4, 6, 8, 2, 2, 2, 2, 6]], 0.32976957440000004]
[[5, [6, 6, 4, 6, 6, 6, 2, 8, 4, 8, 2, 2, 6, 6, 2, 2, 4, 2, 2]], 0.31617167360000004]
[[5, [8, 6, 8, 6, 6, 6, 2, 8, 2, 8, 6, 2, 6, 2, 8, 2, 2, 2, 2]], 0.33143418880000003]
[[5, [8, 4, 8, 2, 6, 6, 8, 8, 6, 8, 4, 2, 6, 6, 2, 6, 6, 2, 2]], 0.3370563584]
[[7, [4, 6, 4, 8, 6, 6, 2, 6, 8, 6, 8, 2, 4, 6, 4, 2, 8, 2, 4]], 0.45365637119999996]
[[5, [6, 8, 4, 8, 4, 4, 6, 8, 4, 8, 4, 8, 6, 6, 2, 6, 2, 2, 2]], 0.333351936]
[[5, [6, 6, 4, 8, 6, 6, 2, 8, 4, 6, 4, 2, 8, 6, 8, 2, 2, 2, 2]], 0.33939189760000005]
[[5, [8, 2, 4, 8, 2, 6, 2, 8, 4, 6, 4, 2, 6, 6, 2, 2, 2, 2, 4]], 0.31251476480000007]
[[5, [4, 4, 4, 8, 6, 6, 6, 8, 6, 6, 4, 8, 6, 4, 8, 2, 2, 8, 6]], 0.3150174208]
[[0, [4, 6, 4, 8, 6, 8, 2, 8, 2, 4, 4, 6, 8, 6, 8, 2, 2, 2, 2]], 0.05272514560000001]
[[5, [4, 6, 6, 8, 2, 4, 2, 6, 8, 2, 6, 6, 6, 8, 2, 4, 4, 2, 4]], 0.3319076864]
[[3, [6, 6, 6, 8, 6, 8, 2, 6, 4, 4, 4, 4, 6, 4, 6, 4, 4, 6, 4]], 0.22407229440000004]
[[5, [6, 8, 4, 6, 6, 6, 2, 4, 4, 6, 4, 2, 8, 6, 8, 2, 2, 2, 2]], 0.3229620224000001]
[[5, [8, 6, 4, 8, 8, 8, 2, 8, 4, 8, 4, 2, 6, 6, 2, 8, 6, 2, 2]], 0.35473633279999994]
[[7, [6, 6, 4, 8, 6, 6, 2, 8, 4, 6, 6, 2, 8, 6, 8, 8, 2, 2, 2]], 0.5177579519999999]
[[5, [6, 8, 8, 4, 6, 6, 8, 8, 4, 6, 4, 2, 8, 6, 8, 2, 2, 2, 2]], 0.34954260480000005]
[[5, [6, 6, 4, 8, 2, 6, 6, 8, 4, 6, 4, 2, 2, 6, 8, 4, 2, 2, 4]], 0.3012007936]
[[6, [8, 4, 4, 8, 4, 6, 2, 8, 4, 6, 4, 2, 6, 6, 2, 2, 8, 2, 2]], 0.36392857600000006]
[[5, [6, 6, 4, 8, 6, 6, 2, 8, 4, 8, 8, 2, 6, 6, 2, 4, 2, 2, 2]], 0.355032064]
[[5, [6, 6, 4, 8, 6, 4, 2, 6, 4, 4, 4, 4, 6, 6, 6, 4, 4, 4, 4]], 0.30805585920000006]
[[5, [8, 6, 4, 8, 6, 6, 2, 8, 2, 8, 4, 2, 4, 6, 8, 2, 2, 2, 2]], 0.3236083712]
[[3, [8, 6, 8, 8, 6, 6, 2, 8, 8, 8, 4, 4, 6, 6, 2, 2, 2, 2, 2]], 0.2561538048]
[[0, [6, 2, 4, 8, 6, 6, 2, 8, 4, 2, 4, 2, 8, 8, 8, 8, 2, 8, 2]], 0.04489932800000001]
[[7, [6, 6, 4, 8, 8, 6, 2, 4, 4, 4, 4, 2, 8, 6, 8, 2, 4, 2, 2]], 0.43373096960000007]
[[5, [6, 6, 8, 8, 6, 6, 2, 2, 4, 6, 4, 2, 6, 8, 6, 6, 2, 2, 2]], 0.33039872000000003]
[[5, [6, 6, 4, 8, 6, 6, 4, 8, 4, 6, 6, 2, 8, 6, 8, 2, 4, 2, 8]], 0.35051171839999995]
[[5, [8, 6, 4, 8, 6, 6, 2, 6, 4, 6, 6, 2, 6, 6, 4, 2, 6, 2, 4]], 0.3390027775999999]
[[5, [8, 6, 2, 8, 6, 6, 2, 8, 4, 8, 4, 8, 6, 6, 2, 2, 2, 2, 4]], 0.33654435839999997]
[[5, [6, 4, 4, 8, 6, 6, 2, 6, 4, 6, 4, 2, 4, 6, 8, 2, 2, 2, 2]], 0.30266142720000005]
[[5, [8, 4, 2, 8, 6, 2, 2, 8, 2, 6, 4, 2, 4, 6, 8, 2, 2, 2, 2]], 0.28623155200000006]
[[2, [4, 6, 4, 8, 4, 2, 2, 6, 4, 6, 6, 2, 6, 6, 6, 2, 2, 2, 2]], 0.13079818240000002]
[[5, [6, 2, 4, 8, 6, 6, 8, 6, 4, 6, 2, 2, 4, 6, 8, 2, 2, 2, 2]], 0.2868156416]
[[5, [8, 6, 4, 8, 8, 6, 2, 8, 4, 8, 4, 2, 6, 6, 2, 2, 2, 2, 8]], 0.3465213951999999]
[[1, [6, 6, 4, 6, 4, 6, 4, 8, 4, 6, 4, 2, 2, 6, 8, 6, 2, 2, 2]], 0.1072297984]
[[5, [6, 4, 4, 4, 6, 6, 2, 8, 4, 6, 4, 2, 4, 6, 8, 8, 2, 8, 2]], 0.29522472960000007]
[[3, [6, 4, 4, 4, 6, 4, 2, 2, 4, 6, 4, 2, 4, 6, 8, 8, 2, 8, 6]], 0.1599092736]
[[5, [6, 4, 4, 4, 6, 2, 8, 8, 4, 6, 4, 2, 2, 6, 8, 4, 2, 6, 2]], 0.2707748864]
[[7, [8, 4, 4, 4, 6, 6, 2, 8, 4, 2, 4, 2, 4, 6, 8, 8, 4, 8, 2]], 0.5190785024000001]
[[5, [6, 4, 4, 4, 6, 6, 2, 4, 4, 6, 4, 2, 4, 8, 8, 8, 2, 8, 2]], 0.2891397120000001]
[[5, [6, 2, 2, 4, 6, 6, 2, 8, 6, 6, 4, 2, 4, 6, 8, 4, 2, 8, 2]], 0.2877880320000001]
[[7, [6, 4, 2, 4, 6, 6, 6, 8, 4, 8, 4, 2, 6, 6, 4, 8, 2, 8, 4]], 0.5299410944]
[[7, [6, 4, 4, 8, 6, 6, 6, 6, 4, 6, 4, 2, 4, 6, 8, 2, 2, 2, 2]], 0.4147787776]
[[5, [6, 4, 4, 8, 6, 8, 2, 8, 4, 6, 2, 2, 4, 6, 8, 8, 2, 8, 2]], 0.3087464448000001]
[[5, [6, 4, 2, 4, 2, 6, 2, 2, 2, 2, 4, 2, 4, 6, 4, 8, 4, 8, 2]], 0.23524208640000002]
[[5, [8, 6, 4, 8, 8, 4, 2, 8, 4, 8, 4, 2, 6, 6, 2, 2, 2, 2, 6]], 0.3383064576]
[[3, [6, 4, 4, 8, 6, 8, 2, 6, 4, 4, 4, 4, 4, 6, 8, 2, 2, 2, 2]], 0.20842065920000005]
[[5, [8, 6, 2, 8, 8, 4, 2, 6, 2, 6, 4, 8, 4, 6, 8, 8, 2, 2, 2]], 0.300612608]
[[0, [6, 6, 4, 4, 6, 6, 4, 8, 4, 6, 4, 2, 8, 6, 8, 8, 2, 8, 2]], 0.0605509632]
[[5, [6, 4, 4, 8, 6, 6, 6, 2, 2, 6, 2, 8, 4, 6, 8, 4, 2, 2, 6]], 0.27142369279999995]
[[1, [8, 6, 4, 6, 8, 6, 2, 8, 4, 8, 4, 2, 2, 6, 2, 2, 4, 2, 8]], 0.115055616]
[[5, [8, 6, 4, 8, 8, 2, 8, 8, 4, 8, 4, 2, 6, 6, 2, 2, 2, 2, 8]], 0.3324164096]
[[5, [6, 4, 8, 4, 6, 6, 2, 8, 4, 6, 4, 2, 4, 6, 8, 4, 2, 8, 2]], 0.3108763648000001]
[[3, [8, 6, 8, 4, 4, 6, 2, 8, 4, 6, 4, 2, 4, 8, 8, 4, 2, 8, 2]], 0.2197190656]
[[5, [6, 4, 6, 2, 6, 6, 2, 8, 4, 4, 8, 2, 2, 8, 6, 6, 2, 8, 2]], 0.310619136]
[[5, [2, 4, 4, 8, 6, 6, 2, 6, 2, 6, 4, 4, 4, 6, 2, 2, 2, 2, 6]], 0.2795288576]
[[5, [6, 2, 4, 6, 6, 6, 2, 8, 4, 6, 8, 2, 4, 8, 6, 8, 2, 8, 2]], 0.32625930240000006]
[[6, [2, 4, 8, 4, 6, 6, 4, 8, 8, 6, 4, 4, 4, 6, 8, 4, 2, 8, 2]], 0.39702999040000003]
[[5, [6, 4, 4, 2, 6, 6, 2, 6, 4, 6, 4, 2, 4, 6, 2, 2, 2, 2, 2]], 0.2791839744000001]
[[2, [8, 6, 4, 8, 6, 6, 2, 8, 4, 8, 4, 2, 6, 6, 6, 2, 2, 2, 2]], 0.1672329216]
[[5, [6, 6, 4, 6, 4, 6, 2, 8, 2, 6, 6, 2, 8, 6, 8, 2, 2, 6, 2]], 0.32934277120000005]
[[5, [6, 4, 4, 6, 6, 6, 2, 6, 2, 6, 4, 2, 4, 6, 8, 2, 2, 2, 2]], 0.2866206720000001]
[[4, [6, 6, 2, 4, 6, 6, 2, 6, 4, 4, 2, 2, 2, 8, 6, 2, 2, 2, 2]], 0.21209559040000003]
[[5, [6, 4, 4, 4, 6, 6, 6, 8, 4, 8, 4, 2, 8, 6, 8, 4, 4, 8, 2]], 0.32275968]
[[5, [6, 4, 4, 6, 6, 8, 2, 4, 4, 6, 4, 2, 8, 6, 8, 8, 2, 8, 2]], 0.31552532480000006]
[[5, [2, 6, 8, 4, 8, 6, 2, 8, 4, 8, 8, 6, 4, 6, 4, 4, 2, 8, 2]], 0.3348568064]
[[6, [6, 2, 6, 4, 6, 6, 2, 4, 4, 6, 4, 8, 4, 8, 2, 4, 2, 8, 2]], 0.3462969344000001]
[[5, [2, 4, 8, 4, 4, 6, 2, 8, 4, 6, 4, 2, 4, 6, 8, 4, 6, 8, 2]], 0.29087150080000007]
[[5, [6, 4, 8, 4, 6, 6, 4, 8, 4, 6, 4, 2, 4, 6, 4, 4, 2, 8, 2]], 0.311651328]
[[5, [6, 4, 2, 6, 2, 6, 2, 8, 4, 6, 2, 2, 8, 6, 8, 4, 2, 8, 2]], 0.2968631296]
[[5, [6, 4, 4, 8, 6, 6, 2, 6, 4, 8, 4, 2, 4, 6, 2, 8, 2, 2, 2]], 0.307956736]
[[5, [6, 4, 8, 4, 6, 6, 2, 8, 2, 6, 4, 2, 6, 6, 8, 4, 2, 8, 2]], 0.3130062848000001]
[[3, [6, 4, 4, 8, 6, 6, 2, 8, 4, 6, 4, 8, 4, 6, 8, 8, 2, 8, 8]], 0.20842065920000002]
[[5, [6, 4, 4, 8, 6, 6, 2, 6, 4, 6, 4, 2, 4, 6, 6, 2, 2, 2, 2]], 0.30266142720000005]
[[6, [6, 8, 8, 2, 6, 6, 8, 6, 2, 6, 4, 2, 4, 6, 8, 4, 2, 8, 2]], 0.38846361600000007]
[[2, [6, 4, 2, 4, 4, 6, 2, 8, 4, 6, 4, 2, 4, 8, 6, 4, 2, 8, 2]], 0.12375060480000002]
[[0, [6, 2, 8, 8, 6, 6, 2, 2, 4, 2, 4, 6, 4, 6, 8, 4, 2, 8, 6]], 0.04489932800000001]
[[5, [2, 4, 4, 4, 6, 6, 2, 6, 4, 4, 4, 2, 4, 6, 8, 2, 2, 2, 2]], 0.2660628480000001]
[[1, [4, 8, 8, 4, 4, 6, 2, 6, 4, 6, 4, 2, 6, 6, 8, 2, 2, 6, 2]], 0.115055616]
[[5, [6, 8, 4, 8, 2, 6, 2, 6, 4, 6, 4, 2, 4, 6, 2, 2, 2, 2, 2]], 0.3096066048000001]
[[5, [6, 4, 6, 4, 6, 6, 2, 8, 4, 6, 4, 6, 6, 6, 8, 4, 2, 8, 2]], 0.31486341120000005]
[[5, [6, 4, 8, 8, 6, 6, 2, 8, 4, 6, 4, 2, 4, 6, 8, 4, 2, 8, 2]], 0.326528]
[[0, [6, 6, 8, 4, 6, 6, 2, 8, 4, 8, 6, 2, 6, 6, 8, 6, 2, 6, 8]], 0.0605509632]
[[5, [6, 4, 8, 4, 6, 6, 2, 8, 6, 6, 4, 2, 4, 6, 2, 2, 2, 6, 2]], 0.3190913024]
[[5, [4, 4, 8, 4, 6, 6, 2, 8, 6, 6, 4, 2, 4, 6, 2, 2, 2, 6, 2]], 0.31126548480000005]
[[6, [6, 4, 8, 4, 6, 8, 2, 8, 6, 8, 2, 2, 8, 6, 2, 2, 4, 6, 2]], 0.37989396480000004]
[[7, [4, 4, 8, 4, 6, 6, 2, 8, 6, 8, 6, 2, 4, 6, 2, 2, 2, 6, 2]], 0.44686438400000006]
[[5, [6, 4, 8, 4, 8, 6, 2, 8, 2, 6, 4, 2, 4, 6, 2, 2, 2, 6, 2]], 0.307014656]
[[5, [4, 2, 8, 4, 6, 6, 2, 8, 6, 6, 4, 2, 4, 6, 4, 2, 8, 2, 2]], 0.30343966720000004]
[[5, [6, 4, 8, 4, 6, 6, 2, 8, 4, 6, 4, 6, 8, 6, 8, 6, 2, 8, 2]], 0.3330340864000001]
[[6, [6, 6, 2, 4, 6, 6, 2, 8, 6, 2, 4, 2, 4, 6, 2, 2, 2, 6, 2]], 0.32865300480000004]
[[5, [6, 4, 2, 4, 6, 6, 4, 8, 4, 8, 6, 2, 4, 8, 6, 2, 2, 6, 8]], 0.31415889920000006]
[[3, [6, 4, 8, 4, 6, 6, 2, 8, 6, 6, 4, 2, 4, 6, 2, 2, 6, 6, 4]], 0.21663559680000002]
[[2, [4, 4, 8, 4, 6, 6, 2, 8, 6, 6, 6, 2, 4, 6, 6, 2, 2, 2, 2]], 0.1437554688]
[[2, [4, 4, 8, 4, 6, 6, 2, 8, 6, 6, 4, 2, 8, 6, 2, 4, 2, 6, 6]], 0.1437554688]
[[5, [6, 4, 8, 4, 4, 6, 2, 8, 4, 8, 4, 2, 4, 4, 8, 8, 2, 6, 2]], 0.30147358720000006]
[[5, [4, 6, 8, 4, 6, 2, 2, 8, 8, 6, 4, 2, 4, 8, 2, 2, 2, 6, 2]], 0.32122122240000006]
[[2, [6, 4, 6, 2, 6, 2, 2, 8, 4, 6, 4, 2, 6, 6, 2, 2, 2, 6, 2]], 0.11949977600000003]
[[5, [4, 4, 8, 2, 4, 2, 2, 8, 6, 6, 4, 8, 4, 6, 2, 2, 8, 6, 2]], 0.2848585728000001]
[[5, [6, 4, 2, 4, 8, 6, 6, 8, 6, 6, 4, 6, 8, 6, 8, 2, 2, 8, 2]], 0.3236747264000001]
[[7, [6, 4, 8, 4, 6, 6, 4, 2, 6, 6, 4, 2, 4, 6, 2, 2, 2, 4, 2]], 0.396028928]
[[1, [8, 4, 8, 4, 2, 2, 2, 6, 4, 6, 4, 2, 4, 4, 8, 4, 2, 8, 2]], 0.115055616]
[[5, [4, 4, 8, 4, 6, 6, 2, 8, 6, 6, 4, 2, 4, 6, 2, 4, 2, 6, 2]], 0.31126548480000005]
[[2, [4, 4, 8, 4, 6, 6, 2, 8, 6, 6, 4, 6, 4, 6, 2, 2, 2, 6, 2]], 0.1437554688]
[[5, [6, 4, 8, 4, 4, 6, 2, 4, 8, 6, 4, 2, 4, 6, 8, 4, 4, 8, 2]], 0.306523136]
[[7, [6, 6, 8, 2, 6, 6, 2, 8, 8, 8, 4, 2, 8, 6, 2, 2, 2, 6, 8]], 0.5307037696]
[[4, [6, 4, 6, 4, 2, 6, 8, 8, 6, 6, 2, 8, 4, 6, 2, 4, 2, 6, 4]], 0.23746703360000002]
[[7, [6, 4, 4, 4, 2, 6, 6, 4, 4, 6, 4, 2, 4, 6, 2, 6, 2, 6, 6]], 0.4682020864]
[[3, [6, 4, 8, 4, 6, 6, 2, 8, 6, 6, 4, 2, 4, 6, 2, 4, 2, 8, 2]], 0.21663559680000002]
[[5, [6, 4, 8, 4, 6, 4, 2, 8, 6, 6, 4, 2, 4, 6, 2, 2, 2, 6, 2]], 0.3108763648000001]
[[5, [4, 4, 8, 4, 8, 6, 2, 8, 6, 6, 2, 2, 8, 6, 8, 6, 2, 6, 2]], 0.3259635711999999]
[[5, [6, 2, 8, 4, 6, 8, 2, 8, 6, 2, 2, 2, 2, 6, 2, 2, 2, 6, 2]], 0.28820008960000004]
[[5, [4, 8, 8, 4, 6, 8, 2, 8, 6, 6, 4, 2, 8, 2, 4, 2, 8, 6, 2]], 0.3351320576]
[[5, [4, 4, 8, 6, 6, 8, 2, 6, 6, 6, 4, 2, 4, 6, 2, 2, 6, 6, 2]], 0.3190913024000001]
[[4, [4, 4, 4, 8, 6, 4, 6, 8, 6, 6, 4, 2, 4, 2, 8, 8, 2, 8, 2]], 0.24532643840000007]
[[2, [6, 2, 8, 4, 6, 6, 2, 8, 2, 6, 4, 2, 8, 6, 6, 2, 2, 6, 2]], 0.1437554688]
[[4, [4, 4, 8, 4, 6, 2, 6, 8, 6, 6, 4, 2, 4, 6, 2, 4, 4, 6, 2]], 0.23711150080000004]
[[3, [6, 2, 4, 4, 6, 6, 8, 8, 6, 8, 4, 2, 4, 2, 2, 2, 2, 6, 6]], 0.19548303360000002]
[[5, [6, 8, 8, 2, 6, 6, 4, 8, 6, 6, 4, 2, 8, 6, 8, 8, 6, 6, 8]], 0.3483817984]
[[5, [4, 8, 8, 4, 4, 4, 2, 8, 6, 6, 4, 2, 4, 2, 2, 2, 2, 6, 2]], 0.2936592384]
[[5, [6, 4, 8, 4, 6, 6, 6, 8, 6, 6, 4, 2, 4, 6, 2, 2, 8, 6, 2]], 0.32064122880000007]
[[5, [2, 4, 8, 2, 6, 6, 2, 8, 8, 6, 8, 2, 4, 6, 6, 2, 2, 6, 2]], 0.32451850239999996]
[[2, [4, 2, 8, 4, 6, 6, 8, 8, 6, 6, 4, 2, 4, 6, 2, 2, 2, 6, 2]], 0.13825454080000002]
[[0, [6, 6, 8, 6, 6, 2, 2, 8, 6, 2, 4, 2, 4, 6, 2, 2, 4, 2, 2]], 0.0605509632]
[[7, [6, 4, 8, 4, 6, 6, 2, 8, 4, 6, 8, 2, 2, 6, 8, 4, 2, 6, 2]], 0.4892424192]
[[3, [6, 6, 8, 6, 8, 6, 4, 8, 6, 6, 4, 8, 4, 6, 4, 4, 2, 8, 2]], 0.23741542400000004]
[[0, [6, 4, 4, 4, 6, 6, 2, 8, 6, 2, 6, 2, 2, 6, 4, 4, 2, 4, 2]], 0.05272514560000001]
[[0, [6, 4, 8, 4, 6, 6, 2, 8, 6, 6, 2, 2, 6, 6, 2, 2, 2, 6, 2]], 0.05272514560000001]
[[5, [6, 4, 8, 4, 8, 6, 2, 8, 2, 6, 4, 2, 8, 6, 2, 2, 2, 6, 2]], 0.32770437120000007]
[[5, [6, 4, 8, 4, 6, 6, 2, 8, 8, 6, 2, 8, 4, 6, 2, 2, 2, 6, 2]], 0.319163392]
[[5, [8, 4, 4, 8, 6, 6, 2, 6, 6, 8, 4, 6, 4, 6, 8, 2, 2, 2, 2]], 0.32546549760000004]
[[3, [6, 4, 8, 4, 6, 4, 8, 8, 4, 4, 6, 2, 4, 6, 8, 4, 2, 6, 8]], 0.20253061120000002]
[[5, [4, 2, 8, 6, 6, 6, 8, 6, 6, 6, 6, 2, 2, 8, 2, 2, 2, 6, 2]], 0.31572029440000005]
[[5, [6, 4, 2, 8, 6, 6, 2, 2, 6, 6, 2, 6, 2, 6, 2, 2, 2, 6, 2]], 0.2673989632]
[[5, [6, 4, 4, 4, 6, 6, 2, 8, 6, 6, 6, 2, 2, 8, 2, 6, 6, 6, 2]], 0.3137845248]
[[3, [4, 4, 8, 2, 8, 4, 8, 8, 2, 6, 4, 6, 2, 6, 2, 2, 2, 6, 2]], 0.1830172672]
[[6, [6, 2, 8, 4, 6, 6, 2, 6, 6, 6, 4, 6, 4, 6, 2, 2, 2, 8, 4]], 0.34032250880000003]
[[5, [4, 8, 8, 6, 6, 6, 2, 8, 4, 2, 4, 2, 4, 6, 4, 4, 2, 8, 8]], 0.3159373824000001]
[[7, [4, 2, 8, 4, 6, 6, 2, 8, 6, 2, 4, 2, 4, 6, 2, 2, 2, 6, 2]], 0.41280778240000005]
[[7, [4, 4, 8, 4, 6, 6, 2, 8, 6, 6, 4, 2, 4, 4, 2, 2, 2, 6, 2]], 0.42087936000000004]
[[5, [6, 4, 4, 4, 2, 6, 2, 8, 4, 6, 4, 2, 4, 6, 8, 8, 2, 8, 4]], 0.2865182720000001]
[[5, [6, 4, 8, 4, 6, 6, 4, 4, 6, 6, 4, 2, 4, 6, 2, 2, 6, 6, 2]], 0.3034363904]
[[5, [6, 4, 8, 6, 6, 6, 8, 2, 6, 6, 4, 4, 4, 6, 2, 2, 2, 6, 6]], 0.3053312]
[[5, [4, 2, 8, 6, 6, 6, 2, 8, 6, 6, 4, 2, 2, 6, 2, 2, 2, 6, 4]], 0.30092062720000007]
[[5, [6, 4, 8, 4, 6, 2, 2, 8, 4, 6, 4, 2, 6, 6, 2, 6, 8, 4, 2]], 0.30479134720000006]
[[5, [6, 4, 8, 8, 2, 6, 6, 8, 4, 6, 4, 2, 4, 6, 4, 4, 2, 8, 8]], 0.31937146880000006]
[[5, [6, 6, 4, 4, 6, 4, 2, 8, 6, 6, 4, 2, 4, 6, 2, 2, 8, 6, 6]], 0.3030505472]
[[5, [6, 4, 8, 4, 6, 6, 2, 8, 6, 4, 4, 2, 4, 6, 2, 2, 2, 6, 2]], 0.31379599360000004]
[[5, [4, 6, 8, 4, 6, 6, 2, 8, 6, 8, 2, 2, 4, 6, 2, 2, 4, 6, 8]], 0.31404175360000003]
[[5, [2, 4, 6, 4, 6, 8, 2, 8, 6, 8, 4, 2, 4, 6, 2, 2, 2, 6, 2]], 0.309124096]
[[5, [6, 4, 8, 4, 6, 8, 8, 8, 6, 6, 4, 2, 4, 6, 2, 2, 2, 6, 2]], 0.3296311296]
[[7, [6, 4, 8, 4, 6, 8, 2, 8, 6, 4, 4, 2, 4, 6, 2, 2, 2, 6, 2]], 0.44196966400000004]
[[6, [6, 4, 8, 4, 8, 6, 2, 8, 4, 6, 4, 2, 4, 6, 2, 4, 2, 8, 2]], 0.3701848064]
[[5, [6, 4, 6, 4, 6, 6, 8, 8, 8, 8, 4, 2, 4, 6, 8, 4, 6, 8, 2]], 0.3271006208000001]
[[5, [6, 4, 8, 4, 6, 6, 2, 8, 6, 4, 4, 2, 4, 6, 2, 2, 2, 6, 8]], 0.31379599360000004]
[[0, [6, 4, 8, 2, 6, 6, 2, 8, 8, 6, 4, 2, 4, 8, 6, 2, 2, 6, 2]], 0.05272514560000001]
[[6, [6, 8, 4, 4, 6, 6, 2, 8, 2, 6, 6, 2, 2, 6, 2, 2, 2, 2, 8]], 0.3384653824]
[[5, [2, 4, 8, 4, 6, 8, 2, 8, 6, 4, 2, 2, 4, 6, 2, 2, 2, 2, 2]], 0.2960144384]
[[5, [6, 4, 8, 4, 2, 6, 2, 8, 2, 8, 4, 2, 4, 4, 2, 2, 2, 6, 8]], 0.28890542080000003]
[[5, [4, 4, 4, 4, 8, 6, 2, 8, 4, 6, 4, 2, 4, 8, 8, 6, 2, 8, 2]], 0.3020969984000001]
[[5, [6, 4, 8, 2, 6, 6, 2, 8, 6, 6, 4, 2, 6, 2, 4, 2, 2, 6, 2]], 0.30092062720000007]
[[0, [4, 4, 8, 4, 6, 6, 2, 8, 6, 6, 4, 2, 4, 2, 2, 2, 2, 8, 2]], 0.044899328]
[[0, [6, 4, 8, 4, 6, 4, 2, 8, 6, 4, 6, 2, 4, 6, 8, 2, 2, 8, 8]], 0.05272514560000001]
[[5, [6, 4, 4, 4, 6, 6, 4, 8, 6, 4, 4, 2, 4, 8, 2, 2, 6, 6, 8]], 0.30926417920000004]
[[5, [6, 4, 8, 4, 6, 6, 2, 6, 6, 6, 6, 2, 4, 6, 2, 2, 2, 6, 2]], 0.3212212224000001]
[[5, [6, 4, 8, 2, 6, 6, 2, 8, 6, 6, 4, 2, 4, 6, 2, 2, 2, 6, 2]], 0.31126548480000005]
[[1, [8, 4, 8, 4, 8, 6, 2, 8, 6, 4, 2, 8, 4, 6, 2, 2, 2, 6, 2]], 0.115055616]
[[4, [6, 4, 2, 6, 6, 6, 2, 8, 6, 6, 8, 2, 4, 6, 2, 2, 2, 6, 2]], 0.26485534720000004]
[[7, [2, 4, 8, 6, 6, 2, 2, 2, 6, 6, 8, 2, 2, 6, 2, 2, 8, 6, 2]], 0.4039251968]
[[7, [4, 4, 8, 4, 6, 4, 2, 8, 6, 8, 4, 2, 4, 6, 2, 2, 2, 6, 2]], 0.4283045888]
[[6, [6, 4, 8, 4, 6, 6, 2, 8, 6, 6, 2, 2, 4, 6, 8, 2, 2, 6, 2]], 0.3734616063999999]
[[3, [6, 4, 6, 4, 4, 6, 2, 8, 6, 6, 4, 2, 4, 6, 4, 2, 2, 2, 2]], 0.20445655040000005]
[[0, [6, 4, 8, 2, 6, 2, 8, 8, 6, 6, 4, 2, 4, 8, 2, 2, 2, 6, 4]], 0.05272514560000001]
[[0, [6, 4, 8, 4, 4, 2, 8, 8, 6, 4, 4, 2, 4, 6, 2, 2, 2, 6, 8]], 0.05272514560000001]
[[0, [6, 4, 8, 4, 6, 6, 2, 8, 6, 6, 4, 2, 2, 4, 2, 2, 2, 4, 8]], 0.05272514560000001]
[[5, [6, 4, 8, 6, 6, 6, 2, 4, 6, 4, 6, 2, 4, 6, 2, 2, 2, 2, 2]], 0.31553679360000003]
[[2, [4, 4, 4, 4, 6, 6, 2, 8, 4, 8, 4, 2, 4, 6, 2, 4, 2, 6, 2]], 0.12810383360000002]
[[7, [6, 4, 4, 4, 6, 6, 2, 8, 6, 2, 4, 2, 4, 6, 2, 2, 2, 6, 2]], 0.41280778240000005]
[[1, [6, 4, 8, 4, 6, 6, 2, 6, 8, 4, 4, 2, 4, 2, 2, 2, 2, 6, 6]], 0.1072297984]
[[5, [6, 4, 8, 6, 6, 8, 2, 8, 8, 4, 4, 8, 4, 4, 6, 4, 2, 6, 2]], 0.3299088384]
[[5, [2, 4, 8, 2, 6, 6, 2, 8, 6, 4, 4, 2, 4, 6, 2, 2, 2, 2, 8]], 0.2903185408000001]
[[5, [6, 4, 8, 4, 6, 6, 6, 8, 4, 4, 4, 2, 4, 6, 2, 2, 2, 6, 8]], 0.3071309824000001]
[[7, [6, 4, 8, 4, 2, 2, 2, 8, 6, 2, 4, 2, 8, 6, 2, 2, 2, 6, 2]], 0.4240128000000001]
[[5, [6, 4, 8, 8, 2, 6, 2, 2, 6, 6, 4, 2, 4, 6, 2, 2, 2, 6, 2]], 0.30139166720000005]
[[7, [6, 4, 4, 4, 6, 6, 6, 6, 8, 6, 6, 8, 4, 6, 2, 8, 2, 2, 8]], 0.5141002240000001]
[[7, [6, 4, 8, 6, 6, 2, 2, 8, 6, 6, 8, 2, 4, 6, 2, 2, 2, 6, 2]], 0.4511356928]
[[5, [6, 4, 6, 4, 6, 6, 4, 6, 6, 6, 4, 2, 4, 6, 6, 2, 6, 6, 2]], 0.3038255104]
[[5, [6, 4, 8, 4, 4, 6, 2, 8, 6, 6, 4, 2, 4, 6, 2, 2, 2, 6, 2]], 0.3147380736]
[[5, [6, 8, 8, 4, 6, 6, 2, 2, 6, 6, 6, 2, 4, 6, 2, 2, 2, 6, 2]], 0.3204429824000001]
[[3, [6, 4, 8, 4, 6, 6, 2, 8, 2, 2, 6, 2, 4, 6, 8, 2, 2, 6, 2]], 0.2002057216]
[[5, [6, 6, 8, 2, 2, 4, 2, 8, 6, 6, 4, 2, 8, 6, 6, 2, 2, 6, 2]], 0.3228596224]
[[5, [6, 4, 8, 6, 8, 6, 2, 8, 6, 6, 8, 2, 4, 6, 2, 2, 2, 6, 4]], 0.351960064]
[[6, [8, 8, 8, 4, 6, 6, 2, 8, 4, 6, 4, 2, 6, 6, 2, 2, 2, 6, 2]], 0.38050263040000004]
[[5, [6, 4, 8, 4, 6, 6, 2, 8, 6, 6, 8, 6, 4, 6, 2, 4, 2, 6, 2]], 0.341249024]
[[0, [8, 4, 8, 4, 6, 6, 2, 8, 6, 2, 4, 2, 2, 4, 2, 2, 6, 4, 2]], 0.0605509632]
[[0, [6, 2, 8, 4, 8, 6, 2, 8, 6, 6, 4, 2, 6, 6, 2, 2, 2, 2, 2]], 0.04489932800000001]
[[5, [6, 4, 8, 6, 8, 6, 2, 6, 6, 6, 6, 2, 4, 4, 2, 2, 2, 6, 4]], 0.32305541120000003]
[[4, [6, 4, 4, 6, 4, 6, 2, 6, 6, 6, 2, 2, 4, 2, 2, 4, 2, 6, 4]], 0.22907842560000005]
[[1, [6, 2, 2, 6, 4, 6, 2, 8, 4, 6, 8, 2, 4, 6, 2, 2, 2, 2, 2]], 0.08375234560000001]
[[2, [6, 4, 4, 4, 6, 4, 2, 2, 6, 6, 6, 2, 4, 4, 2, 2, 2, 2, 2]], 0.1277147136]
[[0, [6, 4, 8, 6, 8, 4, 2, 6, 6, 6, 8, 2, 4, 4, 4, 2, 8, 6, 4]], 0.05272514560000001]
[[5, [4, 4, 8, 4, 2, 6, 2, 8, 6, 6, 2, 2, 4, 6, 2, 2, 2, 6, 2]], 0.2922141696]
[[5, [6, 4, 8, 6, 2, 6, 2, 8, 8, 6, 6, 2, 4, 4, 2, 2, 2, 8, 4]], 0.3264256]
[[5, [6, 4, 8, 4, 6, 4, 8, 8, 6, 6, 8, 2, 4, 8, 2, 8, 2, 6, 4]], 0.3442358272]
[[5, [6, 4, 8, 6, 8, 6, 2, 6, 6, 6, 6, 2, 4, 4, 2, 8, 2, 4, 4]], 0.32305541120000003]
[[5, [6, 4, 8, 4, 4, 6, 4, 8, 6, 6, 4, 4, 4, 6, 2, 2, 2, 8, 2]], 0.31624704]
[[5, [4, 4, 8, 4, 6, 6, 2, 8, 6, 4, 4, 2, 4, 6, 2, 2, 2, 6, 2]], 0.305970176]
[[5, [6, 4, 8, 6, 8, 2, 2, 6, 6, 8, 6, 2, 2, 4, 6, 2, 2, 6, 4]], 0.30157598720000006]
[[5, [6, 2, 8, 6, 8, 6, 2, 6, 6, 6, 6, 2, 8, 4, 2, 2, 2, 6, 8]], 0.3359193088000001]
[[6, [4, 8, 8, 4, 8, 6, 2, 8, 6, 4, 4, 2, 4, 6, 2, 2, 2, 8, 8]], 0.3617789952]
[[5, [6, 4, 8, 4, 6, 6, 2, 8, 6, 6, 4, 2, 4, 8, 2, 4, 2, 6, 4]], 0.32943616]
[[5, [6, 4, 8, 8, 6, 8, 2, 8, 6, 4, 4, 6, 4, 8, 2, 2, 2, 6, 2]], 0.3494754304]
[[5, [6, 4, 8, 4, 2, 6, 2, 8, 6, 6, 6, 2, 4, 4, 6, 4, 8, 6, 4]], 0.31038484480000006]
[[5, [6, 4, 8, 6, 8, 6, 2, 6, 6, 6, 6, 2, 6, 2, 2, 2, 2, 6, 8]], 0.3230554112]
[[4, [6, 4, 8, 6, 8, 6, 2, 6, 6, 2, 6, 2, 8, 4, 2, 2, 2, 2, 4]], 0.26353561600000003]
[[5, [6, 4, 8, 4, 6, 6, 2, 8, 6, 6, 2, 2, 4, 8, 2, 6, 2, 6, 4]], 0.3190913024]
[[5, [6, 2, 8, 2, 8, 6, 2, 6, 6, 6, 6, 2, 4, 4, 2, 2, 2, 6, 6]], 0.2995779584]
[[5, [6, 4, 8, 4, 2, 6, 6, 8, 6, 6, 8, 2, 4, 8, 2, 4, 2, 6, 4]], 0.342969344]
[[5, [6, 4, 8, 4, 6, 6, 2, 8, 6, 2, 4, 2, 4, 8, 2, 4, 2, 6, 4]], 0.3188455424]
[[5, [6, 4, 8, 2, 6, 6, 2, 8, 6, 6, 4, 4, 2, 8, 2, 4, 2, 6, 2]], 0.311999488]
[[1, [8, 8, 4, 6, 4, 6, 2, 6, 6, 8, 4, 6, 4, 4, 2, 2, 2, 6, 4]], 0.1228814336]
[[5, [6, 4, 8, 4, 6, 8, 2, 8, 6, 6, 6, 8, 4, 8, 8, 6, 2, 6, 4]], 0.35019796480000004]
[[5, [6, 2, 8, 4, 6, 6, 2, 8, 6, 6, 4, 8, 4, 6, 2, 8, 2, 6, 2]], 0.3134674944000001]
[[7, [6, 4, 8, 4, 6, 6, 2, 8, 6, 4, 4, 2, 4, 8, 2, 4, 2, 6, 4]], 0.4824020992000001]
[[1, [6, 8, 8, 4, 8, 6, 2, 8, 8, 6, 4, 2, 4, 2, 2, 4, 2, 6, 4]], 0.1228814336]
[[1, [4, 4, 4, 2, 6, 6, 4, 8, 6, 4, 4, 2, 6, 6, 2, 2, 2, 6, 2]], 0.075926528]
[[1, [2, 6, 8, 8, 8, 2, 2, 8, 2, 6, 4, 8, 4, 2, 2, 4, 2, 6, 4]], 0.115055616]
[[0, [6, 8, 8, 6, 8, 6, 2, 6, 6, 6, 2, 2, 4, 4, 2, 2, 2, 6, 4]], 0.06837678080000001]
[[5, [6, 4, 8, 4, 6, 6, 2, 8, 6, 4, 4, 6, 4, 8, 2, 4, 2, 6, 4]], 0.3256088576]
[[5, [2, 4, 2, 6, 8, 2, 2, 6, 4, 4, 6, 2, 4, 8, 2, 2, 2, 6, 4]], 0.2746759168000001]
[[5, [6, 4, 8, 4, 6, 6, 2, 8, 8, 6, 4, 2, 4, 6, 2, 4, 2, 6, 4]], 0.32730624]
[[5, [6, 4, 8, 4, 6, 6, 6, 6, 6, 6, 4, 2, 4, 8, 2, 4, 2, 6, 4]], 0.3227711488]
[[5, [8, 2, 8, 6, 6, 6, 6, 8, 6, 2, 4, 2, 4, 6, 6, 4, 2, 8, 4]], 0.31787642880000005]
[[5, [6, 4, 8, 4, 2, 6, 2, 2, 8, 6, 4, 2, 2, 6, 2, 4, 2, 6, 4]], 0.283610112]
[[1, [6, 4, 6, 4, 6, 6, 2, 8, 6, 4, 4, 4, 4, 6, 2, 4, 8, 2, 6]], 0.09940398080000001]
[[6, [6, 4, 8, 6, 6, 6, 2, 2, 6, 6, 2, 2, 4, 4, 2, 2, 2, 6, 2]], 0.3173865472]
[[5, [6, 4, 4, 4, 6, 6, 2, 8, 2, 6, 4, 2, 4, 4, 2, 4, 4, 6, 4]], 0.27666493440000006]
[[4, [6, 4, 8, 4, 8, 8, 2, 6, 4, 6, 6, 4, 6, 4, 2, 2, 2, 2, 4]], 0.26703441920000004]
[[2, [6, 4, 6, 4, 6, 6, 2, 8, 6, 4, 4, 2, 6, 6, 2, 2, 2, 6, 4]], 0.1437554688]
[[2, [6, 4, 8, 4, 6, 4, 2, 4, 6, 4, 4, 2, 4, 8, 2, 2, 2, 6, 4]], 0.14336634880000002]
[[5, [6, 6, 8, 4, 6, 6, 2, 8, 2, 6, 4, 2, 4, 8, 2, 4, 2, 6, 4]], 0.3208321024]
[[5, [6, 4, 8, 2, 8, 4, 2, 4, 6, 6, 6, 2, 4, 2, 2, 2, 2, 6, 4]], 0.28062904320000004]
[[6, [6, 4, 8, 4, 4, 6, 6, 8, 6, 6, 4, 2, 4, 8, 2, 4, 2, 8, 4]], 0.38158807040000003]
[[5, [8, 4, 4, 4, 6, 6, 2, 8, 6, 6, 6, 2, 4, 6, 2, 6, 2, 6, 2]], 0.3216103424000001]
[[5, [8, 6, 8, 8, 2, 6, 2, 6, 6, 6, 8, 6, 4, 8, 4, 4, 2, 6, 2]], 0.36597575680000005]
[[5, [6, 2, 8, 4, 6, 6, 4, 8, 6, 8, 6, 6, 4, 6, 2, 2, 2, 6, 2]], 0.32914862080000007]
[[1, [6, 4, 8, 4, 6, 6, 2, 8, 6, 2, 6, 2, 4, 8, 2, 4, 2, 6, 4]], 0.1072297984]
[[2, [6, 4, 8, 4, 6, 6, 4, 4, 6, 6, 4, 2, 4, 8, 8, 4, 2, 6, 4]], 0.1523562496]
[[5, [6, 4, 8, 4, 8, 6, 2, 6, 6, 4, 6, 2, 4, 4, 2, 2, 8, 6, 4]], 0.30993428480000007]
[[0, [6, 4, 8, 6, 8, 8, 4, 6, 6, 6, 6, 6, 8, 4, 8, 2, 2, 6, 6]], 0.05272514560000001]
[[0, [6, 4, 8, 4, 6, 6, 6, 8, 6, 6, 4, 6, 6, 8, 2, 8, 8, 6, 8]], 0.05272514560000001]
[[0, [6, 4, 8, 6, 8, 4, 2, 2, 6, 6, 6, 8, 4, 4, 2, 2, 2, 6, 4]], 0.05272514560000001]
[[5, [6, 6, 8, 4, 6, 6, 2, 4, 2, 6, 4, 6, 4, 6, 2, 4, 2, 6, 4]], 0.295525376]
[[2, [6, 8, 8, 4, 6, 6, 2, 8, 8, 6, 4, 8, 4, 6, 2, 2, 2, 2, 2]], 0.16723292160000003]
[[7, [6, 4, 2, 6, 8, 6, 2, 6, 6, 6, 6, 2, 4, 4, 6, 4, 2, 6, 2]], 0.4579620864]
[[5, [6, 4, 8, 6, 8, 6, 2, 6, 6, 6, 8, 2, 8, 4, 2, 2, 2, 6, 6]], 0.354089984]
[[3, [6, 4, 8, 4, 4, 6, 2, 8, 8, 6, 4, 2, 4, 6, 2, 4, 2, 6, 4]], 0.22049730560000003]
[[4, [6, 4, 6, 4, 6, 6, 2, 4, 6, 8, 4, 2, 4, 8, 2, 8, 2, 6, 6]], 0.24085688320000004]
[[7, [6, 4, 8, 6, 4, 6, 2, 2, 6, 6, 6, 2, 4, 4, 8, 2, 2, 6, 4]], 0.4659402752]
[[5, [6, 4, 8, 2, 6, 6, 2, 6, 2, 6, 6, 8, 4, 4, 4, 8, 2, 6, 4]], 0.2888226816]
[[1, [2, 4, 8, 8, 8, 6, 6, 6, 6, 6, 8, 2, 4, 4, 6, 2, 8, 6, 4]], 0.1072297984]
[[5, [6, 4, 8, 6, 6, 8, 2, 4, 2, 6, 6, 2, 6, 4, 2, 2, 2, 4, 2]], 0.3126171648]
[[2, [6, 4, 8, 4, 6, 8, 2, 8, 6, 6, 4, 8, 4, 6, 2, 4, 2, 6, 4]], 0.15979622400000004]
[[5, [6, 4, 4, 4, 4, 6, 2, 8, 6, 8, 4, 2, 2, 8, 2, 4, 4, 6, 4]], 0.30438174720000005]
[[5, [6, 4, 8, 4, 6, 6, 2, 2, 4, 6, 8, 2, 2, 4, 2, 4, 2, 6, 4]], 0.286231552]
[[3, [6, 4, 2, 4, 6, 8, 2, 8, 6, 6, 6, 8, 4, 4, 2, 2, 2, 6, 2]], 0.20137308160000003]
[[0, [6, 4, 6, 4, 6, 6, 2, 8, 6, 6, 4, 6, 6, 6, 2, 2, 2, 6, 6]], 0.05272514560000001]
[[5, [2, 4, 4, 6, 6, 6, 6, 8, 8, 6, 4, 2, 4, 6, 6, 6, 2, 6, 4]], 0.3053787136]
[[5, [4, 4, 8, 4, 6, 4, 2, 8, 6, 4, 6, 2, 2, 8, 2, 6, 2, 6, 4]], 0.308100096]
[[5, [4, 4, 8, 2, 6, 6, 2, 8, 6, 6, 6, 2, 4, 8, 2, 4, 2, 6, 8]], 0.32412938240000005]
[[7, [6, 6, 8, 2, 6, 8, 2, 8, 8, 6, 4, 2, 4, 6, 2, 4, 2, 6, 8]], 0.5320849408]
[[6, [6, 4, 2, 4, 6, 6, 2, 8, 6, 4, 4, 2, 8, 6, 2, 2, 2, 6, 8]], 0.3468122112]
[[5, [6, 4, 8, 4, 6, 2, 6, 8, 2, 4, 4, 2, 4, 8, 4, 6, 2, 8, 4]], 0.29283102720000004]
[[5, [6, 4, 8, 4, 6, 6, 2, 8, 6, 2, 4, 2, 4, 2, 2, 4, 6, 6, 4]], 0.2878109696]
[[5, [6, 4, 6, 4, 6, 6, 2, 8, 8, 6, 4, 2, 4, 4, 2, 4, 2, 4, 4]], 0.3091355648]
[[5, [6, 4, 8, 4, 8, 6, 2, 8, 6, 6, 6, 2, 4, 2, 2, 4, 2, 6, 4]], 0.3130996736]
[[5, [8, 4, 6, 6, 8, 6, 2, 6, 6, 6, 6, 4, 8, 4, 2, 2, 6, 6, 4]], 0.3444791296000001]
[[7, [2, 8, 4, 8, 6, 6, 2, 4, 8, 6, 4, 2, 4, 6, 2, 4, 2, 2, 4]], 0.4308350976000001]
[[5, [6, 4, 8, 4, 6, 6, 2, 8, 2, 6, 4, 2, 4, 8, 2, 4, 2, 6, 4]], 0.3130062848000001]
[[1, [6, 4, 2, 4, 6, 2, 2, 8, 6, 6, 4, 2, 4, 6, 2, 8, 2, 6, 2]], 0.08375234560000001]
[[0, [6, 8, 8, 4, 4, 6, 2, 8, 6, 6, 4, 2, 4, 8, 2, 4, 2, 6, 4]], 0.06837678080000001]
[[3, [6, 2, 8, 4, 4, 6, 2, 8, 6, 6, 4, 6, 4, 4, 2, 4, 2, 6, 6]], 0.2044565504]
[[2, [6, 4, 8, 6, 8, 6, 2, 2, 6, 6, 6, 4, 6, 4, 4, 2, 2, 6, 4]], 0.16376033280000002]
[[5, [6, 4, 8, 4, 2, 6, 4, 8, 6, 8, 4, 2, 4, 8, 2, 4, 2, 6, 4]], 0.3267999744]
[[5, [6, 4, 8, 6, 6, 8, 2, 6, 6, 6, 8, 2, 8, 6, 2, 4, 2, 6, 4]], 0.3682965504]
[[5, [6, 2, 8, 8, 6, 4, 2, 8, 6, 6, 4, 2, 4, 2, 2, 4, 2, 6, 4]], 0.29801246719999996]
[[5, [6, 4, 6, 4, 6, 6, 4, 8, 6, 6, 4, 2, 8, 8, 2, 4, 2, 8, 4]], 0.3430750208000001]
[[5, [2, 4, 8, 6, 6, 6, 2, 8, 2, 6, 4, 2, 4, 8, 2, 4, 8, 6, 4]], 0.3051804672]
[[3, [6, 4, 8, 4, 6, 6, 6, 8, 6, 6, 4, 2, 6, 8, 2, 4, 2, 6, 4]], 0.2181855232]
[[4, [6, 4, 8, 6, 8, 6, 2, 2, 6, 8, 6, 2, 2, 4, 2, 2, 2, 6, 4]], 0.2629916672]
[[7, [6, 4, 8, 4, 8, 6, 2, 6, 6, 2, 2, 2, 4, 8, 2, 6, 2, 4, 6]], 0.4820514816]
[[3, [6, 4, 8, 4, 6, 6, 6, 6, 2, 6, 4, 2, 4, 4, 2, 4, 2, 6, 4]], 0.1935407104]
[[5, [6, 4, 6, 4, 6, 8, 6, 8, 6, 6, 4, 4, 4, 8, 8, 4, 4, 2, 4]], 0.3321092096]
[[5, [6, 4, 2, 4, 6, 6, 2, 8, 2, 4, 2, 2, 4, 8, 2, 4, 2, 6, 4]], 0.2738886656]
[[5, [6, 4, 4, 4, 6, 6, 2, 8, 8, 6, 4, 2, 4, 8, 2, 4, 2, 6, 4]], 0.32199946240000005]
[[2, [6, 2, 8, 8, 6, 6, 6, 4, 6, 6, 4, 2, 4, 8, 2, 4, 8, 6, 2]], 0.1609570304]
[[5, [6, 4, 8, 6, 6, 6, 2, 8, 6, 6, 8, 2, 4, 8, 2, 6, 2, 6, 2]], 0.3579516928]
[[5, [6, 6, 8, 4, 8, 6, 2, 2, 6, 6, 4, 2, 4, 8, 2, 4, 2, 6, 4]], 0.3169703936]
[[5, [4, 4, 8, 4, 6, 6, 2, 8, 2, 6, 4, 2, 4, 8, 2, 4, 8, 4, 4]], 0.3051804672]
[[5, [6, 6, 6, 4, 2, 6, 2, 6, 6, 6, 8, 8, 4, 4, 2, 2, 6, 4, 2]], 0.3147167744]
[[5, [6, 4, 4, 4, 6, 6, 2, 8, 6, 6, 2, 8, 6, 8, 2, 8, 2, 6, 4]], 0.31598653439999996]
[[5, [6, 4, 8, 6, 8, 6, 8, 6, 6, 4, 6, 6, 4, 4, 2, 2, 2, 6, 6]], 0.3215529984]
[[3, [6, 4, 8, 4, 6, 8, 2, 8, 4, 4, 4, 2, 4, 6, 2, 2, 2, 6, 2]], 0.21663559680000005]
[[0, [6, 4, 8, 6, 8, 6, 2, 6, 6, 6, 6, 2, 4, 6, 2, 2, 2, 6, 4]], 0.05272514560000001]
[[5, [6, 4, 2, 4, 6, 6, 2, 8, 6, 6, 4, 2, 4, 8, 2, 4, 2, 8, 6]], 0.30595870720000007]
[[1, [6, 4, 8, 4, 6, 6, 4, 8, 8, 6, 4, 2, 8, 6, 2, 4, 2, 2, 4]], 0.1072297984]
[[5, [6, 4, 6, 4, 8, 6, 2, 8, 6, 2, 2, 8, 4, 8, 2, 4, 2, 4, 4]], 0.3072301056]
[[6, [6, 4, 8, 8, 8, 6, 2, 6, 6, 6, 6, 2, 4, 4, 8, 2, 8, 6, 4]], 0.3990272000000001]
[[2, [6, 4, 8, 4, 6, 6, 2, 2, 8, 6, 4, 2, 6, 4, 2, 4, 2, 6, 4]], 0.15158128640000001]
[[5, [6, 4, 6, 6, 8, 6, 2, 6, 6, 6, 6, 2, 4, 8, 2, 2, 2, 6, 4]], 0.3359193088000001]
[[5, [8, 4, 8, 6, 8, 6, 8, 6, 4, 6, 4, 2, 4, 8, 2, 8, 2, 6, 4]], 0.33533603840000004]
[[3, [6, 4, 8, 4, 4, 2, 2, 8, 4, 8, 4, 6, 4, 8, 2, 4, 4, 4, 4]], 0.18763755520000006]
[[2, [8, 4, 8, 6, 8, 6, 2, 6, 6, 6, 2, 2, 4, 4, 2, 2, 2, 8, 4]], 0.17158615040000003]
[[5, [4, 4, 8, 4, 6, 6, 2, 8, 6, 6, 4, 2, 6, 8, 2, 4, 2, 6, 4]], 0.33195520000000006]
[[5, [6, 4, 8, 4, 6, 6, 2, 8, 8, 6, 4, 2, 4, 4, 2, 4, 2, 6, 4]], 0.31696138240000005]
[[5, [6, 4, 8, 8, 4, 6, 8, 4, 6, 6, 2, 2, 4, 8, 2, 4, 2, 6, 4]], 0.3162847232]
[[6, [4, 2, 8, 4, 4, 8, 2, 4, 6, 6, 4, 2, 6, 2, 2, 4, 2, 6, 4]], 0.3354818560000001]
[[5, [6, 4, 6, 4, 6, 6, 2, 8, 8, 6, 4, 2, 8, 8, 2, 2, 2, 4, 4]], 0.35051499520000007]
[[5, [6, 4, 4, 4, 6, 6, 2, 8, 6, 6, 6, 6, 6, 8, 6, 4, 6, 6, 8]], 0.33594224640000003]
[[5, [6, 4, 2, 4, 6, 6, 8, 8, 2, 6, 4, 2, 4, 8, 2, 4, 2, 6, 8]], 0.2918537216]
[[2, [6, 4, 8, 4, 4, 6, 8, 8, 6, 8, 4, 2, 4, 8, 2, 4, 8, 4, 4]], 0.1495529472]
[[7, [4, 4, 8, 4, 6, 6, 2, 8, 6, 6, 4, 2, 6, 8, 2, 4, 2, 8, 4]], 0.5093677056000001]
[[5, [8, 6, 6, 4, 6, 4, 2, 8, 4, 6, 4, 2, 2, 8, 2, 4, 2, 6, 4]], 0.31048724480000006]
[[2, [4, 8, 8, 8, 6, 6, 2, 8, 6, 6, 4, 2, 6, 2, 2, 4, 2, 6, 6]], 0.1750587392]
[[5, [4, 4, 8, 4, 6, 2, 2, 8, 6, 6, 6, 2, 6, 8, 2, 4, 2, 6, 4]], 0.3258701824000001]
[[5, [4, 4, 8, 4, 8, 6, 6, 8, 6, 6, 4, 2, 6, 6, 2, 4, 2, 6, 4]], 0.32751349760000004]
[[5, [4, 4, 8, 4, 6, 6, 2, 2, 6, 6, 8, 2, 6, 6, 2, 8, 2, 6, 4]], 0.31765524480000007]
[[5, [6, 2, 8, 4, 6, 6, 2, 8, 8, 6, 4, 4, 2, 2, 4, 6, 2, 4, 4]], 0.2891798528]
[[5, [6, 4, 6, 4, 6, 6, 2, 8, 8, 6, 2, 2, 8, 8, 2, 4, 2, 6, 4]], 0.34017013760000003]
[[7, [2, 4, 8, 4, 2, 6, 2, 8, 6, 6, 8, 2, 6, 8, 2, 6, 4, 4, 4]], 0.49551749120000016]
[[5, [4, 6, 8, 4, 2, 6, 8, 6, 6, 6, 4, 2, 2, 6, 2, 8, 8, 6, 4]], 0.29414993920000004]
[[5, [4, 8, 8, 8, 8, 6, 2, 8, 6, 6, 4, 2, 6, 8, 2, 4, 8, 6, 8]], 0.36761169920000003]
[[5, [6, 4, 8, 4, 8, 6, 2, 4, 6, 6, 2, 2, 6, 8, 2, 4, 2, 2, 4]], 0.31735951360000003]
[[3, [6, 4, 8, 4, 6, 6, 4, 8, 6, 6, 4, 2, 8, 8, 2, 4, 2, 6, 4]], 0.21741056]
[[1, [4, 4, 8, 4, 6, 6, 4, 2, 6, 6, 4, 4, 6, 8, 2, 4, 2, 6, 4]], 0.0994039808]
[[5, [6, 4, 6, 4, 6, 6, 2, 8, 6, 6, 4, 2, 4, 8, 2, 4, 2, 6, 4]], 0.3216103424]
[[7, [6, 4, 6, 2, 6, 6, 2, 4, 2, 6, 4, 6, 8, 8, 2, 4, 2, 6, 4]], 0.46134374400000006]
[[5, [6, 4, 8, 4, 6, 6, 2, 8, 4, 6, 4, 8, 6, 8, 2, 4, 2, 2, 2]], 0.33376808960000004]
[[3, [8, 4, 8, 6, 6, 4, 2, 8, 6, 6, 4, 2, 4, 6, 2, 4, 2, 6, 2]], 0.22407229440000004]
[[5, [6, 8, 8, 6, 8, 6, 2, 6, 6, 6, 4, 2, 4, 4, 2, 2, 2, 6, 4]], 0.32836218880000007]
[[2, [6, 4, 8, 6, 8, 2, 2, 8, 6, 2, 6, 2, 4, 4, 2, 4, 2, 6, 4]], 0.1473304576]
[[5, [6, 4, 8, 4, 6, 6, 2, 2, 6, 6, 2, 2, 4, 6, 2, 4, 2, 8, 6]], 0.284101632]
[[5, [4, 6, 8, 2, 6, 6, 2, 8, 6, 6, 8, 2, 6, 2, 2, 2, 2, 6, 6]], 0.3216103424]
[[3, [4, 4, 8, 4, 4, 8, 2, 8, 8, 6, 4, 2, 6, 8, 2, 4, 2, 6, 4]], 0.2208864256]
[[5, [4, 4, 8, 4, 6, 6, 2, 8, 8, 6, 4, 2, 4, 2, 2, 8, 2, 6, 4]], 0.2987907072]
[[5, [4, 8, 2, 2, 6, 4, 2, 8, 8, 2, 2, 4, 6, 8, 2, 4, 2, 6, 4]], 0.29610209279999994]
[[1, [6, 2, 8, 4, 6, 6, 8, 8, 4, 2, 4, 6, 4, 4, 8, 4, 2, 6, 4]], 0.0994039808]
[[4, [4, 4, 6, 8, 6, 6, 2, 8, 6, 6, 4, 4, 6, 8, 2, 4, 2, 6, 4]], 0.2605512704]
[[5, [6, 4, 4, 4, 6, 4, 2, 8, 4, 6, 2, 2, 4, 6, 8, 8, 2, 6, 6]], 0.27666493440000006]
[[5, [6, 4, 2, 4, 6, 6, 2, 8, 4, 8, 4, 2, 4, 8, 2, 2, 2, 2, 2]], 0.3030390784000001]
[[5, [4, 4, 8, 4, 6, 6, 2, 2, 6, 6, 2, 6, 6, 8, 2, 4, 2, 8, 4]], 0.298433536]
[[5, [6, 4, 8, 4, 6, 6, 2, 6, 2, 4, 4, 2, 4, 8, 2, 4, 2, 6, 6]], 0.29949603840000005]
[[0, [4, 4, 8, 4, 6, 2, 2, 8, 6, 6, 4, 6, 6, 8, 2, 2, 2, 6, 4]], 0.044899328]
[[5, [6, 4, 8, 4, 6, 8, 2, 8, 6, 6, 4, 8, 4, 8, 6, 4, 2, 6, 4]], 0.33985310720000006]
[[3, [2, 2, 8, 4, 6, 6, 2, 2, 2, 6, 2, 2, 4, 8, 8, 6, 2, 6, 8]], 0.152083456]
[[5, [6, 4, 8, 2, 6, 6, 2, 2, 6, 8, 4, 2, 2, 8, 8, 4, 2, 6, 8]], 0.29191598080000003]
[[7, [4, 4, 8, 4, 8, 6, 2, 8, 6, 8, 4, 6, 6, 8, 2, 4, 2, 4, 4]], 0.48218173440000006]
[[7, [4, 8, 8, 6, 6, 6, 8, 6, 2, 6, 4, 2, 6, 8, 8, 4, 2, 6, 4]], 0.520285184]
[[0, [4, 4, 8, 4, 8, 6, 2, 8, 6, 6, 8, 8, 2, 8, 2, 4, 2, 6, 4]], 0.044899328]
[[5, [6, 8, 6, 6, 4, 6, 2, 6, 6, 6, 2, 2, 4, 4, 2, 2, 2, 2, 2]], 0.3014850560000001]
[[1, [4, 4, 2, 8, 4, 8, 4, 8, 6, 6, 4, 2, 6, 8, 8, 4, 2, 8, 6]], 0.0915781632]
[[5, [4, 4, 8, 4, 6, 6, 2, 4, 6, 6, 4, 2, 6, 8, 2, 2, 8, 2, 8]], 0.31552532480000006]
[[5, [6, 6, 2, 4, 8, 6, 2, 8, 4, 6, 4, 2, 4, 4, 2, 4, 2, 6, 4]], 0.28923310080000003]
[[5, [6, 4, 2, 8, 2, 6, 2, 2, 2, 6, 6, 2, 4, 4, 8, 2, 2, 8, 4]], 0.2614843392]
[[5, [4, 6, 8, 4, 8, 6, 2, 8, 2, 6, 4, 8, 6, 8, 2, 4, 2, 6, 4]], 0.32990638080000007]
[[5, [6, 4, 8, 4, 6, 6, 2, 8, 8, 6, 4, 2, 4, 8, 2, 4, 2, 6, 4]], 0.3376510976]
[[1, [4, 8, 8, 6, 6, 6, 2, 8, 6, 6, 4, 2, 6, 8, 2, 4, 2, 6, 4]], 0.1228814336]
[[5, [2, 4, 8, 8, 6, 6, 2, 8, 2, 2, 4, 2, 4, 4, 2, 2, 4, 6, 4]], 0.281725952]
[[5, [6, 4, 6, 4, 6, 6, 2, 8, 6, 6, 2, 2, 2, 8, 2, 4, 2, 6, 2]], 0.30092062720000007]
[[5, [4, 4, 8, 4, 6, 6, 2, 8, 6, 6, 4, 2, 4, 8, 2, 4, 2, 4, 4]], 0.3216103424]
[[4, [6, 4, 8, 4, 6, 6, 2, 8, 8, 6, 8, 2, 2, 2, 2, 4, 2, 6, 4]], 0.28872192]
[[2, [6, 8, 8, 4, 2, 6, 2, 8, 8, 6, 4, 2, 4, 8, 2, 4, 2, 6, 6]], 0.158526464]
[[1, [6, 4, 8, 4, 6, 6, 8, 6, 8, 6, 4, 4, 4, 6, 6, 4, 2, 6, 4]], 0.1072297984]
[[5, [4, 4, 8, 4, 6, 2, 2, 8, 8, 6, 2, 2, 6, 8, 2, 8, 2, 6, 8]], 0.3133954048]
[[5, [6, 4, 8, 2, 2, 2, 8, 8, 6, 2, 4, 2, 4, 4, 2, 2, 2, 8, 4]], 0.26751856640000005]
[[5, [4, 4, 8, 4, 6, 6, 2, 2, 6, 6, 4, 2, 8, 8, 4, 4, 2, 6, 4]], 0.31765524480000007]
[[5, [6, 4, 4, 4, 2, 6, 2, 8, 6, 6, 4, 2, 4, 8, 6, 4, 6, 6, 6]], 0.3050780672]
[[5, [6, 4, 8, 4, 6, 6, 2, 8, 8, 6, 4, 2, 4, 4, 2, 4, 2, 8, 4]], 0.31696138240000005]
[[2, [6, 2, 4, 4, 2, 2, 2, 8, 4, 6, 4, 6, 8, 4, 2, 4, 8, 8, 4]], 0.10296750080000001]
[[1, [6, 4, 2, 4, 6, 6, 6, 8, 6, 4, 4, 2, 4, 8, 2, 4, 2, 6, 8]], 0.08375234560000001]
[[3, [4, 4, 8, 8, 6, 6, 2, 4, 8, 6, 4, 2, 6, 8, 2, 4, 2, 6, 4]], 0.2162464768]
[[5, [6, 4, 8, 4, 6, 6, 2, 8, 6, 4, 4, 4, 4, 8, 2, 4, 8, 6, 4]], 0.3248748544]
[[5, [6, 8, 8, 4, 6, 6, 2, 8, 8, 4, 6, 2, 4, 6, 2, 2, 2, 8, 4]], 0.348007424]
[[7, [6, 4, 8, 4, 6, 6, 4, 8, 8, 6, 8, 2, 4, 4, 2, 4, 2, 8, 4]], 0.5158385664]
[[5, [8, 4, 8, 8, 6, 6, 2, 8, 6, 6, 4, 2, 4, 8, 2, 4, 6, 6, 4]], 0.3529136128]
[[5, [6, 4, 8, 4, 6, 6, 2, 8, 4, 6, 2, 2, 4, 8, 2, 8, 2, 6, 4]], 0.3108763648000001]
[[5, [6, 4, 2, 4, 2, 6, 2, 2, 6, 2, 6, 2, 4, 8, 8, 4, 2, 6, 4]], 0.27236167680000006]
[[5, [4, 4, 8, 4, 6, 6, 6, 8, 8, 6, 2, 2, 4, 4, 2, 4, 2, 8, 4]], 0.3003406336]
[[5, [6, 4, 8, 4, 6, 6, 2, 8, 8, 6, 4, 2, 2, 4, 8, 4, 2, 8, 4]], 0.30661652480000007]
[[5, [6, 8, 2, 4, 6, 6, 8, 8, 8, 6, 6, 2, 4, 6, 6, 4, 2, 6, 8]], 0.33215016960000004]
[[5, [4, 6, 8, 4, 6, 6, 4, 8, 2, 6, 4, 2, 6, 8, 2, 4, 6, 2, 4]], 0.32412610560000005]
[[5, [6, 4, 8, 4, 8, 6, 2, 8, 6, 6, 6, 6, 4, 4, 2, 4, 2, 6, 2]], 0.3249125376000001]
[[6, [6, 4, 8, 4, 6, 8, 2, 8, 6, 6, 4, 8, 4, 8, 8, 4, 2, 8, 4]], 0.42371952640000005]
[[5, [6, 4, 8, 6, 6, 6, 2, 8, 8, 4, 4, 6, 4, 4, 2, 4, 2, 6, 4]], 0.3209598976000001]
[[5, [6, 4, 8, 4, 6, 6, 2, 8, 8, 4, 8, 2, 4, 4, 8, 8, 2, 8, 4]], 0.3323557888]
[[5, [6, 4, 6, 4, 6, 8, 2, 8, 8, 6, 4, 8, 4, 2, 2, 4, 2, 2, 4]], 0.30920765440000003]
[[0, [6, 4, 2, 4, 2, 4, 2, 8, 8, 6, 4, 2, 4, 4, 2, 4, 2, 8, 4]], 0.05272514560000001]
[[1, [6, 4, 8, 4, 6, 6, 2, 8, 2, 6, 4, 2, 4, 8, 2, 4, 2, 2, 4]], 0.1072297984]
[[5, [6, 4, 8, 4, 6, 6, 2, 8, 6, 4, 4, 2, 4, 8, 2, 4, 2, 6, 4]], 0.3241408512]
[[5, [6, 6, 8, 4, 6, 6, 2, 8, 6, 6, 4, 2, 4, 8, 2, 4, 2, 8, 8]], 0.33726197760000004]
[[5, [6, 8, 8, 6, 8, 6, 2, 6, 6, 6, 6, 2, 8, 4, 4, 8, 2, 6, 4]], 0.35939676160000006]
[[7, [6, 4, 8, 2, 6, 6, 2, 8, 6, 6, 8, 2, 6, 6, 2, 4, 6, 2, 4]], 0.4645459968000001]
[[5, [6, 4, 8, 4, 6, 6, 6, 8, 8, 2, 4, 2, 4, 4, 8, 4, 2, 8, 4]], 0.30792069120000004]
[[5, [8, 4, 8, 8, 6, 6, 6, 8, 6, 6, 4, 8, 4, 8, 2, 4, 6, 6, 4]], 0.35666554880000007]
[[7, [6, 4, 8, 4, 2, 2, 2, 8, 8, 6, 2, 2, 4, 6, 4, 4, 4, 8, 4]], 0.48001822720000004]
[[1, [2, 4, 8, 4, 6, 6, 2, 4, 6, 6, 4, 2, 4, 8, 4, 4, 4, 6, 4]], 0.0915781632]
[[5, [6, 4, 8, 4, 6, 6, 2, 8, 6, 6, 4, 4, 2, 8, 2, 4, 2, 4, 4]], 0.3198253056]
[[6, [6, 4, 8, 4, 6, 6, 2, 8, 6, 6, 8, 2, 4, 8, 2, 4, 2, 4, 4]], 0.405081088]
[[5, [4, 4, 8, 4, 6, 6, 2, 4, 8, 6, 4, 2, 4, 4, 6, 4, 2, 8, 2]], 0.29270568960000004]
[[5, [6, 4, 8, 4, 4, 6, 2, 8, 6, 6, 4, 2, 4, 6, 8, 4, 2, 8, 4]], 0.3147380736]
[[5, [6, 8, 8, 4, 2, 6, 2, 4, 6, 6, 4, 2, 4, 4, 2, 4, 8, 8, 4]], 0.29926174720000004]
[[5, [6, 4, 4, 4, 6, 8, 2, 2, 8, 6, 6, 6, 4, 6, 4, 8, 2, 8, 4]], 0.30703759360000005]
[[5, [4, 2, 8, 6, 6, 6, 4, 2, 6, 6, 4, 2, 6, 8, 6, 4, 2, 6, 6]], 0.3080853504]
[[5, [6, 4, 8, 6, 6, 4, 4, 6, 6, 6, 4, 2, 6, 2, 2, 4, 2, 6, 4]], 0.30091735040000006]
[[5, [6, 8, 8, 4, 2, 6, 8, 8, 8, 6, 4, 2, 4, 4, 2, 4, 2, 8, 2]], 0.3262314496]
[[5, [6, 6, 8, 2, 6, 6, 2, 8, 8, 6, 4, 2, 4, 8, 2, 4, 2, 6, 4]], 0.3376510976]
[[5, [6, 4, 8, 4, 6, 6, 2, 8, 8, 6, 4, 2, 8, 4, 2, 4, 2, 8, 4]], 0.33765109760000006]
[[1, [4, 4, 8, 2, 6, 8, 8, 8, 8, 6, 4, 2, 2, 8, 2, 2, 6, 8, 4]], 0.0915781632]
[[1, [6, 4, 8, 4, 6, 6, 2, 8, 6, 6, 4, 4, 4, 8, 2, 4, 2, 6, 8]], 0.1072297984]
[[5, [4, 4, 8, 4, 4, 6, 2, 8, 8, 4, 6, 2, 4, 4, 2, 8, 2, 8, 4]], 0.3098318848]
[[5, [6, 4, 8, 4, 6, 6, 2, 8, 6, 6, 4, 8, 4, 4, 2, 4, 2, 6, 4]], 0.3109484544]
[[5, [6, 2, 8, 4, 6, 4, 2, 8, 6, 6, 6, 2, 4, 8, 2, 4, 6, 6, 4]], 0.32374026240000003]
[[5, [6, 4, 8, 4, 6, 6, 2, 4, 6, 6, 4, 6, 4, 2, 2, 6, 6, 2, 8]], 0.28343971840000004]
[[3, [6, 4, 8, 6, 4, 6, 2, 8, 8, 6, 4, 8, 4, 4, 6, 4, 2, 6, 6]], 0.2283231232]
[[0, [6, 4, 8, 8, 6, 6, 2, 8, 6, 4, 6, 2, 6, 8, 2, 4, 2, 4, 4]], 0.05272514560000001]
[[0, [6, 4, 4, 4, 8, 6, 2, 8, 8, 6, 4, 2, 4, 6, 2, 4, 2, 4, 4]], 0.05272514560000001]
[[6, [6, 4, 8, 2, 6, 6, 2, 6, 6, 6, 4, 4, 4, 8, 2, 2, 2, 6, 4]], 0.3499333632]
[[5, [8, 4, 8, 6, 6, 2, 2, 4, 2, 6, 4, 2, 2, 4, 4, 4, 2, 8, 4]], 0.26476359680000006]
[[5, [6, 4, 8, 4, 8, 6, 2, 8, 6, 6, 4, 2, 4, 8, 8, 4, 2, 6, 4]], 0.33378938880000003]
[[4, [6, 4, 8, 4, 4, 6, 2, 8, 6, 4, 4, 2, 8, 8, 2, 4, 2, 6, 6]], 0.25016872960000003]
[[1, [6, 8, 2, 4, 6, 6, 2, 8, 6, 6, 4, 6, 4, 8, 2, 4, 2, 6, 2]], 0.09940398080000001]
[[2, [4, 4, 8, 6, 6, 6, 2, 4, 6, 6, 4, 2, 6, 8, 2, 4, 4, 6, 4]], 0.15158128640000001]
[[5, [4, 4, 8, 4, 6, 8, 2, 8, 6, 6, 4, 2, 6, 8, 2, 4, 4, 6, 4]], 0.34017013760000003]
[[3, [6, 4, 8, 4, 6, 6, 2, 8, 6, 6, 4, 2, 4, 8, 2, 4, 2, 6, 4]], 0.21663559680000002]
[[5, [6, 2, 8, 4, 6, 6, 2, 2, 6, 6, 4, 2, 4, 8, 2, 8, 2, 6, 8]], 0.2969655296]
[[7, [4, 2, 8, 6, 6, 6, 2, 8, 6, 4, 2, 2, 6, 8, 2, 4, 2, 2, 4]], 0.43627376640000004]
[[3, [2, 4, 2, 2, 2, 6, 2, 2, 6, 6, 2, 6, 4, 8, 6, 4, 2, 6, 4]], 0.13632942080000002]
[[1, [6, 4, 8, 4, 2, 6, 2, 8, 8, 6, 4, 2, 4, 4, 2, 4, 8, 8, 4]], 0.1072297984]
[[2, [6, 4, 4, 2, 6, 6, 2, 2, 6, 6, 4, 6, 2, 8, 2, 4, 2, 6, 4]], 0.12810383360000002]
[[5, [6, 4, 2, 4, 6, 6, 8, 8, 6, 6, 6, 2, 8, 8, 2, 4, 6, 4, 4]], 0.3393181696]
[[5, [6, 4, 8, 2, 6, 8, 8, 8, 2, 6, 4, 2, 4, 8, 4, 4, 4, 2, 4]], 0.3157202944]
[[2, [6, 6, 8, 4, 6, 6, 2, 8, 8, 6, 6, 2, 4, 4, 2, 4, 2, 8, 4]], 0.159407104]
[[1, [6, 4, 8, 4, 6, 6, 2, 8, 6, 6, 4, 8, 4, 8, 2, 4, 2, 6, 8]], 0.1072297984]
[[5, [4, 4, 8, 4, 6, 6, 2, 8, 8, 6, 4, 2, 4, 4, 2, 4, 2, 8, 4]], 0.3091355648]
[[6, [6, 4, 8, 4, 4, 6, 2, 2, 4, 6, 4, 2, 4, 4, 6, 4, 2, 8, 4]], 0.345762816]
[[6, [6, 4, 8, 4, 4, 6, 2, 2, 2, 6, 6, 2, 4, 2, 6, 4, 6, 2, 4]], 0.3398350848]
[[6, [8, 6, 4, 4, 4, 6, 6, 4, 2, 6, 6, 2, 4, 2, 4, 4, 6, 2, 4]], 0.33996288]
[[6, [6, 4, 8, 4, 4, 4, 2, 2, 8, 6, 4, 2, 8, 4, 6, 4, 2, 8, 4]], 0.3746674688]
[[6, [6, 8, 8, 4, 4, 6, 2, 2, 4, 6, 4, 2, 4, 4, 4, 4, 2, 8, 4]], 0.35177738239999995]
[[1, [6, 4, 8, 4, 4, 4, 2, 6, 4, 6, 4, 2, 4, 4, 6, 8, 2, 8, 4]], 0.1072297984]
[[6, [6, 4, 6, 4, 8, 6, 2, 4, 2, 6, 2, 2, 4, 6, 6, 4, 6, 2, 6]], 0.34893066240000004]
[[5, [4, 4, 2, 4, 4, 6, 2, 2, 8, 2, 4, 2, 4, 4, 6, 4, 6, 8, 4]], 0.24606945280000006]
[[6, [6, 8, 8, 4, 4, 4, 2, 2, 4, 6, 4, 4, 2, 6, 4, 4, 2, 8, 4]], 0.344296448]
[[4, [6, 4, 8, 4, 4, 6, 2, 2, 4, 6, 2, 6, 4, 4, 6, 4, 6, 8, 4]], 0.2137274368]
[[6, [4, 4, 8, 4, 4, 6, 2, 4, 4, 6, 4, 2, 4, 4, 6, 4, 2, 4, 4]], 0.346151936]
[[3, [4, 4, 8, 4, 4, 6, 2, 4, 4, 2, 2, 6, 4, 4, 8, 4, 2, 4, 4]], 0.17981173760000002]
[[6, [4, 4, 2, 8, 4, 6, 2, 4, 4, 6, 4, 2, 4, 4, 6, 8, 2, 4, 4]], 0.3766286336000001]
[[6, [4, 8, 8, 4, 4, 6, 4, 4, 4, 6, 4, 2, 4, 4, 6, 4, 2, 4, 8]], 0.36257853440000004]
[[6, [6, 4, 8, 4, 4, 2, 4, 2, 2, 6, 6, 6, 4, 2, 6, 4, 6, 2, 4]], 0.32564817920000005]
[[6, [2, 2, 8, 4, 4, 6, 2, 8, 4, 6, 4, 2, 8, 4, 6, 4, 2, 4, 4]], 0.3676198912]
[[6, [6, 4, 8, 4, 4, 6, 2, 2, 4, 6, 4, 2, 8, 4, 6, 4, 2, 4, 8]], 0.3664525312]
[[6, [6, 4, 8, 4, 4, 6, 2, 2, 4, 6, 8, 6, 4, 4, 6, 4, 2, 8, 4]], 0.36792053760000004]
[[6, [4, 8, 8, 4, 4, 4, 2, 4, 4, 8, 4, 2, 8, 4, 6, 4, 2, 8, 8]], 0.37957365760000006]
[[6, [6, 2, 8, 4, 4, 6, 2, 2, 4, 6, 4, 2, 4, 4, 6, 4, 2, 8, 4]], 0.3379369984]
[[0, [6, 8, 8, 4, 4, 4, 2, 2, 4, 6, 4, 4, 2, 6, 4, 4, 4, 8, 4]], 0.06837678080000001]
[[6, [6, 4, 8, 4, 4, 2, 4, 2, 4, 6, 4, 4, 4, 8, 6, 4, 2, 6, 4]], 0.35153162239999997]
[[3, [6, 4, 8, 2, 4, 6, 2, 2, 8, 6, 4, 2, 6, 2, 6, 4, 2, 8, 8]], 0.18802667520000002]
[[7, [4, 4, 2, 4, 4, 6, 2, 4, 4, 4, 4, 2, 4, 4, 6, 4, 8, 8, 2]], 0.4241160192000001]
[[6, [6, 4, 8, 2, 4, 8, 2, 2, 4, 6, 6, 2, 4, 4, 6, 6, 6, 2, 4]], 0.3779352576000001]
[[7, [4, 4, 8, 4, 4, 6, 2, 4, 4, 4, 4, 4, 8, 4, 6, 6, 2, 4, 6]], 0.4847376384000001]
[[6, [4, 2, 8, 4, 4, 6, 2, 8, 2, 6, 4, 2, 2, 4, 6, 8, 2, 8, 8]], 0.37449871360000003]
[[6, [6, 4, 2, 4, 4, 6, 6, 2, 4, 6, 6, 2, 4, 4, 8, 6, 6, 6, 4]], 0.3652556800000001]
[[4, [6, 4, 8, 4, 4, 6, 2, 2, 4, 6, 4, 2, 4, 4, 6, 4, 2, 2, 4]], 0.22260428800000004]
[[0, [6, 4, 2, 4, 4, 6, 2, 2, 8, 6, 4, 2, 4, 4, 6, 4, 2, 8, 4]], 0.05272514560000001]
[[7, [6, 8, 8, 8, 4, 4, 2, 8, 4, 4, 4, 4, 4, 8, 4, 4, 8, 8, 4]], 0.5258754048000001]
[[6, [4, 8, 8, 8, 4, 8, 8, 2, 4, 2, 4, 2, 4, 4, 4, 4, 4, 8, 4]], 0.3606960128]
[[6, [4, 4, 4, 8, 4, 6, 2, 4, 8, 6, 8, 2, 4, 8, 6, 4, 2, 6, 8]], 0.40396124159999997]
[[6, [4, 4, 8, 6, 4, 6, 4, 4, 6, 6, 4, 4, 4, 8, 6, 8, 6, 4, 4]], 0.4249810944000001]
[[6, [8, 8, 8, 6, 4, 4, 4, 2, 4, 6, 4, 4, 2, 6, 4, 4, 2, 8, 4]], 0.36072304639999997]
[[6, [6, 4, 8, 4, 4, 2, 2, 2, 4, 6, 4, 2, 4, 4, 6, 4, 4, 8, 4]], 0.3304765440000001]
[[1, [2, 8, 8, 2, 4, 6, 2, 2, 4, 6, 4, 8, 6, 4, 4, 4, 4, 8, 4]], 0.0994039808]
[[0, [6, 2, 8, 4, 4, 8, 2, 2, 2, 6, 4, 4, 2, 6, 4, 6, 2, 8, 4]], 0.04489932800000001]
[[4, [6, 8, 8, 4, 4, 6, 2, 2, 4, 6, 4, 6, 6, 4, 2, 4, 2, 8, 4]], 0.23972392960000002]
[[6, [4, 2, 8, 2, 6, 6, 2, 6, 2, 6, 4, 2, 4, 4, 6, 4, 2, 4, 2]], 0.3348535296000001]
[[3, [4, 2, 8, 4, 2, 6, 2, 4, 4, 6, 4, 2, 4, 2, 6, 2, 8, 4, 8]], 0.16763269120000002]
[[6, [4, 8, 2, 6, 4, 6, 2, 4, 4, 6, 2, 2, 4, 4, 8, 8, 2, 4, 4]], 0.3837466624000001]
[[4, [8, 4, 2, 4, 4, 6, 2, 4, 4, 6, 4, 2, 8, 4, 6, 8, 2, 8, 4]], 0.21516759040000005]
[[6, [4, 6, 8, 4, 4, 2, 2, 4, 4, 6, 4, 2, 4, 4, 6, 4, 2, 4, 4]], 0.3375478784000001]
[[6, [6, 4, 6, 4, 8, 6, 2, 2, 8, 2, 8, 2, 4, 4, 6, 4, 2, 8, 4]], 0.3731724288]
[[6, [6, 4, 8, 4, 4, 6, 2, 2, 4, 6, 4, 2, 4, 4, 6, 4, 2, 8, 8]], 0.345762816]
[[6, [6, 8, 8, 4, 4, 6, 2, 2, 4, 6, 6, 2, 4, 4, 4, 4, 8, 8, 4]], 0.3655530496]
[[0, [4, 4, 8, 4, 8, 8, 2, 4, 4, 6, 8, 2, 4, 4, 6, 4, 6, 4, 2]], 0.044899328]
[[6, [6, 4, 6, 4, 4, 6, 2, 2, 4, 6, 4, 2, 4, 4, 6, 4, 2, 6, 8]], 0.3379369984000001]
[[6, [4, 4, 8, 4, 6, 6, 2, 4, 4, 6, 4, 2, 4, 4, 4, 4, 2, 4, 4]], 0.340868096]
[[6, [2, 4, 4, 4, 6, 6, 2, 4, 4, 8, 4, 2, 4, 6, 4, 4, 4, 4, 4]], 0.3341744128000001]
[[6, [6, 4, 4, 4, 4, 6, 2, 2, 4, 6, 4, 2, 2, 6, 6, 4, 2, 2, 4]], 0.3301111808]
[[4, [8, 8, 6, 4, 4, 6, 2, 4, 4, 4, 4, 2, 2, 4, 6, 4, 2, 6, 2]], 0.24117555200000007]
[[6, [8, 4, 6, 4, 4, 2, 2, 2, 6, 6, 4, 2, 6, 4, 6, 4, 2, 8, 8]], 0.34789273600000004]
[[5, [6, 6, 6, 4, 4, 6, 6, 2, 4, 4, 4, 2, 4, 4, 2, 4, 2, 6, 8]], 0.2677880832000001]
[[7, [4, 2, 8, 8, 6, 4, 2, 4, 4, 6, 4, 2, 4, 4, 4, 4, 2, 4, 6]], 0.4437850112]
[[0, [4, 4, 8, 4, 6, 6, 8, 4, 4, 6, 4, 2, 2, 4, 4, 4, 2, 4, 4]], 0.044899328]
[[6, [6, 4, 6, 4, 4, 8, 4, 2, 4, 6, 4, 2, 4, 8, 6, 4, 8, 6, 8]], 0.371047424]
[[7, [6, 4, 8, 4, 8, 6, 2, 2, 2, 6, 4, 2, 4, 8, 6, 4, 8, 8, 8]], 0.5311346688]
[[7, [6, 4, 2, 4, 6, 6, 2, 4, 4, 6, 4, 2, 4, 4, 6, 4, 2, 2, 4]], 0.39985704960000007]
[[7, [4, 2, 8, 4, 4, 6, 2, 8, 2, 6, 4, 2, 4, 4, 6, 4, 2, 8, 8]], 0.507300864]
[[0, [4, 4, 8, 4, 2, 6, 6, 2, 4, 6, 6, 2, 4, 6, 6, 4, 2, 4, 4]], 0.044899328]
[[6, [6, 2, 8, 4, 4, 4, 8, 8, 4, 6, 4, 2, 2, 4, 2, 4, 2, 8, 8]], 0.327072768]
[[6, [4, 4, 8, 4, 8, 6, 2, 8, 4, 4, 4, 2, 8, 4, 4, 4, 2, 4, 4]], 0.37704560639999996]
[[6, [4, 4, 8, 4, 6, 6, 2, 4, 4, 6, 4, 2, 4, 4, 6, 4, 2, 4, 4]], 0.3505051648]
[[6, [2, 4, 2, 4, 4, 6, 2, 2, 4, 6, 2, 2, 4, 4, 2, 4, 8, 6, 8]], 0.2804455424]
[[6, [6, 4, 8, 6, 4, 6, 2, 8, 4, 6, 4, 2, 4, 2, 6, 4, 2, 6, 8]], 0.3678885888]
[[6, [6, 4, 8, 4, 6, 6, 2, 4, 2, 6, 6, 6, 4, 4, 6, 4, 2, 4, 4]], 0.3619289088]
[[6, [6, 4, 8, 6, 6, 4, 2, 4, 4, 6, 4, 2, 4, 4, 4, 2, 2, 2, 4]], 0.329153536]
[[4, [4, 8, 8, 2, 6, 6, 2, 4, 4, 6, 8, 2, 8, 4, 2, 4, 2, 4, 4]], 0.2558621696000001]
[[6, [6, 4, 2, 4, 4, 6, 2, 2, 4, 6, 4, 8, 4, 4, 4, 4, 2, 6, 8]], 0.3148503040000001]
[[5, [4, 4, 8, 4, 6, 6, 2, 8, 6, 6, 4, 2, 4, 4, 4, 4, 2, 2, 4]], 0.30092062720000007]
[[6, [6, 4, 8, 4, 6, 6, 2, 8, 4, 6, 4, 2, 4, 6, 6, 4, 2, 4, 4]], 0.38510571520000003]
[[6, [8, 4, 6, 4, 4, 6, 2, 2, 4, 6, 4, 2, 4, 4, 6, 4, 2, 6, 8]], 0.345762816]
[[6, [6, 4, 2, 4, 4, 6, 4, 8, 4, 6, 4, 8, 4, 4, 4, 4, 6, 8, 8]], 0.34255728640000005]
[[6, [6, 8, 2, 4, 4, 6, 2, 2, 4, 8, 4, 2, 4, 4, 6, 8, 2, 8, 6]], 0.38153482240000003]
[[6, [4, 4, 8, 4, 4, 6, 2, 4, 4, 6, 4, 2, 4, 4, 2, 4, 2, 4, 2]], 0.32687779840000003]
[[3, [4, 4, 8, 4, 6, 6, 8, 4, 4, 6, 6, 2, 4, 4, 4, 6, 2, 4, 4]], 0.18648985600000004]
[[6, [8, 4, 8, 4, 4, 6, 2, 4, 4, 6, 6, 6, 4, 2, 8, 4, 2, 4, 4]], 0.37290864640000004]
[[6, [2, 4, 8, 4, 6, 6, 2, 4, 4, 6, 2, 6, 4, 4, 4, 4, 2, 8, 4]], 0.3241654272]
[[6, [4, 6, 4, 4, 6, 8, 2, 4, 4, 2, 2, 2, 2, 4, 8, 4, 2, 4, 4]], 0.3292510208]
[[1, [4, 4, 2, 8, 4, 6, 8, 2, 4, 6, 4, 8, 4, 4, 4, 4, 2, 8, 8]], 0.0915781632]
[[6, [8, 4, 8, 4, 6, 6, 2, 2, 2, 8, 4, 2, 4, 4, 4, 4, 8, 4, 4]], 0.34881597439999995]
[[2, [6, 8, 4, 4, 8, 6, 2, 6, 4, 6, 4, 2, 4, 4, 4, 4, 4, 4, 4]], 0.1559345152]
[[2, [4, 4, 8, 4, 6, 8, 2, 8, 4, 6, 4, 8, 4, 4, 4, 2, 8, 4, 2]], 0.1519704064]
[[6, [4, 4, 4, 4, 6, 4, 2, 4, 4, 6, 2, 2, 4, 4, 4, 8, 2, 4, 4]], 0.3449591808]
[[6, [4, 2, 2, 4, 4, 6, 2, 4, 4, 6, 4, 2, 6, 4, 6, 4, 4, 4, 4]], 0.3263371264000001]
[[6, [4, 2, 8, 4, 4, 6, 2, 4, 8, 6, 6, 2, 4, 4, 6, 4, 2, 4, 4]], 0.3651008512]
[[4, [4, 4, 8, 6, 6, 6, 2, 4, 4, 6, 4, 2, 4, 4, 4, 4, 2, 4, 2]], 0.23517245440000006]
[[4, [8, 2, 8, 6, 6, 6, 2, 4, 4, 6, 4, 6, 4, 4, 2, 4, 2, 8, 4]], 0.24446627840000004]
[[6, [4, 4, 8, 4, 4, 6, 2, 4, 6, 4, 6, 6, 4, 4, 6, 4, 6, 4, 4]], 0.36317163520000006]
[[3, [4, 4, 8, 4, 6, 2, 8, 8, 4, 6, 4, 8, 4, 4, 6, 4, 2, 8, 4]], 0.186489856]
[[2, [4, 2, 8, 4, 4, 2, 4, 4, 4, 6, 4, 2, 4, 4, 6, 4, 2, 4, 4]], 0.11592151040000001]
[[4, [2, 4, 2, 4, 6, 6, 2, 4, 4, 8, 4, 8, 4, 4, 4, 8, 4, 4, 4]], 0.20354068480000004]
[[6, [4, 4, 8, 4, 6, 6, 6, 4, 4, 8, 6, 2, 4, 4, 4, 4, 8, 4, 4]], 0.36148899840000004]
[[6, [8, 6, 6, 6, 4, 8, 2, 2, 4, 6, 4, 2, 4, 4, 6, 4, 8, 6, 8]], 0.37306019840000004]
[[6, [6, 6, 2, 4, 8, 6, 2, 4, 4, 6, 2, 2, 4, 4, 6, 4, 8, 6, 8]], 0.3401185280000001]
[[6, [4, 4, 8, 4, 4, 6, 2, 2, 4, 4, 4, 8, 4, 4, 6, 2, 8, 4, 4]], 0.31912325120000007]
[[0, [4, 2, 8, 4, 6, 2, 2, 4, 4, 6, 2, 2, 4, 4, 4, 4, 6, 6, 4]], 0.03707351040000001]
[[2, [4, 4, 8, 4, 4, 6, 2, 4, 4, 6, 4, 2, 6, 4, 6, 2, 2, 4, 4]], 0.13940224]
[[6, [4, 4, 8, 4, 4, 6, 2, 8, 4, 6, 4, 2, 4, 4, 6, 4, 2, 6, 4]], 0.3625818112]
[[4, [4, 4, 8, 4, 4, 6, 2, 4, 4, 4, 4, 6, 8, 4, 6, 4, 2, 4, 4]], 0.21916610560000005]
[[5, [6, 4, 6, 4, 4, 6, 8, 2, 4, 6, 4, 2, 4, 4, 4, 8, 2, 6, 8]], 0.26603253760000006]
[[2, [8, 4, 8, 4, 6, 2, 8, 4, 4, 6, 4, 8, 4, 4, 4, 4, 2, 4, 4]], 0.1453021184]
[[6, [4, 4, 2, 2, 6, 2, 2, 4, 4, 6, 4, 8, 4, 4, 4, 4, 2, 4, 8]], 0.29533696]
[[4, [4, 4, 4, 4, 4, 8, 2, 4, 4, 6, 4, 2, 4, 4, 4, 4, 8, 4, 4]], 0.21555671040000007]
[[3, [4, 4, 8, 4, 6, 6, 2, 4, 4, 6, 4, 2, 4, 4, 4, 8, 4, 4, 4]], 0.18416496640000005]
[[6, [4, 4, 8, 8, 6, 6, 2, 2, 6, 6, 4, 6, 4, 4, 4, 4, 6, 8, 4]], 0.36027494400000004]
[[6, [4, 4, 6, 4, 2, 6, 2, 4, 8, 6, 6, 8, 8, 4, 2, 4, 2, 4, 4]], 0.3643652096]
[[2, [6, 4, 2, 4, 4, 6, 2, 2, 4, 6, 4, 2, 2, 4, 6, 4, 2, 6, 8]], 0.12375060480000002]
[[6, [8, 8, 8, 4, 2, 6, 2, 4, 4, 6, 4, 2, 4, 6, 4, 4, 2, 4, 4]], 0.3738097664]
[[6, [4, 4, 8, 4, 4, 6, 2, 4, 4, 6, 4, 2, 4, 4, 4, 4, 8, 4, 4]], 0.3399456768]
[[4, [4, 6, 8, 4, 6, 8, 4, 2, 4, 4, 4, 2, 2, 4, 4, 4, 2, 8, 6]], 0.23065210880000003]
[[0, [2, 2, 6, 4, 6, 6, 2, 4, 4, 6, 4, 2, 4, 4, 4, 4, 2, 4, 4]], 0.029247692800000006]
[[6, [2, 4, 8, 4, 8, 6, 2, 4, 4, 6, 4, 2, 4, 4, 4, 4, 2, 4, 4]], 0.3373955072]
[[5, [4, 4, 8, 4, 4, 6, 2, 4, 2, 6, 4, 2, 4, 4, 6, 2, 2, 4, 4]], 0.263707648]
[[1, [6, 6, 8, 2, 8, 6, 2, 2, 4, 6, 4, 2, 6, 4, 6, 4, 4, 6, 2]], 0.1072297984]
[[3, [4, 2, 8, 4, 6, 6, 2, 4, 4, 6, 4, 2, 4, 4, 4, 4, 2, 2, 8]], 0.17633914880000004]
[[6, [6, 4, 8, 4, 4, 6, 2, 4, 6, 6, 4, 2, 8, 4, 2, 4, 2, 6, 4]], 0.3636082688000001]
[[6, [4, 4, 8, 4, 4, 4, 2, 4, 4, 6, 8, 2, 8, 8, 6, 4, 8, 8, 4]], 0.40343695360000004]
[[0, [6, 6, 4, 8, 4, 6, 8, 2, 4, 4, 6, 2, 4, 6, 6, 4, 2, 8, 6]], 0.0605509632]
[[6, [6, 4, 6, 4, 4, 6, 8, 2, 4, 6, 4, 8, 2, 2, 6, 8, 2, 6, 8]], 0.36007669759999994]
[[6, [6, 4, 8, 4, 6, 6, 2, 2, 4, 6, 4, 2, 2, 4, 4, 4, 6, 6, 4]], 0.3324213248000001]
[[6, [2, 6, 8, 4, 6, 6, 2, 4, 4, 2, 4, 2, 6, 4, 4, 4, 2, 4, 6]], 0.340622336]
[[7, [4, 4, 8, 4, 6, 6, 2, 4, 4, 6, 4, 2, 4, 8, 4, 4, 2, 8, 4]], 0.484015104]
[[6, [4, 4, 8, 4, 4, 6, 2, 4, 6, 6, 2, 2, 4, 4, 4, 4, 2, 4, 2]], 0.3343849472]
[[6, [4, 2, 8, 4, 4, 2, 2, 8, 4, 6, 4, 2, 6, 4, 6, 2, 8, 4, 8]], 0.3329505280000001]
[[6, [4, 4, 8, 4, 4, 6, 2, 8, 4, 6, 4, 6, 8, 4, 6, 4, 2, 4, 4]], 0.3847395328]
[[4, [2, 4, 4, 4, 4, 6, 2, 2, 4, 6, 4, 2, 8, 4, 8, 4, 2, 6, 4]], 0.19130101760000007]
[[6, [4, 2, 2, 4, 8, 6, 2, 4, 8, 2, 4, 2, 4, 4, 8, 6, 2, 4, 6]], 0.35818270720000006]
[[7, [6, 2, 4, 4, 4, 6, 2, 2, 4, 6, 8, 2, 2, 2, 6, 4, 2, 6, 8]], 0.46389391360000004]
[[6, [4, 6, 8, 2, 6, 4, 2, 8, 4, 6, 4, 2, 4, 2, 4, 6, 4, 8, 4]], 0.3590330368000001]
[[2, [8, 4, 8, 4, 4, 4, 2, 2, 8, 4, 4, 2, 8, 4, 6, 8, 2, 8, 8]], 0.14683893760000002]
[[7, [4, 4, 8, 4, 6, 6, 2, 4, 6, 6, 4, 6, 4, 8, 4, 4, 2, 4, 6]], 0.4745467904000001]
[[4, [4, 6, 8, 4, 4, 6, 2, 4, 4, 2, 4, 2, 4, 6, 6, 6, 4, 6, 4]], 0.22022860800000005]
[[1, [4, 2, 8, 4, 4, 6, 2, 4, 4, 6, 4, 2, 4, 4, 2, 4, 2, 4, 4]], 0.0915781632]
[[6, [2, 4, 8, 4, 4, 6, 2, 4, 4, 6, 4, 2, 4, 4, 6, 4, 2, 8, 4]], 0.3383261184000001]
[[6, [4, 4, 8, 8, 6, 4, 2, 8, 6, 6, 4, 2, 8, 6, 2, 4, 8, 4, 4]], 0.39777792000000006]
[[7, [6, 4, 6, 4, 4, 6, 2, 6, 4, 6, 8, 2, 4, 4, 6, 4, 8, 6, 8]], 0.5200959488000001]
[[6, [2, 4, 8, 4, 4, 2, 8, 4, 4, 8, 4, 2, 4, 2, 4, 8, 2, 4, 4]], 0.3478370304]
[[2, [2, 4, 8, 4, 6, 6, 2, 4, 4, 8, 6, 4, 4, 8, 4, 4, 2, 4, 4]], 0.13592965120000003]
[[6, [4, 4, 8, 4, 6, 6, 2, 4, 4, 6, 4, 2, 4, 6, 4, 4, 8, 6, 4]], 0.3546437632000001]
[[4, [4, 4, 8, 4, 2, 6, 2, 4, 4, 6, 4, 2, 4, 4, 6, 4, 2, 4, 2]], 0.2186401792]
[[6, [2, 8, 8, 6, 6, 6, 2, 4, 6, 6, 4, 8, 4, 4, 4, 4, 2, 8, 4]], 0.36693667840000005]
[[6, [6, 4, 6, 4, 4, 6, 2, 2, 2, 8, 4, 2, 4, 4, 4, 6, 2, 8, 8]], 0.3445315584]
[[7, [6, 4, 2, 4, 4, 8, 2, 2, 4, 8, 6, 2, 4, 4, 8, 6, 2, 8, 8]], 0.5356886016]
[[6, [4, 4, 6, 4, 6, 6, 2, 4, 4, 6, 4, 8, 4, 4, 4, 4, 6, 2, 6]], 0.3375314944000001]
[[2, [6, 4, 6, 4, 4, 6, 2, 2, 2, 8, 8, 2, 4, 4, 2, 6, 2, 4, 8]], 0.13940224000000004]
[[6, [2, 8, 6, 8, 2, 6, 2, 2, 2, 8, 4, 2, 4, 4, 4, 6, 6, 8, 8]], 0.3581171712]
[[2, [6, 4, 6, 4, 4, 6, 2, 8, 2, 8, 2, 2, 4, 8, 4, 6, 2, 4, 8]], 0.13940224000000004]
[[6, [8, 4, 8, 4, 6, 4, 2, 2, 4, 6, 4, 6, 8, 8, 6, 4, 2, 6, 8]], 0.39257436160000003]
[[2, [6, 4, 6, 4, 4, 6, 2, 2, 2, 8, 4, 2, 4, 4, 4, 6, 6, 8, 8]], 0.13940224000000004]
[[6, [6, 4, 6, 4, 6, 6, 2, 2, 2, 8, 8, 8, 4, 6, 4, 6, 2, 8, 8]], 0.3821213695999999]
[[1, [4, 4, 8, 4, 6, 2, 2, 8, 2, 8, 4, 2, 4, 4, 4, 4, 2, 6, 8]], 0.0994039808]
[[2, [4, 2, 4, 8, 6, 6, 2, 4, 4, 6, 4, 2, 4, 4, 4, 4, 2, 4, 4]], 0.13592965120000003]
[[6, [4, 4, 4, 4, 4, 6, 2, 2, 2, 8, 4, 2, 4, 4, 4, 8, 2, 4, 8]], 0.3480311808]
[[6, [4, 6, 8, 4, 6, 6, 2, 8, 4, 6, 4, 8, 4, 4, 4, 4, 2, 4, 4]], 0.3673257984]
[[6, [6, 4, 6, 4, 8, 6, 2, 2, 2, 8, 8, 2, 4, 4, 4, 6, 2, 8, 2]], 0.37392773119999995]
[[5, [4, 4, 4, 4, 4, 6, 8, 2, 2, 8, 4, 2, 2, 8, 4, 8, 8, 6, 8]], 0.2578061312]
[[6, [4, 4, 8, 8, 6, 6, 2, 4, 4, 6, 4, 8, 4, 4, 4, 4, 4, 4, 4]], 0.3598653440000001]
[[6, [6, 2, 6, 4, 4, 6, 2, 2, 2, 8, 8, 2, 4, 4, 4, 6, 8, 8, 8]], 0.36082626560000003]
[[6, [6, 4, 6, 4, 4, 6, 2, 2, 4, 8, 4, 6, 4, 2, 4, 6, 2, 8, 8]], 0.3438696448000001]
[[3, [4, 4, 4, 2, 4, 6, 8, 2, 2, 8, 4, 2, 4, 4, 4, 8, 2, 4, 8]], 0.14222929920000002]
[[6, [4, 4, 4, 6, 4, 6, 2, 2, 2, 8, 4, 2, 6, 2, 8, 8, 2, 4, 8]], 0.375131136]
[[6, [4, 8, 4, 4, 4, 6, 2, 2, 4, 8, 4, 2, 4, 4, 4, 6, 2, 4, 8]], 0.352746496]
[[6, [4, 4, 4, 2, 4, 4, 2, 2, 2, 6, 6, 2, 6, 4, 6, 8, 2, 4, 8]], 0.3570219008]
[[6, [4, 4, 8, 2, 6, 8, 2, 6, 4, 2, 4, 2, 2, 4, 4, 2, 2, 4, 4]], 0.30938542080000003]
[[2, [4, 4, 2, 6, 6, 6, 2, 4, 4, 2, 4, 2, 4, 4, 6, 4, 2, 4, 4]], 0.12810383360000002]
[[6, [6, 4, 6, 4, 6, 6, 2, 6, 4, 8, 4, 2, 4, 4, 4, 6, 2, 2, 8]], 0.3735296]
[[6, [2, 8, 6, 4, 4, 6, 4, 2, 2, 8, 4, 6, 4, 4, 8, 6, 4, 8, 8]], 0.36719226880000005]
[[1, [4, 4, 4, 4, 4, 6, 2, 2, 2, 8, 4, 2, 4, 4, 4, 8, 2, 4, 8]], 0.0837523456]
[[7, [6, 4, 4, 4, 4, 8, 2, 2, 4, 8, 4, 2, 4, 4, 4, 8, 2, 4, 8]], 0.4947441664]
[[2, [6, 6, 6, 4, 4, 6, 2, 2, 2, 8, 4, 2, 2, 4, 4, 6, 2, 8, 4]], 0.14722805760000002]
[[7, [6, 4, 8, 4, 4, 6, 2, 8, 4, 8, 4, 2, 4, 4, 4, 4, 4, 8, 6]], 0.5088180224000001]
[[7, [4, 8, 4, 4, 4, 6, 2, 6, 2, 8, 4, 2, 4, 4, 4, 2, 2, 4, 8]], 0.4451162112]
[[6, [4, 8, 6, 4, 4, 6, 8, 2, 2, 8, 4, 6, 8, 4, 4, 4, 2, 4, 4]], 0.35768872960000003]
[[5, [4, 2, 4, 4, 4, 8, 2, 2, 4, 8, 4, 2, 4, 4, 4, 8, 2, 4, 8]], 0.25374044160000003]
[[6, [4, 4, 4, 4, 4, 4, 4, 8, 2, 8, 2, 2, 4, 4, 2, 6, 2, 4, 8]], 0.32610283519999994]
[[1, [4, 8, 4, 4, 4, 8, 8, 4, 4, 8, 4, 2, 4, 4, 4, 4, 2, 8, 8]], 0.0994039808]
[[6, [6, 6, 6, 4, 4, 6, 2, 2, 6, 8, 4, 2, 4, 4, 4, 6, 2, 8, 8]], 0.36878725120000005]
[[6, [4, 4, 8, 4, 4, 6, 6, 4, 8, 8, 4, 2, 2, 4, 6, 4, 2, 8, 4]], 0.35908218880000004]
[[2, [4, 4, 4, 4, 4, 6, 2, 2, 2, 8, 4, 4, 4, 4, 4, 6, 2, 4, 8]], 0.12375060480000001]
[[6, [6, 4, 8, 4, 8, 4, 8, 2, 4, 6, 4, 8, 8, 4, 2, 8, 8, 4, 4]], 0.39393013760000006]
[[6, [4, 2, 2, 4, 4, 6, 2, 2, 2, 8, 4, 2, 4, 4, 4, 2, 2, 4, 4]], 0.2749257728000001]
[[1, [4, 8, 4, 4, 8, 6, 2, 2, 2, 8, 4, 2, 4, 4, 2, 8, 2, 4, 8]], 0.0994039808]
[[2, [4, 8, 8, 4, 4, 6, 2, 2, 8, 6, 4, 8, 6, 4, 4, 8, 2, 4, 6]], 0.15505387520000002]
[[6, [4, 4, 2, 4, 4, 8, 2, 2, 2, 8, 8, 2, 4, 4, 4, 8, 2, 6, 8]], 0.369110016]
[[6, [4, 4, 8, 4, 8, 6, 2, 4, 4, 6, 8, 2, 4, 4, 4, 4, 2, 4, 4]], 0.36591104]
[[6, [4, 4, 6, 4, 6, 6, 8, 4, 4, 6, 4, 2, 4, 4, 4, 4, 2, 4, 8]], 0.335367168]
[[5, [6, 4, 6, 4, 2, 6, 2, 4, 6, 6, 4, 2, 4, 4, 4, 6, 2, 6, 8]], 0.2757842944]
[[6, [6, 4, 6, 2, 6, 6, 4, 2, 2, 8, 4, 2, 8, 4, 2, 6, 2, 8, 8]], 0.35288657920000005]
[[6, [4, 4, 2, 2, 4, 6, 8, 2, 4, 8, 4, 2, 4, 4, 4, 8, 2, 4, 8]], 0.34291937280000007]
[[4, [6, 4, 6, 4, 4, 6, 2, 2, 4, 8, 8, 2, 4, 4, 8, 6, 8, 8, 8]], 0.24076349440000003]
[[0, [4, 4, 4, 2, 4, 6, 2, 2, 6, 4, 4, 4, 8, 6, 2, 8, 2, 4, 6]], 0.044899328]
[[3, [4, 4, 2, 4, 4, 6, 6, 8, 2, 2, 4, 2, 4, 4, 4, 2, 4, 4, 8]], 0.1660991488]
[[6, [6, 4, 4, 6, 4, 6, 8, 2, 8, 8, 4, 2, 4, 4, 4, 8, 2, 2, 8]], 0.3906525184]
[[6, [4, 4, 6, 4, 4, 4, 4, 2, 2, 8, 4, 2, 4, 4, 4, 8, 2, 4, 8]], 0.348417024]
[[6, [6, 4, 6, 4, 4, 6, 2, 8, 2, 8, 8, 2, 2, 4, 2, 6, 2, 6, 2]], 0.36988416]
[[1, [4, 6, 4, 8, 4, 4, 8, 2, 2, 8, 4, 6, 4, 4, 8, 8, 2, 4, 4]], 0.1072297984]
[[7, [2, 4, 6, 4, 4, 6, 4, 2, 4, 8, 4, 2, 6, 4, 4, 4, 8, 6, 8]], 0.4741027840000001]
[[5, [4, 2, 4, 4, 4, 8, 2, 2, 2, 8, 4, 2, 4, 4, 2, 8, 2, 4, 6]], 0.24552550400000003]
[[5, [6, 2, 4, 2, 4, 6, 2, 2, 2, 6, 4, 8, 4, 8, 8, 8, 2, 4, 8]], 0.25490698240000004]
[[6, [4, 4, 4, 4, 4, 6, 2, 8, 2, 8, 2, 2, 4, 4, 8, 8, 2, 6, 8]], 0.3816052736]
[[6, [2, 4, 8, 2, 6, 6, 2, 4, 4, 6, 4, 8, 4, 4, 2, 4, 8, 4, 4]], 0.3212122112000001]
[[6, [4, 4, 4, 4, 4, 6, 6, 8, 6, 4, 8, 2, 4, 4, 4, 2, 2, 6, 8]], 0.34330111999999996]
[[6, [4, 4, 4, 4, 4, 6, 2, 2, 8, 8, 4, 2, 4, 4, 4, 8, 2, 6, 8]], 0.3726759936]
[[7, [4, 2, 4, 4, 4, 4, 2, 2, 2, 8, 4, 2, 4, 2, 4, 8, 2, 4, 8]], 0.4441028608]
[[1, [4, 4, 4, 4, 4, 8, 2, 2, 6, 4, 8, 2, 8, 4, 4, 8, 8, 2, 8]], 0.0837523456]
[[6, [4, 4, 8, 4, 4, 6, 2, 2, 2, 8, 6, 2, 4, 4, 4, 8, 2, 4, 8]], 0.37402767359999994]
[[0, [4, 4, 4, 4, 4, 6, 2, 2, 2, 8, 4, 6, 6, 4, 4, 8, 2, 2, 8]], 0.044899328]
[[6, [2, 4, 4, 8, 4, 6, 2, 2, 8, 8, 8, 2, 4, 4, 8, 8, 8, 4, 6]], 0.42389647360000005]
[[6, [2, 4, 4, 6, 8, 2, 2, 4, 2, 2, 6, 2, 4, 2, 4, 8, 2, 4, 8]], 0.3326367744]
[[6, [6, 4, 8, 4, 6, 4, 4, 4, 4, 6, 4, 8, 4, 4, 4, 2, 4, 4, 4]], 0.32544829440000006]
[[1, [4, 6, 4, 4, 4, 2, 2, 8, 2, 8, 4, 6, 4, 8, 4, 6, 2, 2, 8]], 0.0915781632]
[[6, [6, 4, 6, 4, 4, 4, 2, 6, 2, 8, 4, 2, 4, 6, 2, 6, 2, 8, 8]], 0.3534542848000001]
[[4, [8, 8, 2, 4, 2, 6, 2, 2, 4, 6, 6, 2, 4, 2, 6, 4, 4, 8, 2]], 0.22859591680000002]
[[6, [4, 4, 4, 4, 6, 8, 8, 2, 2, 8, 4, 2, 4, 4, 4, 8, 2, 4, 6]], 0.3629242368]
[[4, [4, 2, 8, 2, 6, 4, 8, 2, 2, 8, 4, 4, 4, 8, 6, 8, 4, 4, 8]], 0.19540439040000002]
[[0, [6, 4, 6, 4, 4, 6, 2, 4, 2, 8, 4, 2, 4, 8, 4, 6, 4, 8, 6]], 0.05272514560000001]
[[6, [4, 4, 2, 6, 8, 6, 2, 2, 8, 6, 4, 2, 4, 2, 4, 8, 2, 4, 8]], 0.36574228480000004]
[[6, [2, 4, 6, 8, 4, 6, 2, 6, 2, 8, 6, 2, 4, 4, 4, 6, 2, 8, 8]], 0.3713062912]
[[6, [6, 4, 6, 4, 4, 6, 4, 8, 2, 8, 2, 2, 4, 4, 4, 6, 2, 8, 8]], 0.35960647679999996]
[[6, [2, 8, 6, 2, 4, 6, 2, 2, 2, 8, 4, 2, 4, 4, 2, 2, 2, 8, 8]], 0.2887661568]
[[3, [4, 4, 6, 4, 4, 8, 2, 2, 2, 8, 4, 2, 4, 4, 4, 8, 2, 8, 8]], 0.16377098240000001]
[[6, [4, 4, 4, 8, 4, 6, 2, 2, 2, 2, 4, 2, 4, 2, 8, 4, 8, 4, 6]], 0.321854464]
[[1, [8, 4, 4, 4, 2, 6, 2, 2, 2, 4, 4, 2, 4, 2, 6, 6, 2, 8, 8]], 0.0994039808]
[[2, [4, 4, 4, 2, 4, 8, 2, 2, 2, 8, 4, 2, 4, 4, 4, 2, 2, 4, 8]], 0.12413972480000002]
[[1, [4, 4, 8, 4, 6, 6, 2, 4, 8, 4, 6, 2, 2, 4, 4, 4, 2, 4, 4]], 0.0994039808]
[[3, [4, 4, 8, 4, 2, 6, 2, 2, 2, 8, 4, 2, 4, 4, 4, 8, 2, 4, 8]], 0.15902863359999997]
[[7, [4, 2, 2, 4, 4, 6, 8, 8, 2, 6, 8, 8, 4, 4, 8, 8, 2, 4, 8]], 0.5186770944]
[[6, [8, 4, 4, 4, 4, 8, 8, 8, 2, 8, 6, 2, 4, 4, 6, 2, 2, 4, 2]], 0.36139560959999995]
[[6, [6, 4, 8, 2, 4, 6, 2, 2, 8, 8, 4, 6, 4, 4, 4, 6, 6, 8, 8]], 0.37293158400000004]
[[4, [4, 4, 4, 4, 4, 6, 2, 2, 2, 4, 4, 2, 4, 8, 4, 8, 2, 6, 8]], 0.1856165888]
[[2, [8, 4, 6, 4, 6, 8, 2, 4, 4, 6, 4, 2, 4, 4, 4, 6, 2, 4, 4]], 0.15979622400000004]
[[0, [8, 4, 4, 4, 4, 6, 6, 2, 2, 8, 4, 2, 4, 4, 4, 8, 2, 4, 4]], 0.0605509632]
[[4, [6, 4, 8, 8, 4, 6, 2, 4, 4, 6, 4, 2, 4, 2, 8, 6, 2, 4, 4]], 0.24647086080000005]
[[7, [2, 4, 6, 4, 8, 6, 2, 2, 4, 6, 4, 2, 4, 6, 6, 4, 2, 2, 8]], 0.4446427136]
[[6, [4, 4, 4, 4, 4, 6, 2, 2, 2, 8, 4, 2, 4, 4, 4, 2, 4, 4, 4]], 0.29172101120000005]
[[0, [6, 2, 6, 4, 4, 6, 2, 2, 2, 6, 4, 2, 4, 4, 4, 6, 2, 8, 4]], 0.04489932800000001]
[[6, [4, 4, 6, 4, 4, 6, 2, 2, 2, 8, 4, 2, 4, 4, 4, 6, 2, 4, 4]], 0.3367057408000001]
[[2, [4, 6, 8, 4, 6, 6, 2, 4, 4, 6, 8, 8, 2, 4, 6, 6, 2, 4, 4]], 0.15158128640000001]
[[6, [4, 4, 6, 2, 8, 6, 2, 2, 2, 8, 4, 2, 4, 4, 4, 6, 2, 8, 4]], 0.3375863808000001]
[[6, [6, 4, 4, 4, 6, 8, 2, 4, 2, 8, 6, 2, 4, 4, 8, 2, 2, 4, 6]], 0.34880532480000004]
[[3, [4, 4, 6, 2, 4, 6, 2, 2, 2, 8, 2, 2, 4, 4, 4, 8, 4, 2, 8]], 0.1477302272]
[[6, [4, 4, 6, 4, 4, 6, 2, 2, 2, 8, 4, 2, 4, 4, 4, 2, 2, 4, 4]], 0.29840322560000004]
[[0, [4, 2, 6, 4, 2, 6, 2, 2, 2, 2, 2, 2, 4, 6, 4, 4, 2, 2, 2]], 0.03707351040000001]
[[6, [4, 4, 4, 8, 8, 6, 2, 2, 2, 8, 4, 4, 4, 4, 8, 8, 2, 2, 8]], 0.3923974144]
[[6, [4, 4, 4, 8, 6, 6, 2, 2, 4, 4, 4, 2, 4, 2, 4, 8, 2, 4, 6]], 0.3553155072]
[[2, [4, 4, 2, 4, 6, 6, 2, 4, 4, 6, 4, 2, 4, 4, 4, 4, 2, 4, 8]], 0.12027801600000002]
[[6, [4, 4, 4, 6, 4, 6, 2, 2, 2, 8, 8, 2, 4, 4, 4, 6, 2, 4, 8]], 0.357395456]
[[7, [6, 4, 6, 4, 4, 6, 2, 2, 6, 4, 6, 2, 2, 4, 8, 6, 2, 8, 4]], 0.49210224640000005]
[[6, [6, 6, 8, 4, 4, 8, 2, 4, 4, 6, 4, 2, 2, 4, 4, 2, 4, 4, 6]], 0.332028928]
[[6, [4, 4, 6, 8, 4, 6, 2, 2, 2, 8, 4, 2, 4, 4, 6, 4, 2, 4, 8]], 0.3428431872]
[[6, [6, 8, 6, 4, 4, 6, 2, 2, 2, 8, 4, 2, 6, 2, 4, 6, 2, 8, 8]], 0.3601831936]
[[6, [8, 4, 8, 4, 2, 6, 2, 2, 4, 8, 4, 2, 2, 4, 8, 4, 2, 4, 4]], 0.3538229248]
[[6, [4, 4, 4, 4, 4, 6, 2, 2, 2, 8, 4, 6, 8, 4, 4, 8, 2, 4, 8]], 0.37018890239999996]
[[2, [4, 4, 4, 4, 4, 6, 2, 6, 2, 8, 4, 2, 4, 4, 6, 8, 2, 4, 8]], 0.12375060480000001]
[[6, [4, 6, 6, 4, 4, 6, 2, 2, 2, 8, 4, 2, 4, 4, 4, 8, 2, 4, 8]], 0.363682816]
[[7, [4, 4, 6, 4, 2, 6, 2, 6, 2, 2, 4, 2, 4, 4, 4, 2, 2, 4, 6]], 0.39789998079999994]
[[4, [6, 4, 4, 4, 8, 6, 2, 2, 8, 8, 8, 6, 6, 4, 2, 8, 2, 8, 8]], 0.259542016]
[[2, [6, 8, 2, 2, 4, 6, 2, 2, 2, 8, 8, 2, 6, 4, 8, 6, 2, 8, 8]], 0.13157642240000003]
[[2, [6, 8, 6, 4, 4, 2, 2, 2, 2, 8, 2, 2, 4, 4, 8, 6, 2, 8, 8]], 0.13862400000000002]
[[0, [6, 4, 4, 2, 4, 6, 2, 2, 2, 8, 4, 2, 4, 4, 4, 8, 2, 8, 8]], 0.05272514560000001]
[[7, [2, 2, 4, 4, 8, 6, 2, 2, 2, 6, 4, 2, 4, 4, 4, 8, 2, 6, 8]], 0.47739924480000007]
[[4, [6, 4, 6, 4, 4, 6, 2, 2, 2, 8, 8, 2, 4, 8, 4, 6, 2, 4, 4]], 0.2325485568]
[[6, [6, 4, 6, 4, 4, 4, 2, 2, 2, 8, 4, 2, 4, 4, 4, 6, 8, 8, 4]], 0.3397474304000001]
[[6, [6, 4, 6, 4, 4, 6, 2, 2, 6, 6, 4, 2, 2, 4, 4, 6, 2, 8, 8]], 0.34532126720000006]
[[3, [4, 6, 4, 8, 4, 6, 2, 2, 4, 8, 4, 2, 4, 6, 4, 8, 4, 4, 8]], 0.17942261760000003]
[[1, [4, 4, 4, 4, 4, 2, 4, 2, 2, 8, 4, 2, 4, 4, 4, 8, 2, 4, 8]], 0.0837523456]
[[6, [8, 2, 4, 4, 4, 6, 2, 2, 2, 6, 4, 2, 4, 4, 4, 8, 8, 8, 4]], 0.35399249920000003]
[[4, [6, 4, 6, 4, 4, 6, 2, 2, 2, 8, 4, 2, 4, 4, 4, 4, 6, 8, 8]], 0.21185884160000001]
[[3, [6, 4, 6, 4, 8, 6, 2, 6, 6, 4, 2, 2, 4, 2, 2, 6, 2, 2, 8]], 0.20494807040000004]
[[5, [4, 4, 4, 4, 4, 6, 2, 4, 4, 6, 4, 4, 4, 4, 4, 8, 8, 2, 8]], 0.25700495360000003]
[[5, [8, 4, 4, 2, 4, 6, 8, 2, 4, 8, 4, 6, 4, 4, 4, 8, 2, 4, 8]], 0.26497003520000006]
[[1, [6, 6, 4, 4, 4, 6, 2, 2, 2, 8, 4, 8, 4, 4, 4, 6, 2, 8, 8]], 0.0994039808]
[[6, [4, 4, 4, 4, 4, 6, 2, 2, 2, 4, 4, 8, 6, 2, 4, 8, 2, 8, 8]], 0.33964257279999993]
[[7, [4, 4, 4, 2, 6, 6, 2, 6, 2, 8, 6, 2, 4, 4, 4, 8, 2, 4, 2]], 0.43633684479999996]
[[5, [8, 4, 4, 4, 4, 4, 2, 2, 2, 4, 4, 2, 4, 4, 4, 2, 2, 8, 8]], 0.24198246400000004]
[[1, [2, 4, 8, 4, 4, 8, 8, 2, 8, 8, 4, 2, 4, 4, 4, 8, 2, 4, 6]], 0.0915781632]
[[6, [4, 4, 8, 8, 4, 8, 2, 2, 2, 8, 2, 2, 4, 4, 4, 8, 8, 2, 2]], 0.38063534079999994]
[[7, [4, 4, 4, 4, 4, 8, 2, 6, 2, 8, 4, 2, 4, 6, 4, 8, 2, 6, 8]], 0.5246294016]
[[1, [4, 4, 6, 4, 4, 6, 8, 2, 2, 8, 6, 2, 2, 4, 4, 6, 2, 4, 4]], 0.0915781632]
[[6, [4, 4, 4, 4, 4, 6, 2, 2, 2, 2, 4, 2, 4, 8, 4, 8, 2, 4, 8]], 0.35283496959999994]
[[6, [4, 4, 6, 4, 4, 6, 2, 2, 2, 8, 4, 6, 4, 4, 2, 4, 6, 6, 8]], 0.31167262720000005]
[[6, [4, 4, 6, 4, 4, 2, 6, 2, 2, 8, 4, 2, 6, 4, 6, 8, 2, 2, 4]], 0.360958976]
[[3, [8, 4, 6, 4, 2, 6, 2, 2, 6, 8, 4, 4, 4, 4, 4, 6, 4, 8, 8]], 0.1832843264]
[[6, [8, 4, 4, 4, 4, 6, 2, 4, 8, 8, 8, 6, 4, 4, 4, 8, 2, 4, 8]], 0.418700288]
[[7, [4, 4, 6, 4, 4, 6, 2, 2, 2, 8, 4, 6, 4, 4, 4, 4, 2, 6, 4]], 0.4223285248]
[[6, [4, 4, 4, 4, 8, 6, 2, 4, 2, 2, 4, 8, 4, 2, 4, 6, 6, 4, 4]], 0.3240597504]
[[1, [4, 4, 4, 4, 4, 6, 2, 2, 8, 8, 4, 2, 4, 4, 4, 8, 6, 4, 8]], 0.0837523456]
[[6, [6, 6, 6, 4, 6, 6, 2, 2, 2, 8, 4, 2, 4, 4, 4, 6, 2, 8, 8]], 0.35671060479999994]
[[6, [8, 4, 6, 2, 4, 6, 2, 2, 2, 4, 2, 2, 4, 4, 4, 6, 2, 8, 8]], 0.32359608320000005]
[[6, [6, 4, 2, 4, 4, 6, 2, 2, 2, 8, 4, 6, 4, 4, 4, 8, 2, 8, 8]], 0.34949918720000006]
[[6, [6, 4, 8, 4, 2, 6, 2, 4, 8, 6, 2, 2, 4, 2, 4, 4, 2, 4, 8]], 0.335727616]
[[6, [6, 4, 6, 4, 4, 6, 2, 2, 2, 8, 8, 6, 4, 4, 4, 6, 8, 8, 8]], 0.37012008960000004]
[[6, [4, 4, 8, 4, 6, 6, 2, 4, 4, 6, 8, 2, 4, 4, 4, 6, 2, 4, 2]], 0.38070906879999994]
[[5, [8, 4, 8, 4, 4, 6, 2, 6, 2, 6, 4, 2, 4, 4, 4, 8, 2, 4, 8]], 0.2875742208]
[[6, [4, 4, 8, 4, 6, 4, 2, 8, 8, 6, 4, 2, 4, 4, 4, 6, 2, 6, 4]], 0.38466416639999995]
[[2, [4, 4, 8, 2, 6, 6, 2, 4, 8, 6, 4, 2, 4, 4, 4, 4, 2, 8, 8]], 0.13592965120000003]
[[5, [4, 4, 8, 4, 6, 6, 2, 2, 4, 4, 4, 2, 4, 8, 4, 4, 2, 4, 4]], 0.2834552832000001]
[[2, [6, 4, 6, 4, 4, 2, 6, 2, 2, 4, 4, 2, 2, 4, 4, 2, 2, 8, 8]], 0.12452229120000002]
[[6, [4, 4, 4, 2, 4, 2, 4, 2, 4, 8, 4, 2, 4, 4, 8, 8, 2, 4, 8]], 0.35203952639999997]
[[6, [4, 4, 4, 8, 4, 6, 2, 6, 2, 8, 4, 2, 4, 4, 4, 8, 2, 4, 6]], 0.38011269119999996]
[[6, [4, 4, 6, 4, 4, 6, 2, 2, 8, 8, 4, 2, 4, 4, 4, 6, 2, 2, 8]], 0.3613505536]
[[6, [6, 8, 6, 4, 4, 6, 4, 4, 2, 8, 4, 2, 8, 6, 4, 6, 2, 8, 8]], 0.40020766719999995]
[[6, [6, 4, 4, 6, 6, 6, 2, 2, 8, 8, 4, 8, 4, 4, 4, 6, 2, 8, 8]], 0.3757316096]
[[6, [2, 4, 4, 4, 4, 4, 2, 2, 2, 8, 4, 8, 8, 4, 2, 8, 2, 4, 8]], 0.3452450816]
[[3, [6, 4, 4, 4, 4, 8, 2, 2, 2, 8, 4, 2, 4, 8, 4, 8, 2, 4, 8]], 0.16377098240000001]
[[0, [4, 4, 4, 4, 4, 6, 6, 2, 2, 2, 8, 8, 4, 4, 4, 8, 8, 4, 8]], 0.044899328]
[[0, [6, 8, 2, 4, 4, 6, 2, 2, 6, 8, 6, 6, 6, 4, 8, 8, 2, 8, 8]], 0.06837678080000001]
[[5, [6, 4, 6, 4, 4, 6, 2, 6, 2, 8, 4, 4, 4, 4, 2, 6, 2, 8, 8]], 0.2779518976]
[[1, [4, 4, 8, 6, 4, 6, 2, 4, 2, 6, 4, 2, 4, 4, 6, 4, 2, 4, 4]], 0.1072297984]
[[1, [4, 4, 4, 4, 4, 6, 2, 2, 2, 6, 4, 2, 4, 4, 4, 8, 2, 4, 4]], 0.0837523456]
[[6, [4, 4, 8, 4, 6, 6, 2, 4, 4, 6, 4, 2, 4, 4, 4, 4, 6, 6, 4]], 0.34315530240000003]
[[4, [4, 4, 8, 6, 4, 6, 2, 4, 4, 2, 4, 2, 4, 4, 4, 4, 8, 2, 4]], 0.22022860800000005]
[[6, [8, 6, 6, 4, 4, 6, 2, 2, 2, 8, 4, 2, 4, 8, 4, 6, 6, 8, 8]], 0.3831601152]
[[4, [2, 6, 6, 4, 8, 6, 2, 2, 6, 8, 4, 2, 4, 6, 4, 6, 2, 4, 4]], 0.2291693568]
[[6, [6, 4, 6, 2, 4, 4, 6, 2, 2, 8, 2, 2, 4, 4, 4, 8, 2, 4, 2]], 0.3388471296]
[[6, [4, 4, 4, 4, 4, 2, 2, 8, 2, 6, 4, 8, 4, 4, 4, 8, 2, 4, 8]], 0.35315281919999997]
[[6, [6, 4, 6, 4, 4, 6, 2, 2, 8, 2, 8, 2, 4, 4, 4, 6, 2, 8, 8]], 0.37398016]
[[1, [4, 4, 4, 4, 4, 6, 2, 2, 8, 8, 4, 2, 4, 4, 6, 4, 2, 2, 6]], 0.0837523456]
[[6, [4, 8, 8, 4, 6, 6, 2, 4, 4, 6, 4, 4, 4, 4, 4, 4, 2, 4, 4]], 0.35725373439999997]
[[6, [4, 4, 8, 4, 6, 6, 2, 8, 4, 6, 4, 6, 6, 6, 8, 6, 8, 4, 4]], 0.42131189760000004]
[[6, [6, 4, 6, 4, 4, 6, 2, 4, 2, 8, 4, 2, 4, 4, 4, 4, 4, 4, 8]], 0.33473884160000006]
[[6, [4, 4, 6, 2, 4, 6, 2, 4, 2, 8, 4, 2, 4, 4, 4, 6, 8, 4, 4]], 0.3405256704000001]
[[6, [6, 8, 6, 4, 6, 6, 2, 4, 2, 8, 4, 2, 4, 6, 4, 6, 2, 4, 8]], 0.3830962176]
[[7, [4, 4, 4, 4, 4, 6, 2, 2, 8, 8, 4, 2, 4, 4, 4, 8, 2, 4, 8]], 0.4951332864]
[[1, [6, 4, 2, 4, 4, 6, 2, 2, 2, 8, 4, 2, 4, 4, 4, 6, 2, 8, 8]], 0.08375234560000001]
[[7, [4, 4, 4, 4, 4, 6, 2, 4, 8, 4, 4, 2, 4, 2, 4, 4, 2, 4, 8]], 0.4441102336]
[[6, [4, 2, 4, 2, 4, 6, 8, 2, 2, 2, 4, 2, 4, 4, 6, 8, 2, 4, 8]], 0.32845557760000005]
[[3, [8, 4, 6, 4, 4, 6, 2, 2, 6, 8, 4, 2, 4, 2, 4, 6, 2, 4, 4]], 0.18763755520000003]
[[1, [4, 4, 4, 4, 4, 4, 2, 8, 2, 8, 6, 2, 4, 4, 4, 8, 2, 4, 8]], 0.0837523456]
[[6, [6, 4, 6, 4, 4, 6, 2, 2, 2, 6, 4, 2, 4, 4, 4, 8, 2, 8, 8]], 0.35838750720000007]
[[6, [6, 4, 4, 4, 4, 6, 6, 2, 6, 6, 4, 2, 4, 4, 6, 4, 2, 6, 8]], 0.33987604480000005]
[[4, [4, 4, 4, 4, 4, 6, 2, 2, 2, 8, 4, 8, 4, 6, 4, 8, 8, 4, 8]], 0.198409216]
[[6, [4, 4, 4, 8, 2, 6, 2, 2, 2, 8, 4, 4, 6, 4, 4, 8, 2, 6, 4]], 0.37040844799999995]
[[6, [4, 4, 4, 4, 4, 6, 2, 2, 2, 8, 4, 2, 4, 4, 6, 8, 2, 4, 8]], 0.35766824960000004]
[[7, [6, 4, 6, 4, 4, 6, 2, 2, 2, 8, 4, 2, 4, 4, 4, 6, 2, 8, 8]], 0.5052913663999999]
[[5, [4, 4, 4, 6, 4, 2, 8, 2, 2, 8, 4, 2, 6, 4, 4, 8, 2, 4, 8]], 0.24920207360000005]
[[6, [4, 2, 4, 4, 4, 6, 2, 2, 2, 8, 4, 2, 4, 4, 4, 8, 2, 4, 8]], 0.34020536320000005]
[[2, [6, 2, 4, 4, 2, 6, 2, 2, 4, 8, 4, 6, 4, 4, 4, 6, 2, 4, 8]], 0.11939737600000001]
[[1, [4, 4, 4, 4, 4, 6, 2, 2, 2, 8, 4, 2, 4, 4, 4, 2, 2, 4, 8]], 0.0837523456]
[[6, [6, 4, 6, 6, 4, 6, 2, 2, 2, 6, 4, 2, 4, 4, 4, 6, 2, 8, 8]], 0.34706206720000005]
[[6, [2, 4, 8, 6, 8, 6, 2, 8, 2, 8, 6, 2, 4, 4, 4, 6, 2, 8, 8]], 0.3882276864]
[[6, [6, 4, 2, 6, 4, 6, 2, 2, 2, 6, 4, 2, 4, 4, 4, 6, 2, 8, 8]], 0.331410432]
[[0, [4, 4, 2, 4, 4, 6, 2, 2, 2, 8, 4, 8, 4, 4, 4, 6, 2, 4, 8]], 0.044899328]
[[6, [2, 4, 2, 4, 4, 6, 2, 2, 2, 6, 4, 2, 4, 4, 4, 6, 4, 8, 8]], 0.3090765824000001]
[[6, [6, 4, 6, 6, 6, 2, 4, 2, 2, 6, 6, 2, 4, 6, 8, 6, 2, 8, 8]], 0.37572423679999994]
[[6, [6, 4, 6, 6, 4, 6, 2, 6, 2, 6, 4, 2, 4, 2, 6, 6, 2, 8, 8]], 0.36278415360000005]
[[6, [4, 4, 4, 4, 2, 6, 2, 2, 2, 8, 4, 2, 4, 4, 4, 8, 2, 4, 8]], 0.343677952]
[[6, [6, 4, 6, 6, 4, 6, 6, 6, 2, 6, 4, 2, 2, 4, 4, 6, 2, 8, 2]], 0.3546970111999999]
[[0, [2, 4, 6, 4, 8, 6, 2, 2, 2, 8, 4, 2, 4, 6, 4, 6, 2, 8, 8]], 0.03707351040000001]
[[6, [6, 4, 4, 6, 4, 6, 2, 2, 6, 6, 4, 2, 8, 4, 4, 6, 2, 8, 8]], 0.37635584]
[[2, [8, 4, 6, 6, 8, 6, 2, 2, 6, 2, 4, 4, 4, 4, 8, 6, 2, 4, 8]], 0.16376033280000002]
[[6, [2, 4, 8, 4, 6, 6, 2, 4, 2, 6, 4, 2, 4, 4, 4, 6, 2, 8, 8]], 0.3439785984000001]
[[6, [6, 4, 6, 6, 4, 2, 4, 2, 2, 6, 4, 4, 4, 2, 8, 6, 2, 8, 8]], 0.34107043839999995]
[[6, [2, 4, 2, 6, 4, 6, 2, 2, 2, 6, 4, 2, 4, 2, 4, 6, 2, 8, 8]], 0.30541393920000004]
[[5, [6, 4, 2, 6, 4, 6, 2, 2, 2, 6, 4, 2, 4, 4, 4, 6, 2, 8, 8]], 0.24766689280000004]
[[6, [4, 4, 4, 4, 4, 2, 2, 2, 2, 6, 4, 2, 4, 4, 8, 8, 2, 4, 8]], 0.3455801344]
[[1, [6, 4, 6, 6, 2, 6, 2, 2, 2, 6, 4, 6, 4, 4, 4, 6, 2, 8, 6]], 0.10722979840000002]
[[3, [6, 8, 6, 4, 4, 6, 8, 2, 2, 6, 4, 2, 4, 4, 4, 4, 2, 8, 8]], 0.1813583872]
[[1, [6, 4, 6, 6, 4, 2, 2, 4, 2, 4, 4, 2, 4, 6, 4, 6, 2, 8, 8]], 0.10722979840000002]
[[6, [2, 4, 6, 6, 4, 6, 2, 2, 2, 6, 2, 8, 2, 2, 4, 8, 2, 2, 8]], 0.32172912639999995]
[[6, [4, 8, 2, 4, 4, 6, 2, 2, 2, 8, 4, 2, 4, 6, 4, 8, 2, 4, 8]], 0.366201856]
[[6, [6, 4, 6, 4, 2, 6, 2, 4, 2, 2, 4, 2, 8, 4, 4, 6, 2, 8, 8]], 0.353197056]
[[6, [6, 4, 6, 4, 4, 6, 2, 2, 2, 6, 4, 8, 4, 6, 8, 6, 4, 8, 6]], 0.37220085760000005]
[[2, [6, 2, 6, 4, 4, 4, 2, 6, 2, 4, 4, 2, 4, 4, 4, 6, 2, 8, 2]], 0.12336148480000002]
[[0, [6, 4, 6, 6, 6, 6, 2, 2, 2, 6, 4, 4, 4, 4, 4, 6, 6, 8, 8]], 0.05272514560000001]
[[2, [4, 4, 4, 4, 4, 6, 2, 2, 2, 2, 4, 2, 4, 8, 4, 8, 2, 4, 8]], 0.12375060480000001]
[[6, [4, 4, 4, 4, 8, 6, 6, 2, 2, 8, 4, 2, 4, 4, 4, 8, 2, 4, 8]], 0.3582875648]
[[6, [8, 4, 4, 4, 4, 6, 2, 2, 2, 8, 4, 2, 4, 4, 8, 4, 4, 4, 8]], 0.3457980416000001]
[[6, [2, 6, 6, 6, 8, 6, 6, 8, 2, 6, 4, 8, 4, 4, 4, 6, 2, 4, 8]], 0.376339456]
[[5, [6, 4, 8, 6, 4, 6, 2, 2, 2, 6, 4, 6, 4, 4, 4, 2, 2, 2, 8]], 0.27261235200000006]
[[6, [6, 4, 4, 8, 4, 6, 2, 6, 2, 6, 4, 4, 4, 4, 4, 6, 2, 8, 8]], 0.36422594560000005]
[[6, [6, 4, 2, 6, 4, 2, 2, 2, 2, 6, 6, 2, 8, 4, 4, 8, 8, 2, 8]], 0.3685971968]
[[6, [4, 4, 4, 4, 4, 6, 2, 2, 2, 2, 6, 8, 4, 8, 4, 8, 2, 2, 8]], 0.36538183679999997]
[[6, [6, 4, 6, 8, 2, 6, 6, 4, 6, 6, 4, 8, 4, 4, 4, 6, 2, 8, 8]], 0.3789314048000001]
[[1, [6, 4, 6, 6, 8, 6, 2, 2, 8, 4, 4, 6, 4, 6, 4, 6, 8, 8, 8]], 0.10722979840000002]
[[6, [6, 4, 8, 6, 8, 6, 6, 2, 2, 6, 4, 2, 2, 4, 2, 6, 2, 8, 4]], 0.3451623424]
[[1, [6, 4, 2, 6, 4, 6, 6, 8, 2, 2, 2, 2, 4, 4, 2, 6, 2, 8, 2]], 0.09157816320000002]
[[7, [8, 4, 4, 4, 4, 6, 2, 2, 4, 8, 4, 2, 4, 4, 4, 6, 2, 2, 8]], 0.4560525312]
[[7, [2, 6, 4, 4, 4, 6, 2, 2, 2, 8, 8, 2, 8, 4, 8, 8, 2, 4, 8]], 0.5311420416]
[[6, [6, 4, 8, 6, 4, 6, 2, 2, 2, 6, 4, 2, 4, 2, 8, 8, 2, 6, 6]], 0.38296842239999995]
[[4, [6, 6, 4, 6, 4, 6, 2, 2, 6, 6, 4, 2, 4, 4, 4, 6, 6, 8, 4]], 0.23081922560000007]
[[6, [6, 4, 6, 6, 4, 6, 2, 2, 2, 6, 4, 2, 8, 4, 4, 6, 2, 6, 8]], 0.36775178239999995]
[[7, [4, 6, 6, 6, 4, 6, 2, 2, 4, 6, 4, 2, 2, 4, 4, 6, 2, 8, 2]], 0.4482381824]
[[6, [8, 4, 6, 6, 4, 2, 2, 2, 2, 6, 4, 2, 4, 4, 4, 6, 2, 8, 8]], 0.3384580096]
[[4, [4, 6, 2, 4, 6, 6, 2, 2, 2, 8, 4, 2, 4, 4, 4, 8, 2, 4, 8]], 0.20056043520000003]
[[5, [4, 2, 6, 4, 4, 6, 2, 2, 4, 6, 4, 2, 4, 8, 4, 8, 2, 4, 8]], 0.26874572800000013]
[[6, [6, 8, 6, 6, 6, 6, 2, 2, 2, 6, 4, 4, 2, 4, 4, 6, 6, 8, 8]], 0.3597432832]
[[6, [8, 4, 6, 6, 6, 6, 2, 2, 2, 2, 4, 2, 2, 4, 4, 6, 2, 8, 4]], 0.3383056384]
[[3, [6, 4, 6, 6, 4, 6, 2, 8, 4, 2, 4, 2, 2, 8, 4, 6, 6, 8, 8]], 0.20406743040000003]
[[2, [2, 6, 6, 6, 4, 6, 6, 2, 2, 6, 4, 2, 4, 4, 4, 6, 4, 8, 6]], 0.14095216640000002]
[[5, [6, 4, 6, 4, 4, 2, 2, 2, 2, 2, 4, 2, 4, 4, 6, 8, 2, 8, 6]], 0.22847221760000005]
[[5, [6, 4, 6, 6, 4, 6, 2, 2, 8, 6, 4, 2, 4, 4, 8, 6, 8, 2, 8]], 0.2879633408]
[[0, [4, 4, 4, 4, 4, 6, 2, 2, 6, 8, 2, 2, 2, 4, 4, 8, 2, 4, 8]], 0.044899328]
[[6, [4, 8, 8, 4, 4, 6, 2, 2, 8, 8, 4, 2, 2, 4, 4, 8, 4, 4, 8]], 0.39477800960000003]
[[3, [6, 4, 6, 6, 8, 6, 4, 8, 2, 6, 4, 2, 4, 4, 2, 6, 2, 6, 8]], 0.2053339136]
[[6, [4, 4, 4, 4, 4, 2, 4, 2, 2, 8, 8, 2, 4, 4, 4, 2, 2, 4, 8]], 0.2956122112]
[[6, [6, 4, 2, 6, 4, 4, 2, 2, 2, 6, 4, 2, 4, 4, 6, 6, 2, 6, 2]], 0.33283256320000004]
[[4, [6, 2, 6, 4, 4, 6, 2, 6, 2, 8, 2, 2, 4, 4, 8, 6, 2, 8, 8]], 0.2101180416]
[[6, [8, 4, 4, 6, 4, 6, 6, 6, 2, 6, 2, 2, 4, 4, 4, 6, 2, 8, 2]], 0.3546970111999999]
[[6, [2, 4, 6, 6, 4, 6, 4, 8, 2, 6, 4, 8, 4, 4, 4, 6, 2, 8, 2]], 0.35903221760000004]
[[7, [6, 6, 6, 6, 4, 8, 2, 2, 2, 6, 4, 2, 2, 4, 4, 6, 8, 8, 4]], 0.47864606719999997]
[[6, [6, 4, 8, 4, 4, 6, 4, 2, 8, 8, 4, 2, 4, 2, 4, 8, 2, 4, 8]], 0.38658355199999994]
[[6, [6, 6, 6, 6, 4, 6, 2, 2, 4, 6, 4, 2, 4, 4, 4, 8, 8, 8, 8]], 0.3856848896]
[[6, [6, 4, 6, 4, 4, 6, 6, 2, 2, 8, 4, 2, 4, 8, 8, 6, 2, 8, 8]], 0.38604533760000004]
[[6, [4, 4, 4, 4, 4, 6, 2, 2, 2, 4, 4, 6, 8, 4, 6, 8, 4, 4, 2]], 0.37037895680000005]
[[5, [6, 4, 8, 4, 2, 6, 2, 2, 4, 8, 6, 2, 4, 4, 4, 6, 4, 6, 6]], 0.28282040320000007]
[[6, [4, 4, 4, 4, 4, 6, 2, 2, 2, 8, 4, 2, 4, 4, 2, 8, 2, 2, 8]], 0.338394112]
[[1, [6, 4, 6, 6, 4, 6, 2, 4, 2, 6, 4, 2, 2, 4, 4, 4, 2, 4, 8]], 0.10722979840000002]
[[6, [6, 8, 2, 6, 4, 6, 2, 2, 2, 6, 4, 2, 4, 4, 2, 6, 2, 8, 8]], 0.33742499839999995]
[[2, [6, 4, 2, 6, 4, 6, 2, 2, 2, 6, 8, 4, 4, 4, 4, 6, 4, 8, 4]], 0.13157642240000003]
[[0, [6, 6, 6, 4, 4, 6, 2, 8, 2, 8, 4, 8, 4, 4, 4, 6, 2, 8, 6]], 0.0605509632]
[[6, [6, 4, 6, 6, 4, 6, 2, 2, 4, 4, 4, 2, 6, 2, 6, 6, 2, 4, 8]], 0.35961876480000005]
[[6, [6, 4, 6, 6, 4, 8, 2, 2, 2, 6, 4, 2, 4, 4, 4, 6, 2, 8, 2]], 0.35527700479999996]
[[6, [4, 4, 4, 4, 4, 6, 2, 2, 2, 6, 4, 2, 4, 4, 4, 8, 2, 6, 6]], 0.342735872]
[[6, [6, 4, 6, 6, 4, 6, 2, 2, 2, 6, 2, 2, 4, 4, 4, 6, 2, 8, 8]], 0.3367172096]
[[6, [4, 4, 8, 4, 8, 2, 4, 2, 4, 2, 4, 2, 4, 4, 6, 8, 2, 8, 6]], 0.35870044160000003]
[[7, [4, 4, 4, 4, 4, 6, 2, 2, 2, 6, 8, 2, 4, 4, 4, 8, 6, 6, 4]], 0.4690188288]
[[6, [8, 8, 6, 6, 4, 6, 6, 6, 2, 2, 8, 2, 4, 4, 2, 8, 2, 6, 8]], 0.40813260800000006]
[[3, [2, 4, 6, 6, 4, 6, 2, 2, 2, 6, 4, 4, 8, 4, 4, 8, 4, 6, 6]], 0.15555604480000002]
