[[0, [2, 4, 2, 2, 8, 2, 8, 2, 4, 6, 2, 2, 2, 6, 2, 8, 4, 8, 6]], 0.7842273712158203]
[[6, [6, 4, 8, 6, 6, 8, 4, 4, 8, 6, 6, 8, 6, 4, 2, 8, 2, 4, 4]], 0.9404608607292175]
[[6, [2, 4, 8, 8, 2, 8, 8, 2, 2, 8, 2, 4, 8, 6, 2, 4, 6, 8, 6]], 0.9704605340957642]
[[6, [6, 8, 2, 4, 8, 8, 2, 6, 6, 8, 2, 8, 4, 2, 4, 6, 8, 6, 2]], 0.9524245262145996]
[[6, [4, 2, 8, 8, 4, 8, 4, 4, 4, 2, 4, 2, 2, 4, 6, 2, 6, 6, 6]], 0.9769754409790039]
[[4, [8, 2, 2, 8, 6, 4, 8, 8, 4, 6, 8, 6, 6, 2, 2, 6, 8, 2, 6]], 0.8784635066986084]
[[0, [6, 8, 4, 6, 8, 4, 8, 8, 4, 2, 4, 8, 8, 8, 8, 8, 8, 4, 4]], 0.7849985957145691]
[[6, [8, 2, 6, 4, 2, 2, 2, 8, 4, 2, 2, 4, 6, 6, 8, 8, 8, 6, 2]], 0.9690746068954468]
[[6, [8, 6, 6, 4, 8, 6, 4, 4, 4, 4, 8, 4, 2, 4, 4, 8, 2, 6, 4]], 0.952560305595398]
[[2, [4, 2, 4, 6, 4, 2, 4, 2, 8, 2, 8, 6, 4, 2, 4, 8, 6, 2, 6]], 0.8377541303634644]
[[6, [8, 2, 2, 6, 8, 2, 2, 8, 6, 6, 6, 4, 6, 4, 8, 2, 8, 6, 6]], 0.9543352127075195]
[[3, [6, 2, 2, 2, 8, 8, 4, 6, 2, 4, 4, 6, 2, 8, 6, 2, 4, 4, 6]], 0.8191482424736023]
[[3, [4, 2, 8, 6, 4, 2, 6, 2, 4, 6, 6, 6, 6, 8, 2, 6, 6, 2, 4]], 0.8252835273742676]
[[7, [4, 4, 4, 8, 6, 6, 6, 8, 4, 2, 2, 8, 8, 2, 2, 6, 4, 6, 2]], 0.9810833930969238]
[[5, [2, 2, 8, 8, 8, 2, 2, 4, 8, 8, 4, 6, 2, 2, 2, 6, 2, 8, 4]], 0.9062029719352722]
[[1, [2, 4, 8, 4, 6, 6, 8, 4, 2, 8, 4, 2, 4, 2, 2, 4, 4, 8, 6]], 0.7862224578857422]
[[7, [2, 8, 6, 4, 8, 4, 4, 4, 8, 2, 2, 8, 6, 6, 8, 6, 2, 2, 8]], 0.9649900794029236]
[[3, [2, 2, 8, 4, 2, 4, 8, 6, 6, 2, 8, 6, 4, 8, 6, 4, 4, 8, 4]], 0.8070260882377625]
[[3, [2, 2, 6, 8, 8, 4, 2, 2, 6, 4, 8, 8, 6, 8, 4, 8, 4, 4, 4]], 0.8351259231567383]
[[5, [2, 6, 8, 8, 6, 4, 6, 6, 2, 6, 2, 8, 2, 6, 2, 2, 6, 2, 4]], 0.9381439089775085]
[[4, [2, 2, 6, 8, 6, 4, 6, 8, 4, 6, 8, 6, 6, 2, 2, 4, 8, 2, 6]], 0.8827493190765381]
[[1, [2, 4, 8, 4, 8, 6, 8, 4, 2, 8, 6, 4, 4, 4, 2, 4, 4, 8, 6]], 0.7850019335746765]
[[5, [2, 6, 2, 8, 6, 4, 6, 8, 6, 6, 8, 2, 6, 2, 2, 6, 8, 8, 6]], 0.9009835124015808]
[[4, [4, 2, 2, 8, 6, 4, 8, 8, 6, 6, 4, 2, 6, 2, 2, 2, 8, 2, 6]], 0.8867589235305786]
[[4, [8, 6, 6, 8, 6, 8, 6, 8, 8, 6, 6, 6, 4, 2, 2, 4, 8, 2, 6]], 0.8782827258110046]
[[2, [2, 2, 6, 8, 8, 8, 2, 2, 6, 2, 8, 8, 4, 8, 4, 8, 6, 4, 4]], 0.834774374961853]
[[3, [2, 2, 6, 8, 6, 4, 6, 8, 4, 6, 8, 6, 6, 2, 4, 4, 8, 4, 6]], 0.8214976191520691]
[[2, [2, 6, 2, 8, 6, 4, 6, 8, 6, 6, 8, 8, 2, 2, 2, 8, 8, 4, 6]], 0.7964327335357666]
[[7, [4, 6, 2, 8, 6, 4, 8, 8, 6, 6, 4, 4, 6, 2, 2, 2, 8, 2, 6]], 0.9477102160453796]
[[5, [4, 6, 2, 8, 6, 4, 6, 8, 4, 6, 8, 2, 6, 2, 4, 2, 8, 8, 6]], 0.9063965678215027]
[[1, [2, 6, 2, 4, 4, 4, 8, 8, 6, 6, 8, 2, 6, 2, 2, 8, 8, 2, 8]], 0.7962767481803894]
[[5, [4, 6, 8, 8, 6, 4, 2, 8, 4, 6, 8, 4, 6, 4, 4, 2, 8, 2, 4]], 0.9199302196502686]
[[7, [2, 6, 2, 8, 6, 4, 6, 8, 4, 6, 8, 2, 6, 2, 6, 2, 8, 2, 6]], 0.9454554319381714]
[[1, [8, 6, 6, 8, 6, 4, 2, 6, 4, 6, 8, 4, 4, 4, 4, 2, 8, 2, 2]], 0.788226842880249]
[[6, [2, 2, 6, 8, 6, 8, 6, 8, 4, 6, 8, 4, 8, 2, 2, 8, 8, 2, 4]], 0.9428642988204956]
[[5, [4, 6, 8, 8, 8, 8, 2, 2, 8, 4, 8, 6, 6, 4, 2, 2, 8, 8, 4]], 0.8855804800987244]
[[5, [2, 6, 2, 6, 4, 4, 6, 8, 6, 6, 4, 2, 6, 2, 2, 6, 8, 6, 2]], 0.8969148397445679]
[[5, [4, 2, 2, 8, 6, 8, 2, 8, 4, 6, 8, 2, 6, 2, 2, 2, 8, 8, 6]], 0.9502562880516052]
[[5, [8, 8, 6, 8, 8, 6, 6, 8, 6, 6, 4, 2, 6, 2, 2, 6, 8, 6, 2]], 0.9082686901092529]
[[5, [2, 2, 2, 8, 4, 4, 4, 8, 4, 6, 8, 2, 6, 4, 4, 2, 8, 4, 6]], 0.8579069375991821]
[[1, [4, 2, 8, 8, 6, 4, 2, 6, 4, 6, 8, 6, 6, 4, 6, 2, 6, 2, 4]], 0.7929465770721436]
[[5, [4, 6, 8, 6, 6, 4, 2, 8, 8, 6, 8, 4, 6, 8, 8, 2, 8, 2, 4]], 0.9199631214141846]
[[5, [4, 6, 8, 2, 8, 4, 2, 8, 2, 6, 8, 4, 6, 4, 4, 2, 2, 2, 6]], 0.8896040916442871]
[[4, [8, 4, 6, 8, 8, 6, 2, 8, 6, 6, 4, 2, 8, 2, 2, 6, 8, 8, 2]], 0.9123052954673767]
[[6, [2, 2, 8, 4, 6, 4, 2, 2, 4, 6, 8, 4, 6, 4, 8, 2, 8, 2, 4]], 0.9330121874809265]
[[5, [4, 2, 8, 8, 6, 4, 2, 4, 6, 6, 8, 4, 2, 4, 6, 6, 8, 2, 4]], 0.8972346186637878]
[[4, [4, 6, 8, 8, 6, 4, 4, 8, 4, 6, 8, 4, 8, 2, 4, 2, 8, 2, 4]], 0.8727449178695679]
[[5, [8, 6, 8, 4, 6, 4, 2, 8, 6, 4, 8, 4, 6, 4, 4, 8, 4, 6, 4]], 0.921268880367279]
[[2, [8, 4, 6, 8, 8, 8, 2, 8, 6, 6, 4, 2, 8, 6, 2, 6, 8, 8, 2]], 0.841119647026062]
[[2, [8, 6, 6, 4, 6, 4, 2, 8, 6, 4, 8, 4, 4, 4, 4, 8, 4, 6, 4]], 0.8017780184745789]
[[7, [6, 6, 8, 4, 8, 8, 2, 8, 6, 4, 8, 8, 6, 4, 4, 6, 4, 6, 8]], 1.0933244228363037]
[[1, [8, 4, 6, 8, 8, 6, 2, 8, 2, 6, 4, 2, 2, 2, 6, 6, 8, 8, 6]], 0.7929181456565857]
[[0, [8, 6, 4, 4, 8, 4, 2, 8, 6, 4, 8, 2, 6, 2, 8, 8, 4, 8, 4]], 0.785099983215332]
[[5, [8, 6, 8, 8, 6, 4, 2, 8, 4, 8, 8, 4, 6, 2, 2, 8, 8, 2, 2]], 0.8949097394943237]
[[5, [8, 8, 8, 8, 8, 6, 6, 8, 6, 6, 4, 2, 6, 2, 2, 4, 8, 6, 2]], 0.9084844589233398]
[[5, [4, 6, 6, 8, 6, 8, 2, 8, 4, 2, 8, 4, 6, 8, 4, 2, 8, 2, 4]], 0.9442572593688965]
[[3, [8, 6, 8, 4, 6, 4, 2, 4, 6, 4, 8, 8, 6, 4, 4, 8, 4, 8, 2]], 0.8212693929672241]
[[5, [8, 6, 2, 6, 6, 4, 6, 8, 4, 4, 8, 4, 6, 4, 4, 8, 4, 6, 4]], 0.904099702835083]
[[2, [4, 8, 8, 2, 6, 2, 2, 6, 6, 6, 8, 4, 6, 4, 4, 6, 4, 6, 4]], 0.864750325679779]
[[0, [8, 6, 8, 8, 6, 4, 2, 8, 6, 6, 8, 4, 6, 4, 4, 8, 4, 6, 2]], 0.7850961685180664]
[[4, [8, 4, 6, 8, 8, 2, 6, 8, 6, 6, 4, 4, 8, 2, 2, 6, 8, 8, 2]], 0.8780579566955566]
[[5, [8, 6, 8, 4, 4, 4, 4, 8, 6, 4, 8, 4, 6, 4, 4, 8, 4, 6, 4]], 0.8976285457611084]
[[5, [8, 2, 6, 4, 6, 4, 2, 8, 8, 4, 8, 4, 6, 4, 4, 8, 4, 6, 8]], 0.9075247645378113]
[[0, [2, 6, 8, 4, 6, 4, 2, 2, 6, 4, 8, 6, 6, 4, 4, 8, 4, 6, 4]], 0.7904214859008789]
[[2, [2, 6, 2, 4, 6, 8, 6, 8, 8, 4, 6, 4, 6, 2, 6, 8, 4, 6, 4]], 0.7938004732131958]
[[2, [8, 8, 6, 8, 6, 6, 6, 8, 6, 6, 4, 2, 6, 2, 2, 6, 8, 6, 2]], 0.8021902441978455]
[[5, [8, 6, 4, 4, 4, 4, 6, 6, 8, 4, 4, 4, 6, 4, 4, 8, 4, 6, 4]], 0.9014328718185425]
[[0, [8, 2, 6, 4, 6, 4, 2, 8, 8, 6, 6, 8, 6, 4, 4, 8, 4, 6, 8]], 0.7912353277206421]
[[7, [8, 4, 6, 8, 6, 4, 2, 8, 6, 6, 4, 2, 8, 8, 2, 6, 4, 8, 2]], 0.9812086820602417]
[[4, [8, 6, 6, 8, 8, 6, 2, 8, 6, 6, 4, 2, 8, 2, 2, 6, 8, 6, 2]], 0.9147424101829529]
[[1, [4, 6, 2, 2, 6, 4, 2, 8, 4, 6, 8, 4, 6, 8, 4, 2, 2, 2, 4]], 0.789559543132782]
[[4, [8, 6, 6, 2, 8, 6, 2, 8, 2, 6, 4, 2, 8, 2, 2, 6, 8, 6, 2]], 0.8864214420318604]
[[3, [8, 6, 8, 4, 4, 4, 2, 8, 6, 4, 8, 4, 2, 6, 4, 8, 4, 2, 4]], 0.8204752206802368]
[[5, [8, 6, 8, 6, 6, 4, 2, 8, 6, 4, 8, 4, 6, 4, 4, 8, 8, 6, 4]], 0.9199632406234741]
[[5, [8, 6, 8, 8, 6, 4, 2, 6, 6, 4, 8, 4, 6, 4, 4, 4, 4, 6, 4]], 0.9210008978843689]
[[5, [4, 6, 8, 8, 6, 4, 2, 8, 2, 6, 8, 8, 4, 4, 6, 2, 8, 2, 4]], 0.9010628461837769]
[[5, [6, 6, 6, 8, 6, 4, 2, 6, 6, 4, 8, 4, 4, 6, 6, 4, 8, 6, 4]], 0.9196938872337341]
[[5, [6, 4, 2, 2, 6, 4, 2, 6, 6, 4, 4, 8, 4, 6, 6, 8, 8, 6, 2]], 0.9162631034851074]
[[2, [8, 4, 8, 8, 6, 4, 2, 6, 6, 4, 8, 4, 6, 4, 4, 4, 4, 6, 4]], 0.836613655090332]
[[5, [8, 6, 4, 4, 2, 4, 8, 8, 6, 4, 8, 4, 2, 4, 4, 8, 4, 4, 4]], 0.8805093765258789]
[[5, [8, 6, 8, 8, 6, 4, 2, 8, 2, 6, 8, 4, 6, 2, 8, 2, 8, 2, 4]], 0.8893035650253296]
[[5, [2, 6, 8, 8, 6, 4, 2, 6, 6, 8, 2, 4, 6, 8, 8, 4, 8, 6, 4]], 0.9429154396057129]
[[0, [8, 6, 8, 8, 4, 4, 2, 6, 6, 6, 8, 4, 6, 8, 4, 4, 4, 6, 4]], 0.7851136922836304]
[[5, [6, 8, 8, 4, 6, 4, 2, 8, 4, 2, 6, 4, 8, 4, 4, 8, 6, 6, 4]], 0.9383994936943054]
[[5, [8, 2, 8, 8, 6, 4, 4, 6, 8, 4, 8, 6, 6, 4, 4, 4, 4, 6, 4]], 0.9058853983879089]
[[5, [8, 6, 4, 8, 6, 4, 2, 6, 4, 6, 8, 8, 6, 6, 2, 2, 8, 2, 8]], 0.9240805506706238]
[[0, [4, 8, 8, 8, 6, 4, 2, 8, 4, 6, 8, 4, 6, 6, 4, 6, 8, 2, 4]], 0.7851647734642029]
[[4, [8, 6, 8, 8, 6, 4, 2, 6, 6, 2, 8, 4, 4, 4, 2, 4, 4, 4, 4]], 0.9359549880027771]
[[6, [6, 6, 4, 8, 8, 4, 2, 6, 4, 6, 8, 8, 6, 6, 2, 2, 4, 8, 8]], 0.9347478151321411]
[[7, [8, 6, 8, 4, 6, 4, 2, 8, 6, 4, 4, 4, 6, 4, 4, 6, 4, 2, 4]], 1.0519956350326538]
[[3, [8, 4, 8, 4, 6, 4, 4, 8, 6, 4, 8, 4, 6, 4, 4, 8, 4, 6, 4]], 0.8083577156066895]
[[5, [6, 6, 8, 2, 2, 4, 4, 6, 4, 6, 8, 8, 6, 4, 8, 2, 8, 2, 8]], 0.8671664595603943]
[[5, [8, 6, 4, 8, 6, 4, 2, 6, 4, 6, 6, 6, 6, 6, 4, 2, 8, 2, 2]], 0.9230391383171082]
[[4, [8, 6, 4, 8, 8, 8, 2, 6, 6, 6, 4, 8, 6, 8, 2, 2, 8, 2, 8]], 0.8976752161979675]
[[5, [2, 6, 2, 6, 6, 4, 2, 2, 4, 2, 8, 8, 6, 6, 2, 2, 8, 2, 8]], 0.9535495638847351]
[[0, [8, 4, 4, 8, 4, 4, 2, 6, 6, 6, 6, 8, 4, 8, 4, 2, 8, 4, 2]], 0.7890049815177917]
[[5, [2, 2, 4, 8, 6, 4, 2, 6, 8, 6, 6, 8, 2, 6, 4, 8, 8, 2, 2]], 0.8951641917228699]
[[7, [8, 2, 4, 8, 6, 2, 2, 4, 4, 6, 6, 6, 6, 6, 4, 2, 8, 8, 2]], 0.9811840057373047]
[[5, [8, 6, 4, 8, 6, 4, 2, 6, 4, 2, 2, 6, 8, 6, 4, 4, 2, 2, 2]], 0.9491680860519409]
[[5, [6, 6, 2, 2, 4, 2, 2, 6, 8, 4, 8, 8, 2, 6, 6, 4, 8, 6, 4]], 0.9151060581207275]
[[5, [8, 8, 4, 8, 6, 2, 2, 6, 4, 8, 6, 4, 6, 6, 4, 2, 8, 2, 6]], 0.9359946250915527]
[[5, [8, 6, 8, 2, 6, 4, 2, 2, 4, 2, 8, 4, 8, 4, 4, 4, 6, 2, 4]], 0.9595956802368164]
[[5, [6, 6, 8, 8, 6, 4, 2, 6, 6, 4, 4, 2, 6, 4, 6, 4, 4, 2, 4]], 0.9239441752433777]
[[6, [6, 6, 8, 8, 6, 2, 2, 6, 4, 6, 4, 6, 6, 4, 6, 4, 4, 2, 4]], 0.9502143859863281]
[[5, [6, 4, 6, 8, 6, 4, 8, 6, 2, 4, 4, 4, 8, 4, 6, 4, 4, 2, 6]], 0.8824032545089722]
[[5, [6, 6, 4, 8, 4, 4, 2, 2, 4, 6, 8, 8, 6, 6, 2, 2, 8, 2, 8]], 0.8830539584159851]
[[3, [8, 6, 4, 8, 6, 4, 2, 6, 4, 6, 6, 6, 2, 6, 4, 2, 8, 2, 4]], 0.8209977149963379]
[[5, [6, 6, 4, 8, 6, 4, 6, 6, 4, 4, 8, 8, 6, 2, 2, 4, 8, 2, 2]], 0.8827346563339233]
[[0, [4, 6, 8, 6, 6, 4, 2, 4, 6, 4, 4, 2, 6, 8, 6, 4, 4, 2, 2]], 0.7852951884269714]
[[7, [2, 6, 4, 8, 6, 4, 2, 6, 2, 6, 8, 8, 2, 8, 2, 2, 8, 2, 8]], 0.9445164203643799]
[[5, [8, 6, 6, 8, 6, 4, 2, 6, 2, 6, 4, 8, 4, 8, 2, 4, 8, 2, 8]], 0.9017038345336914]
[[5, [8, 6, 4, 8, 6, 4, 2, 6, 4, 6, 8, 6, 6, 6, 2, 2, 2, 2, 6]], 0.9219438433647156]
[[4, [6, 2, 8, 4, 6, 4, 2, 6, 4, 8, 6, 2, 6, 6, 6, 8, 4, 2, 4]], 0.8980695605278015]
[[5, [6, 6, 6, 8, 6, 4, 2, 6, 8, 4, 4, 2, 6, 8, 6, 4, 4, 2, 4]], 0.9249156713485718]
[[1, [6, 6, 6, 8, 6, 2, 2, 6, 8, 4, 4, 2, 6, 8, 6, 4, 4, 2, 2]], 0.7883016467094421]
[[5, [6, 2, 8, 8, 6, 4, 2, 8, 6, 4, 4, 2, 4, 4, 6, 8, 6, 2, 4]], 0.9169793128967285]
[[2, [6, 6, 8, 8, 6, 4, 2, 6, 6, 4, 4, 2, 6, 4, 6, 2, 4, 2, 4]], 0.8011948466300964]
[[3, [6, 6, 6, 6, 6, 8, 2, 6, 2, 4, 8, 2, 6, 8, 4, 4, 2, 2, 4]], 0.7911257743835449]
[[5, [8, 6, 4, 8, 6, 4, 2, 6, 4, 6, 6, 6, 4, 2, 2, 2, 8, 2, 2]], 0.8950657248497009]
[[5, [6, 6, 6, 8, 6, 4, 4, 6, 6, 4, 8, 4, 6, 4, 2, 4, 2, 2, 4]], 0.8996232748031616]
[[4, [4, 6, 2, 8, 6, 4, 2, 2, 8, 4, 6, 2, 6, 8, 6, 6, 6, 2, 4]], 0.88343346118927]
[[5, [8, 6, 6, 2, 6, 4, 2, 6, 4, 4, 6, 6, 6, 4, 4, 8, 6, 8, 4]], 0.9165964126586914]
[[4, [8, 4, 6, 8, 8, 4, 8, 2, 6, 6, 8, 8, 6, 6, 2, 6, 8, 2, 8]], 0.8506444692611694]
[[1, [6, 6, 6, 2, 6, 4, 2, 4, 8, 8, 4, 2, 4, 8, 4, 6, 4, 6, 4]], 0.7885653376579285]
[[5, [8, 2, 2, 6, 6, 4, 2, 6, 4, 4, 4, 8, 6, 4, 8, 8, 8, 2, 8]], 0.9048349261283875]
[[5, [8, 6, 6, 8, 6, 4, 2, 6, 4, 6, 6, 4, 6, 6, 2, 6, 2, 2, 6]], 0.9229277968406677]
[[5, [8, 6, 4, 8, 6, 6, 2, 6, 4, 6, 6, 2, 6, 6, 4, 2, 8, 2, 4]], 0.9242504835128784]
[[5, [6, 6, 6, 8, 2, 4, 2, 6, 8, 4, 4, 2, 4, 8, 2, 4, 4, 4, 4]], 0.9304094314575195]
[[5, [8, 6, 2, 4, 6, 4, 2, 2, 4, 6, 8, 8, 6, 8, 6, 2, 8, 8, 8]], 0.8818122744560242]
[[5, [2, 6, 6, 8, 6, 6, 2, 6, 8, 4, 4, 4, 6, 8, 6, 4, 4, 2, 4]], 0.9049983024597168]
[[5, [8, 4, 4, 8, 6, 2, 2, 4, 4, 6, 6, 2, 6, 6, 2, 2, 8, 2, 4]], 0.9279003143310547]
[[0, [6, 6, 6, 8, 6, 4, 2, 2, 8, 2, 4, 2, 6, 8, 2, 4, 6, 4, 4]], 0.7851250171661377]
[[5, [8, 6, 4, 8, 8, 6, 2, 6, 4, 6, 6, 2, 6, 6, 2, 6, 8, 2, 4]], 0.9240602254867554]
[[5, [6, 6, 6, 4, 6, 8, 2, 4, 8, 4, 4, 8, 6, 2, 8, 4, 4, 8, 4]], 0.8973416090011597]
[[5, [6, 6, 6, 8, 6, 4, 2, 6, 8, 4, 6, 2, 6, 8, 6, 4, 4, 2, 4]], 0.9238402843475342]
[[5, [6, 6, 6, 8, 6, 4, 8, 6, 2, 4, 4, 2, 2, 8, 6, 4, 4, 4, 4]], 0.8949780464172363]
[[3, [6, 6, 6, 8, 6, 4, 2, 6, 8, 6, 4, 4, 6, 8, 6, 4, 4, 6, 6]], 0.8222019076347351]
[[5, [6, 6, 2, 8, 6, 4, 2, 8, 8, 4, 8, 2, 6, 8, 6, 6, 4, 2, 4]], 0.9165052175521851]
[[1, [6, 6, 6, 8, 6, 4, 2, 6, 8, 4, 4, 8, 8, 8, 6, 4, 8, 2, 4]], 0.7882785201072693]
[[5, [4, 6, 6, 8, 6, 4, 2, 6, 8, 2, 2, 2, 6, 2, 6, 4, 4, 2, 4]], 0.9743954539299011]
[[5, [8, 4, 4, 8, 4, 6, 2, 8, 4, 6, 4, 2, 6, 6, 2, 2, 2, 2, 2]], 0.9245432615280151]
[[7, [6, 6, 6, 8, 6, 4, 2, 6, 8, 4, 4, 2, 6, 8, 8, 4, 6, 2, 4]], 1.0586209297180176]
[[5, [8, 6, 4, 8, 6, 6, 2, 8, 4, 8, 4, 2, 6, 6, 2, 2, 2, 2, 2]], 0.9250501394271851]
[[3, [8, 4, 4, 8, 8, 4, 8, 8, 4, 6, 4, 6, 6, 6, 2, 2, 2, 2, 2]], 0.8069391250610352]
[[2, [8, 6, 2, 8, 2, 6, 2, 4, 4, 8, 8, 2, 8, 6, 2, 2, 2, 2, 4]], 0.8529178500175476]
[[0, [6, 6, 6, 8, 8, 4, 2, 2, 8, 4, 4, 4, 6, 8, 6, 4, 4, 2, 4]], 0.785122811794281]
[[5, [6, 6, 6, 8, 6, 4, 8, 6, 8, 4, 4, 2, 6, 8, 6, 4, 2, 2, 4]], 0.9178830981254578]
[[5, [4, 6, 6, 8, 6, 2, 2, 8, 4, 8, 4, 2, 6, 6, 2, 2, 2, 2, 2]], 0.9165717959403992]
[[1, [4, 4, 2, 8, 4, 6, 2, 4, 4, 6, 4, 2, 6, 6, 2, 2, 2, 2, 8]], 0.789714515209198]
[[6, [8, 6, 4, 8, 6, 6, 2, 8, 4, 8, 8, 2, 6, 6, 2, 2, 2, 8, 2]], 0.9653054475784302]
[[5, [8, 8, 8, 8, 8, 6, 2, 8, 4, 6, 4, 6, 6, 4, 2, 2, 8, 4, 2]], 0.9224681854248047]
[[5, [8, 6, 4, 4, 6, 6, 4, 6, 4, 6, 2, 2, 6, 6, 2, 2, 2, 2, 2]], 0.957098662853241]
[[0, [8, 6, 6, 8, 6, 6, 2, 8, 4, 8, 4, 2, 6, 6, 8, 2, 2, 2, 2]], 0.785115659236908]
[[7, [6, 6, 6, 8, 4, 4, 6, 6, 8, 4, 4, 2, 6, 2, 6, 6, 4, 2, 8]], 0.9780907034873962]
[[5, [8, 6, 6, 8, 6, 6, 2, 8, 4, 8, 4, 2, 6, 2, 2, 2, 2, 2, 8]], 0.9126548767089844]
[[5, [8, 6, 4, 2, 6, 6, 2, 8, 4, 8, 4, 4, 6, 8, 2, 2, 2, 2, 6]], 0.916208028793335]
[[5, [6, 6, 4, 6, 6, 6, 2, 8, 4, 8, 2, 2, 6, 6, 2, 2, 4, 2, 2]], 0.9645251035690308]
[[5, [8, 6, 8, 6, 6, 6, 2, 8, 2, 8, 6, 2, 6, 2, 8, 2, 2, 2, 2]], 0.9099477529525757]
[[5, [8, 4, 8, 2, 6, 6, 8, 8, 6, 8, 4, 2, 6, 6, 2, 6, 6, 2, 2]], 0.9135531187057495]
[[7, [4, 6, 4, 8, 6, 6, 2, 6, 8, 6, 8, 2, 4, 6, 4, 2, 8, 2, 4]], 0.9678016901016235]
[[5, [6, 8, 4, 8, 4, 4, 6, 8, 4, 8, 4, 8, 6, 6, 2, 6, 2, 2, 2]], 0.9047330617904663]
[[5, [6, 6, 4, 8, 6, 6, 2, 8, 4, 6, 4, 2, 8, 6, 8, 2, 2, 2, 2]], 0.9263418912887573]
[[5, [8, 2, 4, 8, 2, 6, 2, 8, 4, 6, 4, 2, 6, 6, 2, 2, 2, 2, 4]], 0.9298925399780273]
[[5, [4, 4, 4, 8, 6, 6, 6, 8, 6, 6, 4, 8, 6, 4, 8, 2, 2, 8, 6]], 0.9066333174705505]
[[0, [4, 6, 4, 8, 6, 8, 2, 8, 2, 4, 4, 6, 8, 6, 8, 2, 2, 2, 2]], 0.785279393196106]
[[5, [4, 6, 6, 8, 2, 4, 2, 6, 8, 2, 6, 6, 6, 8, 2, 4, 4, 2, 4]], 0.9563271403312683]
[[3, [6, 6, 6, 8, 6, 8, 2, 6, 4, 4, 4, 4, 6, 4, 6, 4, 4, 6, 4]], 0.8315759897232056]
[[5, [6, 8, 4, 6, 6, 6, 2, 4, 4, 6, 4, 2, 8, 6, 8, 2, 2, 2, 2]], 0.9225733280181885]
[[5, [8, 6, 4, 8, 8, 8, 2, 8, 4, 8, 4, 2, 6, 6, 2, 8, 6, 2, 2]], 0.9255942106246948]
[[7, [6, 6, 4, 8, 6, 6, 2, 8, 4, 6, 6, 2, 8, 6, 8, 8, 2, 2, 2]], 0.9887126684188843]
[[5, [6, 8, 8, 4, 6, 6, 8, 8, 4, 6, 4, 2, 8, 6, 8, 2, 2, 2, 2]], 0.9211794137954712]
[[5, [6, 6, 4, 8, 2, 6, 6, 8, 4, 6, 4, 2, 2, 6, 8, 4, 2, 2, 4]], 0.8856870532035828]
[[6, [8, 4, 4, 8, 4, 6, 2, 8, 4, 6, 4, 2, 6, 6, 2, 2, 8, 2, 2]], 0.9395351409912109]
[[5, [6, 6, 4, 8, 6, 6, 2, 8, 4, 8, 8, 2, 6, 6, 2, 4, 2, 2, 2]], 0.9259295463562012]
[[5, [6, 6, 4, 8, 6, 4, 2, 6, 4, 4, 4, 4, 6, 6, 6, 4, 4, 4, 4]], 0.9168599843978882]
[[5, [8, 6, 4, 8, 6, 6, 2, 8, 2, 8, 4, 2, 4, 6, 8, 2, 2, 2, 2]], 0.9066534042358398]
[[3, [8, 6, 8, 8, 6, 6, 2, 8, 8, 8, 4, 4, 6, 6, 2, 2, 2, 2, 2]], 0.8305597305297852]
[[0, [6, 2, 4, 8, 6, 6, 2, 8, 4, 2, 4, 2, 8, 8, 8, 8, 2, 8, 2]], 0.7910817861557007]
[[7, [6, 6, 4, 8, 8, 6, 2, 4, 4, 4, 4, 2, 8, 6, 8, 2, 4, 2, 2]], 0.9811984896659851]
[[5, [6, 6, 8, 8, 6, 6, 2, 2, 4, 6, 4, 2, 6, 8, 6, 6, 2, 2, 2]], 0.893812894821167]
[[5, [6, 6, 4, 8, 6, 6, 4, 8, 4, 6, 6, 2, 8, 6, 8, 2, 4, 2, 8]], 0.9146536588668823]
[[5, [8, 6, 4, 8, 6, 6, 2, 6, 4, 6, 6, 2, 6, 6, 4, 2, 6, 2, 4]], 0.9251646995544434]
[[5, [8, 6, 2, 8, 6, 6, 2, 8, 4, 8, 4, 8, 6, 6, 2, 2, 2, 2, 4]], 0.9173123836517334]
[[5, [6, 4, 4, 8, 6, 6, 2, 6, 4, 6, 4, 2, 4, 6, 8, 2, 2, 2, 2]], 0.9272448420524597]
[[5, [8, 4, 2, 8, 6, 2, 2, 8, 2, 6, 4, 2, 4, 6, 8, 2, 2, 2, 2]], 0.9528024196624756]
[[2, [4, 6, 4, 8, 4, 2, 2, 6, 4, 6, 6, 2, 6, 6, 6, 2, 2, 2, 2]], 0.864626407623291]
[[5, [6, 2, 4, 8, 6, 6, 8, 6, 4, 6, 2, 2, 4, 6, 8, 2, 2, 2, 2]], 0.973156213760376]
[[5, [8, 6, 4, 8, 8, 6, 2, 8, 4, 8, 4, 2, 6, 6, 2, 2, 2, 2, 8]], 0.9259135723114014]
[[1, [6, 6, 4, 6, 4, 6, 4, 8, 4, 6, 4, 2, 2, 6, 8, 6, 2, 2, 2]], 0.7883524894714355]
[[5, [6, 4, 4, 4, 6, 6, 2, 8, 4, 6, 4, 2, 4, 6, 8, 8, 2, 8, 2]], 0.9277846217155457]
[[3, [6, 4, 4, 4, 6, 4, 2, 2, 4, 6, 4, 2, 4, 6, 8, 8, 2, 8, 6]], 0.8364359140396118]
[[5, [6, 4, 4, 4, 6, 2, 8, 8, 4, 6, 4, 2, 2, 6, 8, 4, 2, 6, 2]], 0.8956460952758789]
[[7, [8, 4, 4, 4, 6, 6, 2, 8, 4, 2, 4, 2, 4, 6, 8, 8, 4, 8, 2]], 0.981142520904541]
[[5, [6, 4, 4, 4, 6, 6, 2, 4, 4, 6, 4, 2, 4, 8, 8, 8, 2, 8, 2]], 0.9226692914962769]
[[5, [6, 2, 2, 4, 6, 6, 2, 8, 6, 6, 4, 2, 4, 6, 8, 4, 2, 8, 2]], 0.9171284437179565]
[[7, [6, 4, 2, 4, 6, 6, 6, 8, 4, 8, 4, 2, 6, 6, 4, 8, 2, 8, 4]], 1.1982439756393433]
[[7, [6, 4, 4, 8, 6, 6, 6, 6, 4, 6, 4, 2, 4, 6, 8, 2, 2, 2, 2]], 0.9811956286430359]
[[5, [6, 4, 4, 8, 6, 8, 2, 8, 4, 6, 2, 2, 4, 6, 8, 8, 2, 8, 2]], 0.9652852416038513]
[[5, [6, 4, 2, 4, 2, 6, 2, 2, 2, 2, 4, 2, 4, 6, 4, 8, 4, 8, 2]], 0.9735468626022339]
[[5, [8, 6, 4, 8, 8, 4, 2, 8, 4, 8, 4, 2, 6, 6, 2, 2, 2, 2, 6]], 0.9242579340934753]
[[3, [6, 4, 4, 8, 6, 8, 2, 6, 4, 4, 4, 4, 4, 6, 8, 2, 2, 2, 2]], 0.8467109203338623]
[[5, [8, 6, 2, 8, 8, 4, 2, 6, 2, 6, 4, 8, 4, 6, 8, 8, 2, 2, 2]], 0.8972408771514893]
[[0, [6, 6, 4, 4, 6, 6, 4, 8, 4, 6, 4, 2, 8, 6, 8, 8, 2, 8, 2]], 0.7851157188415527]
[[5, [6, 4, 4, 8, 6, 6, 6, 2, 2, 6, 2, 8, 4, 6, 8, 4, 2, 2, 6]], 0.9180746078491211]
[[1, [8, 6, 4, 6, 8, 6, 2, 8, 4, 8, 4, 2, 2, 6, 2, 2, 4, 2, 8]], 0.7882959246635437]
[[5, [8, 6, 4, 8, 8, 2, 8, 8, 4, 8, 4, 2, 6, 6, 2, 2, 2, 2, 8]], 0.898828387260437]
[[5, [6, 4, 8, 4, 6, 6, 2, 8, 4, 6, 4, 2, 4, 6, 8, 4, 2, 8, 2]], 0.9278649091720581]
[[3, [8, 6, 8, 4, 4, 6, 2, 8, 4, 6, 4, 2, 4, 8, 8, 4, 2, 8, 2]], 0.831251859664917]
[[5, [6, 4, 6, 2, 6, 6, 2, 8, 4, 4, 8, 2, 2, 8, 6, 6, 2, 8, 2]], 0.911554217338562]
[[5, [2, 4, 4, 8, 6, 6, 2, 6, 2, 6, 4, 4, 4, 6, 2, 2, 2, 2, 6]], 0.8935685157775879]
[[5, [6, 2, 4, 6, 6, 6, 2, 8, 4, 6, 8, 2, 4, 8, 6, 8, 2, 8, 2]], 0.920067310333252]
[[6, [2, 4, 8, 4, 6, 6, 4, 8, 8, 6, 4, 4, 4, 6, 8, 4, 2, 8, 2]], 0.9554266333580017]
[[5, [6, 4, 4, 2, 6, 6, 2, 6, 4, 6, 4, 2, 4, 6, 2, 2, 2, 2, 2]], 0.9220830202102661]
[[2, [8, 6, 4, 8, 6, 6, 2, 8, 4, 8, 4, 2, 6, 6, 6, 2, 2, 2, 2]], 0.8105496168136597]
[[5, [6, 6, 4, 6, 4, 6, 2, 8, 2, 6, 6, 2, 8, 6, 8, 2, 2, 6, 2]], 0.9082924127578735]
[[5, [6, 4, 4, 6, 6, 6, 2, 6, 2, 6, 4, 2, 4, 6, 8, 2, 2, 2, 2]], 0.9104124903678894]
[[4, [6, 6, 2, 4, 6, 6, 2, 6, 4, 4, 2, 2, 2, 8, 6, 2, 2, 2, 2]], 0.9751273393630981]
[[5, [6, 4, 4, 4, 6, 6, 6, 8, 4, 8, 4, 2, 8, 6, 8, 4, 4, 8, 2]], 0.9171351790428162]
[[5, [6, 4, 4, 6, 6, 8, 2, 4, 4, 6, 4, 2, 8, 6, 8, 8, 2, 8, 2]], 0.9256677627563477]
[[5, [2, 6, 8, 4, 8, 6, 2, 8, 4, 8, 8, 6, 4, 6, 4, 4, 2, 8, 2]], 0.9124730825424194]
[[6, [6, 2, 6, 4, 6, 6, 2, 4, 4, 6, 4, 8, 4, 8, 2, 4, 2, 8, 2]], 0.9538764953613281]
[[5, [2, 4, 8, 4, 4, 6, 2, 8, 4, 6, 4, 2, 4, 6, 8, 4, 6, 8, 2]], 0.9162654876708984]
[[5, [6, 4, 8, 4, 6, 6, 4, 8, 4, 6, 4, 2, 4, 6, 4, 4, 2, 8, 2]], 0.9144988059997559]
[[5, [6, 4, 2, 6, 2, 6, 2, 8, 4, 6, 2, 2, 8, 6, 8, 4, 2, 8, 2]], 0.9775443077087402]
[[5, [6, 4, 4, 8, 6, 6, 2, 6, 4, 8, 4, 2, 4, 6, 2, 8, 2, 2, 2]], 0.9245753288269043]
[[5, [6, 4, 8, 4, 6, 6, 2, 8, 2, 6, 4, 2, 6, 6, 8, 4, 2, 8, 2]], 0.914162814617157]
[[3, [6, 4, 4, 8, 6, 6, 2, 8, 4, 6, 4, 8, 4, 6, 8, 8, 2, 8, 8]], 0.8469589948654175]
[[5, [6, 4, 4, 8, 6, 6, 2, 6, 4, 6, 4, 2, 4, 6, 6, 2, 2, 2, 2]], 0.9263306856155396]
[[6, [6, 8, 8, 2, 6, 6, 8, 6, 2, 6, 4, 2, 4, 6, 8, 4, 2, 8, 2]], 0.95555579662323]
[[2, [6, 4, 2, 4, 4, 6, 2, 8, 4, 6, 4, 2, 4, 8, 6, 4, 2, 8, 2]], 0.8324134349822998]
[[0, [6, 2, 8, 8, 6, 6, 2, 2, 4, 2, 4, 6, 4, 6, 8, 4, 2, 8, 6]], 0.7909278869628906]
[[5, [2, 4, 4, 4, 6, 6, 2, 6, 4, 4, 4, 2, 4, 6, 8, 2, 2, 2, 2]], 0.914284884929657]
[[1, [4, 8, 8, 4, 4, 6, 2, 6, 4, 6, 4, 2, 6, 6, 8, 2, 2, 6, 2]], 0.7882976531982422]
[[5, [6, 8, 4, 8, 2, 6, 2, 6, 4, 6, 4, 2, 4, 6, 2, 2, 2, 2, 2]], 0.9351725578308105]
[[5, [6, 4, 6, 4, 6, 6, 2, 8, 4, 6, 4, 6, 6, 6, 8, 4, 2, 8, 2]], 0.9200229644775391]
[[5, [6, 4, 8, 8, 6, 6, 2, 8, 4, 6, 4, 2, 4, 6, 8, 4, 2, 8, 2]], 0.9240452647209167]
[[0, [6, 6, 8, 4, 6, 6, 2, 8, 4, 8, 6, 2, 6, 6, 8, 6, 2, 6, 8]], 0.7851452827453613]
[[5, [6, 4, 8, 4, 6, 6, 2, 8, 6, 6, 4, 2, 4, 6, 2, 2, 2, 6, 2]], 0.9286524057388306]
[[5, [4, 4, 8, 4, 6, 6, 2, 8, 6, 6, 4, 2, 4, 6, 2, 2, 2, 6, 2]], 0.9279220104217529]
[[6, [6, 4, 8, 4, 6, 8, 2, 8, 6, 8, 2, 2, 8, 6, 2, 2, 4, 6, 2]], 0.9761604070663452]
[[7, [4, 4, 8, 4, 6, 6, 2, 8, 6, 8, 6, 2, 4, 6, 2, 2, 2, 6, 2]], 0.9811849594116211]
[[5, [6, 4, 8, 4, 8, 6, 2, 8, 2, 6, 4, 2, 4, 6, 2, 2, 2, 6, 2]], 0.9114481210708618]
[[5, [4, 2, 8, 4, 6, 6, 2, 8, 6, 6, 4, 2, 4, 6, 4, 2, 8, 2, 2]], 0.9216381907463074]
[[5, [6, 4, 8, 4, 6, 6, 2, 8, 4, 6, 4, 6, 8, 6, 8, 6, 2, 8, 2]], 0.9235879778862]
[[6, [6, 6, 2, 4, 6, 6, 2, 8, 6, 2, 4, 2, 4, 6, 2, 2, 2, 6, 2]], 0.9792345762252808]
[[5, [6, 4, 2, 4, 6, 6, 4, 8, 4, 8, 6, 2, 4, 8, 6, 2, 2, 6, 8]], 0.9193283915519714]
[[3, [6, 4, 8, 4, 6, 6, 2, 8, 6, 6, 4, 2, 4, 6, 2, 2, 6, 6, 4]], 0.8419205546379089]
[[2, [4, 4, 8, 4, 6, 6, 2, 8, 6, 6, 6, 2, 4, 6, 6, 2, 2, 2, 2]], 0.8356140851974487]
[[2, [4, 4, 8, 4, 6, 6, 2, 8, 6, 6, 4, 2, 8, 6, 2, 4, 2, 6, 6]], 0.8348722457885742]
[[5, [6, 4, 8, 4, 4, 6, 2, 8, 4, 8, 4, 2, 4, 4, 8, 8, 2, 6, 2]], 0.9253129959106445]
[[5, [4, 6, 8, 4, 6, 2, 2, 8, 8, 6, 4, 2, 4, 8, 2, 2, 2, 6, 2]], 0.9163796305656433]
[[2, [6, 4, 6, 2, 6, 2, 2, 8, 4, 6, 4, 2, 6, 6, 2, 2, 2, 6, 2]], 0.8789510130882263]
[[5, [4, 4, 8, 2, 4, 2, 2, 8, 6, 6, 4, 8, 4, 6, 2, 2, 8, 6, 2]], 0.9357544779777527]
[[5, [6, 4, 2, 4, 8, 6, 6, 8, 6, 6, 4, 6, 8, 6, 8, 2, 2, 8, 2]], 0.9030277132987976]
[[7, [6, 4, 8, 4, 6, 6, 4, 2, 6, 6, 4, 2, 4, 6, 2, 2, 2, 4, 2]], 0.9811886548995972]
[[1, [8, 4, 8, 4, 2, 2, 2, 6, 4, 6, 4, 2, 4, 4, 8, 4, 2, 8, 2]], 0.7929731607437134]
[[5, [4, 4, 8, 4, 6, 6, 2, 8, 6, 6, 4, 2, 4, 6, 2, 4, 2, 6, 2]], 0.9275986552238464]
[[2, [4, 4, 8, 4, 6, 6, 2, 8, 6, 6, 4, 6, 4, 6, 2, 2, 2, 6, 2]], 0.8347708582878113]
[[5, [6, 4, 8, 4, 4, 6, 2, 4, 8, 6, 4, 2, 4, 6, 8, 4, 4, 8, 2]], 0.9233050346374512]
[[7, [6, 6, 8, 2, 6, 6, 2, 8, 8, 8, 4, 2, 8, 6, 2, 2, 2, 6, 8]], 0.9439193606376648]
[[4, [6, 4, 6, 4, 2, 6, 8, 8, 6, 6, 2, 8, 4, 6, 2, 4, 2, 6, 4]], 0.9423131942749023]
[[7, [6, 4, 4, 4, 2, 6, 6, 4, 4, 6, 4, 2, 4, 6, 2, 6, 2, 6, 6]], 0.9683613181114197]
[[3, [6, 4, 8, 4, 6, 6, 2, 8, 6, 6, 4, 2, 4, 6, 2, 4, 2, 8, 2]], 0.8411730527877808]
[[5, [6, 4, 8, 4, 6, 4, 2, 8, 6, 6, 4, 2, 4, 6, 2, 2, 2, 6, 2]], 0.927064836025238]
[[5, [4, 4, 8, 4, 8, 6, 2, 8, 6, 6, 2, 2, 8, 6, 8, 6, 2, 6, 2]], 0.9667830467224121]
[[5, [6, 2, 8, 4, 6, 8, 2, 8, 6, 2, 2, 2, 2, 6, 2, 2, 2, 6, 2]], 0.9779818058013916]
[[5, [4, 8, 8, 4, 6, 8, 2, 8, 6, 6, 4, 2, 8, 2, 4, 2, 8, 6, 2]], 0.9108823537826538]
[[5, [4, 4, 8, 6, 6, 8, 2, 6, 6, 6, 4, 2, 4, 6, 2, 2, 6, 6, 2]], 0.926419734954834]
[[4, [4, 4, 4, 8, 6, 4, 6, 8, 6, 6, 4, 2, 4, 2, 8, 8, 2, 8, 2]], 0.9004602432250977]
[[2, [6, 2, 8, 4, 6, 6, 2, 8, 2, 6, 4, 2, 8, 6, 6, 2, 2, 6, 2]], 0.8395185470581055]
[[4, [4, 4, 8, 4, 6, 2, 6, 8, 6, 6, 4, 2, 4, 6, 2, 4, 4, 6, 2]], 0.8866863250732422]
[[3, [6, 2, 4, 4, 6, 6, 8, 8, 6, 8, 4, 2, 4, 2, 2, 2, 2, 6, 6]], 0.8285605907440186]
[[5, [6, 8, 8, 2, 6, 6, 4, 8, 6, 6, 4, 2, 8, 6, 8, 8, 6, 6, 8]], 0.9177190065383911]
[[5, [4, 8, 8, 4, 4, 4, 2, 8, 6, 6, 4, 2, 4, 2, 2, 2, 2, 6, 2]], 0.9037665128707886]
[[5, [6, 4, 8, 4, 6, 6, 6, 8, 6, 6, 4, 2, 4, 6, 2, 2, 8, 6, 2]], 0.9179655313491821]
[[5, [2, 4, 8, 2, 6, 6, 2, 8, 8, 6, 8, 2, 4, 6, 6, 2, 2, 6, 2]], 0.9118594527244568]
[[2, [4, 2, 8, 4, 6, 6, 8, 8, 6, 6, 4, 2, 4, 6, 2, 2, 2, 6, 2]], 0.8213557004928589]
[[0, [6, 6, 8, 6, 6, 2, 2, 8, 6, 2, 4, 2, 4, 6, 2, 2, 4, 2, 2]], 0.7851223945617676]
[[7, [6, 4, 8, 4, 6, 6, 2, 8, 4, 6, 8, 2, 2, 6, 8, 4, 2, 6, 2]], 0.9981972575187683]
[[3, [6, 6, 8, 6, 8, 6, 4, 8, 6, 6, 4, 8, 4, 6, 4, 4, 2, 8, 2]], 0.8035898208618164]
[[0, [6, 4, 4, 4, 6, 6, 2, 8, 6, 2, 6, 2, 2, 6, 4, 4, 2, 4, 2]], 0.7890459895133972]
[[0, [6, 4, 8, 4, 6, 6, 2, 8, 6, 6, 2, 2, 6, 6, 2, 2, 2, 6, 2]], 0.7890278697013855]
[[5, [6, 4, 8, 4, 8, 6, 2, 8, 2, 6, 4, 2, 8, 6, 2, 2, 2, 6, 2]], 0.9141411185264587]
[[5, [6, 4, 8, 4, 6, 6, 2, 8, 8, 6, 2, 8, 4, 6, 2, 2, 2, 6, 2]], 0.9445940852165222]
[[5, [8, 4, 4, 8, 6, 6, 2, 6, 6, 8, 4, 6, 4, 6, 8, 2, 2, 2, 2]], 0.921949565410614]
[[3, [6, 4, 8, 4, 6, 4, 8, 8, 4, 4, 6, 2, 4, 6, 8, 4, 2, 6, 8]], 0.8078124523162842]
[[5, [4, 2, 8, 6, 6, 6, 8, 6, 6, 6, 6, 2, 2, 8, 2, 2, 2, 6, 2]], 0.901787281036377]
[[5, [6, 4, 2, 8, 6, 6, 2, 2, 6, 6, 2, 6, 2, 6, 2, 2, 2, 6, 2]], 0.9492852091789246]
[[5, [6, 4, 4, 4, 6, 6, 2, 8, 6, 6, 6, 2, 2, 8, 2, 6, 6, 6, 2]], 0.9176114797592163]
[[3, [4, 4, 8, 2, 8, 4, 8, 8, 2, 6, 4, 6, 2, 6, 2, 2, 2, 6, 2]], 0.7843745946884155]
[[6, [6, 2, 8, 4, 6, 6, 2, 6, 6, 6, 4, 6, 4, 6, 2, 2, 2, 8, 4]], 0.961951732635498]
[[5, [4, 8, 8, 6, 6, 6, 2, 8, 4, 2, 4, 2, 4, 6, 4, 4, 2, 8, 8]], 0.9714123606681824]
[[7, [4, 2, 8, 4, 6, 6, 2, 8, 6, 2, 4, 2, 4, 6, 2, 2, 2, 6, 2]], 0.9811863303184509]
[[7, [4, 4, 8, 4, 6, 6, 2, 8, 6, 6, 4, 2, 4, 4, 2, 2, 2, 6, 2]], 0.9811856150627136]
[[5, [6, 4, 4, 4, 2, 6, 2, 8, 4, 6, 4, 2, 4, 6, 8, 8, 2, 8, 4]], 0.9354772567749023]
[[5, [6, 4, 8, 4, 6, 6, 4, 4, 6, 6, 4, 2, 4, 6, 2, 2, 6, 6, 2]], 0.9136847257614136]
[[5, [6, 4, 8, 6, 6, 6, 8, 2, 6, 6, 4, 4, 4, 6, 2, 2, 2, 6, 6]], 0.8748162984848022]
[[5, [4, 2, 8, 6, 6, 6, 2, 8, 6, 6, 4, 2, 2, 6, 2, 2, 2, 6, 4]], 0.8997439742088318]
[[5, [6, 4, 8, 4, 6, 2, 2, 8, 4, 6, 4, 2, 6, 6, 2, 6, 8, 4, 2]], 0.9232262372970581]
[[5, [6, 4, 8, 8, 2, 6, 6, 8, 4, 6, 4, 2, 4, 6, 4, 4, 2, 8, 8]], 0.8847775459289551]
[[5, [6, 6, 4, 4, 6, 4, 2, 8, 6, 6, 4, 2, 4, 6, 2, 2, 8, 6, 6]], 0.922735869884491]
[[5, [6, 4, 8, 4, 6, 6, 2, 8, 6, 4, 4, 2, 4, 6, 2, 2, 2, 6, 2]], 0.928363025188446]
[[5, [4, 6, 8, 4, 6, 6, 2, 8, 6, 8, 2, 2, 4, 6, 2, 2, 4, 6, 8]], 0.9678944945335388]
[[5, [2, 4, 6, 4, 6, 8, 2, 8, 6, 8, 4, 2, 4, 6, 2, 2, 2, 6, 2]], 0.9156652688980103]
[[5, [6, 4, 8, 4, 6, 8, 8, 8, 6, 6, 4, 2, 4, 6, 2, 2, 2, 6, 2]], 0.9182965755462646]
[[7, [6, 4, 8, 4, 6, 8, 2, 8, 6, 4, 4, 2, 4, 6, 2, 2, 2, 6, 2]], 0.9811856150627136]
[[6, [6, 4, 8, 4, 8, 6, 2, 8, 4, 6, 4, 2, 4, 6, 2, 4, 2, 8, 2]], 0.9646438360214233]
[[5, [6, 4, 6, 4, 6, 6, 8, 8, 8, 8, 4, 2, 4, 6, 8, 4, 6, 8, 2]], 0.9198576807975769]
[[5, [6, 4, 8, 4, 6, 6, 2, 8, 6, 4, 4, 2, 4, 6, 2, 2, 2, 6, 8]], 0.9286082983016968]
[[0, [6, 4, 8, 2, 6, 6, 2, 8, 8, 6, 4, 2, 4, 8, 6, 2, 2, 6, 2]], 0.7890375852584839]
[[6, [6, 8, 4, 4, 6, 6, 2, 8, 2, 6, 6, 2, 2, 6, 2, 2, 2, 2, 8]], 0.9575151801109314]
[[5, [2, 4, 8, 4, 6, 8, 2, 8, 6, 4, 2, 2, 4, 6, 2, 2, 2, 2, 2]], 0.9688935279846191]
[[5, [6, 4, 8, 4, 2, 6, 2, 8, 2, 8, 4, 2, 4, 4, 2, 2, 2, 6, 8]], 0.9428282976150513]
[[5, [4, 4, 4, 4, 8, 6, 2, 8, 4, 6, 4, 2, 4, 8, 8, 6, 2, 8, 2]], 0.9268561601638794]
[[5, [6, 4, 8, 2, 6, 6, 2, 8, 6, 6, 4, 2, 6, 2, 4, 2, 2, 6, 2]], 0.9086624979972839]
[[0, [4, 4, 8, 4, 6, 6, 2, 8, 6, 6, 4, 2, 4, 2, 2, 2, 2, 8, 2]], 0.7890762090682983]
[[0, [6, 4, 8, 4, 6, 4, 2, 8, 6, 4, 6, 2, 4, 6, 8, 2, 2, 8, 8]], 0.78905189037323]
[[5, [6, 4, 4, 4, 6, 6, 4, 8, 6, 4, 4, 2, 4, 8, 2, 2, 6, 6, 8]], 0.9124830961227417]
[[5, [6, 4, 8, 4, 6, 6, 2, 6, 6, 6, 6, 2, 4, 6, 2, 2, 2, 6, 2]], 0.9285411238670349]
[[5, [6, 4, 8, 2, 6, 6, 2, 8, 6, 6, 4, 2, 4, 6, 2, 2, 2, 6, 2]], 0.922163188457489]
[[1, [8, 4, 8, 4, 8, 6, 2, 8, 6, 4, 2, 8, 4, 6, 2, 2, 2, 6, 2]], 0.7929326891899109]
[[4, [6, 4, 2, 6, 6, 6, 2, 8, 6, 6, 8, 2, 4, 6, 2, 2, 2, 6, 2]], 0.9097744822502136]
[[7, [2, 4, 8, 6, 6, 2, 2, 2, 6, 6, 8, 2, 2, 6, 2, 2, 8, 6, 2]], 0.9811786413192749]
[[7, [4, 4, 8, 4, 6, 4, 2, 8, 6, 8, 4, 2, 4, 6, 2, 2, 2, 6, 2]], 0.9811853170394897]
[[6, [6, 4, 8, 4, 6, 6, 2, 8, 6, 6, 2, 2, 4, 6, 8, 2, 2, 6, 2]], 0.97979736328125]
[[3, [6, 4, 6, 4, 4, 6, 2, 8, 6, 6, 4, 2, 4, 6, 4, 2, 2, 2, 2]], 0.8453590273857117]
[[0, [6, 4, 8, 2, 6, 2, 8, 8, 6, 6, 4, 2, 4, 8, 2, 2, 2, 6, 4]], 0.7889931201934814]
[[0, [6, 4, 8, 4, 4, 2, 8, 8, 6, 4, 4, 2, 4, 6, 2, 2, 2, 6, 8]], 0.7890024185180664]
[[0, [6, 4, 8, 4, 6, 6, 2, 8, 6, 6, 4, 2, 2, 4, 2, 2, 2, 4, 8]], 0.7890377044677734]
[[5, [6, 4, 8, 6, 6, 6, 2, 4, 6, 4, 6, 2, 4, 6, 2, 2, 2, 2, 2]], 0.9258068799972534]
[[2, [4, 4, 4, 4, 6, 6, 2, 8, 4, 8, 4, 2, 4, 6, 2, 4, 2, 6, 2]], 0.8347686529159546]
[[7, [6, 4, 4, 4, 6, 6, 2, 8, 6, 2, 4, 2, 4, 6, 2, 2, 2, 6, 2]], 0.9811873435974121]
[[1, [6, 4, 8, 4, 6, 6, 2, 6, 8, 4, 4, 2, 4, 2, 2, 2, 2, 6, 6]], 0.7929823398590088]
[[5, [6, 4, 8, 6, 6, 8, 2, 8, 8, 4, 4, 8, 4, 4, 6, 4, 2, 6, 2]], 0.922684907913208]
[[5, [2, 4, 8, 2, 6, 6, 2, 8, 6, 4, 4, 2, 4, 6, 2, 2, 2, 2, 8]], 0.9115675687789917]
[[5, [6, 4, 8, 4, 6, 6, 6, 8, 4, 4, 4, 2, 4, 6, 2, 2, 2, 6, 8]], 0.9152090549468994]
[[7, [6, 4, 8, 4, 2, 2, 2, 8, 6, 2, 4, 2, 8, 6, 2, 2, 2, 6, 2]], 0.9811859130859375]
[[5, [6, 4, 8, 8, 2, 6, 2, 2, 6, 6, 4, 2, 4, 6, 2, 2, 2, 6, 2]], 0.9662991762161255]
[[7, [6, 4, 4, 4, 6, 6, 6, 6, 8, 6, 6, 8, 4, 6, 2, 8, 2, 2, 8]], 0.9713200330734253]
[[7, [6, 4, 8, 6, 6, 2, 2, 8, 6, 6, 8, 2, 4, 6, 2, 2, 2, 6, 2]], 0.9811861515045166]
[[5, [6, 4, 6, 4, 6, 6, 4, 6, 6, 6, 4, 2, 4, 6, 6, 2, 6, 6, 2]], 0.9154093265533447]
[[5, [6, 4, 8, 4, 4, 6, 2, 8, 6, 6, 4, 2, 4, 6, 2, 2, 2, 6, 2]], 0.9255208373069763]
[[5, [6, 8, 8, 4, 6, 6, 2, 2, 6, 6, 6, 2, 4, 6, 2, 2, 2, 6, 2]], 0.8889124393463135]
[[3, [6, 4, 8, 4, 6, 6, 2, 8, 2, 2, 6, 2, 4, 6, 8, 2, 2, 6, 2]], 0.8396667242050171]
[[5, [6, 6, 8, 2, 2, 4, 2, 8, 6, 6, 4, 2, 8, 6, 6, 2, 2, 6, 2]], 0.9490742087364197]
[[5, [6, 4, 8, 6, 8, 6, 2, 8, 6, 6, 8, 2, 4, 6, 2, 2, 2, 6, 4]], 0.9267512559890747]
[[6, [8, 8, 8, 4, 6, 6, 2, 8, 4, 6, 4, 2, 6, 6, 2, 2, 2, 6, 2]], 0.9655313491821289]
[[5, [6, 4, 8, 4, 6, 6, 2, 8, 6, 6, 8, 6, 4, 6, 2, 4, 2, 6, 2]], 0.9237165451049805]
[[0, [8, 4, 8, 4, 6, 6, 2, 8, 6, 2, 4, 2, 2, 4, 2, 2, 6, 4, 2]], 0.789046049118042]
[[0, [6, 2, 8, 4, 8, 6, 2, 8, 6, 6, 4, 2, 6, 6, 2, 2, 2, 2, 2]], 0.7906469702720642]
[[5, [6, 4, 8, 6, 8, 6, 2, 6, 6, 6, 6, 2, 4, 4, 2, 2, 2, 6, 4]], 0.9289931058883667]
[[4, [6, 4, 4, 6, 4, 6, 2, 6, 6, 6, 2, 2, 4, 2, 2, 4, 2, 6, 4]], 0.9727973937988281]
[[1, [6, 2, 2, 6, 4, 6, 2, 8, 4, 6, 8, 2, 4, 6, 2, 2, 2, 2, 2]], 0.7953610420227051]
[[2, [6, 4, 4, 4, 6, 4, 2, 2, 6, 6, 6, 2, 4, 4, 2, 2, 2, 2, 2]], 0.8357753753662109]
[[0, [6, 4, 8, 6, 8, 4, 2, 6, 6, 6, 8, 2, 4, 4, 4, 2, 8, 6, 4]], 0.7890075445175171]
[[5, [4, 4, 8, 4, 2, 6, 2, 8, 6, 6, 2, 2, 4, 6, 2, 2, 2, 6, 2]], 0.976287305355072]
[[5, [6, 4, 8, 6, 2, 6, 2, 8, 8, 6, 6, 2, 4, 4, 2, 2, 2, 8, 4]], 0.9463090300559998]
[[5, [6, 4, 8, 4, 6, 4, 8, 8, 6, 6, 8, 2, 4, 8, 2, 8, 2, 6, 4]], 0.9137215614318848]
[[5, [6, 4, 8, 6, 8, 6, 2, 6, 6, 6, 6, 2, 4, 4, 2, 8, 2, 4, 4]], 0.9261982440948486]
[[5, [6, 4, 8, 4, 4, 6, 4, 8, 6, 6, 4, 4, 4, 6, 2, 2, 2, 8, 2]], 0.8995679616928101]
[[5, [4, 4, 8, 4, 6, 6, 2, 8, 6, 4, 4, 2, 4, 6, 2, 2, 2, 6, 2]], 0.9231685400009155]
[[5, [6, 4, 8, 6, 8, 2, 2, 6, 6, 8, 6, 2, 2, 4, 6, 2, 2, 6, 4]], 0.9419347047805786]
[[5, [6, 2, 8, 6, 8, 6, 2, 6, 6, 6, 6, 2, 8, 4, 2, 2, 2, 6, 8]], 0.9199827909469604]
[[6, [4, 8, 8, 4, 8, 6, 2, 8, 6, 4, 4, 2, 4, 6, 2, 2, 2, 8, 8]], 0.9631738066673279]
[[5, [6, 4, 8, 4, 6, 6, 2, 8, 6, 6, 4, 2, 4, 8, 2, 4, 2, 6, 4]], 0.929201602935791]
[[5, [6, 4, 8, 8, 6, 8, 2, 8, 6, 4, 4, 6, 4, 8, 2, 2, 2, 6, 2]], 0.9210638999938965]
[[5, [6, 4, 8, 4, 2, 6, 2, 8, 6, 6, 6, 2, 4, 4, 6, 4, 8, 6, 4]], 0.9511450529098511]
[[5, [6, 4, 8, 6, 8, 6, 2, 6, 6, 6, 6, 2, 6, 2, 2, 2, 2, 6, 8]], 0.9100205302238464]
[[4, [6, 4, 8, 6, 8, 6, 2, 6, 6, 2, 6, 2, 8, 4, 2, 2, 2, 2, 4]], 0.9681796431541443]
[[5, [6, 4, 8, 4, 6, 6, 2, 8, 6, 6, 2, 2, 4, 8, 2, 6, 2, 6, 4]], 0.9653102159500122]
[[5, [6, 2, 8, 2, 8, 6, 2, 6, 6, 6, 6, 2, 4, 4, 2, 2, 2, 6, 6]], 0.9035475254058838]
[[5, [6, 4, 8, 4, 2, 6, 6, 8, 6, 6, 8, 2, 4, 8, 2, 4, 2, 6, 4]], 0.8870660662651062]
[[5, [6, 4, 8, 4, 6, 6, 2, 8, 6, 2, 4, 2, 4, 8, 2, 4, 2, 6, 4]], 0.9688624143600464]
[[5, [6, 4, 8, 2, 6, 6, 2, 8, 6, 6, 4, 4, 2, 8, 2, 4, 2, 6, 2]], 0.8976559638977051]
[[1, [8, 8, 4, 6, 4, 6, 2, 6, 6, 8, 4, 6, 4, 4, 2, 2, 2, 6, 4]], 0.788225531578064]
[[5, [6, 4, 8, 4, 6, 8, 2, 8, 6, 6, 6, 8, 4, 8, 8, 6, 2, 6, 4]], 0.9241023063659668]
[[5, [6, 2, 8, 4, 6, 6, 2, 8, 6, 6, 4, 8, 4, 6, 2, 8, 2, 6, 2]], 0.909187912940979]
[[7, [6, 4, 8, 4, 6, 6, 2, 8, 6, 4, 4, 2, 4, 8, 2, 4, 2, 6, 4]], 0.9791600108146667]
[[1, [6, 8, 8, 4, 8, 6, 2, 8, 8, 6, 4, 2, 4, 2, 2, 4, 2, 6, 4]], 0.7883619070053101]
[[1, [4, 4, 4, 2, 6, 6, 4, 8, 6, 4, 4, 2, 6, 6, 2, 2, 2, 6, 2]], 0.7932402491569519]
[[1, [2, 6, 8, 8, 8, 2, 2, 8, 2, 6, 4, 8, 4, 2, 2, 4, 2, 6, 4]], 0.7905117869377136]
[[0, [6, 8, 8, 6, 8, 6, 2, 6, 6, 6, 2, 2, 4, 4, 2, 2, 2, 6, 4]], 0.7850226163864136]
[[5, [6, 4, 8, 4, 6, 6, 2, 8, 6, 4, 4, 6, 4, 8, 2, 4, 2, 6, 4]], 0.9221944808959961]
[[5, [2, 4, 2, 6, 8, 2, 2, 6, 4, 4, 6, 2, 4, 8, 2, 2, 2, 6, 4]], 0.9080543518066406]
[[5, [6, 4, 8, 4, 6, 6, 2, 8, 8, 6, 4, 2, 4, 6, 2, 4, 2, 6, 4]], 0.9289478063583374]
[[5, [6, 4, 8, 4, 6, 6, 6, 6, 6, 6, 4, 2, 4, 8, 2, 4, 2, 6, 4]], 0.9179183840751648]
[[5, [8, 2, 8, 6, 6, 6, 6, 8, 6, 2, 4, 2, 4, 6, 6, 4, 2, 8, 4]], 0.9756948947906494]
[[5, [6, 4, 8, 4, 2, 6, 2, 2, 8, 6, 4, 2, 2, 6, 2, 4, 2, 6, 4]], 0.9434144496917725]
[[1, [6, 4, 6, 4, 6, 6, 2, 8, 6, 4, 4, 4, 4, 6, 2, 4, 8, 2, 6]], 0.7928932905197144]
[[6, [6, 4, 8, 6, 6, 6, 2, 2, 6, 6, 2, 2, 4, 4, 2, 2, 2, 6, 2]], 0.9800994396209717]
[[5, [6, 4, 4, 4, 6, 6, 2, 8, 2, 6, 4, 2, 4, 4, 2, 4, 4, 6, 4]], 0.9124466180801392]
[[4, [6, 4, 8, 4, 8, 8, 2, 6, 4, 6, 6, 4, 6, 4, 2, 2, 2, 2, 4]], 0.8948895335197449]
[[2, [6, 4, 6, 4, 6, 6, 2, 8, 6, 4, 4, 2, 6, 6, 2, 2, 2, 6, 4]], 0.8397390246391296]
[[2, [6, 4, 8, 4, 6, 4, 2, 4, 6, 4, 4, 2, 4, 8, 2, 2, 2, 6, 4]], 0.8358985781669617]
[[5, [6, 6, 8, 4, 6, 6, 2, 8, 2, 6, 4, 2, 4, 8, 2, 4, 2, 6, 4]], 0.9086610674858093]
[[5, [6, 4, 8, 2, 8, 4, 2, 4, 6, 6, 6, 2, 4, 2, 2, 2, 2, 6, 4]], 0.9054726362228394]
[[6, [6, 4, 8, 4, 4, 6, 6, 8, 6, 6, 4, 2, 4, 8, 2, 4, 2, 8, 4]], 0.9499114751815796]
[[5, [8, 4, 4, 4, 6, 6, 2, 8, 6, 6, 6, 2, 4, 6, 2, 6, 2, 6, 2]], 0.9283186793327332]
[[5, [8, 6, 8, 8, 2, 6, 2, 6, 6, 6, 8, 6, 4, 8, 4, 4, 2, 6, 2]], 0.9145045280456543]
[[5, [6, 2, 8, 4, 6, 6, 4, 8, 6, 8, 6, 6, 4, 6, 2, 2, 2, 6, 2]], 0.908153235912323]
[[1, [6, 4, 8, 4, 6, 6, 2, 8, 6, 2, 6, 2, 4, 8, 2, 4, 2, 6, 4]], 0.7930171489715576]
[[2, [6, 4, 8, 4, 6, 6, 4, 4, 6, 6, 4, 2, 4, 8, 8, 4, 2, 6, 4]], 0.8065041899681091]
[[5, [6, 4, 8, 4, 8, 6, 2, 6, 6, 4, 6, 2, 4, 4, 2, 2, 8, 6, 4]], 0.925888180732727]
[[0, [6, 4, 8, 6, 8, 8, 4, 6, 6, 6, 6, 6, 8, 4, 8, 2, 2, 6, 6]], 0.7890528440475464]
[[0, [6, 4, 8, 4, 6, 6, 6, 8, 6, 6, 4, 6, 6, 8, 2, 8, 8, 6, 8]], 0.7890810966491699]
[[0, [6, 4, 8, 6, 8, 4, 2, 2, 6, 6, 6, 8, 4, 4, 2, 2, 2, 6, 4]], 0.7890445590019226]
[[5, [6, 6, 8, 4, 6, 6, 2, 4, 2, 6, 4, 6, 4, 6, 2, 4, 2, 6, 4]], 0.901019811630249]
[[2, [6, 8, 8, 4, 6, 6, 2, 8, 8, 6, 4, 8, 4, 6, 2, 2, 2, 2, 2]], 0.8076313734054565]
[[7, [6, 4, 2, 6, 8, 6, 2, 6, 6, 6, 6, 2, 4, 4, 6, 4, 2, 6, 2]], 0.9968929290771484]
[[5, [6, 4, 8, 6, 8, 6, 2, 6, 6, 6, 8, 2, 8, 4, 2, 2, 2, 6, 6]], 0.9279405474662781]
[[3, [6, 4, 8, 4, 4, 6, 2, 8, 8, 6, 4, 2, 4, 6, 2, 4, 2, 6, 4]], 0.8454644680023193]
[[4, [6, 4, 6, 4, 6, 6, 2, 4, 6, 8, 4, 2, 4, 8, 2, 8, 2, 6, 6]], 0.9115314483642578]
[[7, [6, 4, 8, 6, 4, 6, 2, 2, 6, 6, 6, 2, 4, 4, 8, 2, 2, 6, 4]], 0.9737906455993652]
[[5, [6, 4, 8, 2, 6, 6, 2, 6, 2, 6, 6, 8, 4, 4, 4, 8, 2, 6, 4]], 0.8977950811386108]
[[1, [2, 4, 8, 8, 8, 6, 6, 6, 6, 6, 8, 2, 4, 4, 6, 2, 8, 6, 4]], 0.7853099703788757]
[[5, [6, 4, 8, 6, 6, 8, 2, 4, 2, 6, 6, 2, 6, 4, 2, 2, 2, 4, 2]], 0.9159242510795593]
[[2, [6, 4, 8, 4, 6, 8, 2, 8, 6, 6, 4, 8, 4, 6, 2, 4, 2, 6, 4]], 0.8400108218193054]
[[5, [6, 4, 4, 4, 4, 6, 2, 8, 6, 8, 4, 2, 2, 8, 2, 4, 4, 6, 4]], 0.9082967638969421]
[[5, [6, 4, 8, 4, 6, 6, 2, 2, 4, 6, 8, 2, 2, 4, 2, 4, 2, 6, 4]], 0.9139090776443481]
[[3, [6, 4, 2, 4, 6, 8, 2, 8, 6, 6, 6, 8, 4, 4, 2, 2, 2, 6, 2]], 0.8368088603019714]
[[0, [6, 4, 6, 4, 6, 6, 2, 8, 6, 6, 4, 6, 6, 6, 2, 2, 2, 6, 6]], 0.7890042662620544]
[[5, [2, 4, 4, 6, 6, 6, 6, 8, 8, 6, 4, 2, 4, 6, 6, 6, 2, 6, 4]], 0.9148285388946533]
[[5, [4, 4, 8, 4, 6, 4, 2, 8, 6, 4, 6, 2, 2, 8, 2, 6, 2, 6, 4]], 0.9094347357749939]
[[5, [4, 4, 8, 2, 6, 6, 2, 8, 6, 6, 6, 2, 4, 8, 2, 4, 2, 6, 8]], 0.9203709959983826]
[[7, [6, 6, 8, 2, 6, 8, 2, 8, 8, 6, 4, 2, 4, 6, 2, 4, 2, 6, 8]], 0.9818598628044128]
[[6, [6, 4, 2, 4, 6, 6, 2, 8, 6, 4, 4, 2, 8, 6, 2, 2, 2, 6, 8]], 0.9693946838378906]
[[5, [6, 4, 8, 4, 6, 2, 6, 8, 2, 4, 4, 2, 4, 8, 4, 6, 2, 8, 4]], 0.8952204585075378]
[[5, [6, 4, 8, 4, 6, 6, 2, 8, 6, 2, 4, 2, 4, 2, 2, 4, 6, 6, 4]], 0.9573578834533691]
[[5, [6, 4, 6, 4, 6, 6, 2, 8, 8, 6, 4, 2, 4, 4, 2, 4, 2, 4, 4]], 0.928851306438446]
[[5, [6, 4, 8, 4, 8, 6, 2, 8, 6, 6, 6, 2, 4, 2, 2, 4, 2, 6, 4]], 0.9116544723510742]
[[5, [8, 4, 6, 6, 8, 6, 2, 6, 6, 6, 6, 4, 8, 4, 2, 2, 6, 6, 4]], 0.9214085340499878]
[[7, [2, 8, 4, 8, 6, 6, 2, 4, 8, 6, 4, 2, 4, 6, 2, 4, 2, 2, 4]], 0.9753563404083252]
[[5, [6, 4, 8, 4, 6, 6, 2, 8, 2, 6, 4, 2, 4, 8, 2, 4, 2, 6, 4]], 0.9144548773765564]
[[1, [6, 4, 2, 4, 6, 2, 2, 8, 6, 6, 4, 2, 4, 6, 2, 8, 2, 6, 2]], 0.7886592149734497]
[[0, [6, 8, 8, 4, 4, 6, 2, 8, 6, 6, 4, 2, 4, 8, 2, 4, 2, 6, 4]], 0.7849990725517273]
[[3, [6, 2, 8, 4, 4, 6, 2, 8, 6, 6, 4, 6, 4, 4, 2, 4, 2, 6, 6]], 0.8390926122665405]
[[2, [6, 4, 8, 6, 8, 6, 2, 2, 6, 6, 6, 4, 6, 4, 4, 2, 2, 6, 4]], 0.8432602882385254]
[[5, [6, 4, 8, 4, 2, 6, 4, 8, 6, 8, 4, 2, 4, 8, 2, 4, 2, 6, 4]], 0.8816112279891968]
[[5, [6, 4, 8, 6, 6, 8, 2, 6, 6, 6, 8, 2, 8, 6, 2, 4, 2, 6, 4]], 0.9274567365646362]
[[5, [6, 2, 8, 8, 6, 4, 2, 8, 6, 6, 4, 2, 4, 2, 2, 4, 2, 6, 4]], 0.8987008929252625]
[[5, [6, 4, 6, 4, 6, 6, 4, 8, 6, 6, 4, 2, 8, 8, 2, 4, 2, 8, 4]], 0.9161080121994019]
[[5, [2, 4, 8, 6, 6, 6, 2, 8, 2, 6, 4, 2, 4, 8, 2, 4, 8, 6, 4]], 0.9170933961868286]
[[3, [6, 4, 8, 4, 6, 6, 6, 8, 6, 6, 4, 2, 6, 8, 2, 4, 2, 6, 4]], 0.8090242743492126]
[[4, [6, 4, 8, 6, 8, 6, 2, 2, 6, 8, 6, 2, 2, 4, 2, 2, 2, 6, 4]], 0.8896036148071289]
[[7, [6, 4, 8, 4, 8, 6, 2, 6, 6, 2, 2, 2, 4, 8, 2, 6, 2, 4, 6]], 0.9824748039245605]
[[3, [6, 4, 8, 4, 6, 6, 6, 6, 2, 6, 4, 2, 4, 4, 2, 4, 2, 6, 4]], 0.7848852872848511]
[[5, [6, 4, 6, 4, 6, 8, 6, 8, 6, 6, 4, 4, 4, 8, 8, 4, 4, 2, 4]], 0.9046807289123535]
[[5, [6, 4, 2, 4, 6, 6, 2, 8, 2, 4, 2, 2, 4, 8, 2, 4, 2, 6, 4]], 0.9723562002182007]
[[5, [6, 4, 4, 4, 6, 6, 2, 8, 8, 6, 4, 2, 4, 8, 2, 4, 2, 6, 4]], 0.9283437132835388]
[[2, [6, 2, 8, 8, 6, 6, 6, 4, 6, 6, 4, 2, 4, 8, 2, 4, 8, 6, 2]], 0.8197385668754578]
[[5, [6, 4, 8, 6, 6, 6, 2, 8, 6, 6, 8, 2, 4, 8, 2, 6, 2, 6, 2]], 0.9254357218742371]
[[5, [6, 6, 8, 4, 8, 6, 2, 2, 6, 6, 4, 2, 4, 8, 2, 4, 2, 6, 4]], 0.8986741900444031]
[[5, [4, 4, 8, 4, 6, 6, 2, 8, 2, 6, 4, 2, 4, 8, 2, 4, 8, 4, 4]], 0.9126003980636597]
[[5, [6, 6, 6, 4, 2, 6, 2, 6, 6, 6, 8, 8, 4, 4, 2, 2, 6, 4, 2]], 0.9179922342300415]
[[5, [6, 4, 4, 4, 6, 6, 2, 8, 6, 6, 2, 8, 6, 8, 2, 8, 2, 6, 4]], 0.9441377520561218]
[[5, [6, 4, 8, 6, 8, 6, 8, 6, 6, 4, 6, 6, 4, 4, 2, 2, 2, 6, 6]], 0.9052810072898865]
[[3, [6, 4, 8, 4, 6, 8, 2, 8, 4, 4, 4, 2, 4, 6, 2, 2, 2, 6, 2]], 0.8429781198501587]
[[0, [6, 4, 8, 6, 8, 6, 2, 6, 6, 6, 6, 2, 4, 6, 2, 2, 2, 6, 4]], 0.789040207862854]
[[5, [6, 4, 2, 4, 6, 6, 2, 8, 6, 6, 4, 2, 4, 8, 2, 4, 2, 8, 6]], 0.9225978851318359]
[[1, [6, 4, 8, 4, 6, 6, 4, 8, 8, 6, 4, 2, 8, 6, 2, 4, 2, 2, 4]], 0.7929970622062683]
[[5, [6, 4, 6, 4, 8, 6, 2, 8, 6, 2, 2, 8, 4, 8, 2, 4, 2, 4, 4]], 0.9484070539474487]
[[6, [6, 4, 8, 8, 8, 6, 2, 6, 6, 6, 6, 2, 4, 4, 8, 2, 8, 6, 4]], 0.9402613639831543]
[[2, [6, 4, 8, 4, 6, 6, 2, 2, 8, 6, 4, 2, 6, 4, 2, 4, 2, 6, 4]], 0.840467631816864]
[[5, [6, 4, 6, 6, 8, 6, 2, 6, 6, 6, 6, 2, 4, 8, 2, 2, 2, 6, 4]], 0.9275946021080017]
[[5, [8, 4, 8, 6, 8, 6, 8, 6, 4, 6, 4, 2, 4, 8, 2, 8, 2, 6, 4]], 0.9176135063171387]
[[3, [6, 4, 8, 4, 4, 2, 2, 8, 4, 8, 4, 6, 4, 8, 2, 4, 4, 4, 4]], 0.8778292536735535]
[[2, [8, 4, 8, 6, 8, 6, 2, 6, 6, 6, 2, 2, 4, 4, 2, 2, 2, 8, 4]], 0.8402643203735352]
[[5, [4, 4, 8, 4, 6, 6, 2, 8, 6, 6, 4, 2, 6, 8, 2, 4, 2, 6, 4]], 0.9290180206298828]
[[5, [6, 4, 8, 4, 6, 6, 2, 8, 8, 6, 4, 2, 4, 4, 2, 4, 2, 6, 4]], 0.9290099143981934]
[[5, [6, 4, 8, 8, 4, 6, 8, 4, 6, 6, 2, 2, 4, 8, 2, 4, 2, 6, 4]], 0.9631763696670532]
[[6, [4, 2, 8, 4, 4, 8, 2, 4, 6, 6, 4, 2, 6, 2, 2, 4, 2, 6, 4]], 0.9541171789169312]
[[5, [6, 4, 6, 4, 6, 6, 2, 8, 8, 6, 4, 2, 8, 8, 2, 2, 2, 4, 4]], 0.9295190572738647]
[[5, [6, 4, 4, 4, 6, 6, 2, 8, 6, 6, 6, 6, 6, 8, 6, 4, 6, 6, 8]], 0.9250689744949341]
[[5, [6, 4, 2, 4, 6, 6, 8, 8, 2, 6, 4, 2, 4, 8, 2, 4, 2, 6, 8]], 0.9007023572921753]
[[2, [6, 4, 8, 4, 4, 6, 8, 8, 6, 8, 4, 2, 4, 8, 2, 4, 8, 4, 4]], 0.8045786619186401]
[[7, [4, 4, 8, 4, 6, 6, 2, 8, 6, 6, 4, 2, 6, 8, 2, 4, 2, 8, 4]], 0.9700632095336914]
[[5, [8, 6, 6, 4, 6, 4, 2, 8, 4, 6, 4, 2, 2, 8, 2, 4, 2, 6, 4]], 0.9146789312362671]
[[2, [4, 8, 8, 8, 6, 6, 2, 8, 6, 6, 4, 2, 6, 2, 2, 4, 2, 6, 6]], 0.8143028616905212]
[[5, [4, 4, 8, 4, 6, 2, 2, 8, 6, 6, 6, 2, 6, 8, 2, 4, 2, 6, 4]], 0.9078235626220703]
[[5, [4, 4, 8, 4, 8, 6, 6, 8, 6, 6, 4, 2, 6, 6, 2, 4, 2, 6, 4]], 0.9189045429229736]
[[5, [4, 4, 8, 4, 6, 6, 2, 2, 6, 6, 8, 2, 6, 6, 2, 8, 2, 6, 4]], 0.8982452154159546]
[[5, [6, 2, 8, 4, 6, 6, 2, 8, 8, 6, 4, 4, 2, 2, 4, 6, 2, 4, 4]], 0.8812394142150879]
[[5, [6, 4, 6, 4, 6, 6, 2, 8, 8, 6, 2, 2, 8, 8, 2, 4, 2, 6, 4]], 0.965218186378479]
[[7, [2, 4, 8, 4, 2, 6, 2, 8, 6, 6, 8, 2, 6, 8, 2, 6, 4, 4, 4]], 0.9716706275939941]
[[5, [4, 6, 8, 4, 2, 6, 8, 6, 6, 6, 4, 2, 2, 6, 2, 8, 8, 6, 4]], 0.8888508677482605]
[[5, [4, 8, 8, 8, 8, 6, 2, 8, 6, 6, 4, 2, 6, 8, 2, 4, 8, 6, 8]], 0.9240530729293823]
[[5, [6, 4, 8, 4, 8, 6, 2, 4, 6, 6, 2, 2, 6, 8, 2, 4, 2, 2, 4]], 0.965489387512207]
[[3, [6, 4, 8, 4, 6, 6, 4, 8, 6, 6, 4, 2, 8, 8, 2, 4, 2, 6, 4]], 0.8105508089065552]
[[1, [4, 4, 8, 4, 6, 6, 4, 2, 6, 6, 4, 4, 6, 8, 2, 4, 2, 6, 4]], 0.7928498983383179]
[[5, [6, 4, 6, 4, 6, 6, 2, 8, 6, 6, 4, 2, 4, 8, 2, 4, 2, 6, 4]], 0.9289476275444031]
[[7, [6, 4, 6, 2, 6, 6, 2, 4, 2, 6, 4, 6, 8, 8, 2, 4, 2, 6, 4]], 0.9753171801567078]
[[5, [6, 4, 8, 4, 6, 6, 2, 8, 4, 6, 4, 8, 6, 8, 2, 4, 2, 2, 2]], 0.9240478277206421]
[[3, [8, 4, 8, 6, 6, 4, 2, 8, 6, 6, 4, 2, 4, 6, 2, 4, 2, 6, 2]], 0.8390299081802368]
[[5, [6, 8, 8, 6, 8, 6, 2, 6, 6, 6, 4, 2, 4, 4, 2, 2, 2, 6, 4]], 0.9244458079338074]
[[2, [6, 4, 8, 6, 8, 2, 2, 8, 6, 2, 6, 2, 4, 4, 2, 4, 2, 6, 4]], 0.8786334991455078]
[[5, [6, 4, 8, 4, 6, 6, 2, 2, 6, 6, 2, 2, 4, 6, 2, 4, 2, 8, 6]], 0.9655108451843262]
[[5, [4, 6, 8, 2, 6, 6, 2, 8, 6, 6, 8, 2, 6, 2, 2, 2, 2, 6, 6]], 0.9102514982223511]
[[3, [4, 4, 8, 4, 4, 8, 2, 8, 8, 6, 4, 2, 6, 8, 2, 4, 2, 6, 4]], 0.8421403765678406]
[[5, [4, 4, 8, 4, 6, 6, 2, 8, 8, 6, 4, 2, 4, 2, 2, 8, 2, 6, 4]], 0.9077131152153015]
[[5, [4, 8, 2, 2, 6, 4, 2, 8, 8, 2, 2, 4, 6, 8, 2, 4, 2, 6, 4]], 0.9473320841789246]
[[1, [6, 2, 8, 4, 6, 6, 8, 8, 4, 2, 4, 6, 4, 4, 8, 4, 2, 6, 4]], 0.7929288744926453]
[[4, [4, 4, 6, 8, 6, 6, 2, 8, 6, 6, 4, 4, 6, 8, 2, 4, 2, 6, 4]], 0.8906532526016235]
[[5, [6, 4, 4, 4, 6, 4, 2, 8, 4, 6, 2, 2, 4, 6, 8, 8, 2, 6, 6]], 0.9657511115074158]
[[5, [6, 4, 2, 4, 6, 6, 2, 8, 4, 8, 4, 2, 4, 8, 2, 2, 2, 2, 2]], 0.9224256873130798]
[[5, [4, 4, 8, 4, 6, 6, 2, 2, 6, 6, 2, 6, 6, 8, 2, 4, 2, 8, 4]], 0.952232837677002]
[[5, [6, 4, 8, 4, 6, 6, 2, 6, 2, 4, 4, 2, 4, 8, 2, 4, 2, 6, 6]], 0.9103633761405945]
[[0, [4, 4, 8, 4, 6, 2, 2, 8, 6, 6, 4, 6, 6, 8, 2, 2, 2, 6, 4]], 0.7889525294303894]
[[5, [6, 4, 8, 4, 6, 8, 2, 8, 6, 6, 4, 8, 4, 8, 6, 4, 2, 6, 4]], 0.9242150783538818]
[[3, [2, 2, 8, 4, 6, 6, 2, 2, 2, 6, 2, 2, 4, 8, 8, 6, 2, 6, 8]], 0.8260475993156433]
[[5, [6, 4, 8, 2, 6, 6, 2, 2, 6, 8, 4, 2, 2, 8, 8, 4, 2, 6, 8]], 0.8991250991821289]
[[7, [4, 4, 8, 4, 8, 6, 2, 8, 6, 8, 4, 6, 6, 8, 2, 4, 2, 4, 4]], 0.9702932238578796]
[[7, [4, 8, 8, 6, 6, 6, 8, 6, 2, 6, 4, 2, 6, 8, 8, 4, 2, 6, 4]], 1.195481300354004]
[[0, [4, 4, 8, 4, 8, 6, 2, 8, 6, 6, 8, 8, 2, 8, 2, 4, 2, 6, 4]], 0.7889879941940308]
[[5, [6, 8, 6, 6, 4, 6, 2, 6, 6, 6, 2, 2, 4, 4, 2, 2, 2, 2, 2]], 0.9676253199577332]
[[1, [4, 4, 2, 8, 4, 8, 4, 8, 6, 6, 4, 2, 6, 8, 8, 4, 2, 8, 6]], 0.7898818850517273]
[[5, [4, 4, 8, 4, 6, 6, 2, 4, 6, 6, 4, 2, 6, 8, 2, 2, 8, 2, 8]], 0.9243770837783813]
[[5, [6, 6, 2, 4, 8, 6, 2, 8, 4, 6, 4, 2, 4, 4, 2, 4, 2, 6, 4]], 0.9196354150772095]
[[5, [6, 4, 2, 8, 2, 6, 2, 2, 2, 6, 6, 2, 4, 4, 8, 2, 2, 8, 4]], 0.9590279459953308]
[[5, [4, 6, 8, 4, 8, 6, 2, 8, 2, 6, 4, 8, 6, 8, 2, 4, 2, 6, 4]], 0.8970690965652466]
[[5, [6, 4, 8, 4, 6, 6, 2, 8, 8, 6, 4, 2, 4, 8, 2, 4, 2, 6, 4]], 0.92523193359375]
[[1, [4, 8, 8, 6, 6, 6, 2, 8, 6, 6, 4, 2, 6, 8, 2, 4, 2, 6, 4]], 0.7881245613098145]
[[5, [2, 4, 8, 8, 6, 6, 2, 8, 2, 2, 4, 2, 4, 4, 2, 2, 4, 6, 4]], 0.9725631475448608]
[[5, [6, 4, 6, 4, 6, 6, 2, 8, 6, 6, 2, 2, 2, 8, 2, 4, 2, 6, 2]], 0.9708227515220642]
[[5, [4, 4, 8, 4, 6, 6, 2, 8, 6, 6, 4, 2, 4, 8, 2, 4, 2, 4, 4]], 0.9247589111328125]
[[4, [6, 4, 8, 4, 6, 6, 2, 8, 8, 6, 8, 2, 2, 2, 2, 4, 2, 6, 4]], 0.9147793650627136]
[[2, [6, 8, 8, 4, 2, 6, 2, 8, 8, 6, 4, 2, 4, 8, 2, 4, 2, 6, 6]], 0.8622826337814331]
[[1, [6, 4, 8, 4, 6, 6, 8, 6, 8, 6, 4, 4, 4, 6, 6, 4, 2, 6, 4]], 0.7929520606994629]
[[5, [4, 4, 8, 4, 6, 2, 2, 8, 8, 6, 2, 2, 6, 8, 2, 8, 2, 6, 8]], 0.9779056310653687]
[[5, [6, 4, 8, 2, 2, 2, 8, 8, 6, 2, 4, 2, 4, 4, 2, 2, 2, 8, 4]], 0.9748475551605225]
[[5, [4, 4, 8, 4, 6, 6, 2, 2, 6, 6, 4, 2, 8, 8, 4, 4, 2, 6, 4]], 0.8983420133590698]
[[5, [6, 4, 4, 4, 2, 6, 2, 8, 6, 6, 4, 2, 4, 8, 6, 4, 6, 6, 6]], 0.9411225318908691]
[[5, [6, 4, 8, 4, 6, 6, 2, 8, 8, 6, 4, 2, 4, 4, 2, 4, 2, 8, 4]], 0.9291753172874451]
[[2, [6, 2, 4, 4, 2, 2, 2, 8, 4, 6, 4, 6, 8, 4, 2, 4, 8, 8, 4]], 0.8880596160888672]
[[1, [6, 4, 2, 4, 6, 6, 6, 8, 6, 4, 4, 2, 4, 8, 2, 4, 2, 6, 8]], 0.7884518504142761]
[[3, [4, 4, 8, 8, 6, 6, 2, 4, 8, 6, 4, 2, 6, 8, 2, 4, 2, 6, 4]], 0.841472864151001]
[[5, [6, 4, 8, 4, 6, 6, 2, 8, 6, 4, 4, 4, 4, 8, 2, 4, 8, 6, 4]], 0.9195466041564941]
[[5, [6, 8, 8, 4, 6, 6, 2, 8, 8, 4, 6, 2, 4, 6, 2, 2, 2, 8, 4]], 0.9247903823852539]
[[7, [6, 4, 8, 4, 6, 6, 4, 8, 8, 6, 8, 2, 4, 4, 2, 4, 2, 8, 4]], 0.9559371471405029]
[[5, [8, 4, 8, 8, 6, 6, 2, 8, 6, 6, 4, 2, 4, 8, 2, 4, 6, 6, 4]], 0.9273034930229187]
[[5, [6, 4, 8, 4, 6, 6, 2, 8, 4, 6, 2, 2, 4, 8, 2, 8, 2, 6, 4]], 0.9654269218444824]
[[5, [6, 4, 2, 4, 2, 6, 2, 2, 6, 2, 6, 2, 4, 8, 8, 4, 2, 6, 4]], 0.9760313034057617]
[[5, [4, 4, 8, 4, 6, 6, 6, 8, 8, 6, 2, 2, 4, 4, 2, 4, 2, 8, 4]], 0.9622377753257751]
[[5, [6, 4, 8, 4, 6, 6, 2, 8, 8, 6, 4, 2, 2, 4, 8, 4, 2, 8, 4]], 0.9134203195571899]
[[5, [6, 8, 2, 4, 6, 6, 8, 8, 8, 6, 6, 2, 4, 6, 6, 4, 2, 6, 8]], 0.9151484966278076]
[[5, [4, 6, 8, 4, 6, 6, 4, 8, 2, 6, 4, 2, 6, 8, 2, 4, 6, 2, 4]], 0.9038076400756836]
[[5, [6, 4, 8, 4, 8, 6, 2, 8, 6, 6, 6, 6, 4, 4, 2, 4, 2, 6, 2]], 0.9248977899551392]
[[6, [6, 4, 8, 4, 6, 8, 2, 8, 6, 6, 4, 8, 4, 8, 8, 4, 2, 8, 4]], 0.9616755843162537]
[[5, [6, 4, 8, 6, 6, 6, 2, 8, 8, 4, 4, 6, 4, 4, 2, 4, 2, 6, 4]], 0.9223474860191345]
[[5, [6, 4, 8, 4, 6, 6, 2, 8, 8, 4, 8, 2, 4, 4, 8, 8, 2, 8, 4]], 0.9238628149032593]
[[5, [6, 4, 6, 4, 6, 8, 2, 8, 8, 6, 4, 8, 4, 2, 2, 4, 2, 2, 4]], 0.8943183422088623]
[[0, [6, 4, 2, 4, 2, 4, 2, 8, 8, 6, 4, 2, 4, 4, 2, 4, 2, 8, 4]], 0.7890416979789734]
[[1, [6, 4, 8, 4, 6, 6, 2, 8, 2, 6, 4, 2, 4, 8, 2, 4, 2, 2, 4]], 0.7929898500442505]
[[5, [6, 4, 8, 4, 6, 6, 2, 8, 6, 4, 4, 2, 4, 8, 2, 4, 2, 6, 4]], 0.9273659586906433]
[[5, [6, 6, 8, 4, 6, 6, 2, 8, 6, 6, 4, 2, 4, 8, 2, 4, 2, 8, 8]], 0.9262775182723999]
[[5, [6, 8, 8, 6, 8, 6, 2, 6, 6, 6, 6, 2, 8, 4, 4, 8, 2, 6, 4]], 0.9269938468933105]
[[7, [6, 4, 8, 2, 6, 6, 2, 8, 6, 6, 8, 2, 6, 6, 2, 4, 6, 2, 4]], 0.96934974193573]
[[5, [6, 4, 8, 4, 6, 6, 6, 8, 8, 2, 4, 2, 4, 4, 8, 4, 2, 8, 4]], 0.9612463712692261]
[[5, [8, 4, 8, 8, 6, 6, 6, 8, 6, 6, 4, 8, 4, 8, 2, 4, 6, 6, 4]], 0.9083184599876404]
[[7, [6, 4, 8, 4, 2, 2, 2, 8, 8, 6, 2, 2, 4, 6, 4, 4, 4, 8, 4]], 0.9790645837783813]
[[1, [2, 4, 8, 4, 6, 6, 2, 4, 6, 6, 4, 2, 4, 8, 4, 4, 4, 6, 4]], 0.7857322096824646]
[[5, [6, 4, 8, 4, 6, 6, 2, 8, 6, 6, 4, 4, 2, 8, 2, 4, 2, 4, 4]], 0.8944164514541626]
[[6, [6, 4, 8, 4, 6, 6, 2, 8, 6, 6, 8, 2, 4, 8, 2, 4, 2, 4, 4]], 0.965948760509491]
[[5, [4, 4, 8, 4, 6, 6, 2, 4, 8, 6, 4, 2, 4, 4, 6, 4, 2, 8, 2]], 0.926298975944519]
[[5, [6, 4, 8, 4, 4, 6, 2, 8, 6, 6, 4, 2, 4, 6, 8, 4, 2, 8, 4]], 0.9262194037437439]
[[5, [6, 8, 8, 4, 2, 6, 2, 4, 6, 6, 4, 2, 4, 4, 2, 4, 8, 8, 4]], 0.9308263659477234]
[[5, [6, 4, 4, 4, 6, 8, 2, 2, 8, 6, 6, 6, 4, 6, 4, 8, 2, 8, 4]], 0.8832613229751587]
[[5, [4, 2, 8, 6, 6, 6, 4, 2, 6, 6, 4, 2, 6, 8, 6, 4, 2, 6, 6]], 0.897951602935791]
[[5, [6, 4, 8, 6, 6, 4, 4, 6, 6, 6, 4, 2, 6, 2, 2, 4, 2, 6, 4]], 0.8997892141342163]
[[5, [6, 8, 8, 4, 2, 6, 8, 8, 8, 6, 4, 2, 4, 4, 2, 4, 2, 8, 2]], 0.8917483687400818]
[[5, [6, 6, 8, 2, 6, 6, 2, 8, 8, 6, 4, 2, 4, 8, 2, 4, 2, 6, 4]], 0.9217104315757751]
[[5, [6, 4, 8, 4, 6, 6, 2, 8, 8, 6, 4, 2, 8, 4, 2, 4, 2, 8, 4]], 0.9266109466552734]
[[1, [4, 4, 8, 2, 6, 8, 8, 8, 8, 6, 4, 2, 2, 8, 2, 2, 6, 8, 4]], 0.7931241989135742]
[[1, [6, 4, 8, 4, 6, 6, 2, 8, 6, 6, 4, 4, 4, 8, 2, 4, 2, 6, 8]], 0.7929698824882507]
[[5, [4, 4, 8, 4, 4, 6, 2, 8, 8, 4, 6, 2, 4, 4, 2, 8, 2, 8, 4]], 0.9210318326950073]
[[5, [6, 4, 8, 4, 6, 6, 2, 8, 6, 6, 4, 8, 4, 4, 2, 4, 2, 6, 4]], 0.9245092868804932]
[[5, [6, 2, 8, 4, 6, 4, 2, 8, 6, 6, 6, 2, 4, 8, 2, 4, 6, 6, 4]], 0.9187356233596802]
[[5, [6, 4, 8, 4, 6, 6, 2, 4, 6, 6, 4, 6, 4, 2, 2, 6, 6, 2, 8]], 0.8933954238891602]
[[3, [6, 4, 8, 6, 4, 6, 2, 8, 8, 6, 4, 8, 4, 4, 6, 4, 2, 6, 6]], 0.8473591804504395]
[[0, [6, 4, 8, 8, 6, 6, 2, 8, 6, 4, 6, 2, 6, 8, 2, 4, 2, 4, 4]], 0.7890124320983887]
[[0, [6, 4, 4, 4, 8, 6, 2, 8, 8, 6, 4, 2, 4, 6, 2, 4, 2, 4, 4]], 0.789078414440155]
[[6, [6, 4, 8, 2, 6, 6, 2, 6, 6, 6, 4, 4, 4, 8, 2, 2, 2, 6, 4]], 0.961896538734436]
[[5, [8, 4, 8, 6, 6, 2, 2, 4, 2, 6, 4, 2, 2, 4, 4, 4, 2, 8, 4]], 0.9210367202758789]
[[5, [6, 4, 8, 4, 8, 6, 2, 8, 6, 6, 4, 2, 4, 8, 8, 4, 2, 6, 4]], 0.9253290891647339]
[[4, [6, 4, 8, 4, 4, 6, 2, 8, 6, 4, 4, 2, 8, 8, 2, 4, 2, 6, 6]], 0.9066311120986938]
[[1, [6, 8, 2, 4, 6, 6, 2, 8, 6, 6, 4, 6, 4, 8, 2, 4, 2, 6, 2]], 0.7859716415405273]
[[2, [4, 4, 8, 6, 6, 6, 2, 4, 6, 6, 4, 2, 6, 8, 2, 4, 4, 6, 4]], 0.8390346765518188]
[[5, [4, 4, 8, 4, 6, 8, 2, 8, 6, 6, 4, 2, 6, 8, 2, 4, 4, 6, 4]], 0.9290844798088074]
[[3, [6, 4, 8, 4, 6, 6, 2, 8, 6, 6, 4, 2, 4, 8, 2, 4, 2, 6, 4]], 0.8421210050582886]
[[5, [6, 2, 8, 4, 6, 6, 2, 2, 6, 6, 4, 2, 4, 8, 2, 8, 2, 6, 8]], 0.8858680725097656]
[[7, [4, 2, 8, 6, 6, 6, 2, 8, 6, 4, 2, 2, 6, 8, 2, 4, 2, 2, 4]], 0.9772167205810547]
[[3, [2, 4, 2, 2, 2, 6, 2, 2, 6, 6, 2, 6, 4, 8, 6, 4, 2, 6, 4]], 0.8714761734008789]
[[1, [6, 4, 8, 4, 2, 6, 2, 8, 8, 6, 4, 2, 4, 4, 2, 4, 8, 8, 4]], 0.7929598093032837]
[[2, [6, 4, 4, 2, 6, 6, 2, 2, 6, 6, 4, 6, 2, 8, 2, 4, 2, 6, 4]], 0.8355256915092468]
[[5, [6, 4, 2, 4, 6, 6, 8, 8, 6, 6, 6, 2, 8, 8, 2, 4, 6, 4, 4]], 0.9115451574325562]
[[5, [6, 4, 8, 2, 6, 8, 8, 8, 2, 6, 4, 2, 4, 8, 4, 4, 4, 2, 4]], 0.8915554881095886]
[[2, [6, 6, 8, 4, 6, 6, 2, 8, 8, 6, 6, 2, 4, 4, 2, 4, 2, 8, 4]], 0.8149763941764832]
[[1, [6, 4, 8, 4, 6, 6, 2, 8, 6, 6, 4, 8, 4, 8, 2, 4, 2, 6, 8]], 0.7930159568786621]
[[5, [4, 4, 8, 4, 6, 6, 2, 8, 8, 6, 4, 2, 4, 4, 2, 4, 2, 8, 4]], 0.925661563873291]
[[6, [6, 4, 8, 4, 4, 6, 2, 2, 4, 6, 4, 2, 4, 4, 6, 4, 2, 8, 4]], 0.9558160305023193]
[[6, [6, 4, 8, 4, 4, 6, 2, 2, 2, 6, 6, 2, 4, 2, 6, 4, 6, 2, 4]], 0.9320505857467651]
[[6, [8, 6, 4, 4, 4, 6, 6, 4, 2, 6, 6, 2, 4, 2, 4, 4, 6, 2, 4]], 0.9302815198898315]
[[6, [6, 4, 8, 4, 4, 4, 2, 2, 8, 6, 4, 2, 8, 4, 6, 4, 2, 8, 4]], 0.9549166560173035]
[[6, [6, 8, 8, 4, 4, 6, 2, 2, 4, 6, 4, 2, 4, 4, 4, 4, 2, 8, 4]], 0.9573491811752319]
[[1, [6, 4, 8, 4, 4, 4, 2, 6, 4, 6, 4, 2, 4, 4, 6, 8, 2, 8, 4]], 0.7930287718772888]
[[6, [6, 4, 6, 4, 8, 6, 2, 4, 2, 6, 2, 2, 4, 6, 6, 4, 6, 2, 6]], 0.974980354309082]
[[5, [4, 4, 2, 4, 4, 6, 2, 2, 8, 2, 4, 2, 4, 4, 6, 4, 6, 8, 4]], 0.9728422164916992]
[[6, [6, 8, 8, 4, 4, 4, 2, 2, 4, 6, 4, 4, 2, 6, 4, 4, 2, 8, 4]], 0.9479621648788452]
[[4, [6, 4, 8, 4, 4, 6, 2, 2, 4, 6, 2, 6, 4, 4, 6, 4, 6, 8, 4]], 0.9443682432174683]
[[6, [4, 4, 8, 4, 4, 6, 2, 4, 4, 6, 4, 2, 4, 4, 6, 4, 2, 4, 4]], 0.9578655958175659]
[[3, [4, 4, 8, 4, 4, 6, 2, 4, 4, 2, 2, 6, 4, 4, 8, 4, 2, 4, 4]], 0.842078447341919]
[[6, [4, 4, 2, 8, 4, 6, 2, 4, 4, 6, 4, 2, 4, 4, 6, 8, 2, 4, 4]], 0.9602267146110535]
[[6, [4, 8, 8, 4, 4, 6, 4, 4, 4, 6, 4, 2, 4, 4, 6, 4, 2, 4, 8]], 0.9571374654769897]
[[6, [6, 4, 8, 4, 4, 2, 4, 2, 2, 6, 6, 6, 4, 2, 6, 4, 6, 2, 4]], 0.8404130935668945]
[[6, [2, 2, 8, 4, 4, 6, 2, 8, 4, 6, 4, 2, 8, 4, 6, 4, 2, 4, 4]], 0.9574183821678162]
[[6, [6, 4, 8, 4, 4, 6, 2, 2, 4, 6, 4, 2, 8, 4, 6, 4, 2, 4, 8]], 0.9559385180473328]
[[6, [6, 4, 8, 4, 4, 6, 2, 2, 4, 6, 8, 6, 4, 4, 6, 4, 2, 8, 4]], 0.9563674330711365]
[[6, [4, 8, 8, 4, 4, 4, 2, 4, 4, 8, 4, 2, 8, 4, 6, 4, 2, 8, 8]], 0.9612288475036621]
[[6, [6, 2, 8, 4, 4, 6, 2, 2, 4, 6, 4, 2, 4, 4, 6, 4, 2, 8, 4]], 0.9432859420776367]
[[0, [6, 8, 8, 4, 4, 4, 2, 2, 4, 6, 4, 4, 2, 6, 4, 4, 4, 8, 4]], 0.7849979400634766]
[[6, [6, 4, 8, 4, 4, 2, 4, 2, 4, 6, 4, 4, 4, 8, 6, 4, 2, 6, 4]], 0.9370006322860718]
[[3, [6, 4, 8, 2, 4, 6, 2, 2, 8, 6, 4, 2, 6, 2, 6, 4, 2, 8, 8]], 0.8454222083091736]
[[7, [4, 4, 2, 4, 4, 6, 2, 4, 4, 4, 4, 2, 4, 4, 6, 4, 8, 8, 2]], 0.9846749305725098]
[[6, [6, 4, 8, 2, 4, 8, 2, 2, 4, 6, 6, 2, 4, 4, 6, 6, 6, 2, 4]], 0.9438589811325073]
[[7, [4, 4, 8, 4, 4, 6, 2, 4, 4, 4, 4, 4, 8, 4, 6, 6, 2, 4, 6]], 1.087957739830017]
[[6, [4, 2, 8, 4, 4, 6, 2, 8, 2, 6, 4, 2, 2, 4, 6, 8, 2, 8, 8]], 0.939498782157898]
[[6, [6, 4, 2, 4, 4, 6, 6, 2, 4, 6, 6, 2, 4, 4, 8, 6, 6, 6, 4]], 0.9412595629692078]
[[4, [6, 4, 8, 4, 4, 6, 2, 2, 4, 6, 4, 2, 4, 4, 6, 4, 2, 2, 4]], 0.8769916296005249]
[[0, [6, 4, 2, 4, 4, 6, 2, 2, 8, 6, 4, 2, 4, 4, 6, 4, 2, 8, 4]], 0.7890421748161316]
[[7, [6, 8, 8, 8, 4, 4, 2, 8, 4, 4, 4, 4, 4, 8, 4, 4, 8, 8, 4]], 1.2297916412353516]
[[6, [4, 8, 8, 8, 4, 8, 8, 2, 4, 2, 4, 2, 4, 4, 4, 4, 4, 8, 4]], 0.9732834696769714]
[[6, [4, 4, 4, 8, 4, 6, 2, 4, 8, 6, 8, 2, 4, 8, 6, 4, 2, 6, 8]], 0.9583565592765808]
[[6, [4, 4, 8, 6, 4, 6, 4, 4, 6, 6, 4, 4, 4, 8, 6, 8, 6, 4, 4]], 0.942788302898407]
[[6, [8, 8, 8, 6, 4, 4, 4, 2, 4, 6, 4, 4, 2, 6, 4, 4, 2, 8, 4]], 0.9489477872848511]
[[6, [6, 4, 8, 4, 4, 2, 2, 2, 4, 6, 4, 2, 4, 4, 6, 4, 4, 8, 4]], 0.9282615184783936]
[[1, [2, 8, 8, 2, 4, 6, 2, 2, 4, 6, 4, 8, 6, 4, 4, 4, 4, 8, 4]], 0.7980784773826599]
[[0, [6, 2, 8, 4, 4, 8, 2, 2, 2, 6, 4, 4, 2, 6, 4, 6, 2, 8, 4]], 0.7915483713150024]
[[4, [6, 8, 8, 4, 4, 6, 2, 2, 4, 6, 4, 6, 6, 4, 2, 4, 2, 8, 4]], 0.8666629791259766]
[[6, [4, 2, 8, 2, 6, 6, 2, 6, 2, 6, 4, 2, 4, 4, 6, 4, 2, 4, 2]], 0.9531563520431519]
[[3, [4, 2, 8, 4, 2, 6, 2, 4, 4, 6, 4, 2, 4, 2, 6, 2, 8, 4, 8]], 0.8741511106491089]
[[6, [4, 8, 2, 6, 4, 6, 2, 4, 4, 6, 2, 2, 4, 4, 8, 8, 2, 4, 4]], 0.9768375158309937]
[[4, [8, 4, 2, 4, 4, 6, 2, 4, 4, 6, 4, 2, 8, 4, 6, 8, 2, 8, 4]], 0.9010920524597168]
[[6, [4, 6, 8, 4, 4, 2, 2, 4, 4, 6, 4, 2, 4, 4, 6, 4, 2, 4, 4]], 0.9547195434570312]
[[6, [6, 4, 6, 4, 8, 6, 2, 2, 8, 2, 8, 2, 4, 4, 6, 4, 2, 8, 4]], 0.9749441146850586]
[[6, [6, 4, 8, 4, 4, 6, 2, 2, 4, 6, 4, 2, 4, 4, 6, 4, 2, 8, 8]], 0.9572502970695496]
[[6, [6, 8, 8, 4, 4, 6, 2, 2, 4, 6, 6, 2, 4, 4, 4, 4, 8, 8, 4]], 0.9352431297302246]
[[0, [4, 4, 8, 4, 8, 8, 2, 4, 4, 6, 8, 2, 4, 4, 6, 4, 6, 4, 2]], 0.7890416979789734]
[[6, [6, 4, 6, 4, 4, 6, 2, 2, 4, 6, 4, 2, 4, 4, 6, 4, 2, 6, 8]], 0.9582191705703735]
[[6, [4, 4, 8, 4, 6, 6, 2, 4, 4, 6, 4, 2, 4, 4, 4, 4, 2, 4, 4]], 0.9588698148727417]
[[6, [2, 4, 4, 4, 6, 6, 2, 4, 4, 8, 4, 2, 4, 6, 4, 4, 4, 4, 4]], 0.9310975074768066]
[[6, [6, 4, 4, 4, 4, 6, 2, 2, 4, 6, 4, 2, 2, 6, 6, 4, 2, 2, 4]], 0.9479629397392273]
[[4, [8, 8, 6, 4, 4, 6, 2, 4, 4, 4, 4, 2, 2, 4, 6, 4, 2, 6, 2]], 0.9072749018669128]
[[6, [8, 4, 6, 4, 4, 2, 2, 2, 6, 6, 4, 2, 6, 4, 6, 4, 2, 8, 8]], 0.9305567741394043]
[[5, [6, 6, 6, 4, 4, 6, 6, 2, 4, 4, 4, 2, 4, 4, 2, 4, 2, 6, 8]], 0.8986279368400574]
[[7, [4, 2, 8, 8, 6, 4, 2, 4, 4, 6, 4, 2, 4, 4, 4, 4, 2, 4, 6]], 1.0676361322402954]
[[0, [4, 4, 8, 4, 6, 6, 8, 4, 4, 6, 4, 2, 2, 4, 4, 4, 2, 4, 4]], 0.7890152335166931]
[[6, [6, 4, 6, 4, 4, 8, 4, 2, 4, 6, 4, 2, 4, 8, 6, 4, 8, 6, 8]], 0.9312140345573425]
[[7, [6, 4, 8, 4, 8, 6, 2, 2, 2, 6, 4, 2, 4, 8, 6, 4, 8, 8, 8]], 1.1057851314544678]
[[7, [6, 4, 2, 4, 6, 6, 2, 4, 4, 6, 4, 2, 4, 4, 6, 4, 2, 2, 4]], 1.008826494216919]
[[7, [4, 2, 8, 4, 4, 6, 2, 8, 2, 6, 4, 2, 4, 4, 6, 4, 2, 8, 8]], 1.0691516399383545]
[[0, [4, 4, 8, 4, 2, 6, 6, 2, 4, 6, 6, 2, 4, 6, 6, 4, 2, 4, 4]], 0.789078414440155]
[[6, [6, 2, 8, 4, 4, 4, 8, 8, 4, 6, 4, 2, 2, 4, 2, 4, 2, 8, 8]], 0.9409882426261902]
[[6, [4, 4, 8, 4, 8, 6, 2, 8, 4, 4, 4, 2, 8, 4, 4, 4, 2, 4, 4]], 0.9561619758605957]
[[6, [4, 4, 8, 4, 6, 6, 2, 4, 4, 6, 4, 2, 4, 4, 6, 4, 2, 4, 4]], 0.9592670798301697]
[[6, [2, 4, 2, 4, 4, 6, 2, 2, 4, 6, 2, 2, 4, 4, 2, 4, 8, 6, 8]], 0.977397620677948]
[[6, [6, 4, 8, 6, 4, 6, 2, 8, 4, 6, 4, 2, 4, 2, 6, 4, 2, 6, 8]], 0.954937219619751]
[[6, [6, 4, 8, 4, 6, 6, 2, 4, 2, 6, 6, 6, 4, 4, 6, 4, 2, 4, 4]], 0.9567672610282898]
[[6, [6, 4, 8, 6, 6, 4, 2, 4, 4, 6, 4, 2, 4, 4, 4, 2, 2, 2, 4]], 0.9679076075553894]
[[4, [4, 8, 8, 2, 6, 6, 2, 4, 4, 6, 8, 2, 8, 4, 2, 4, 2, 4, 4]], 0.9040274620056152]
[[6, [6, 4, 2, 4, 4, 6, 2, 2, 4, 6, 4, 8, 4, 4, 4, 4, 2, 6, 8]], 0.9564212560653687]
[[5, [4, 4, 8, 4, 6, 6, 2, 8, 6, 6, 4, 2, 4, 4, 4, 4, 2, 2, 4]], 0.9276534914970398]
[[6, [6, 4, 8, 4, 6, 6, 2, 8, 4, 6, 4, 2, 4, 6, 6, 4, 2, 4, 4]], 0.961115300655365]
[[6, [8, 4, 6, 4, 4, 6, 2, 2, 4, 6, 4, 2, 4, 4, 6, 4, 2, 6, 8]], 0.9576157331466675]
[[6, [6, 4, 2, 4, 4, 6, 4, 8, 4, 6, 4, 8, 4, 4, 4, 4, 6, 8, 8]], 0.9394183158874512]
[[6, [6, 8, 2, 4, 4, 6, 2, 2, 4, 8, 4, 2, 4, 4, 6, 8, 2, 8, 6]], 0.9582831263542175]
[[6, [4, 4, 8, 4, 4, 6, 2, 4, 4, 6, 4, 2, 4, 4, 2, 4, 2, 4, 2]], 0.9584941267967224]
[[3, [4, 4, 8, 4, 6, 6, 8, 4, 4, 6, 6, 2, 4, 4, 4, 6, 2, 4, 4]], 0.8072354793548584]
[[6, [8, 4, 8, 4, 4, 6, 2, 4, 4, 6, 6, 6, 4, 2, 8, 4, 2, 4, 4]], 0.9552764892578125]
[[6, [2, 4, 8, 4, 6, 6, 2, 4, 4, 6, 2, 6, 4, 4, 4, 4, 2, 8, 4]], 0.9632517695426941]
[[6, [4, 6, 4, 4, 6, 8, 2, 4, 4, 2, 2, 2, 2, 4, 8, 4, 2, 4, 4]], 0.9739193916320801]
[[1, [4, 4, 2, 8, 4, 6, 8, 2, 4, 6, 4, 8, 4, 4, 4, 4, 2, 8, 8]], 0.7896930575370789]
[[6, [8, 4, 8, 4, 6, 6, 2, 2, 2, 8, 4, 2, 4, 4, 4, 4, 8, 4, 4]], 0.94031822681427]
[[2, [6, 8, 4, 4, 8, 6, 2, 6, 4, 6, 4, 2, 4, 4, 4, 4, 4, 4, 4]], 0.8076497912406921]
[[2, [4, 4, 8, 4, 6, 8, 2, 8, 4, 6, 4, 8, 4, 4, 4, 2, 8, 4, 2]], 0.8347122669219971]
[[6, [4, 4, 4, 4, 6, 4, 2, 4, 4, 6, 2, 2, 4, 4, 4, 8, 2, 4, 4]], 0.9762314558029175]
[[6, [4, 2, 2, 4, 4, 6, 2, 4, 4, 6, 4, 2, 6, 4, 6, 4, 4, 4, 4]], 0.9284502267837524]
[[6, [4, 2, 8, 4, 4, 6, 2, 4, 8, 6, 6, 2, 4, 4, 6, 4, 2, 4, 4]], 0.956179141998291]
[[4, [4, 4, 8, 6, 6, 6, 2, 4, 4, 6, 4, 2, 4, 4, 4, 4, 2, 4, 2]], 0.9062346816062927]
[[4, [8, 2, 8, 6, 6, 6, 2, 4, 4, 6, 4, 6, 4, 4, 2, 4, 2, 8, 4]], 0.882150411605835]
[[6, [4, 4, 8, 4, 4, 6, 2, 4, 6, 4, 6, 6, 4, 4, 6, 4, 6, 4, 4]], 0.942630410194397]
[[3, [4, 4, 8, 4, 6, 2, 8, 8, 4, 6, 4, 8, 4, 4, 6, 4, 2, 8, 4]], 0.8291549682617188]
[[2, [4, 2, 8, 4, 4, 2, 4, 4, 4, 6, 4, 2, 4, 4, 6, 4, 2, 4, 4]], 0.8348454236984253]
[[4, [2, 4, 2, 4, 6, 6, 2, 4, 4, 8, 4, 8, 4, 4, 4, 8, 4, 4, 4]], 0.8814586400985718]
[[6, [4, 4, 8, 4, 6, 6, 6, 4, 4, 8, 6, 2, 4, 4, 4, 4, 8, 4, 4]], 0.9377257227897644]
[[6, [8, 6, 6, 6, 4, 8, 2, 2, 4, 6, 4, 2, 4, 4, 6, 4, 8, 6, 8]], 0.9359811544418335]
[[6, [6, 6, 2, 4, 8, 6, 2, 4, 4, 6, 2, 2, 4, 4, 6, 4, 8, 6, 8]], 0.9749995470046997]
[[6, [4, 4, 8, 4, 4, 6, 2, 2, 4, 4, 4, 8, 4, 4, 6, 2, 8, 4, 4]], 0.9134714603424072]
[[0, [4, 2, 8, 4, 6, 2, 2, 4, 4, 6, 2, 2, 4, 4, 4, 4, 6, 6, 4]], 0.7908154726028442]
[[2, [4, 4, 8, 4, 4, 6, 2, 4, 4, 6, 4, 2, 6, 4, 6, 2, 2, 4, 4]], 0.8373093605041504]
[[6, [4, 4, 8, 4, 4, 6, 2, 8, 4, 6, 4, 2, 4, 4, 6, 4, 2, 6, 4]], 0.9588335752487183]
[[4, [4, 4, 8, 4, 4, 6, 2, 4, 4, 4, 4, 6, 8, 4, 6, 4, 2, 4, 4]], 0.8881138563156128]
[[5, [6, 4, 6, 4, 4, 6, 8, 2, 4, 6, 4, 2, 4, 4, 4, 8, 2, 6, 8]], 0.8895819187164307]
[[2, [8, 4, 8, 4, 6, 2, 8, 4, 4, 6, 4, 8, 4, 4, 4, 4, 2, 4, 4]], 0.8193000555038452]
[[6, [4, 4, 2, 2, 6, 2, 2, 4, 4, 6, 4, 8, 4, 4, 4, 4, 2, 4, 8]], 0.9390785098075867]
[[4, [4, 4, 4, 4, 4, 8, 2, 4, 4, 6, 4, 2, 4, 4, 4, 4, 8, 4, 4]], 0.9013735055923462]
[[3, [4, 4, 8, 4, 6, 6, 2, 4, 4, 6, 4, 2, 4, 4, 4, 8, 4, 4, 4]], 0.8400834798812866]
[[6, [4, 4, 8, 8, 6, 6, 2, 2, 6, 6, 4, 6, 4, 4, 4, 4, 6, 8, 4]], 0.9373832941055298]
[[6, [4, 4, 6, 4, 2, 6, 2, 4, 8, 6, 6, 8, 8, 4, 2, 4, 2, 4, 4]], 0.9719494581222534]
[[2, [6, 4, 2, 4, 4, 6, 2, 2, 4, 6, 4, 2, 2, 4, 6, 4, 2, 6, 8]], 0.8338046073913574]
[[6, [8, 8, 8, 4, 2, 6, 2, 4, 4, 6, 4, 2, 4, 6, 4, 4, 2, 4, 4]], 0.9447611570358276]
[[6, [4, 4, 8, 4, 4, 6, 2, 4, 4, 6, 4, 2, 4, 4, 4, 4, 8, 4, 4]], 0.9410993456840515]
[[4, [4, 6, 8, 4, 6, 8, 4, 2, 4, 4, 4, 2, 2, 4, 4, 4, 2, 8, 6]], 0.8899652361869812]
[[0, [2, 2, 6, 4, 6, 6, 2, 4, 4, 6, 4, 2, 4, 4, 4, 4, 2, 4, 4]], 0.7922210693359375]
[[6, [2, 4, 8, 4, 8, 6, 2, 4, 4, 6, 4, 2, 4, 4, 4, 4, 2, 4, 4]], 0.9542257189750671]
[[5, [4, 4, 8, 4, 4, 6, 2, 4, 2, 6, 4, 2, 4, 4, 6, 2, 2, 4, 4]], 0.9073323011398315]
[[1, [6, 6, 8, 2, 8, 6, 2, 2, 4, 6, 4, 2, 6, 4, 6, 4, 4, 6, 2]], 0.7885038256645203]
[[3, [4, 2, 8, 4, 6, 6, 2, 4, 4, 6, 4, 2, 4, 4, 4, 4, 2, 2, 8]], 0.8408150672912598]
[[6, [6, 4, 8, 4, 4, 6, 2, 4, 6, 6, 4, 2, 8, 4, 2, 4, 2, 6, 4]], 0.9615503549575806]
[[6, [4, 4, 8, 4, 4, 4, 2, 4, 4, 6, 8, 2, 8, 8, 6, 4, 8, 8, 4]], 0.941228985786438]
[[0, [6, 6, 4, 8, 4, 6, 8, 2, 4, 4, 6, 2, 4, 6, 6, 4, 2, 8, 6]], 0.7851052284240723]
[[6, [6, 4, 6, 4, 4, 6, 8, 2, 4, 6, 4, 8, 2, 2, 6, 8, 2, 6, 8]], 0.9521989822387695]
[[6, [6, 4, 8, 4, 6, 6, 2, 2, 4, 6, 4, 2, 2, 4, 4, 4, 6, 6, 4]], 0.9186590909957886]
[[6, [2, 6, 8, 4, 6, 6, 2, 4, 4, 2, 4, 2, 6, 4, 4, 4, 2, 4, 6]], 0.9755028486251831]
[[7, [4, 4, 8, 4, 6, 6, 2, 4, 4, 6, 4, 2, 4, 8, 4, 4, 2, 8, 4]], 1.187371015548706]
[[6, [4, 4, 8, 4, 4, 6, 2, 4, 6, 6, 2, 2, 4, 4, 4, 4, 2, 4, 2]], 0.9772539138793945]
[[6, [4, 2, 8, 4, 4, 2, 2, 8, 4, 6, 4, 2, 6, 4, 6, 2, 8, 4, 8]], 0.9635143280029297]
[[6, [4, 4, 8, 4, 4, 6, 2, 8, 4, 6, 4, 6, 8, 4, 6, 4, 2, 4, 4]], 0.9591397047042847]
[[4, [2, 4, 4, 4, 4, 6, 2, 2, 4, 6, 4, 2, 8, 4, 8, 4, 2, 6, 4]], 0.8854588866233826]
[[6, [4, 2, 2, 4, 8, 6, 2, 4, 8, 2, 4, 2, 4, 4, 8, 6, 2, 4, 6]], 0.9746734499931335]
[[7, [6, 2, 4, 4, 4, 6, 2, 2, 4, 6, 8, 2, 2, 2, 6, 4, 2, 6, 8]], 0.9684909582138062]
[[6, [4, 6, 8, 2, 6, 4, 2, 8, 4, 6, 4, 2, 4, 2, 4, 6, 4, 8, 4]], 0.941868782043457]
[[2, [8, 4, 8, 4, 4, 4, 2, 2, 8, 4, 4, 2, 8, 4, 6, 8, 2, 8, 8]], 0.8352696299552917]
[[7, [4, 4, 8, 4, 6, 6, 2, 4, 6, 6, 4, 6, 4, 8, 4, 4, 2, 4, 6]], 1.0900208950042725]
[[4, [4, 6, 8, 4, 4, 6, 2, 4, 4, 2, 4, 2, 4, 6, 6, 6, 4, 6, 4]], 0.9737858176231384]
[[1, [4, 2, 8, 4, 4, 6, 2, 4, 4, 6, 4, 2, 4, 4, 2, 4, 2, 4, 4]], 0.7921422719955444]
[[6, [2, 4, 8, 4, 4, 6, 2, 4, 4, 6, 4, 2, 4, 4, 6, 4, 2, 8, 4]], 0.9569756388664246]
[[6, [4, 4, 8, 8, 6, 4, 2, 8, 6, 6, 4, 2, 8, 6, 2, 4, 8, 4, 4]], 0.95074862241745]
[[7, [6, 4, 6, 4, 4, 6, 2, 6, 4, 6, 8, 2, 4, 4, 6, 4, 8, 6, 8]], 1.1030995845794678]
[[6, [2, 4, 8, 4, 4, 2, 8, 4, 4, 8, 4, 2, 4, 2, 4, 8, 2, 4, 4]], 0.9279320240020752]
[[2, [2, 4, 8, 4, 6, 6, 2, 4, 4, 8, 6, 4, 4, 8, 4, 4, 2, 4, 4]], 0.8331331014633179]
[[6, [4, 4, 8, 4, 6, 6, 2, 4, 4, 6, 4, 2, 4, 6, 4, 4, 8, 6, 4]], 0.9423377513885498]
[[4, [4, 4, 8, 4, 2, 6, 2, 4, 4, 6, 4, 2, 4, 4, 6, 4, 2, 4, 2]], 0.9242968559265137]
[[6, [2, 8, 8, 6, 6, 6, 2, 4, 6, 6, 4, 8, 4, 4, 4, 4, 2, 8, 4]], 0.9565706253051758]
[[6, [6, 4, 6, 4, 4, 6, 2, 2, 2, 8, 4, 2, 4, 4, 4, 6, 2, 8, 8]], 0.959061861038208]
[[7, [6, 4, 2, 4, 4, 8, 2, 2, 4, 8, 6, 2, 4, 4, 8, 6, 2, 8, 8]], 1.076125979423523]
[[6, [4, 4, 6, 4, 6, 6, 2, 4, 4, 6, 4, 8, 4, 4, 4, 4, 6, 2, 6]], 0.9441496133804321]
[[2, [6, 4, 6, 4, 4, 6, 2, 2, 2, 8, 8, 2, 4, 4, 2, 6, 2, 4, 8]], 0.8435289263725281]
[[6, [2, 8, 6, 8, 2, 6, 2, 2, 2, 8, 4, 2, 4, 4, 4, 6, 6, 8, 8]], 0.9342560768127441]
[[2, [6, 4, 6, 4, 4, 6, 2, 8, 2, 8, 2, 2, 4, 8, 4, 6, 2, 4, 8]], 0.8436288237571716]
[[6, [8, 4, 8, 4, 6, 4, 2, 2, 4, 6, 4, 6, 8, 8, 6, 4, 2, 6, 8]], 0.9577268362045288]
[[2, [6, 4, 6, 4, 4, 6, 2, 2, 2, 8, 4, 2, 4, 4, 4, 6, 6, 8, 8]], 0.8433738946914673]
[[6, [6, 4, 6, 4, 6, 6, 2, 2, 2, 8, 8, 8, 4, 6, 4, 6, 2, 8, 8]], 0.957657516002655]
[[1, [4, 4, 8, 4, 6, 2, 2, 8, 2, 8, 4, 2, 4, 4, 4, 4, 2, 6, 8]], 0.7928657531738281]
[[2, [4, 2, 4, 8, 6, 6, 2, 4, 4, 6, 4, 2, 4, 4, 4, 4, 2, 4, 4]], 0.8369988799095154]
[[6, [4, 4, 4, 4, 4, 6, 2, 2, 2, 8, 4, 2, 4, 4, 4, 8, 2, 4, 8]], 0.9592399597167969]
[[6, [4, 6, 8, 4, 6, 6, 2, 8, 4, 6, 4, 8, 4, 4, 4, 4, 2, 4, 4]], 0.9612399935722351]
[[6, [6, 4, 6, 4, 8, 6, 2, 2, 2, 8, 8, 2, 4, 4, 4, 6, 2, 8, 2]], 0.9579159617424011]
[[5, [4, 4, 4, 4, 4, 6, 8, 2, 2, 8, 4, 2, 2, 8, 4, 8, 8, 6, 8]], 0.8932247161865234]
[[6, [4, 4, 8, 8, 6, 6, 2, 4, 4, 6, 4, 8, 4, 4, 4, 4, 4, 4, 4]], 0.9361306428909302]
[[6, [6, 2, 6, 4, 4, 6, 2, 2, 2, 8, 8, 2, 4, 4, 4, 6, 8, 8, 8]], 0.9508463144302368]
[[6, [6, 4, 6, 4, 4, 6, 2, 2, 4, 8, 4, 6, 4, 2, 4, 6, 2, 8, 8]], 0.9523706436157227]
[[3, [4, 4, 4, 2, 4, 6, 8, 2, 2, 8, 4, 2, 4, 4, 4, 8, 2, 4, 8]], 0.7828378677368164]
[[6, [4, 4, 4, 6, 4, 6, 2, 2, 2, 8, 4, 2, 6, 2, 8, 8, 2, 4, 8]], 0.9524431228637695]
[[6, [4, 8, 4, 4, 4, 6, 2, 2, 4, 8, 4, 2, 4, 4, 4, 6, 2, 4, 8]], 0.9588548541069031]
[[6, [4, 4, 4, 2, 4, 4, 2, 2, 2, 6, 6, 2, 6, 4, 6, 8, 2, 4, 8]], 0.956542432308197]
[[6, [4, 4, 8, 2, 6, 8, 2, 6, 4, 2, 4, 2, 2, 4, 4, 2, 2, 4, 4]], 0.9798917174339294]
[[2, [4, 4, 2, 6, 6, 6, 2, 4, 4, 2, 4, 2, 4, 4, 6, 4, 2, 4, 4]], 0.8343663215637207]
[[6, [6, 4, 6, 4, 6, 6, 2, 6, 4, 8, 4, 2, 4, 4, 4, 6, 2, 2, 8]], 0.9610428810119629]
[[6, [2, 8, 6, 4, 4, 6, 4, 2, 2, 8, 4, 6, 4, 4, 8, 6, 4, 8, 8]], 0.9405225515365601]
[[1, [4, 4, 4, 4, 4, 6, 2, 2, 2, 8, 4, 2, 4, 4, 4, 8, 2, 4, 8]], 0.7929746508598328]
[[7, [6, 4, 4, 4, 4, 8, 2, 2, 4, 8, 4, 2, 4, 4, 4, 8, 2, 4, 8]], 1.0969107151031494]
[[2, [6, 6, 6, 4, 4, 6, 2, 2, 2, 8, 4, 2, 2, 4, 4, 6, 2, 8, 4]], 0.8141175508499146]
[[7, [6, 4, 8, 4, 4, 6, 2, 8, 4, 8, 4, 2, 4, 4, 4, 4, 4, 8, 6]], 1.0976966619491577]
[[7, [4, 8, 4, 4, 4, 6, 2, 6, 2, 8, 4, 2, 4, 4, 4, 2, 2, 4, 8]], 0.9548055529594421]
[[6, [4, 8, 6, 4, 4, 6, 8, 2, 2, 8, 4, 6, 8, 4, 4, 4, 2, 4, 4]], 0.9538125991821289]
[[5, [4, 2, 4, 4, 4, 8, 2, 2, 4, 8, 4, 2, 4, 4, 4, 8, 2, 4, 8]], 0.9009789228439331]
[[6, [4, 4, 4, 4, 4, 4, 4, 8, 2, 8, 2, 2, 4, 4, 2, 6, 2, 4, 8]], 0.9771454334259033]
[[1, [4, 8, 4, 4, 4, 8, 8, 4, 4, 8, 4, 2, 4, 4, 4, 4, 2, 8, 8]], 0.7884149551391602]
[[6, [6, 6, 6, 4, 4, 6, 2, 2, 6, 8, 4, 2, 4, 4, 4, 6, 2, 8, 8]], 0.9601265788078308]
[[6, [4, 4, 8, 4, 4, 6, 6, 4, 8, 8, 4, 2, 2, 4, 6, 4, 2, 8, 4]], 0.948736846446991]
[[2, [4, 4, 4, 4, 4, 6, 2, 2, 2, 8, 4, 4, 4, 4, 4, 6, 2, 4, 8]], 0.8373273611068726]
[[6, [6, 4, 8, 4, 8, 4, 8, 2, 4, 6, 4, 8, 8, 4, 2, 8, 8, 4, 4]], 0.9441384077072144]
[[6, [4, 2, 2, 4, 4, 6, 2, 2, 2, 8, 4, 2, 4, 4, 4, 2, 2, 4, 4]], 0.9619439840316772]
[[1, [4, 8, 4, 4, 8, 6, 2, 2, 2, 8, 4, 2, 4, 4, 2, 8, 2, 4, 8]], 0.7883808612823486]
[[2, [4, 8, 8, 4, 4, 6, 2, 2, 8, 6, 4, 8, 6, 4, 4, 8, 2, 4, 6]], 0.8131081461906433]
[[6, [4, 4, 2, 4, 4, 8, 2, 2, 2, 8, 8, 2, 4, 4, 4, 8, 2, 6, 8]], 0.9574975371360779]
[[6, [4, 4, 8, 4, 8, 6, 2, 4, 4, 6, 8, 2, 4, 4, 4, 4, 2, 4, 4]], 0.9581536054611206]
[[6, [4, 4, 6, 4, 6, 6, 8, 4, 4, 6, 4, 2, 4, 4, 4, 4, 2, 4, 8]], 0.9537336826324463]
[[5, [6, 4, 6, 4, 2, 6, 2, 4, 6, 6, 4, 2, 4, 4, 4, 6, 2, 6, 8]], 0.933600664138794]
[[6, [6, 4, 6, 2, 6, 6, 4, 2, 2, 8, 4, 2, 8, 4, 2, 6, 2, 8, 8]], 0.9580743312835693]
[[6, [4, 4, 2, 2, 4, 6, 8, 2, 4, 8, 4, 2, 4, 4, 4, 8, 2, 4, 8]], 0.9570426344871521]
[[4, [6, 4, 6, 4, 4, 6, 2, 2, 4, 8, 8, 2, 4, 4, 8, 6, 8, 8, 8]], 0.8788045644760132]
[[0, [4, 4, 4, 2, 4, 6, 2, 2, 6, 4, 4, 4, 8, 6, 2, 8, 2, 4, 6]], 0.7890278100967407]
[[3, [4, 4, 2, 4, 4, 6, 6, 8, 2, 2, 4, 2, 4, 4, 4, 2, 4, 4, 8]], 0.78228759765625]
[[6, [6, 4, 4, 6, 4, 6, 8, 2, 8, 8, 4, 2, 4, 4, 4, 8, 2, 2, 8]], 0.9563531875610352]
[[6, [4, 4, 6, 4, 4, 4, 4, 2, 2, 8, 4, 2, 4, 4, 4, 8, 2, 4, 8]], 0.955929160118103]
[[6, [6, 4, 6, 4, 4, 6, 2, 8, 2, 8, 8, 2, 2, 4, 2, 6, 2, 6, 2]], 0.9666308164596558]
[[1, [4, 6, 4, 8, 4, 4, 8, 2, 2, 8, 4, 6, 4, 4, 8, 8, 2, 4, 4]], 0.788435161113739]
[[7, [2, 4, 6, 4, 4, 6, 4, 2, 4, 8, 4, 2, 6, 4, 4, 4, 8, 6, 8]], 1.1001808643341064]
[[5, [4, 2, 4, 4, 4, 8, 2, 2, 2, 8, 4, 2, 4, 4, 2, 8, 2, 4, 6]], 0.8890690803527832]
[[5, [6, 2, 4, 2, 4, 6, 2, 2, 2, 6, 4, 8, 4, 8, 8, 8, 2, 4, 8]], 0.9155968427658081]
[[6, [4, 4, 4, 4, 4, 6, 2, 8, 2, 8, 2, 2, 4, 4, 8, 8, 2, 6, 8]], 0.9755914211273193]
[[6, [2, 4, 8, 2, 6, 6, 2, 4, 4, 6, 4, 8, 4, 4, 2, 4, 8, 4, 4]], 0.9477032423019409]
[[6, [4, 4, 4, 4, 4, 6, 6, 8, 6, 4, 8, 2, 4, 4, 4, 2, 2, 6, 8]], 0.9592956304550171]
[[6, [4, 4, 4, 4, 4, 6, 2, 2, 8, 8, 4, 2, 4, 4, 4, 8, 2, 6, 8]], 0.9559566378593445]
[[7, [4, 2, 4, 4, 4, 4, 2, 2, 2, 8, 4, 2, 4, 2, 4, 8, 2, 4, 8]], 1.0587472915649414]
[[1, [4, 4, 4, 4, 4, 8, 2, 2, 6, 4, 8, 2, 8, 4, 4, 8, 8, 2, 8]], 0.7929506301879883]
[[6, [4, 4, 8, 4, 4, 6, 2, 2, 2, 8, 6, 2, 4, 4, 4, 8, 2, 4, 8]], 0.9576975703239441]
[[0, [4, 4, 4, 4, 4, 6, 2, 2, 2, 8, 4, 6, 6, 4, 4, 8, 2, 2, 8]], 0.7890235781669617]
[[6, [2, 4, 4, 8, 4, 6, 2, 2, 8, 8, 8, 2, 4, 4, 8, 8, 8, 4, 6]], 0.9363982677459717]
[[6, [2, 4, 4, 6, 8, 2, 2, 4, 2, 2, 6, 2, 4, 2, 4, 8, 2, 4, 8]], 0.9760318994522095]
[[6, [6, 4, 8, 4, 6, 4, 4, 4, 4, 6, 4, 8, 4, 4, 4, 2, 4, 4, 4]], 0.9309718608856201]
[[1, [4, 6, 4, 4, 4, 2, 2, 8, 2, 8, 4, 6, 4, 8, 4, 6, 2, 2, 8]], 0.7885626554489136]
[[6, [6, 4, 6, 4, 4, 4, 2, 6, 2, 8, 4, 2, 4, 6, 2, 6, 2, 8, 8]], 0.9674775004386902]
[[4, [8, 8, 2, 4, 2, 6, 2, 2, 4, 6, 6, 2, 4, 2, 6, 4, 4, 8, 2]], 0.898125171661377]
[[6, [4, 4, 4, 4, 6, 8, 8, 2, 2, 8, 4, 2, 4, 4, 4, 8, 2, 4, 6]], 0.9560500979423523]
[[4, [4, 2, 8, 2, 6, 4, 8, 2, 2, 8, 4, 4, 4, 8, 6, 8, 4, 4, 8]], 0.7967674732208252]
[[0, [6, 4, 6, 4, 4, 6, 2, 4, 2, 8, 4, 2, 4, 8, 4, 6, 4, 8, 6]], 0.7890700101852417]
[[6, [4, 4, 2, 6, 8, 6, 2, 2, 8, 6, 4, 2, 4, 2, 4, 8, 2, 4, 8]], 0.9481102228164673]
[[6, [2, 4, 6, 8, 4, 6, 2, 6, 2, 8, 6, 2, 4, 4, 4, 6, 2, 8, 8]], 0.9545377492904663]
[[6, [6, 4, 6, 4, 4, 6, 4, 8, 2, 8, 2, 2, 4, 4, 4, 6, 2, 8, 8]], 0.976108193397522]
[[6, [2, 8, 6, 2, 4, 6, 2, 2, 2, 8, 4, 2, 4, 4, 2, 2, 2, 8, 8]], 0.9707404971122742]
[[3, [4, 4, 6, 4, 4, 8, 2, 2, 2, 8, 4, 2, 4, 4, 4, 8, 2, 8, 8]], 0.839901328086853]
[[6, [4, 4, 4, 8, 4, 6, 2, 2, 2, 2, 4, 2, 4, 2, 8, 4, 8, 4, 6]], 0.9734724760055542]
[[1, [8, 4, 4, 4, 2, 6, 2, 2, 2, 4, 4, 2, 4, 2, 6, 6, 2, 8, 8]], 0.7930488586425781]
[[2, [4, 4, 4, 2, 4, 8, 2, 2, 2, 8, 4, 2, 4, 4, 4, 2, 2, 4, 8]], 0.8310378789901733]
[[1, [4, 4, 8, 4, 6, 6, 2, 4, 8, 4, 6, 2, 2, 4, 4, 4, 2, 4, 4]], 0.7928723096847534]
[[3, [4, 4, 8, 4, 2, 6, 2, 2, 2, 8, 4, 2, 4, 4, 4, 8, 2, 4, 8]], 0.8658937215805054]
[[7, [4, 2, 2, 4, 4, 6, 8, 8, 2, 6, 8, 8, 4, 4, 8, 8, 2, 4, 8]], 0.9424125552177429]
[[6, [8, 4, 4, 4, 4, 8, 8, 8, 2, 8, 6, 2, 4, 4, 6, 2, 2, 4, 2]], 0.9447061419487]
[[6, [6, 4, 8, 2, 4, 6, 2, 2, 8, 8, 4, 6, 4, 4, 4, 6, 6, 8, 8]], 0.9385033845901489]
[[4, [4, 4, 4, 4, 4, 6, 2, 2, 2, 4, 4, 2, 4, 8, 4, 8, 2, 6, 8]], 0.8895236849784851]
[[2, [8, 4, 6, 4, 6, 8, 2, 4, 4, 6, 4, 2, 4, 4, 4, 6, 2, 4, 4]], 0.836897611618042]
[[0, [8, 4, 4, 4, 4, 6, 6, 2, 2, 8, 4, 2, 4, 4, 4, 8, 2, 4, 4]], 0.7890721559524536]
[[4, [6, 4, 8, 8, 4, 6, 2, 4, 4, 6, 4, 2, 4, 2, 8, 6, 2, 4, 4]], 0.906697154045105]
[[7, [2, 4, 6, 4, 8, 6, 2, 2, 4, 6, 4, 2, 4, 6, 6, 4, 2, 2, 8]], 0.9426450729370117]
[[6, [4, 4, 4, 4, 4, 6, 2, 2, 2, 8, 4, 2, 4, 4, 4, 2, 4, 4, 4]], 0.9282393455505371]
[[0, [6, 2, 6, 4, 4, 6, 2, 2, 2, 6, 4, 2, 4, 4, 4, 6, 2, 8, 4]], 0.7917991876602173]
[[6, [4, 4, 6, 4, 4, 6, 2, 2, 2, 8, 4, 2, 4, 4, 4, 6, 2, 4, 4]], 0.958378255367279]
[[2, [4, 6, 8, 4, 6, 6, 2, 4, 4, 6, 8, 8, 2, 4, 6, 6, 2, 4, 4]], 0.8161618113517761]
[[6, [4, 4, 6, 2, 8, 6, 2, 2, 2, 8, 4, 2, 4, 4, 4, 6, 2, 8, 4]], 0.9570608139038086]
[[6, [6, 4, 4, 4, 6, 8, 2, 4, 2, 8, 6, 2, 4, 4, 8, 2, 2, 4, 6]], 0.9597377181053162]
[[3, [4, 4, 6, 2, 4, 6, 2, 2, 2, 8, 2, 2, 4, 4, 4, 8, 4, 2, 8]], 0.8426761627197266]
[[6, [4, 4, 6, 4, 4, 6, 2, 2, 2, 8, 4, 2, 4, 4, 4, 2, 2, 4, 4]], 0.9604672193527222]
[[0, [4, 2, 6, 4, 2, 6, 2, 2, 2, 2, 2, 2, 4, 6, 4, 4, 2, 2, 2]], 0.7905058860778809]
[[6, [4, 4, 4, 8, 8, 6, 2, 2, 2, 8, 4, 4, 4, 4, 8, 8, 2, 2, 8]], 0.9575774073600769]
[[6, [4, 4, 4, 8, 6, 6, 2, 2, 4, 4, 4, 2, 4, 2, 4, 8, 2, 4, 6]], 0.9497833251953125]
[[2, [4, 4, 2, 4, 6, 6, 2, 4, 4, 6, 4, 2, 4, 4, 4, 4, 2, 4, 8]], 0.8319732546806335]
[[6, [4, 4, 4, 6, 4, 6, 2, 2, 2, 8, 8, 2, 4, 4, 4, 6, 2, 4, 8]], 0.9583597183227539]
[[7, [6, 4, 6, 4, 4, 6, 2, 2, 6, 4, 6, 2, 2, 4, 8, 6, 2, 8, 4]], 1.1763986349105835]
[[6, [6, 6, 8, 4, 4, 8, 2, 4, 4, 6, 4, 2, 2, 4, 4, 2, 4, 4, 6]], 0.9214391708374023]
[[6, [4, 4, 6, 8, 4, 6, 2, 2, 2, 8, 4, 2, 4, 4, 6, 4, 2, 4, 8]], 0.9562138319015503]
[[6, [6, 8, 6, 4, 4, 6, 2, 2, 2, 8, 4, 2, 6, 2, 4, 6, 2, 8, 8]], 0.9550194144248962]
[[6, [8, 4, 8, 4, 2, 6, 2, 2, 4, 8, 4, 2, 2, 4, 8, 4, 2, 4, 4]], 0.9175995588302612]
[[6, [4, 4, 4, 4, 4, 6, 2, 2, 2, 8, 4, 6, 8, 4, 4, 8, 2, 4, 8]], 0.9572321176528931]
[[2, [4, 4, 4, 4, 4, 6, 2, 6, 2, 8, 4, 2, 4, 4, 6, 8, 2, 4, 8]], 0.8356819152832031]
[[6, [4, 6, 6, 4, 4, 6, 2, 2, 2, 8, 4, 2, 4, 4, 4, 8, 2, 4, 8]], 0.9596414566040039]
[[7, [4, 4, 6, 4, 2, 6, 2, 6, 2, 2, 4, 2, 4, 4, 4, 2, 2, 4, 6]], 0.975507915019989]
[[4, [6, 4, 4, 4, 8, 6, 2, 2, 8, 8, 8, 6, 6, 4, 2, 8, 2, 8, 8]], 0.875167965888977]
[[2, [6, 8, 2, 2, 4, 6, 2, 2, 2, 8, 8, 2, 6, 4, 8, 6, 2, 8, 8]], 0.7952350378036499]
[[2, [6, 8, 6, 4, 4, 2, 2, 2, 2, 8, 2, 2, 4, 4, 8, 6, 2, 8, 8]], 0.861904501914978]
[[0, [6, 4, 4, 2, 4, 6, 2, 2, 2, 8, 4, 2, 4, 4, 4, 8, 2, 8, 8]], 0.7889963388442993]
[[7, [2, 2, 4, 4, 8, 6, 2, 2, 2, 6, 4, 2, 4, 4, 4, 8, 2, 6, 8]], 1.0603772401809692]
[[4, [6, 4, 6, 4, 4, 6, 2, 2, 2, 8, 8, 2, 4, 8, 4, 6, 2, 4, 4]], 0.8974711298942566]
[[6, [6, 4, 6, 4, 4, 4, 2, 2, 2, 8, 4, 2, 4, 4, 4, 6, 8, 8, 4]], 0.9488987326622009]
[[6, [6, 4, 6, 4, 4, 6, 2, 2, 6, 6, 4, 2, 2, 4, 4, 6, 2, 8, 8]], 0.950070321559906]
[[3, [4, 6, 4, 8, 4, 6, 2, 2, 4, 8, 4, 2, 4, 6, 4, 8, 4, 4, 8]], 0.8200125694274902]
[[1, [4, 4, 4, 4, 4, 2, 4, 2, 2, 8, 4, 2, 4, 4, 4, 8, 2, 4, 8]], 0.792991042137146]
[[6, [8, 2, 4, 4, 4, 6, 2, 2, 2, 6, 4, 2, 4, 4, 4, 8, 8, 8, 4]], 0.9493807554244995]
[[4, [6, 4, 6, 4, 4, 6, 2, 2, 2, 8, 4, 2, 4, 4, 4, 4, 6, 8, 8]], 0.8921005129814148]
[[3, [6, 4, 6, 4, 8, 6, 2, 6, 6, 4, 2, 2, 4, 2, 2, 6, 2, 2, 8]], 0.8417215347290039]
[[5, [4, 4, 4, 4, 4, 6, 2, 4, 4, 6, 4, 4, 4, 4, 4, 8, 8, 2, 8]], 0.9115156531333923]
[[5, [8, 4, 4, 2, 4, 6, 8, 2, 4, 8, 4, 6, 4, 4, 4, 8, 2, 4, 8]], 0.8806626200675964]
[[1, [6, 6, 4, 4, 4, 6, 2, 2, 2, 8, 4, 8, 4, 4, 4, 6, 2, 8, 8]], 0.7885631918907166]
[[6, [4, 4, 4, 4, 4, 6, 2, 2, 2, 4, 4, 8, 6, 2, 4, 8, 2, 8, 8]], 0.952907919883728]
[[7, [4, 4, 4, 2, 6, 6, 2, 6, 2, 8, 6, 2, 4, 4, 4, 8, 2, 4, 2]], 0.9870847463607788]
[[5, [8, 4, 4, 4, 4, 4, 2, 2, 2, 4, 4, 2, 4, 4, 4, 2, 2, 8, 8]], 0.9054548144340515]
[[1, [2, 4, 8, 4, 4, 8, 8, 2, 8, 8, 4, 2, 4, 4, 4, 8, 2, 4, 6]], 0.7856089472770691]
[[6, [4, 4, 8, 8, 4, 8, 2, 2, 2, 8, 2, 2, 4, 4, 4, 8, 8, 2, 2]], 0.9751483798027039]
[[7, [4, 4, 4, 4, 4, 8, 2, 6, 2, 8, 4, 2, 4, 6, 4, 8, 2, 6, 8]], 1.071550726890564]
[[1, [4, 4, 6, 4, 4, 6, 8, 2, 2, 8, 6, 2, 2, 4, 4, 6, 2, 4, 4]], 0.7928497791290283]
[[6, [4, 4, 4, 4, 4, 6, 2, 2, 2, 2, 4, 2, 4, 8, 4, 8, 2, 4, 8]], 0.9743891954421997]
[[6, [4, 4, 6, 4, 4, 6, 2, 2, 2, 8, 4, 6, 4, 4, 2, 4, 6, 6, 8]], 0.9512411952018738]
[[6, [4, 4, 6, 4, 4, 2, 6, 2, 2, 8, 4, 2, 6, 4, 6, 8, 2, 2, 4]], 0.9323520660400391]
[[3, [8, 4, 6, 4, 2, 6, 2, 2, 6, 8, 4, 4, 4, 4, 4, 6, 4, 8, 8]], 0.8701772093772888]
[[6, [8, 4, 4, 4, 4, 6, 2, 4, 8, 8, 8, 6, 4, 4, 4, 8, 2, 4, 8]], 0.9602133631706238]
[[7, [4, 4, 6, 4, 4, 6, 2, 2, 2, 8, 4, 6, 4, 4, 4, 4, 2, 6, 4]], 1.1914935111999512]
[[6, [4, 4, 4, 4, 8, 6, 2, 4, 2, 2, 4, 8, 4, 2, 4, 6, 6, 4, 4]], 0.9687320590019226]
[[1, [4, 4, 4, 4, 4, 6, 2, 2, 8, 8, 4, 2, 4, 4, 4, 8, 6, 4, 8]], 0.7930077314376831]
[[6, [6, 6, 6, 4, 6, 6, 2, 2, 2, 8, 4, 2, 4, 4, 4, 6, 2, 8, 8]], 0.9607173800468445]
[[6, [8, 4, 6, 2, 4, 6, 2, 2, 2, 4, 2, 2, 4, 4, 4, 6, 2, 8, 8]], 0.9758183360099792]
[[6, [6, 4, 2, 4, 4, 6, 2, 2, 2, 8, 4, 6, 4, 4, 4, 8, 2, 8, 8]], 0.9580599069595337]
[[6, [6, 4, 8, 4, 2, 6, 2, 4, 8, 6, 2, 2, 4, 2, 4, 4, 2, 4, 8]], 0.9767698645591736]
[[6, [6, 4, 6, 4, 4, 6, 2, 2, 2, 8, 8, 6, 4, 4, 4, 6, 8, 8, 8]], 0.9448041319847107]
[[6, [4, 4, 8, 4, 6, 6, 2, 4, 4, 6, 8, 2, 4, 4, 4, 6, 2, 4, 2]], 0.9581343531608582]
[[5, [8, 4, 8, 4, 4, 6, 2, 6, 2, 6, 4, 2, 4, 4, 4, 8, 2, 4, 8]], 0.9034178256988525]
[[6, [4, 4, 8, 4, 6, 4, 2, 8, 8, 6, 4, 2, 4, 4, 4, 6, 2, 6, 4]], 0.9596184492111206]
[[2, [4, 4, 8, 2, 6, 6, 2, 4, 8, 6, 4, 2, 4, 4, 4, 4, 2, 8, 8]], 0.8306587934494019]
[[5, [4, 4, 8, 4, 6, 6, 2, 2, 4, 4, 4, 2, 4, 8, 4, 4, 2, 4, 4]], 0.8995124697685242]
[[2, [6, 4, 6, 4, 4, 2, 6, 2, 2, 4, 4, 2, 2, 4, 4, 2, 2, 8, 8]], 0.8218123912811279]
[[6, [4, 4, 4, 2, 4, 2, 4, 2, 4, 8, 4, 2, 4, 4, 8, 8, 2, 4, 8]], 0.9351204633712769]
[[6, [4, 4, 4, 8, 4, 6, 2, 6, 2, 8, 4, 2, 4, 4, 4, 8, 2, 4, 6]], 0.958365797996521]
[[6, [4, 4, 6, 4, 4, 6, 2, 2, 8, 8, 4, 2, 4, 4, 4, 6, 2, 2, 8]], 0.9561151266098022]
[[6, [6, 8, 6, 4, 4, 6, 4, 4, 2, 8, 4, 2, 8, 6, 4, 6, 2, 8, 8]], 0.9572906494140625]
[[6, [6, 4, 4, 6, 6, 6, 2, 2, 8, 8, 4, 8, 4, 4, 4, 6, 2, 8, 8]], 0.9592282176017761]
[[6, [2, 4, 4, 4, 4, 4, 2, 2, 2, 8, 4, 8, 8, 4, 2, 8, 2, 4, 8]], 0.9530978202819824]
[[3, [6, 4, 4, 4, 4, 8, 2, 2, 2, 8, 4, 2, 4, 8, 4, 8, 2, 4, 8]], 0.8347681760787964]
[[0, [4, 4, 4, 4, 4, 6, 6, 2, 2, 2, 8, 8, 4, 4, 4, 8, 8, 4, 8]], 0.7890030741691589]
[[0, [6, 8, 2, 4, 4, 6, 2, 2, 6, 8, 6, 6, 6, 4, 8, 8, 2, 8, 8]], 0.7849845886230469]
[[5, [6, 4, 6, 4, 4, 6, 2, 6, 2, 8, 4, 4, 4, 4, 2, 6, 2, 8, 8]], 0.8934966921806335]
[[1, [4, 4, 8, 6, 4, 6, 2, 4, 2, 6, 4, 2, 4, 4, 6, 4, 2, 4, 4]], 0.7927403450012207]
[[1, [4, 4, 4, 4, 4, 6, 2, 2, 2, 6, 4, 2, 4, 4, 4, 8, 2, 4, 4]], 0.7930092811584473]
[[6, [4, 4, 8, 4, 6, 6, 2, 4, 4, 6, 4, 2, 4, 4, 4, 4, 6, 6, 4]], 0.9440444707870483]
[[4, [4, 4, 8, 6, 4, 6, 2, 4, 4, 2, 4, 2, 4, 4, 4, 4, 8, 2, 4]], 0.9734534025192261]
[[6, [8, 6, 6, 4, 4, 6, 2, 2, 2, 8, 4, 2, 4, 8, 4, 6, 6, 8, 8]], 0.9485969543457031]
[[4, [2, 6, 6, 4, 8, 6, 2, 2, 6, 8, 4, 2, 4, 6, 4, 6, 2, 4, 4]], 0.8817967772483826]
[[6, [6, 4, 6, 2, 4, 4, 6, 2, 2, 8, 2, 2, 4, 4, 4, 8, 2, 4, 2]], 0.9750427603721619]
[[6, [4, 4, 4, 4, 4, 2, 2, 8, 2, 6, 4, 8, 4, 4, 4, 8, 2, 4, 8]], 0.9511685371398926]
[[6, [6, 4, 6, 4, 4, 6, 2, 2, 8, 2, 8, 2, 4, 4, 4, 6, 2, 8, 8]], 0.9734818339347839]
[[1, [4, 4, 4, 4, 4, 6, 2, 2, 8, 8, 4, 2, 4, 4, 6, 4, 2, 2, 6]], 0.7930251955986023]
[[6, [4, 8, 8, 4, 6, 6, 2, 4, 4, 6, 4, 4, 4, 4, 4, 4, 2, 4, 4]], 0.9606249332427979]
[[6, [4, 4, 8, 4, 6, 6, 2, 8, 4, 6, 4, 6, 6, 6, 8, 6, 8, 4, 4]], 0.94954913854599]
[[6, [6, 4, 6, 4, 4, 6, 2, 4, 2, 8, 4, 2, 4, 4, 4, 4, 4, 4, 8]], 0.9341847896575928]
[[6, [4, 4, 6, 2, 4, 6, 2, 4, 2, 8, 4, 2, 4, 4, 4, 6, 8, 4, 4]], 0.9463752508163452]
[[6, [6, 8, 6, 4, 6, 6, 2, 4, 2, 8, 4, 2, 4, 6, 4, 6, 2, 4, 8]], 0.9604246020317078]
[[7, [4, 4, 4, 4, 4, 6, 2, 2, 8, 8, 4, 2, 4, 4, 4, 8, 2, 4, 8]], 1.1024601459503174]
[[1, [6, 4, 2, 4, 4, 6, 2, 2, 2, 8, 4, 2, 4, 4, 4, 6, 2, 8, 8]], 0.7891837954521179]
[[7, [4, 4, 4, 4, 4, 6, 2, 4, 8, 4, 4, 2, 4, 2, 4, 4, 2, 4, 8]], 1.1024458408355713]
[[6, [4, 2, 4, 2, 4, 6, 8, 2, 2, 2, 4, 2, 4, 4, 6, 8, 2, 4, 8]], 0.9746779799461365]
[[3, [8, 4, 6, 4, 4, 6, 2, 2, 6, 8, 4, 2, 4, 2, 4, 6, 2, 4, 4]], 0.8429616689682007]
[[1, [4, 4, 4, 4, 4, 4, 2, 8, 2, 8, 6, 2, 4, 4, 4, 8, 2, 4, 8]], 0.7930042743682861]
[[6, [6, 4, 6, 4, 4, 6, 2, 2, 2, 6, 4, 2, 4, 4, 4, 8, 2, 8, 8]], 0.958757758140564]
[[6, [6, 4, 4, 4, 4, 6, 6, 2, 6, 6, 4, 2, 4, 4, 6, 4, 2, 6, 8]], 0.9549373388290405]
[[4, [4, 4, 4, 4, 4, 6, 2, 2, 2, 8, 4, 8, 4, 6, 4, 8, 8, 4, 8]], 0.881757915019989]
[[6, [4, 4, 4, 8, 2, 6, 2, 2, 2, 8, 4, 4, 6, 4, 4, 8, 2, 6, 4]], 0.9464556574821472]
[[6, [4, 4, 4, 4, 4, 6, 2, 2, 2, 8, 4, 2, 4, 4, 6, 8, 2, 4, 8]], 0.958112895488739]
[[7, [6, 4, 6, 4, 4, 6, 2, 2, 2, 8, 4, 2, 4, 4, 4, 6, 2, 8, 8]], 1.0842580795288086]
[[5, [4, 4, 4, 6, 4, 2, 8, 2, 2, 8, 4, 2, 6, 4, 4, 8, 2, 4, 8]], 0.9143421053886414]
[[6, [4, 2, 4, 4, 4, 6, 2, 2, 2, 8, 4, 2, 4, 4, 4, 8, 2, 4, 8]], 0.9572954177856445]
[[2, [6, 2, 4, 4, 2, 6, 2, 2, 4, 8, 4, 6, 4, 4, 4, 6, 2, 4, 8]], 0.8747392892837524]
[[1, [4, 4, 4, 4, 4, 6, 2, 2, 2, 8, 4, 2, 4, 4, 4, 2, 2, 4, 8]], 0.7930066585540771]
[[6, [6, 4, 6, 6, 4, 6, 2, 2, 2, 6, 4, 2, 4, 4, 4, 6, 2, 8, 8]], 0.959392249584198]
[[6, [2, 4, 8, 6, 8, 6, 2, 8, 2, 8, 6, 2, 4, 4, 4, 6, 2, 8, 8]], 0.9569975733757019]
[[6, [6, 4, 2, 6, 4, 6, 2, 2, 2, 6, 4, 2, 4, 4, 4, 6, 2, 8, 8]], 0.9587588310241699]
[[0, [4, 4, 2, 4, 4, 6, 2, 2, 2, 8, 4, 8, 4, 4, 4, 6, 2, 4, 8]], 0.789093017578125]
[[6, [2, 4, 2, 4, 4, 6, 2, 2, 2, 6, 4, 2, 4, 4, 4, 6, 4, 8, 8]], 0.933099627494812]
[[6, [6, 4, 6, 6, 6, 2, 4, 2, 2, 6, 6, 2, 4, 6, 8, 6, 2, 8, 8]], 0.9339871406555176]
[[6, [6, 4, 6, 6, 4, 6, 2, 6, 2, 6, 4, 2, 4, 2, 6, 6, 2, 8, 8]], 0.9547580480575562]
[[6, [4, 4, 4, 4, 2, 6, 2, 2, 2, 8, 4, 2, 4, 4, 4, 8, 2, 4, 8]], 0.939490795135498]
[[6, [6, 4, 6, 6, 4, 6, 6, 6, 2, 6, 4, 2, 2, 4, 4, 6, 2, 8, 2]], 0.9486206769943237]
[[0, [2, 4, 6, 4, 8, 6, 2, 2, 2, 8, 4, 2, 4, 6, 4, 6, 2, 8, 8]], 0.7838482856750488]
[[6, [6, 4, 4, 6, 4, 6, 2, 2, 6, 6, 4, 2, 8, 4, 4, 6, 2, 8, 8]], 0.9583740234375]
[[2, [8, 4, 6, 6, 8, 6, 2, 2, 6, 2, 4, 4, 4, 4, 8, 6, 2, 4, 8]], 0.8383830785751343]
[[6, [2, 4, 8, 4, 6, 6, 2, 4, 2, 6, 4, 2, 4, 4, 4, 6, 2, 8, 8]], 0.9478170275688171]
[[6, [6, 4, 6, 6, 4, 2, 4, 2, 2, 6, 4, 4, 4, 2, 8, 6, 2, 8, 8]], 0.9265691041946411]
[[6, [2, 4, 2, 6, 4, 6, 2, 2, 2, 6, 4, 2, 4, 2, 4, 6, 2, 8, 8]], 0.9091562032699585]
[[5, [6, 4, 2, 6, 4, 6, 2, 2, 2, 6, 4, 2, 4, 4, 4, 6, 2, 8, 8]], 0.8944807052612305]
[[6, [4, 4, 4, 4, 4, 2, 2, 2, 2, 6, 4, 2, 4, 4, 8, 8, 2, 4, 8]], 0.941173255443573]
[[1, [6, 4, 6, 6, 2, 6, 2, 2, 2, 6, 4, 6, 4, 4, 4, 6, 2, 8, 6]], 0.7928619384765625]
[[3, [6, 8, 6, 4, 4, 6, 8, 2, 2, 6, 4, 2, 4, 4, 4, 4, 2, 8, 8]], 0.7899264097213745]
[[1, [6, 4, 6, 6, 4, 2, 2, 4, 2, 4, 4, 2, 4, 6, 4, 6, 2, 8, 8]], 0.7928932905197144]
[[6, [2, 4, 6, 6, 4, 6, 2, 2, 2, 6, 2, 8, 2, 2, 4, 8, 2, 2, 8]], 0.9570020437240601]
[[6, [4, 8, 2, 4, 4, 6, 2, 2, 2, 8, 4, 2, 4, 6, 4, 8, 2, 4, 8]], 0.9580404758453369]
[[6, [6, 4, 6, 4, 2, 6, 2, 4, 2, 2, 4, 2, 8, 4, 4, 6, 2, 8, 8]], 0.9757699966430664]
[[6, [6, 4, 6, 4, 4, 6, 2, 2, 2, 6, 4, 8, 4, 6, 8, 6, 4, 8, 6]], 0.9432625770568848]
[[2, [6, 2, 6, 4, 4, 4, 2, 6, 2, 4, 4, 2, 4, 4, 4, 6, 2, 8, 2]], 0.8344268798828125]
[[0, [6, 4, 6, 6, 6, 6, 2, 2, 2, 6, 4, 4, 4, 4, 4, 6, 6, 8, 8]], 0.7890409231185913]
[[2, [4, 4, 4, 4, 4, 6, 2, 2, 2, 2, 4, 2, 4, 8, 4, 8, 2, 4, 8]], 0.8369528651237488]
[[6, [4, 4, 4, 4, 8, 6, 6, 2, 2, 8, 4, 2, 4, 4, 4, 8, 2, 4, 8]], 0.9560308456420898]
[[6, [8, 4, 4, 4, 4, 6, 2, 2, 2, 8, 4, 2, 4, 4, 8, 4, 4, 4, 8]], 0.9358372688293457]
[[6, [2, 6, 6, 6, 8, 6, 6, 8, 2, 6, 4, 8, 4, 4, 4, 6, 2, 4, 8]], 0.9530741572380066]
[[5, [6, 4, 8, 6, 4, 6, 2, 2, 2, 6, 4, 6, 4, 4, 4, 2, 2, 2, 8]], 0.9008705019950867]
[[6, [6, 4, 4, 8, 4, 6, 2, 6, 2, 6, 4, 4, 4, 4, 4, 6, 2, 8, 8]], 0.9578207731246948]
[[6, [6, 4, 2, 6, 4, 2, 2, 2, 2, 6, 6, 2, 8, 4, 4, 8, 8, 2, 8]], 0.9376401305198669]
[[6, [4, 4, 4, 4, 4, 6, 2, 2, 2, 2, 6, 8, 4, 8, 4, 8, 2, 2, 8]], 0.9702439308166504]
[[6, [6, 4, 6, 8, 2, 6, 6, 4, 6, 6, 4, 8, 4, 4, 4, 6, 2, 8, 8]], 0.9561576247215271]
[[1, [6, 4, 6, 6, 8, 6, 2, 2, 8, 4, 4, 6, 4, 6, 4, 6, 8, 8, 8]], 0.7928881645202637]
[[6, [6, 4, 8, 6, 8, 6, 6, 2, 2, 6, 4, 2, 2, 4, 2, 6, 2, 8, 4]], 0.953437328338623]
[[1, [6, 4, 2, 6, 4, 6, 6, 8, 2, 2, 2, 2, 4, 4, 2, 6, 2, 8, 2]], 0.7898274660110474]
[[7, [8, 4, 4, 4, 4, 6, 2, 2, 4, 8, 4, 2, 4, 4, 4, 6, 2, 2, 8]], 0.9966503977775574]
[[7, [2, 6, 4, 4, 4, 6, 2, 2, 2, 8, 8, 2, 8, 4, 8, 8, 2, 4, 8]], 1.064137578010559]
[[6, [6, 4, 8, 6, 4, 6, 2, 2, 2, 6, 4, 2, 4, 2, 8, 8, 2, 6, 6]], 0.9541730880737305]
[[4, [6, 6, 4, 6, 4, 6, 2, 2, 6, 6, 4, 2, 4, 4, 4, 6, 6, 8, 4]], 0.8791683912277222]
[[6, [6, 4, 6, 6, 4, 6, 2, 2, 2, 6, 4, 2, 8, 4, 4, 6, 2, 6, 8]], 0.958250880241394]
[[7, [4, 6, 6, 6, 4, 6, 2, 2, 4, 6, 4, 2, 2, 4, 4, 6, 2, 8, 2]], 0.9817336797714233]
[[6, [8, 4, 6, 6, 4, 2, 2, 2, 2, 6, 4, 2, 4, 4, 4, 6, 2, 8, 8]], 0.9432539939880371]
[[4, [4, 6, 2, 4, 6, 6, 2, 2, 2, 8, 4, 2, 4, 4, 4, 8, 2, 4, 8]], 0.8875312805175781]
[[5, [4, 2, 6, 4, 4, 6, 2, 2, 4, 6, 4, 2, 4, 8, 4, 8, 2, 4, 8]], 0.892745852470398]
[[6, [6, 8, 6, 6, 6, 6, 2, 2, 2, 6, 4, 4, 2, 4, 4, 6, 6, 8, 8]], 0.9370685815811157]
[[6, [8, 4, 6, 6, 6, 6, 2, 2, 2, 2, 4, 2, 2, 4, 4, 6, 2, 8, 4]], 0.9734823107719421]
[[3, [6, 4, 6, 6, 4, 6, 2, 8, 4, 2, 4, 2, 2, 8, 4, 6, 6, 8, 8]], 0.8484019041061401]
[[2, [2, 6, 6, 6, 4, 6, 6, 2, 2, 6, 4, 2, 4, 4, 4, 6, 4, 8, 6]], 0.8051810264587402]
[[5, [6, 4, 6, 4, 4, 2, 2, 2, 2, 2, 4, 2, 4, 4, 6, 8, 2, 8, 6]], 0.9728013873100281]
[[5, [6, 4, 6, 6, 4, 6, 2, 2, 8, 6, 4, 2, 4, 4, 8, 6, 8, 2, 8]], 0.8941516280174255]
[[0, [4, 4, 4, 4, 4, 6, 2, 2, 6, 8, 2, 2, 2, 4, 4, 8, 2, 4, 8]], 0.7889796495437622]
[[6, [4, 8, 8, 4, 4, 6, 2, 2, 8, 8, 4, 2, 2, 4, 4, 8, 4, 4, 8]], 0.9215196371078491]
[[3, [6, 4, 6, 6, 8, 6, 4, 8, 2, 6, 4, 2, 4, 4, 2, 6, 2, 6, 8]], 0.7924528121948242]
[[6, [4, 4, 4, 4, 4, 2, 4, 2, 2, 8, 8, 2, 4, 4, 4, 2, 2, 4, 8]], 0.9769672155380249]
[[6, [6, 4, 2, 6, 4, 4, 2, 2, 2, 6, 4, 2, 4, 4, 6, 6, 2, 6, 2]], 0.9570363759994507]
[[4, [6, 2, 6, 4, 4, 6, 2, 6, 2, 8, 2, 2, 4, 4, 8, 6, 2, 8, 8]], 0.97319495677948]
[[6, [8, 4, 4, 6, 4, 6, 6, 6, 2, 6, 2, 2, 4, 4, 4, 6, 2, 8, 2]], 0.9757134318351746]
[[6, [2, 4, 6, 6, 4, 6, 4, 8, 2, 6, 4, 8, 4, 4, 4, 6, 2, 8, 2]], 0.9541736841201782]
[[7, [6, 6, 6, 6, 4, 8, 2, 2, 2, 6, 4, 2, 2, 4, 4, 6, 8, 8, 4]], 1.2254811525344849]
[[6, [6, 4, 8, 4, 4, 6, 4, 2, 8, 8, 4, 2, 4, 2, 4, 8, 2, 4, 8]], 0.9501197338104248]
[[6, [6, 6, 6, 6, 4, 6, 2, 2, 4, 6, 4, 2, 4, 4, 4, 8, 8, 8, 8]], 0.946699321269989]
[[6, [6, 4, 6, 4, 4, 6, 6, 2, 2, 8, 4, 2, 4, 8, 8, 6, 2, 8, 8]], 0.9569469690322876]
[[6, [4, 4, 4, 4, 4, 6, 2, 2, 2, 4, 4, 6, 8, 4, 6, 8, 4, 4, 2]], 0.94415283203125]
[[5, [6, 4, 8, 4, 2, 6, 2, 2, 4, 8, 6, 2, 4, 4, 4, 6, 4, 6, 6]], 0.9679564237594604]
[[6, [4, 4, 4, 4, 4, 6, 2, 2, 2, 8, 4, 2, 4, 4, 2, 8, 2, 2, 8]], 0.9637043476104736]
[[1, [6, 4, 6, 6, 4, 6, 2, 4, 2, 6, 4, 2, 2, 4, 4, 4, 2, 4, 8]], 0.7929703593254089]
[[6, [6, 8, 2, 6, 4, 6, 2, 2, 2, 6, 4, 2, 4, 4, 2, 6, 2, 8, 8]], 0.9661898016929626]
[[2, [6, 4, 2, 6, 4, 6, 2, 2, 2, 6, 8, 4, 4, 4, 4, 6, 4, 8, 4]], 0.8387162089347839]
[[0, [6, 6, 6, 4, 4, 6, 2, 8, 2, 8, 4, 8, 4, 4, 4, 6, 2, 8, 6]], 0.785119891166687]
[[6, [6, 4, 6, 6, 4, 6, 2, 2, 4, 4, 4, 2, 6, 2, 6, 6, 2, 4, 8]], 0.9489558935165405]
[[6, [6, 4, 6, 6, 4, 8, 2, 2, 2, 6, 4, 2, 4, 4, 4, 6, 2, 8, 2]], 0.959411084651947]
[[6, [4, 4, 4, 4, 4, 6, 2, 2, 2, 6, 4, 2, 4, 4, 4, 8, 2, 6, 6]], 0.9594707489013672]
[[6, [6, 4, 6, 6, 4, 6, 2, 2, 2, 6, 2, 2, 4, 4, 4, 6, 2, 8, 8]], 0.9768807888031006]
[[6, [4, 4, 8, 4, 8, 2, 4, 2, 4, 2, 4, 2, 4, 4, 6, 8, 2, 8, 6]], 0.975855827331543]
[[7, [4, 4, 4, 4, 4, 6, 2, 2, 2, 6, 8, 2, 4, 4, 4, 8, 6, 6, 4]], 1.1800967454910278]
[[6, [8, 8, 6, 6, 4, 6, 6, 6, 2, 2, 8, 2, 4, 4, 2, 8, 2, 6, 8]], 0.9767255187034607]
[[3, [2, 4, 6, 6, 4, 6, 2, 2, 2, 6, 4, 4, 8, 4, 4, 8, 4, 6, 6]], 0.8266466856002808]
