full precision
-1 0.0098304
0 0.058475110399999995
1 0.1874630656
2 0.3164510207999999
3 0.445438976
4 0.5744269312000001
5 0.6197516287999999
6 0.754965504
7 0.7675746304
8 0.9027885055999999
9 1.0380023807999998
10 1.1115075583999998
11 1.2808001536
12 1.29275392
13 1.4620465152
14 1.6313391104000001
15 1.780866048
16 2.0910610432
17 2.1095684096
18 2.4197634048000003
19 2.7299584

8-bit
-1 0.0098304
0 0.058475110399999995
1 0.09355325440000001
2 0.1286313984
3 0.16370954240000002
4 0.1987876864
5 0.19187363840000002
6 0.2285082624
7 0.2318178304
8 0.2684524544
9 0.3050870784
10 0.31504855039999996
11 0.3602028544
12 0.36334858239999995
13 0.4085028864
14 0.45365719039999997
15 0.4875393024
16 0.5679192063999999
17 0.5727033344
18 0.6530832383999999
19 0.7334631424


((14, (6, 2, 6, 2, 8, 6, 4, 6, 8, 8, 6, 4, 8, 2, 4, 8, 6, 4, 6)),
 845.466064453125,
 845.466064453125,
 0.3302234112,
 0.5800999999046326)


495.1915
0.7232